        -:    0:Source:/home/georgerapeanu/Desktop/ubbShit/Semester2/OOP/a5-6-georgerapeanu/src/domain/Exceptions.cpp
        -:    0:Graph:/home/georgerapeanu/Desktop/ubbShit/Semester2/OOP/a5-6-georgerapeanu/cmake-build-debug-coverage/tests/CMakeFiles/a5_6_georgerapeanu_tests.dir/__/src/domain/Exceptions.cpp.gcno
        -:    0:Data:/home/georgerapeanu/Desktop/ubbShit/Semester2/OOP/a5-6-georgerapeanu/cmake-build-debug-coverage/tests/CMakeFiles/a5_6_georgerapeanu_tests.dir/__/src/domain/Exceptions.cpp.gcda
        -:    0:Runs:1
        -:    1:/*!
        -:    2: * @file this file contains the implementation for the Exceptions
        -:    3: */
        -:    4://
        -:    5:// Created by georgerapeanu on 28.03.2022.
        -:    6://
        -:    7:
        -:    8:#include "Exceptions.h"
        -:    9:
function _ZN12AppExceptionC2ERKNSt7__cxx1112basic_stringIcSt11char_traitsIcESaIcEEE called 28 returned 100% blocks executed 62%
       28:   10:AppException::AppException(const std::string &message){
       28:   10-block  0
call    0 returned 28
call    1 returned 28
    $$$$$:   10-block  1
call    2 never executed
    $$$$$:   10-block  2
call    3 never executed
       28:   11:    this->message = message;
call    0 returned 28
branch  1 taken 28 (fallthrough)
branch  2 taken 0 (throw)
       28:   12:}
       28:   12-block  0
function _ZNK12AppException11get_messageB5cxx11Ev called 7 returned 100% blocks executed 100%
        7:   13:std::string AppException::get_message()const{
        7:   14:    return this->message;
        7:   14-block  0
call    0 returned 7
        -:   15:}
        -:   16:
function _ZN15DomainExceptionC2ERKNSt7__cxx1112basic_stringIcSt11char_traitsIcESaIcEEE called 6 returned 100% blocks executed 100%
        6:   17:DomainException::DomainException(const std::string &message) : AppException(message) {
        6:   17-block  0
call    0 returned 6
        -:   18:    ;
        6:   19:}
        -:   20:
function _ZN22DynamicVectorExceptionC2ERKNSt7__cxx1112basic_stringIcSt11char_traitsIcESaIcEEE called 6 returned 100% blocks executed 100%
        6:   21:DynamicVectorException::DynamicVectorException(const std::string &message) : DomainException(message) {
        6:   21-block  0
call    0 returned 6
        -:   22:    ;
        6:   23:}
        -:   24:
function _ZN19RepositoryExceptionC2ERKNSt7__cxx1112basic_stringIcSt11char_traitsIcESaIcEEE called 15 returned 100% blocks executed 100%
       15:   25:RepositoryException::RepositoryException(const std::string &message) : AppException(message) {
       15:   25-block  0
call    0 returned 15
        -:   26:    ;
       15:   27:}
        -:   28:
function _ZN19ControllerExceptionC2ERKNSt7__cxx1112basic_stringIcSt11char_traitsIcESaIcEEE called 7 returned 100% blocks executed 100%
        7:   29:ControllerException::ControllerException(const std::string &message) : AppException(message) {
        7:   29-block  0
call    0 returned 7
        -:   30:    ;
        7:   31:}
        -:   32:
function _ZN24MovieControllerExceptionC2ERKNSt7__cxx1112basic_stringIcSt11char_traitsIcESaIcEEE called 7 returned 100% blocks executed 100%
        7:   33:MovieControllerException::MovieControllerException(const std::string &message) : ControllerException(message) {
        7:   33-block  0
call    0 returned 7
        -:   34:    ;
        7:   35:}
        -:   36:
function _ZN11UIExceptionC2ERKNSt7__cxx1112basic_stringIcSt11char_traitsIcESaIcEEE called 0 returned 0% blocks executed 0%
    #####:   37:UIException::UIException(const std::string &message) : AppException(message) {
    %%%%%:   37-block  0
call    0 never executed
        -:   38:    ;
    #####:   39:}
