        -:    0:Source:/home/georgerapeanu/Desktop/ubbShit/Semester2/OOP/a5-6-georgerapeanu/tests/domain/MovieTests.cpp
        -:    0:Graph:/home/georgerapeanu/Desktop/ubbShit/Semester2/OOP/a5-6-georgerapeanu/cmake-build-debug-coverage/tests/CMakeFiles/a5_6_georgerapeanu_tests.dir/domain/MovieTests.cpp.gcno
        -:    0:Data:/home/georgerapeanu/Desktop/ubbShit/Semester2/OOP/a5-6-georgerapeanu/cmake-build-debug-coverage/tests/CMakeFiles/a5_6_georgerapeanu_tests.dir/domain/MovieTests.cpp.gcda
        -:    0:Runs:1
        -:    1://
        -:    2:// Created by georgerapeanu on 22.03.2022.
        -:    3://
        -:    4:
        -:    5:#pragma once
        -:    6:#include "Movie.h"
        -:    7:#include "gtest/gtest.h"
        -:    8:
        4:    9:TEST(MovieTests, GenericTest1) {
        2:   10:    Movie first("titanic", "romance", 1997, 97, "https://www.youtube.com/watch?v=cIJ8ma0kKtY");
        1:   11:    Movie second(first);
       2*:   12:    ASSERT_EQ(second.get_id(), "titanic###1997");
        1:   13:    Movie third = second;
       2*:   14:    ASSERT_EQ(first.get_title(), "titanic");
       2*:   15:    ASSERT_EQ(first.get_genre(), "romance");
        1:   16:    first.set_year(1000);
        1:   17:    first.set_genre("drama");
       1*:   18:    ASSERT_EQ(third.get_year(), 1997);
       1*:   19:    ASSERT_EQ(second.get_likes(), 97);
        1:   20:    second.set_title("TITANIC");
        1:   21:    third.set_likes(100);
        1:   22:    first.set_trailer_link("placeholder");
       2*:   23:    ASSERT_EQ(first.get_trailer_link(), "placeholder");
       1*:   24:    ASSERT_EQ(third.get_likes(), 100);
       2*:   25:    ASSERT_EQ(first.get_id(), "titanic###1000");
        -:   26:
        1:   27:    Movie empty;
       2*:   28:    ASSERT_EQ(empty.get_title(), "");
       2*:   29:    ASSERT_EQ(empty.get_genre(), "");
       1*:   30:    ASSERT_EQ(empty.get_likes(), 0);
       1*:   31:    ASSERT_EQ(empty.get_year(), 0);
       2*:   32:    ASSERT_EQ(empty.get_trailer_link(), "");
       1*:   33:    ASSERT_NE(empty, first);
       1*:   34:    ASSERT_EQ(first, first);
        -:   35:}
