        -:    0:Source:/home/georgerapeanu/Desktop/ubbShit/Semester2/OOP/a5-6-georgerapeanu/tests/controller/MovieControllerTests.cpp
        -:    0:Graph:/home/georgerapeanu/Desktop/ubbShit/Semester2/OOP/a5-6-georgerapeanu/cmake-build-debug-coverage/tests/CMakeFiles/a5_6_georgerapeanu_tests.dir/controller/MovieControllerTests.cpp.gcno
        -:    0:Data:/home/georgerapeanu/Desktop/ubbShit/Semester2/OOP/a5-6-georgerapeanu/cmake-build-debug-coverage/tests/CMakeFiles/a5_6_georgerapeanu_tests.dir/controller/MovieControllerTests.cpp.gcda
        -:    0:Runs:1
        -:    1:/*!
        -:    2: * @file MovieControllerTests.cpp this file contains the tests for the movie controller
        -:    3: */
        -:    4:
        -:    5://
        -:    6:// Created by georgerapeanu on 23.03.2022.
        -:    7://
        -:    8:
        -:    9:#pragma once
        -:   10:#include "Movie.h"
        -:   11:#include "Repository.h"
        -:   12:#include "MovieController.h"
        -:   13:
        -:   14:
        -:   15:
        -:   16:/*!
        -:   17: * @file MovieController.cpp this file contains the implementations for MovieController
        -:   18: */
        -:   19:
        -:   20://
        -:   21:// Created by georgerapeanu on 21.03.2022.
        -:   22://
        -:   23:
        -:   24:#pragma once
        -:   25:#include "MovieController.h"
        -:   26:#include "Repository.h"
        -:   27:#include "Movie.h"
        -:   28:#include "Exceptions.h"
        -:   29:#include "gtest/gtest.h"
        -:   30:
        -:   31:class MovieControllerTests : public testing::Test{
        -:   32:protected:
        -:   33:    MovieController controller;
        -:   34:    DynamicVector<Movie> movies;
function _ZN20MovieControllerTests5SetUpEv called 12 returned 100% blocks executed 40%
       12:   35:    void SetUp()override{
       12:   36:        controller.add_movie_admin("The_Wolf_of_Wall_Street", "Drama", 2013, 1326274, "https://www.youtube.com/watch?v=iszwuX1AK6A");
       12:   36-block  0
call    0 returned 12
call    1 returned 12
branch  2 taken 12 (fallthrough)
branch  3 taken 0 (throw)
       12:   36-block  1
call    4 returned 12
call    5 returned 12
branch  6 taken 12 (fallthrough)
branch  7 taken 0 (throw)
       12:   36-block  2
call    8 returned 12
call    9 returned 12
branch 10 taken 12 (fallthrough)
branch 11 taken 0 (throw)
       12:   36-block  3
call   12 returned 12
branch 13 taken 12 (fallthrough)
branch 14 taken 0 (throw)
       12:   36-block  4
call   15 returned 12
call   16 returned 12
call   17 returned 12
call   18 returned 12
call   19 returned 12
call   20 returned 12
    $$$$$:   36-block  5
call   21 never executed
    $$$$$:   36-block  6
    $$$$$:   36-block  7
call   22 never executed
    $$$$$:   36-block  8
    $$$$$:   36-block  9
call   23 never executed
    $$$$$:   36-block 10
    $$$$$:   36-block 11
call   24 never executed
    $$$$$:   36-block 12
    $$$$$:   36-block 13
    $$$$$:   36-block 14
    $$$$$:   36-block 15
call   25 never executed
    $$$$$:   36-block 16
    $$$$$:   36-block 17
call   26 never executed
    $$$$$:   36-block 18
call   27 never executed
       12:   37:        controller.add_movie_admin("American_Psycho", "thriller", 2000, 556104, "https://www.youtube.com/watch?v=5YnGhW4UEhc");
call    0 returned 12
call    1 returned 12
branch  2 taken 12 (fallthrough)
branch  3 taken 0 (throw)
       12:   37-block  0
call    4 returned 12
call    5 returned 12
branch  6 taken 12 (fallthrough)
branch  7 taken 0 (throw)
       12:   37-block  1
call    8 returned 12
call    9 returned 12
branch 10 taken 12 (fallthrough)
branch 11 taken 0 (throw)
       12:   37-block  2
call   12 returned 12
branch 13 taken 12 (fallthrough)
branch 14 taken 0 (throw)
       12:   37-block  3
call   15 returned 12
call   16 returned 12
call   17 returned 12
call   18 returned 12
call   19 returned 12
call   20 returned 12
    $$$$$:   37-block  4
call   21 never executed
    $$$$$:   37-block  5
    $$$$$:   37-block  6
call   22 never executed
    $$$$$:   37-block  7
    $$$$$:   37-block  8
call   23 never executed
    $$$$$:   37-block  9
    $$$$$:   37-block 10
call   24 never executed
    $$$$$:   37-block 11
    $$$$$:   37-block 12
    $$$$$:   37-block 13
    $$$$$:   37-block 14
call   25 never executed
    $$$$$:   37-block 15
    $$$$$:   37-block 16
call   26 never executed
    $$$$$:   37-block 17
call   27 never executed
       12:   38:        controller.add_movie_admin("Whiplash", "drama", 2014, 798775, "https://www.youtube.com/watch?v=7d_jQycdQGo");
call    0 returned 12
call    1 returned 12
branch  2 taken 12 (fallthrough)
branch  3 taken 0 (throw)
       12:   38-block  0
call    4 returned 12
call    5 returned 12
branch  6 taken 12 (fallthrough)
branch  7 taken 0 (throw)
       12:   38-block  1
call    8 returned 12
call    9 returned 12
branch 10 taken 12 (fallthrough)
branch 11 taken 0 (throw)
       12:   38-block  2
call   12 returned 12
branch 13 taken 12 (fallthrough)
branch 14 taken 0 (throw)
       12:   38-block  3
call   15 returned 12
call   16 returned 12
call   17 returned 12
call   18 returned 12
call   19 returned 12
call   20 returned 12
    $$$$$:   38-block  4
call   21 never executed
    $$$$$:   38-block  5
    $$$$$:   38-block  6
call   22 never executed
    $$$$$:   38-block  7
    $$$$$:   38-block  8
call   23 never executed
    $$$$$:   38-block  9
    $$$$$:   38-block 10
call   24 never executed
    $$$$$:   38-block 11
    $$$$$:   38-block 12
    $$$$$:   38-block 13
    $$$$$:   38-block 14
call   25 never executed
    $$$$$:   38-block 15
    $$$$$:   38-block 16
call   26 never executed
    $$$$$:   38-block 17
call   27 never executed
       12:   39:        controller.add_movie_admin("Inception", "science_fiction", 2010, 2250250, "https://www.youtube.com/watch?v=YoHD9XEInc0");
call    0 returned 12
call    1 returned 12
branch  2 taken 12 (fallthrough)
branch  3 taken 0 (throw)
       12:   39-block  0
call    4 returned 12
call    5 returned 12
branch  6 taken 12 (fallthrough)
branch  7 taken 0 (throw)
       12:   39-block  1
call    8 returned 12
call    9 returned 12
branch 10 taken 12 (fallthrough)
branch 11 taken 0 (throw)
       12:   39-block  2
call   12 returned 12
branch 13 taken 12 (fallthrough)
branch 14 taken 0 (throw)
       12:   39-block  3
call   15 returned 12
call   16 returned 12
call   17 returned 12
call   18 returned 12
call   19 returned 12
call   20 returned 12
    $$$$$:   39-block  4
call   21 never executed
    $$$$$:   39-block  5
    $$$$$:   39-block  6
call   22 never executed
    $$$$$:   39-block  7
    $$$$$:   39-block  8
call   23 never executed
    $$$$$:   39-block  9
    $$$$$:   39-block 10
call   24 never executed
    $$$$$:   39-block 11
    $$$$$:   39-block 12
    $$$$$:   39-block 13
    $$$$$:   39-block 14
call   25 never executed
    $$$$$:   39-block 15
    $$$$$:   39-block 16
call   26 never executed
    $$$$$:   39-block 17
call   27 never executed
       12:   40:        controller.add_movie_admin("The_departed", "drama", 2006, 1276764, "https://www.youtube.com/watch?v=iojhqm0JTW4");
call    0 returned 12
call    1 returned 12
branch  2 taken 12 (fallthrough)
branch  3 taken 0 (throw)
       12:   40-block  0
call    4 returned 12
call    5 returned 12
branch  6 taken 12 (fallthrough)
branch  7 taken 0 (throw)
       12:   40-block  1
call    8 returned 12
call    9 returned 12
branch 10 taken 12 (fallthrough)
branch 11 taken 0 (throw)
       12:   40-block  2
call   12 returned 12
branch 13 taken 12 (fallthrough)
branch 14 taken 0 (throw)
       12:   40-block  3
call   15 returned 12
call   16 returned 12
call   17 returned 12
call   18 returned 12
call   19 returned 12
call   20 returned 12
    $$$$$:   40-block  4
call   21 never executed
    $$$$$:   40-block  5
    $$$$$:   40-block  6
call   22 never executed
    $$$$$:   40-block  7
    $$$$$:   40-block  8
call   23 never executed
    $$$$$:   40-block  9
    $$$$$:   40-block 10
call   24 never executed
    $$$$$:   40-block 11
    $$$$$:   40-block 12
    $$$$$:   40-block 13
    $$$$$:   40-block 14
call   25 never executed
    $$$$$:   40-block 15
    $$$$$:   40-block 16
call   26 never executed
    $$$$$:   40-block 17
call   27 never executed
       12:   41:        controller.add_movie_admin("Goodfellas", "crime", 1990, 1106463, "https://www.youtube.com/watch?v=qo5jJpHtI1Y");
call    0 returned 12
call    1 returned 12
branch  2 taken 12 (fallthrough)
branch  3 taken 0 (throw)
       12:   41-block  0
call    4 returned 12
call    5 returned 12
branch  6 taken 12 (fallthrough)
branch  7 taken 0 (throw)
       12:   41-block  1
call    8 returned 12
call    9 returned 12
branch 10 taken 12 (fallthrough)
branch 11 taken 0 (throw)
       12:   41-block  2
call   12 returned 12
branch 13 taken 12 (fallthrough)
branch 14 taken 0 (throw)
       12:   41-block  3
call   15 returned 12
call   16 returned 12
call   17 returned 12
call   18 returned 12
call   19 returned 12
call   20 returned 12
    $$$$$:   41-block  4
call   21 never executed
    $$$$$:   41-block  5
    $$$$$:   41-block  6
call   22 never executed
    $$$$$:   41-block  7
    $$$$$:   41-block  8
call   23 never executed
    $$$$$:   41-block  9
    $$$$$:   41-block 10
call   24 never executed
    $$$$$:   41-block 11
    $$$$$:   41-block 12
    $$$$$:   41-block 13
    $$$$$:   41-block 14
call   25 never executed
    $$$$$:   41-block 15
    $$$$$:   41-block 16
call   26 never executed
    $$$$$:   41-block 17
call   27 never executed
       12:   42:        controller.add_movie_admin("Gladiator", "adventure", 2000, 1443081, "https://www.youtube.com/watch?v=P5ieIbInFpg");
call    0 returned 12
call    1 returned 12
branch  2 taken 12 (fallthrough)
branch  3 taken 0 (throw)
       12:   42-block  0
call    4 returned 12
call    5 returned 12
branch  6 taken 12 (fallthrough)
branch  7 taken 0 (throw)
       12:   42-block  1
call    8 returned 12
call    9 returned 12
branch 10 taken 12 (fallthrough)
branch 11 taken 0 (throw)
       12:   42-block  2
call   12 returned 12
branch 13 taken 12 (fallthrough)
branch 14 taken 0 (throw)
       12:   42-block  3
call   15 returned 12
call   16 returned 12
call   17 returned 12
call   18 returned 12
call   19 returned 12
call   20 returned 12
    $$$$$:   42-block  4
call   21 never executed
    $$$$$:   42-block  5
    $$$$$:   42-block  6
call   22 never executed
    $$$$$:   42-block  7
    $$$$$:   42-block  8
call   23 never executed
    $$$$$:   42-block  9
    $$$$$:   42-block 10
call   24 never executed
    $$$$$:   42-block 11
    $$$$$:   42-block 12
    $$$$$:   42-block 13
    $$$$$:   42-block 14
call   25 never executed
    $$$$$:   42-block 15
    $$$$$:   42-block 16
call   26 never executed
    $$$$$:   42-block 17
call   27 never executed
       12:   43:        controller.add_movie_admin("The_Truman_Show", "comedy", 1998, 1025789, "https://www.youtube.com/watch?v=dlnmQbPGuls");
call    0 returned 12
call    1 returned 12
branch  2 taken 12 (fallthrough)
branch  3 taken 0 (throw)
       12:   43-block  0
call    4 returned 12
call    5 returned 12
branch  6 taken 12 (fallthrough)
branch  7 taken 0 (throw)
       12:   43-block  1
call    8 returned 12
call    9 returned 12
branch 10 taken 12 (fallthrough)
branch 11 taken 0 (throw)
       12:   43-block  2
call   12 returned 12
branch 13 taken 12 (fallthrough)
branch 14 taken 0 (throw)
       12:   43-block  3
call   15 returned 12
call   16 returned 12
call   17 returned 12
call   18 returned 12
call   19 returned 12
call   20 returned 12
    $$$$$:   43-block  4
call   21 never executed
    $$$$$:   43-block  5
    $$$$$:   43-block  6
call   22 never executed
    $$$$$:   43-block  7
    $$$$$:   43-block  8
call   23 never executed
    $$$$$:   43-block  9
    $$$$$:   43-block 10
call   24 never executed
    $$$$$:   43-block 11
    $$$$$:   43-block 12
    $$$$$:   43-block 13
    $$$$$:   43-block 14
call   25 never executed
    $$$$$:   43-block 15
    $$$$$:   43-block 16
call   26 never executed
    $$$$$:   43-block 17
call   27 never executed
       12:   44:        controller.add_movie_admin("The_Dark_Knight", "adventure", 2008, 2525486, "https://www.youtube.com/watch?v=LDG9bisJEaI");
call    0 returned 12
call    1 returned 12
branch  2 taken 12 (fallthrough)
branch  3 taken 0 (throw)
       12:   44-block  0
call    4 returned 12
call    5 returned 12
branch  6 taken 12 (fallthrough)
branch  7 taken 0 (throw)
       12:   44-block  1
call    8 returned 12
call    9 returned 12
branch 10 taken 12 (fallthrough)
branch 11 taken 0 (throw)
       12:   44-block  2
call   12 returned 12
branch 13 taken 12 (fallthrough)
branch 14 taken 0 (throw)
       12:   44-block  3
call   15 returned 12
call   16 returned 12
call   17 returned 12
call   18 returned 12
call   19 returned 12
call   20 returned 12
    $$$$$:   44-block  4
call   21 never executed
    $$$$$:   44-block  5
    $$$$$:   44-block  6
call   22 never executed
    $$$$$:   44-block  7
    $$$$$:   44-block  8
call   23 never executed
    $$$$$:   44-block  9
    $$$$$:   44-block 10
call   24 never executed
    $$$$$:   44-block 11
    $$$$$:   44-block 12
    $$$$$:   44-block 13
    $$$$$:   44-block 14
call   25 never executed
    $$$$$:   44-block 15
    $$$$$:   44-block 16
call   26 never executed
    $$$$$:   44-block 17
call   27 never executed
       12:   45:        controller.add_movie_admin("Catch_me_if_you_can", "drama", 2002, 928668, "https://www.youtube.com/watch?v=lN6Irv9tnYI");
call    0 returned 12
call    1 returned 12
branch  2 taken 12 (fallthrough)
branch  3 taken 0 (throw)
       12:   45-block  0
call    4 returned 12
call    5 returned 12
branch  6 taken 12 (fallthrough)
branch  7 taken 0 (throw)
       12:   45-block  1
call    8 returned 12
call    9 returned 12
branch 10 taken 12 (fallthrough)
branch 11 taken 0 (throw)
       12:   45-block  2
call   12 returned 12
branch 13 taken 12 (fallthrough)
branch 14 taken 0 (throw)
       12:   45-block  3
call   15 returned 12
call   16 returned 12
call   17 returned 12
call   18 returned 12
call   19 returned 12
call   20 returned 12
    $$$$$:   45-block  4
call   21 never executed
    $$$$$:   45-block  5
    $$$$$:   45-block  6
call   22 never executed
    $$$$$:   45-block  7
    $$$$$:   45-block  8
call   23 never executed
    $$$$$:   45-block  9
    $$$$$:   45-block 10
call   24 never executed
    $$$$$:   45-block 11
    $$$$$:   45-block 12
    $$$$$:   45-block 13
    $$$$$:   45-block 14
call   25 never executed
    $$$$$:   45-block 15
    $$$$$:   45-block 16
call   26 never executed
    $$$$$:   45-block 17
call   27 never executed
       12:   46:        movies.push_back(Movie("the_wolf_of_wall_street", "drama", 2013, 1326274, "https://www.youtube.com/watch?v=iszwuX1AK6A"));
call    0 returned 12
call    1 returned 12
branch  2 taken 12 (fallthrough)
branch  3 taken 0 (throw)
       12:   46-block  0
call    4 returned 12
call    5 returned 12
branch  6 taken 12 (fallthrough)
branch  7 taken 0 (throw)
       12:   46-block  1
call    8 returned 12
call    9 returned 12
branch 10 taken 12 (fallthrough)
branch 11 taken 0 (throw)
       12:   46-block  2
call   12 returned 12
branch 13 taken 12 (fallthrough)
branch 14 taken 0 (throw)
       12:   46-block  3
call   15 returned 12
branch 16 taken 12 (fallthrough)
branch 17 taken 0 (throw)
       12:   46-block  4
call   18 returned 12
call   19 returned 12
call   20 returned 12
call   21 returned 12
call   22 returned 12
call   23 returned 12
call   24 returned 12
    $$$$$:   46-block  5
call   25 never executed
    $$$$$:   46-block  6
    $$$$$:   46-block  7
call   26 never executed
    $$$$$:   46-block  8
    $$$$$:   46-block  9
call   27 never executed
    $$$$$:   46-block 10
    $$$$$:   46-block 11
call   28 never executed
    $$$$$:   46-block 12
    $$$$$:   46-block 13
call   29 never executed
    $$$$$:   46-block 14
    $$$$$:   46-block 15
    $$$$$:   46-block 16
    $$$$$:   46-block 17
call   30 never executed
    $$$$$:   46-block 18
    $$$$$:   46-block 19
call   31 never executed
    $$$$$:   46-block 20
call   32 never executed
       12:   47:        movies.push_back(Movie("american_psycho", "thriller", 2000, 556104, "https://www.youtube.com/watch?v=5YnGhW4UEhc"));
call    0 returned 12
call    1 returned 12
branch  2 taken 12 (fallthrough)
branch  3 taken 0 (throw)
       12:   47-block  0
call    4 returned 12
call    5 returned 12
branch  6 taken 12 (fallthrough)
branch  7 taken 0 (throw)
       12:   47-block  1
call    8 returned 12
call    9 returned 12
branch 10 taken 12 (fallthrough)
branch 11 taken 0 (throw)
       12:   47-block  2
call   12 returned 12
branch 13 taken 12 (fallthrough)
branch 14 taken 0 (throw)
       12:   47-block  3
call   15 returned 12
branch 16 taken 12 (fallthrough)
branch 17 taken 0 (throw)
       12:   47-block  4
call   18 returned 12
call   19 returned 12
call   20 returned 12
call   21 returned 12
call   22 returned 12
call   23 returned 12
call   24 returned 12
    $$$$$:   47-block  5
call   25 never executed
    $$$$$:   47-block  6
    $$$$$:   47-block  7
call   26 never executed
    $$$$$:   47-block  8
    $$$$$:   47-block  9
call   27 never executed
    $$$$$:   47-block 10
    $$$$$:   47-block 11
call   28 never executed
    $$$$$:   47-block 12
    $$$$$:   47-block 13
call   29 never executed
    $$$$$:   47-block 14
    $$$$$:   47-block 15
    $$$$$:   47-block 16
    $$$$$:   47-block 17
call   30 never executed
    $$$$$:   47-block 18
    $$$$$:   47-block 19
call   31 never executed
    $$$$$:   47-block 20
call   32 never executed
       12:   48:        movies.push_back(Movie("whiplash", "drama", 2014, 798775, "https://www.youtube.com/watch?v=7d_jQycdQGo"));
call    0 returned 12
call    1 returned 12
branch  2 taken 12 (fallthrough)
branch  3 taken 0 (throw)
       12:   48-block  0
call    4 returned 12
call    5 returned 12
branch  6 taken 12 (fallthrough)
branch  7 taken 0 (throw)
       12:   48-block  1
call    8 returned 12
call    9 returned 12
branch 10 taken 12 (fallthrough)
branch 11 taken 0 (throw)
       12:   48-block  2
call   12 returned 12
branch 13 taken 12 (fallthrough)
branch 14 taken 0 (throw)
       12:   48-block  3
call   15 returned 12
branch 16 taken 12 (fallthrough)
branch 17 taken 0 (throw)
       12:   48-block  4
call   18 returned 12
call   19 returned 12
call   20 returned 12
call   21 returned 12
call   22 returned 12
call   23 returned 12
call   24 returned 12
    $$$$$:   48-block  5
call   25 never executed
    $$$$$:   48-block  6
    $$$$$:   48-block  7
call   26 never executed
    $$$$$:   48-block  8
    $$$$$:   48-block  9
call   27 never executed
    $$$$$:   48-block 10
    $$$$$:   48-block 11
call   28 never executed
    $$$$$:   48-block 12
    $$$$$:   48-block 13
call   29 never executed
    $$$$$:   48-block 14
    $$$$$:   48-block 15
    $$$$$:   48-block 16
    $$$$$:   48-block 17
call   30 never executed
    $$$$$:   48-block 18
    $$$$$:   48-block 19
call   31 never executed
    $$$$$:   48-block 20
call   32 never executed
       12:   49:        movies.push_back(Movie("inception", "science_fiction", 2010, 2250250, "https://www.youtube.com/watch?v=YoHD9XEInc0"));
call    0 returned 12
call    1 returned 12
branch  2 taken 12 (fallthrough)
branch  3 taken 0 (throw)
       12:   49-block  0
call    4 returned 12
call    5 returned 12
branch  6 taken 12 (fallthrough)
branch  7 taken 0 (throw)
       12:   49-block  1
call    8 returned 12
call    9 returned 12
branch 10 taken 12 (fallthrough)
branch 11 taken 0 (throw)
       12:   49-block  2
call   12 returned 12
branch 13 taken 12 (fallthrough)
branch 14 taken 0 (throw)
       12:   49-block  3
call   15 returned 12
branch 16 taken 12 (fallthrough)
branch 17 taken 0 (throw)
       12:   49-block  4
call   18 returned 12
call   19 returned 12
call   20 returned 12
call   21 returned 12
call   22 returned 12
call   23 returned 12
call   24 returned 12
    $$$$$:   49-block  5
call   25 never executed
    $$$$$:   49-block  6
    $$$$$:   49-block  7
call   26 never executed
    $$$$$:   49-block  8
    $$$$$:   49-block  9
call   27 never executed
    $$$$$:   49-block 10
    $$$$$:   49-block 11
call   28 never executed
    $$$$$:   49-block 12
    $$$$$:   49-block 13
call   29 never executed
    $$$$$:   49-block 14
    $$$$$:   49-block 15
    $$$$$:   49-block 16
    $$$$$:   49-block 17
call   30 never executed
    $$$$$:   49-block 18
    $$$$$:   49-block 19
call   31 never executed
    $$$$$:   49-block 20
call   32 never executed
       12:   50:        movies.push_back(Movie("the_departed", "drama", 2006, 1276764, "https://www.youtube.com/watch?v=iojhqm0JTW4"));
call    0 returned 12
call    1 returned 12
branch  2 taken 12 (fallthrough)
branch  3 taken 0 (throw)
       12:   50-block  0
call    4 returned 12
call    5 returned 12
branch  6 taken 12 (fallthrough)
branch  7 taken 0 (throw)
       12:   50-block  1
call    8 returned 12
call    9 returned 12
branch 10 taken 12 (fallthrough)
branch 11 taken 0 (throw)
       12:   50-block  2
call   12 returned 12
branch 13 taken 12 (fallthrough)
branch 14 taken 0 (throw)
       12:   50-block  3
call   15 returned 12
branch 16 taken 12 (fallthrough)
branch 17 taken 0 (throw)
       12:   50-block  4
call   18 returned 12
call   19 returned 12
call   20 returned 12
call   21 returned 12
call   22 returned 12
call   23 returned 12
call   24 returned 12
    $$$$$:   50-block  5
call   25 never executed
    $$$$$:   50-block  6
    $$$$$:   50-block  7
call   26 never executed
    $$$$$:   50-block  8
    $$$$$:   50-block  9
call   27 never executed
    $$$$$:   50-block 10
    $$$$$:   50-block 11
call   28 never executed
    $$$$$:   50-block 12
    $$$$$:   50-block 13
call   29 never executed
    $$$$$:   50-block 14
    $$$$$:   50-block 15
    $$$$$:   50-block 16
    $$$$$:   50-block 17
call   30 never executed
    $$$$$:   50-block 18
    $$$$$:   50-block 19
call   31 never executed
    $$$$$:   50-block 20
call   32 never executed
       12:   51:        movies.push_back(Movie("goodfellas", "crime", 1990, 1106463, "https://www.youtube.com/watch?v=qo5jJpHtI1Y"));
call    0 returned 12
call    1 returned 12
branch  2 taken 12 (fallthrough)
branch  3 taken 0 (throw)
       12:   51-block  0
call    4 returned 12
call    5 returned 12
branch  6 taken 12 (fallthrough)
branch  7 taken 0 (throw)
       12:   51-block  1
call    8 returned 12
call    9 returned 12
branch 10 taken 12 (fallthrough)
branch 11 taken 0 (throw)
       12:   51-block  2
call   12 returned 12
branch 13 taken 12 (fallthrough)
branch 14 taken 0 (throw)
       12:   51-block  3
call   15 returned 12
branch 16 taken 12 (fallthrough)
branch 17 taken 0 (throw)
       12:   51-block  4
call   18 returned 12
call   19 returned 12
call   20 returned 12
call   21 returned 12
call   22 returned 12
call   23 returned 12
call   24 returned 12
    $$$$$:   51-block  5
call   25 never executed
    $$$$$:   51-block  6
    $$$$$:   51-block  7
call   26 never executed
    $$$$$:   51-block  8
    $$$$$:   51-block  9
call   27 never executed
    $$$$$:   51-block 10
    $$$$$:   51-block 11
call   28 never executed
    $$$$$:   51-block 12
    $$$$$:   51-block 13
call   29 never executed
    $$$$$:   51-block 14
    $$$$$:   51-block 15
    $$$$$:   51-block 16
    $$$$$:   51-block 17
call   30 never executed
    $$$$$:   51-block 18
    $$$$$:   51-block 19
call   31 never executed
    $$$$$:   51-block 20
call   32 never executed
       12:   52:        movies.push_back(Movie("gladiator", "adventure", 2000, 1443081, "https://www.youtube.com/watch?v=P5ieIbInFpg"));
call    0 returned 12
call    1 returned 12
branch  2 taken 12 (fallthrough)
branch  3 taken 0 (throw)
       12:   52-block  0
call    4 returned 12
call    5 returned 12
branch  6 taken 12 (fallthrough)
branch  7 taken 0 (throw)
       12:   52-block  1
call    8 returned 12
call    9 returned 12
branch 10 taken 12 (fallthrough)
branch 11 taken 0 (throw)
       12:   52-block  2
call   12 returned 12
branch 13 taken 12 (fallthrough)
branch 14 taken 0 (throw)
       12:   52-block  3
call   15 returned 12
branch 16 taken 12 (fallthrough)
branch 17 taken 0 (throw)
       12:   52-block  4
call   18 returned 12
call   19 returned 12
call   20 returned 12
call   21 returned 12
call   22 returned 12
call   23 returned 12
call   24 returned 12
    $$$$$:   52-block  5
call   25 never executed
    $$$$$:   52-block  6
    $$$$$:   52-block  7
call   26 never executed
    $$$$$:   52-block  8
    $$$$$:   52-block  9
call   27 never executed
    $$$$$:   52-block 10
    $$$$$:   52-block 11
call   28 never executed
    $$$$$:   52-block 12
    $$$$$:   52-block 13
call   29 never executed
    $$$$$:   52-block 14
    $$$$$:   52-block 15
    $$$$$:   52-block 16
    $$$$$:   52-block 17
call   30 never executed
    $$$$$:   52-block 18
    $$$$$:   52-block 19
call   31 never executed
    $$$$$:   52-block 20
call   32 never executed
       12:   53:        movies.push_back(Movie("the_truman_show", "comedy", 1998, 1025789, "https://www.youtube.com/watch?v=dlnmQbPGuls"));
call    0 returned 12
call    1 returned 12
branch  2 taken 12 (fallthrough)
branch  3 taken 0 (throw)
       12:   53-block  0
call    4 returned 12
call    5 returned 12
branch  6 taken 12 (fallthrough)
branch  7 taken 0 (throw)
       12:   53-block  1
call    8 returned 12
call    9 returned 12
branch 10 taken 12 (fallthrough)
branch 11 taken 0 (throw)
       12:   53-block  2
call   12 returned 12
branch 13 taken 12 (fallthrough)
branch 14 taken 0 (throw)
       12:   53-block  3
call   15 returned 12
branch 16 taken 12 (fallthrough)
branch 17 taken 0 (throw)
       12:   53-block  4
call   18 returned 12
call   19 returned 12
call   20 returned 12
call   21 returned 12
call   22 returned 12
call   23 returned 12
call   24 returned 12
    $$$$$:   53-block  5
call   25 never executed
    $$$$$:   53-block  6
    $$$$$:   53-block  7
call   26 never executed
    $$$$$:   53-block  8
    $$$$$:   53-block  9
call   27 never executed
    $$$$$:   53-block 10
    $$$$$:   53-block 11
call   28 never executed
    $$$$$:   53-block 12
    $$$$$:   53-block 13
call   29 never executed
    $$$$$:   53-block 14
    $$$$$:   53-block 15
    $$$$$:   53-block 16
    $$$$$:   53-block 17
call   30 never executed
    $$$$$:   53-block 18
    $$$$$:   53-block 19
call   31 never executed
    $$$$$:   53-block 20
call   32 never executed
       12:   54:        movies.push_back(Movie("the_dark_knight", "adventure", 2008, 2525486, "https://www.youtube.com/watch?v=LDG9bisJEaI"));
call    0 returned 12
call    1 returned 12
branch  2 taken 12 (fallthrough)
branch  3 taken 0 (throw)
       12:   54-block  0
call    4 returned 12
call    5 returned 12
branch  6 taken 12 (fallthrough)
branch  7 taken 0 (throw)
       12:   54-block  1
call    8 returned 12
call    9 returned 12
branch 10 taken 12 (fallthrough)
branch 11 taken 0 (throw)
       12:   54-block  2
call   12 returned 12
branch 13 taken 12 (fallthrough)
branch 14 taken 0 (throw)
       12:   54-block  3
call   15 returned 12
branch 16 taken 12 (fallthrough)
branch 17 taken 0 (throw)
       12:   54-block  4
call   18 returned 12
call   19 returned 12
call   20 returned 12
call   21 returned 12
call   22 returned 12
call   23 returned 12
call   24 returned 12
    $$$$$:   54-block  5
call   25 never executed
    $$$$$:   54-block  6
    $$$$$:   54-block  7
call   26 never executed
    $$$$$:   54-block  8
    $$$$$:   54-block  9
call   27 never executed
    $$$$$:   54-block 10
    $$$$$:   54-block 11
call   28 never executed
    $$$$$:   54-block 12
    $$$$$:   54-block 13
call   29 never executed
    $$$$$:   54-block 14
    $$$$$:   54-block 15
    $$$$$:   54-block 16
    $$$$$:   54-block 17
call   30 never executed
    $$$$$:   54-block 18
    $$$$$:   54-block 19
call   31 never executed
    $$$$$:   54-block 20
call   32 never executed
       12:   55:        movies.push_back(Movie("catch_me_if_you_can", "drama", 2002, 928668, "https://www.youtube.com/watch?v=lN6Irv9tnYI"));
call    0 returned 12
call    1 returned 12
branch  2 taken 12 (fallthrough)
branch  3 taken 0 (throw)
       12:   55-block  0
call    4 returned 12
call    5 returned 12
branch  6 taken 12 (fallthrough)
branch  7 taken 0 (throw)
       12:   55-block  1
call    8 returned 12
call    9 returned 12
branch 10 taken 12 (fallthrough)
branch 11 taken 0 (throw)
       12:   55-block  2
call   12 returned 12
branch 13 taken 12 (fallthrough)
branch 14 taken 0 (throw)
       12:   55-block  3
call   15 returned 12
branch 16 taken 12 (fallthrough)
branch 17 taken 0 (throw)
       12:   55-block  4
call   18 returned 12
call   19 returned 12
call   20 returned 12
call   21 returned 12
call   22 returned 12
call   23 returned 12
call   24 returned 12
    $$$$$:   55-block  5
call   25 never executed
    $$$$$:   55-block  6
    $$$$$:   55-block  7
call   26 never executed
    $$$$$:   55-block  8
    $$$$$:   55-block  9
call   27 never executed
    $$$$$:   55-block 10
    $$$$$:   55-block 11
call   28 never executed
    $$$$$:   55-block 12
    $$$$$:   55-block 13
call   29 never executed
    $$$$$:   55-block 14
    $$$$$:   55-block 15
    $$$$$:   55-block 16
    $$$$$:   55-block 17
call   30 never executed
    $$$$$:   55-block 18
    $$$$$:   55-block 19
call   31 never executed
       12:   56:    }
        -:   57:};
        -:   58:
        4:   59:TEST_F(MovieControllerTests, test_add_movie_admin){
       2*:   60:    ASSERT_EQ(controller.get_all_movies_admin(), movies);
       8*:   61:    EXPECT_THROW(controller.add_movie_admin("inception", "sf", 2010, 22, ""), MovieControllerException);
        1:   62:    controller.add_movie_admin("Inception", "science_fiction", 2011, 2250250, "https://www.youtube.com/watch?v=YoHD9XEInc0");
        1:   63:    movies.push_back(Movie("inception", "science_fiction", 2011, 2250250,"https://www.youtube.com/watch?v=YoHD9XEInc0"));
       2*:   64:    ASSERT_EQ(controller.get_all_movies_admin(), movies);
        -:   65:}
------------------
_ZN46MovieControllerTests_test_add_movie_admin_TestC2Ev:
function _ZN46MovieControllerTests_test_add_movie_admin_TestC2Ev called 1 returned 100% blocks executed 100%
        1:   59:TEST_F(MovieControllerTests, test_add_movie_admin){
        1:   59-block  0
call    0 returned 1
------------------
_ZN46MovieControllerTests_test_add_movie_admin_TestD0Ev:
function _ZN46MovieControllerTests_test_add_movie_admin_TestD0Ev called 1 returned 100% blocks executed 100%
        1:   59:TEST_F(MovieControllerTests, test_add_movie_admin){
        1:   59-block  0
call    0 returned 1
call    1 returned 1
------------------
_ZN46MovieControllerTests_test_add_movie_admin_TestD2Ev:
function _ZN46MovieControllerTests_test_add_movie_admin_TestD2Ev called 1 returned 100% blocks executed 100%
        1:   59:TEST_F(MovieControllerTests, test_add_movie_admin){
        1:   59-block  0
call    0 returned 1
------------------
_ZN46MovieControllerTests_test_add_movie_admin_Test8TestBodyEv:
function _ZN46MovieControllerTests_test_add_movie_admin_Test8TestBodyEv called 1 returned 100% blocks executed 40%
        1:   59:TEST_F(MovieControllerTests, test_add_movie_admin){
       2*:   60:    ASSERT_EQ(controller.get_all_movies_admin(), movies);
        1:   60-block  0
call    0 returned 1
branch  1 taken 1 (fallthrough)
branch  2 taken 0 (throw)
        1:   60-block  1
call    3 returned 1
branch  4 taken 1 (fallthrough)
branch  5 taken 0 (throw)
call    6 returned 1
branch  7 taken 0 (fallthrough)
branch  8 taken 1
    %%%%%:   60-block  2
call    9 never executed
branch 10 never executed
branch 11 never executed
    %%%%%:   60-block  3
call   12 never executed
call   13 never executed
branch 14 never executed
branch 15 never executed
    %%%%%:   60-block  4
call   16 never executed
branch 17 never executed
branch 18 never executed
    %%%%%:   60-block  5
call   19 never executed
call   20 never executed
    $$$$$:   60-block  6
    $$$$$:   60-block  7
call   21 never executed
    $$$$$:   60-block  8
    $$$$$:   60-block  9
call   22 never executed
    $$$$$:   60-block 10
    $$$$$:   60-block 11
call   23 never executed
       8*:   61:    EXPECT_THROW(controller.add_movie_admin("inception", "sf", 2010, 22, ""), MovieControllerException);
        1:   61-block  0
call    0 returned 1
call    1 returned 1
branch  2 taken 1
branch  3 taken 0
        1:   61-block  1
call    4 returned 1
branch  5 taken 1 (fallthrough)
branch  6 taken 0 (throw)
        1:   61-block  2
branch  7 taken 1 (fallthrough)
branch  8 taken 0
        1:   61-block  3
call    9 returned 1
call   10 returned 1
branch 11 taken 1 (fallthrough)
branch 12 taken 0 (throw)
        1:   61-block  4
call   13 returned 1
call   14 returned 1
branch 15 taken 1 (fallthrough)
branch 16 taken 0 (throw)
        1:   61-block  5
call   17 returned 1
call   18 returned 1
branch 19 taken 1 (fallthrough)
branch 20 taken 0 (throw)
        1:   61-block  6
call   21 returned 1
branch 22 taken 0 (fallthrough)
branch 23 taken 1 (throw)
    %%%%%:   61-block  7
call   24 never executed
call   25 never executed
call   26 never executed
call   27 never executed
call   28 never executed
call   29 never executed
        1:   61-block  8
branch 30 taken 0 (fallthrough)
branch 31 taken 1
    %%%%%:   61-block  9
call   32 never executed
branch 33 never executed
branch 34 never executed
    %%%%%:   61-block 10
    %%%%%:   61-block 11
call   35 never executed
branch 36 never executed
branch 37 never executed
    %%%%%:   61-block 12
call   38 never executed
call   39 never executed
branch 40 never executed
branch 41 never executed
    %%%%%:   61-block 13
call   42 never executed
branch 43 never executed
branch 44 never executed
    %%%%%:   61-block 14
call   45 never executed
call   46 never executed
        1:   61-block 15
call   47 returned 1
        1:   61-block 16
call   48 returned 1
        1:   61-block 17
        1:   61-block 18
call   49 returned 1
        1:   61-block 19
        1:   61-block 20
call   50 returned 1
        1:   61-block 21
        1:   61-block 22
call   51 returned 1
        1:   61-block 23
        1:   61-block 24
        1:   61-block 25
        1:   61-block 26
call   52 returned 1
        1:   61-block 27
        1:   61-block 28
call   53 returned 1
        1:   61-block 29
        1:   61-block 30
call   54 returned 1
call   55 returned 1
branch 56 taken 1 (fallthrough)
branch 57 taken 0 (throw)
    $$$$$:   61-block 31
call   58 never executed
call   59 never executed
branch 60 never executed
branch 61 never executed
    $$$$$:   61-block 32
call   62 never executed
branch 63 never executed
branch 64 never executed
    $$$$$:   61-block 33
call   65 never executed
branch 66 never executed
branch 67 never executed
    $$$$$:   61-block 34
call   68 never executed
call   69 never executed
branch 70 never executed
branch 71 never executed
    $$$$$:   61-block 35
call   72 never executed
call   73 never executed
branch 74 never executed
branch 75 never executed
    $$$$$:   61-block 36
call   76 never executed
branch 77 never executed
branch 78 never executed
    $$$$$:   61-block 37
call   79 never executed
    $$$$$:   61-block 38
call   80 never executed
call   81 never executed
branch 82 never executed
branch 83 never executed
    $$$$$:   61-block 39
call   84 never executed
branch 85 never executed
branch 86 never executed
    $$$$$:   61-block 40
call   87 never executed
    $$$$$:   61-block 41
    $$$$$:   61-block 42
call   88 never executed
    $$$$$:   61-block 43
call   89 never executed
    $$$$$:   61-block 44
call   90 never executed
    $$$$$:   61-block 45
    $$$$$:   61-block 46
call   91 never executed
    $$$$$:   61-block 47
    $$$$$:   61-block 48
call   92 never executed
        1:   62:    controller.add_movie_admin("Inception", "science_fiction", 2011, 2250250, "https://www.youtube.com/watch?v=YoHD9XEInc0");
call    0 returned 1
call    1 returned 1
branch  2 taken 1 (fallthrough)
branch  3 taken 0 (throw)
        1:   62-block  0
call    4 returned 1
call    5 returned 1
branch  6 taken 1 (fallthrough)
branch  7 taken 0 (throw)
        1:   62-block  1
call    8 returned 1
call    9 returned 1
branch 10 taken 1 (fallthrough)
branch 11 taken 0 (throw)
        1:   62-block  2
call   12 returned 1
branch 13 taken 1 (fallthrough)
branch 14 taken 0 (throw)
        1:   62-block  3
call   15 returned 1
call   16 returned 1
call   17 returned 1
call   18 returned 1
call   19 returned 1
call   20 returned 1
    $$$$$:   62-block  4
call   21 never executed
    $$$$$:   62-block  5
    $$$$$:   62-block  6
call   22 never executed
    $$$$$:   62-block  7
    $$$$$:   62-block  8
call   23 never executed
    $$$$$:   62-block  9
    $$$$$:   62-block 10
call   24 never executed
    $$$$$:   62-block 11
    $$$$$:   62-block 12
    $$$$$:   62-block 13
    $$$$$:   62-block 14
call   25 never executed
    $$$$$:   62-block 15
    $$$$$:   62-block 16
call   26 never executed
    $$$$$:   62-block 17
call   27 never executed
        1:   63:    movies.push_back(Movie("inception", "science_fiction", 2011, 2250250,"https://www.youtube.com/watch?v=YoHD9XEInc0"));
call    0 returned 1
call    1 returned 1
branch  2 taken 1 (fallthrough)
branch  3 taken 0 (throw)
        1:   63-block  0
call    4 returned 1
call    5 returned 1
branch  6 taken 1 (fallthrough)
branch  7 taken 0 (throw)
        1:   63-block  1
call    8 returned 1
call    9 returned 1
branch 10 taken 1 (fallthrough)
branch 11 taken 0 (throw)
        1:   63-block  2
call   12 returned 1
branch 13 taken 1 (fallthrough)
branch 14 taken 0 (throw)
        1:   63-block  3
call   15 returned 1
branch 16 taken 1 (fallthrough)
branch 17 taken 0 (throw)
        1:   63-block  4
call   18 returned 1
call   19 returned 1
call   20 returned 1
call   21 returned 1
call   22 returned 1
call   23 returned 1
call   24 returned 1
    $$$$$:   63-block  5
call   25 never executed
    $$$$$:   63-block  6
    $$$$$:   63-block  7
call   26 never executed
    $$$$$:   63-block  8
    $$$$$:   63-block  9
call   27 never executed
    $$$$$:   63-block 10
    $$$$$:   63-block 11
call   28 never executed
    $$$$$:   63-block 12
    $$$$$:   63-block 13
call   29 never executed
    $$$$$:   63-block 14
    $$$$$:   63-block 15
    $$$$$:   63-block 16
    $$$$$:   63-block 17
call   30 never executed
    $$$$$:   63-block 18
    $$$$$:   63-block 19
call   31 never executed
    $$$$$:   63-block 20
call   32 never executed
       2*:   64:    ASSERT_EQ(controller.get_all_movies_admin(), movies);
call    0 returned 1
branch  1 taken 1 (fallthrough)
branch  2 taken 0 (throw)
        1:   64-block  0
call    3 returned 1
branch  4 taken 1 (fallthrough)
branch  5 taken 0 (throw)
call    6 returned 1
branch  7 taken 0 (fallthrough)
branch  8 taken 1
    %%%%%:   64-block  1
call    9 never executed
branch 10 never executed
branch 11 never executed
    %%%%%:   64-block  2
call   12 never executed
call   13 never executed
branch 14 never executed
branch 15 never executed
    %%%%%:   64-block  3
call   16 never executed
branch 17 never executed
branch 18 never executed
    %%%%%:   64-block  4
call   19 never executed
call   20 never executed
    $$$$$:   64-block  5
    $$$$$:   64-block  6
call   21 never executed
    $$$$$:   64-block  7
    $$$$$:   64-block  8
call   22 never executed
    $$$$$:   64-block  9
    $$$$$:   64-block 10
call   23 never executed
        -:   65:}
------------------
        -:   66:
        4:   67:TEST_F(MovieControllerTests, test_update_movie_admin){
       8*:   68:    EXPECT_THROW(controller.update_movie_admin("inception", "sf", 2011, 22, ""), MovieControllerException);
        1:   69:    controller.update_movie_admin("Inception", "SF", 2010, 100, "nOp");
        1:   70:    movies[3] = Movie("inception", "sf", 2010, 100, "nOp");
       2*:   71:    ASSERT_EQ(controller.get_all_movies_admin(), movies);
        -:   72:}
------------------
_ZN49MovieControllerTests_test_update_movie_admin_TestC2Ev:
function _ZN49MovieControllerTests_test_update_movie_admin_TestC2Ev called 1 returned 100% blocks executed 100%
        1:   67:TEST_F(MovieControllerTests, test_update_movie_admin){
        1:   67-block  0
call    0 returned 1
------------------
_ZN49MovieControllerTests_test_update_movie_admin_TestD0Ev:
function _ZN49MovieControllerTests_test_update_movie_admin_TestD0Ev called 1 returned 100% blocks executed 100%
        1:   67:TEST_F(MovieControllerTests, test_update_movie_admin){
        1:   67-block  0
call    0 returned 1
call    1 returned 1
------------------
_ZN49MovieControllerTests_test_update_movie_admin_TestD2Ev:
function _ZN49MovieControllerTests_test_update_movie_admin_TestD2Ev called 1 returned 100% blocks executed 100%
        1:   67:TEST_F(MovieControllerTests, test_update_movie_admin){
        1:   67-block  0
call    0 returned 1
------------------
_ZN49MovieControllerTests_test_update_movie_admin_Test8TestBodyEv:
function _ZN49MovieControllerTests_test_update_movie_admin_Test8TestBodyEv called 1 returned 100% blocks executed 42%
        1:   67:TEST_F(MovieControllerTests, test_update_movie_admin){
       8*:   68:    EXPECT_THROW(controller.update_movie_admin("inception", "sf", 2011, 22, ""), MovieControllerException);
        1:   68-block  0
call    0 returned 1
call    1 returned 1
branch  2 taken 1 (fallthrough)
branch  3 taken 0
        1:   68-block  1
call    4 returned 1
branch  5 taken 1 (fallthrough)
branch  6 taken 0 (throw)
        1:   68-block  2
branch  7 taken 1 (fallthrough)
branch  8 taken 0
        1:   68-block  3
call    9 returned 1
call   10 returned 1
branch 11 taken 1 (fallthrough)
branch 12 taken 0 (throw)
        1:   68-block  4
call   13 returned 1
call   14 returned 1
branch 15 taken 1 (fallthrough)
branch 16 taken 0 (throw)
        1:   68-block  5
call   17 returned 1
call   18 returned 1
branch 19 taken 1 (fallthrough)
branch 20 taken 0 (throw)
        1:   68-block  6
call   21 returned 1
branch 22 taken 0 (fallthrough)
branch 23 taken 1 (throw)
    %%%%%:   68-block  7
call   24 never executed
call   25 never executed
call   26 never executed
call   27 never executed
call   28 never executed
call   29 never executed
        1:   68-block  8
branch 30 taken 0 (fallthrough)
branch 31 taken 1
    %%%%%:   68-block  9
call   32 never executed
branch 33 never executed
branch 34 never executed
    %%%%%:   68-block 10
    %%%%%:   68-block 11
call   35 never executed
branch 36 never executed
branch 37 never executed
    %%%%%:   68-block 12
call   38 never executed
call   39 never executed
branch 40 never executed
branch 41 never executed
    %%%%%:   68-block 13
call   42 never executed
branch 43 never executed
branch 44 never executed
    %%%%%:   68-block 14
call   45 never executed
call   46 never executed
        1:   68-block 15
call   47 returned 1
        1:   68-block 16
call   48 returned 1
        1:   68-block 17
        1:   68-block 18
call   49 returned 1
        1:   68-block 19
        1:   68-block 20
call   50 returned 1
        1:   68-block 21
        1:   68-block 22
call   51 returned 1
        1:   68-block 23
        1:   68-block 24
        1:   68-block 25
        1:   68-block 26
call   52 returned 1
        1:   68-block 27
        1:   68-block 28
call   53 returned 1
        1:   68-block 29
        1:   68-block 30
call   54 returned 1
call   55 returned 1
branch 56 taken 1 (fallthrough)
branch 57 taken 0 (throw)
    $$$$$:   68-block 31
call   58 never executed
call   59 never executed
branch 60 never executed
branch 61 never executed
    $$$$$:   68-block 32
call   62 never executed
branch 63 never executed
branch 64 never executed
    $$$$$:   68-block 33
call   65 never executed
branch 66 never executed
branch 67 never executed
    $$$$$:   68-block 34
call   68 never executed
call   69 never executed
branch 70 never executed
branch 71 never executed
    $$$$$:   68-block 35
call   72 never executed
call   73 never executed
branch 74 never executed
branch 75 never executed
    $$$$$:   68-block 36
call   76 never executed
branch 77 never executed
branch 78 never executed
    $$$$$:   68-block 37
call   79 never executed
    $$$$$:   68-block 38
call   80 never executed
call   81 never executed
branch 82 never executed
branch 83 never executed
    $$$$$:   68-block 39
call   84 never executed
branch 85 never executed
branch 86 never executed
    $$$$$:   68-block 40
call   87 never executed
    $$$$$:   68-block 41
    $$$$$:   68-block 42
call   88 never executed
    $$$$$:   68-block 43
call   89 never executed
    $$$$$:   68-block 44
call   90 never executed
    $$$$$:   68-block 45
    $$$$$:   68-block 46
call   91 never executed
    $$$$$:   68-block 47
    $$$$$:   68-block 48
call   92 never executed
        1:   69:    controller.update_movie_admin("Inception", "SF", 2010, 100, "nOp");
call    0 returned 1
call    1 returned 1
branch  2 taken 1 (fallthrough)
branch  3 taken 0 (throw)
        1:   69-block  0
call    4 returned 1
call    5 returned 1
branch  6 taken 1 (fallthrough)
branch  7 taken 0 (throw)
        1:   69-block  1
call    8 returned 1
call    9 returned 1
branch 10 taken 1 (fallthrough)
branch 11 taken 0 (throw)
        1:   69-block  2
call   12 returned 1
branch 13 taken 1 (fallthrough)
branch 14 taken 0 (throw)
        1:   69-block  3
call   15 returned 1
call   16 returned 1
call   17 returned 1
call   18 returned 1
call   19 returned 1
call   20 returned 1
    $$$$$:   69-block  4
call   21 never executed
    $$$$$:   69-block  5
    $$$$$:   69-block  6
call   22 never executed
    $$$$$:   69-block  7
    $$$$$:   69-block  8
call   23 never executed
    $$$$$:   69-block  9
    $$$$$:   69-block 10
call   24 never executed
    $$$$$:   69-block 11
    $$$$$:   69-block 12
    $$$$$:   69-block 13
    $$$$$:   69-block 14
call   25 never executed
    $$$$$:   69-block 15
    $$$$$:   69-block 16
call   26 never executed
    $$$$$:   69-block 17
call   27 never executed
        1:   70:    movies[3] = Movie("inception", "sf", 2010, 100, "nOp");
call    0 returned 1
call    1 returned 1
branch  2 taken 1 (fallthrough)
branch  3 taken 0 (throw)
        1:   70-block  0
call    4 returned 1
call    5 returned 1
branch  6 taken 1 (fallthrough)
branch  7 taken 0 (throw)
        1:   70-block  1
call    8 returned 1
call    9 returned 1
branch 10 taken 1 (fallthrough)
branch 11 taken 0 (throw)
        1:   70-block  2
call   12 returned 1
branch 13 taken 1 (fallthrough)
branch 14 taken 0 (throw)
        1:   70-block  3
call   15 returned 1
branch 16 taken 1 (fallthrough)
branch 17 taken 0 (throw)
        1:   70-block  4
call   18 returned 1
branch 19 taken 1 (fallthrough)
branch 20 taken 0 (throw)
        1:   70-block  5
call   21 returned 1
call   22 returned 1
call   23 returned 1
call   24 returned 1
call   25 returned 1
call   26 returned 1
call   27 returned 1
    $$$$$:   70-block  6
call   28 never executed
    $$$$$:   70-block  7
    $$$$$:   70-block  8
call   29 never executed
    $$$$$:   70-block  9
    $$$$$:   70-block 10
call   30 never executed
    $$$$$:   70-block 11
    $$$$$:   70-block 12
call   31 never executed
    $$$$$:   70-block 13
    $$$$$:   70-block 14
call   32 never executed
    $$$$$:   70-block 15
    $$$$$:   70-block 16
    $$$$$:   70-block 17
    $$$$$:   70-block 18
call   33 never executed
    $$$$$:   70-block 19
    $$$$$:   70-block 20
call   34 never executed
    $$$$$:   70-block 21
call   35 never executed
       2*:   71:    ASSERT_EQ(controller.get_all_movies_admin(), movies);
call    0 returned 1
branch  1 taken 1 (fallthrough)
branch  2 taken 0 (throw)
        1:   71-block  0
call    3 returned 1
branch  4 taken 1 (fallthrough)
branch  5 taken 0 (throw)
call    6 returned 1
branch  7 taken 0 (fallthrough)
branch  8 taken 1
    %%%%%:   71-block  1
call    9 never executed
branch 10 never executed
branch 11 never executed
    %%%%%:   71-block  2
call   12 never executed
call   13 never executed
branch 14 never executed
branch 15 never executed
    %%%%%:   71-block  3
call   16 never executed
branch 17 never executed
branch 18 never executed
    %%%%%:   71-block  4
call   19 never executed
call   20 never executed
    $$$$$:   71-block  5
    $$$$$:   71-block  6
call   21 never executed
    $$$$$:   71-block  7
    $$$$$:   71-block  8
call   22 never executed
    $$$$$:   71-block  9
    $$$$$:   71-block 10
call   23 never executed
        -:   72:}
------------------
        -:   73:
        4:   74:TEST_F(MovieControllerTests, test_remove_movie_admin){
       4*:   75:    EXPECT_THROW(controller.remove_movie_admin("inception", 2011), MovieControllerException);
        1:   76:    controller.remove_movie_admin("Inception", 2010);
        1:   77:    movies.remove(3);
       2*:   78:    ASSERT_EQ(controller.get_all_movies_admin(), movies);
        -:   79:}
------------------
_ZN49MovieControllerTests_test_remove_movie_admin_TestC2Ev:
function _ZN49MovieControllerTests_test_remove_movie_admin_TestC2Ev called 1 returned 100% blocks executed 100%
        1:   74:TEST_F(MovieControllerTests, test_remove_movie_admin){
        1:   74-block  0
call    0 returned 1
------------------
_ZN49MovieControllerTests_test_remove_movie_admin_TestD0Ev:
function _ZN49MovieControllerTests_test_remove_movie_admin_TestD0Ev called 1 returned 100% blocks executed 100%
        1:   74:TEST_F(MovieControllerTests, test_remove_movie_admin){
        1:   74-block  0
call    0 returned 1
call    1 returned 1
------------------
_ZN49MovieControllerTests_test_remove_movie_admin_TestD2Ev:
function _ZN49MovieControllerTests_test_remove_movie_admin_TestD2Ev called 1 returned 100% blocks executed 100%
        1:   74:TEST_F(MovieControllerTests, test_remove_movie_admin){
        1:   74-block  0
call    0 returned 1
------------------
_ZN49MovieControllerTests_test_remove_movie_admin_Test8TestBodyEv:
function _ZN49MovieControllerTests_test_remove_movie_admin_Test8TestBodyEv called 1 returned 100% blocks executed 36%
        1:   74:TEST_F(MovieControllerTests, test_remove_movie_admin){
       4*:   75:    EXPECT_THROW(controller.remove_movie_admin("inception", 2011), MovieControllerException);
        1:   75-block  0
call    0 returned 1
call    1 returned 1
branch  2 taken 1 (fallthrough)
branch  3 taken 0
        1:   75-block  1
call    4 returned 1
branch  5 taken 1 (fallthrough)
branch  6 taken 0 (throw)
        1:   75-block  2
branch  7 taken 1 (fallthrough)
branch  8 taken 0
        1:   75-block  3
call    9 returned 1
call   10 returned 1
branch 11 taken 1 (fallthrough)
branch 12 taken 0 (throw)
        1:   75-block  4
call   13 returned 1
branch 14 taken 0 (fallthrough)
branch 15 taken 1 (throw)
    %%%%%:   75-block  5
call   16 never executed
call   17 never executed
        1:   75-block  6
branch 18 taken 0 (fallthrough)
branch 19 taken 1
    %%%%%:   75-block  7
call   20 never executed
branch 21 never executed
branch 22 never executed
    %%%%%:   75-block  8
    %%%%%:   75-block  9
call   23 never executed
branch 24 never executed
branch 25 never executed
    %%%%%:   75-block 10
call   26 never executed
call   27 never executed
branch 28 never executed
branch 29 never executed
    %%%%%:   75-block 11
call   30 never executed
branch 31 never executed
branch 32 never executed
    %%%%%:   75-block 12
call   33 never executed
call   34 never executed
        1:   75-block 13
call   35 returned 1
        1:   75-block 14
call   36 returned 1
        1:   75-block 15
        1:   75-block 16
call   37 returned 1
        1:   75-block 17
        1:   75-block 18
        1:   75-block 19
call   38 returned 1
call   39 returned 1
branch 40 taken 1 (fallthrough)
branch 41 taken 0 (throw)
    $$$$$:   75-block 20
call   42 never executed
call   43 never executed
branch 44 never executed
branch 45 never executed
    $$$$$:   75-block 21
call   46 never executed
branch 47 never executed
branch 48 never executed
    $$$$$:   75-block 22
call   49 never executed
branch 50 never executed
branch 51 never executed
    $$$$$:   75-block 23
call   52 never executed
call   53 never executed
branch 54 never executed
branch 55 never executed
    $$$$$:   75-block 24
call   56 never executed
call   57 never executed
branch 58 never executed
branch 59 never executed
    $$$$$:   75-block 25
call   60 never executed
branch 61 never executed
branch 62 never executed
    $$$$$:   75-block 26
call   63 never executed
    $$$$$:   75-block 27
call   64 never executed
call   65 never executed
branch 66 never executed
branch 67 never executed
    $$$$$:   75-block 28
call   68 never executed
branch 69 never executed
branch 70 never executed
    $$$$$:   75-block 29
call   71 never executed
    $$$$$:   75-block 30
    $$$$$:   75-block 31
call   72 never executed
    $$$$$:   75-block 32
call   73 never executed
    $$$$$:   75-block 33
call   74 never executed
    $$$$$:   75-block 34
    $$$$$:   75-block 35
call   75 never executed
    $$$$$:   75-block 36
    $$$$$:   75-block 37
call   76 never executed
        1:   76:    controller.remove_movie_admin("Inception", 2010);
call    0 returned 1
call    1 returned 1
branch  2 taken 1 (fallthrough)
branch  3 taken 0 (throw)
        1:   76-block  0
call    4 returned 1
branch  5 taken 1 (fallthrough)
branch  6 taken 0 (throw)
        1:   76-block  1
call    7 returned 1
call    8 returned 1
    $$$$$:   76-block  2
call    9 never executed
    $$$$$:   76-block  3
    $$$$$:   76-block  4
call   10 never executed
    $$$$$:   76-block  5
    $$$$$:   76-block  6
call   11 never executed
        1:   77:    movies.remove(3);
call    0 returned 1
       2*:   78:    ASSERT_EQ(controller.get_all_movies_admin(), movies);
call    0 returned 1
branch  1 taken 1 (fallthrough)
branch  2 taken 0 (throw)
        1:   78-block  0
call    3 returned 1
branch  4 taken 1 (fallthrough)
branch  5 taken 0 (throw)
call    6 returned 1
branch  7 taken 0 (fallthrough)
branch  8 taken 1
    %%%%%:   78-block  1
call    9 never executed
branch 10 never executed
branch 11 never executed
    %%%%%:   78-block  2
call   12 never executed
call   13 never executed
branch 14 never executed
branch 15 never executed
    %%%%%:   78-block  3
call   16 never executed
branch 17 never executed
branch 18 never executed
    %%%%%:   78-block  4
call   19 never executed
call   20 never executed
    $$$$$:   78-block  5
    $$$$$:   78-block  6
call   21 never executed
    $$$$$:   78-block  7
    $$$$$:   78-block  8
call   22 never executed
    $$$$$:   78-block  9
    $$$$$:   78-block 10
call   23 never executed
        -:   79:}
------------------
        -:   80:
        4:   81:TEST_F(MovieControllerTests, test_get_movie_user){
       4*:   82:    EXPECT_THROW(controller.get_movie_user("inception", 2011), MovieControllerException);
       2*:   83:    ASSERT_EQ(controller.get_movie_user("inception", 2010), movies[3]);
        -:   84:}
------------------
_ZN45MovieControllerTests_test_get_movie_user_TestC2Ev:
function _ZN45MovieControllerTests_test_get_movie_user_TestC2Ev called 1 returned 100% blocks executed 100%
        1:   81:TEST_F(MovieControllerTests, test_get_movie_user){
        1:   81-block  0
call    0 returned 1
------------------
_ZN45MovieControllerTests_test_get_movie_user_TestD0Ev:
function _ZN45MovieControllerTests_test_get_movie_user_TestD0Ev called 1 returned 100% blocks executed 100%
        1:   81:TEST_F(MovieControllerTests, test_get_movie_user){
        1:   81-block  0
call    0 returned 1
call    1 returned 1
------------------
_ZN45MovieControllerTests_test_get_movie_user_TestD2Ev:
function _ZN45MovieControllerTests_test_get_movie_user_TestD2Ev called 1 returned 100% blocks executed 100%
        1:   81:TEST_F(MovieControllerTests, test_get_movie_user){
        1:   81-block  0
call    0 returned 1
------------------
_ZN45MovieControllerTests_test_get_movie_user_Test8TestBodyEv:
function _ZN45MovieControllerTests_test_get_movie_user_Test8TestBodyEv called 1 returned 100% blocks executed 34%
        1:   81:TEST_F(MovieControllerTests, test_get_movie_user){
       4*:   82:    EXPECT_THROW(controller.get_movie_user("inception", 2011), MovieControllerException);
        1:   82-block  0
call    0 returned 1
call    1 returned 1
branch  2 taken 1 (fallthrough)
branch  3 taken 0
        1:   82-block  1
call    4 returned 1
branch  5 taken 1 (fallthrough)
branch  6 taken 0 (throw)
        1:   82-block  2
branch  7 taken 1 (fallthrough)
branch  8 taken 0
        1:   82-block  3
call    9 returned 1
call   10 returned 1
branch 11 taken 1 (fallthrough)
branch 12 taken 0 (throw)
        1:   82-block  4
call   13 returned 1
branch 14 taken 0 (fallthrough)
branch 15 taken 1 (throw)
    %%%%%:   82-block  5
call   16 never executed
call   17 never executed
call   18 never executed
        1:   82-block  6
branch 19 taken 0 (fallthrough)
branch 20 taken 1
    %%%%%:   82-block  7
call   21 never executed
branch 22 never executed
branch 23 never executed
    %%%%%:   82-block  8
    %%%%%:   82-block  9
call   24 never executed
branch 25 never executed
branch 26 never executed
    %%%%%:   82-block 10
call   27 never executed
call   28 never executed
branch 29 never executed
branch 30 never executed
    %%%%%:   82-block 11
call   31 never executed
branch 32 never executed
branch 33 never executed
    %%%%%:   82-block 12
call   34 never executed
call   35 never executed
        1:   82-block 13
call   36 returned 1
        1:   82-block 14
call   37 returned 1
        1:   82-block 15
        1:   82-block 16
call   38 returned 1
        1:   82-block 17
        1:   82-block 18
        1:   82-block 19
call   39 returned 1
call   40 returned 1
branch 41 taken 1 (fallthrough)
branch 42 taken 0 (throw)
    $$$$$:   82-block 20
call   43 never executed
call   44 never executed
branch 45 never executed
branch 46 never executed
    $$$$$:   82-block 21
call   47 never executed
branch 48 never executed
branch 49 never executed
    $$$$$:   82-block 22
call   50 never executed
branch 51 never executed
branch 52 never executed
    $$$$$:   82-block 23
call   53 never executed
call   54 never executed
branch 55 never executed
branch 56 never executed
    $$$$$:   82-block 24
call   57 never executed
call   58 never executed
branch 59 never executed
branch 60 never executed
    $$$$$:   82-block 25
call   61 never executed
branch 62 never executed
branch 63 never executed
    $$$$$:   82-block 26
call   64 never executed
    $$$$$:   82-block 27
call   65 never executed
call   66 never executed
branch 67 never executed
branch 68 never executed
    $$$$$:   82-block 28
call   69 never executed
branch 70 never executed
branch 71 never executed
    $$$$$:   82-block 29
call   72 never executed
    $$$$$:   82-block 30
    $$$$$:   82-block 31
call   73 never executed
    $$$$$:   82-block 32
call   74 never executed
    $$$$$:   82-block 33
call   75 never executed
    $$$$$:   82-block 34
    $$$$$:   82-block 35
call   76 never executed
    $$$$$:   82-block 36
    $$$$$:   82-block 37
call   77 never executed
       2*:   83:    ASSERT_EQ(controller.get_movie_user("inception", 2010), movies[3]);
call    0 returned 1
branch  1 taken 1 (fallthrough)
branch  2 taken 0 (throw)
        1:   83-block  0
call    3 returned 1
call    4 returned 1
branch  5 taken 1 (fallthrough)
branch  6 taken 0 (throw)
        1:   83-block  1
call    7 returned 1
branch  8 taken 1 (fallthrough)
branch  9 taken 0 (throw)
        1:   83-block  2
call   10 returned 1
branch 11 taken 1 (fallthrough)
branch 12 taken 0 (throw)
call   13 returned 1
call   14 returned 1
call   15 returned 1
branch 16 taken 0 (fallthrough)
branch 17 taken 1
    %%%%%:   83-block  3
call   18 never executed
branch 19 never executed
branch 20 never executed
    %%%%%:   83-block  4
call   21 never executed
call   22 never executed
branch 23 never executed
branch 24 never executed
    %%%%%:   83-block  5
call   25 never executed
branch 26 never executed
branch 27 never executed
    %%%%%:   83-block  6
call   28 never executed
call   29 never executed
    $$$$$:   83-block  7
    $$$$$:   83-block  8
    $$$$$:   83-block  9
    $$$$$:   83-block 10
    $$$$$:   83-block 11
call   30 never executed
    $$$$$:   83-block 12
    $$$$$:   83-block 13
call   31 never executed
    $$$$$:   83-block 14
    $$$$$:   83-block 15
call   32 never executed
        -:   84:}
------------------
        -:   85:
        4:   86:TEST_F(MovieControllerTests, test_get_movies_user){
       2*:   87:    ASSERT_EQ(controller.get_movies_user("idk"), DynamicVector<Movie>());
        2:   88:    DynamicVector<Movie> controller_movies = controller.get_movies_user("adventure");
        1:   89:    DynamicVector<Movie> expected_movies;
        1:   90:    expected_movies.push_back(movies[6]);
        1:   91:    expected_movies.push_back(movies[8]);
       1*:   92:    ASSERT_EQ(controller_movies, expected_movies);
        -:   93:}
------------------
_ZN46MovieControllerTests_test_get_movies_user_TestC2Ev:
function _ZN46MovieControllerTests_test_get_movies_user_TestC2Ev called 1 returned 100% blocks executed 100%
        1:   86:TEST_F(MovieControllerTests, test_get_movies_user){
        1:   86-block  0
call    0 returned 1
------------------
_ZN46MovieControllerTests_test_get_movies_user_TestD0Ev:
function _ZN46MovieControllerTests_test_get_movies_user_TestD0Ev called 1 returned 100% blocks executed 100%
        1:   86:TEST_F(MovieControllerTests, test_get_movies_user){
        1:   86-block  0
call    0 returned 1
call    1 returned 1
------------------
_ZN46MovieControllerTests_test_get_movies_user_TestD2Ev:
function _ZN46MovieControllerTests_test_get_movies_user_TestD2Ev called 1 returned 100% blocks executed 100%
        1:   86:TEST_F(MovieControllerTests, test_get_movies_user){
        1:   86-block  0
call    0 returned 1
------------------
_ZN46MovieControllerTests_test_get_movies_user_Test8TestBodyEv:
function _ZN46MovieControllerTests_test_get_movies_user_Test8TestBodyEv called 1 returned 100% blocks executed 40%
        1:   86:TEST_F(MovieControllerTests, test_get_movies_user){
       2*:   87:    ASSERT_EQ(controller.get_movies_user("idk"), DynamicVector<Movie>());
        1:   87-block  0
call    0 returned 1
branch  1 taken 1 (fallthrough)
branch  2 taken 0 (throw)
        1:   87-block  1
call    3 returned 1
call    4 returned 1
branch  5 taken 1 (fallthrough)
branch  6 taken 0 (throw)
        1:   87-block  2
call    7 returned 1
branch  8 taken 1 (fallthrough)
branch  9 taken 0 (throw)
        1:   87-block  3
call   10 returned 1
branch 11 taken 1 (fallthrough)
branch 12 taken 0 (throw)
call   13 returned 1
call   14 returned 1
call   15 returned 1
call   16 returned 1
branch 17 taken 0 (fallthrough)
branch 18 taken 1
    %%%%%:   87-block  4
call   19 never executed
branch 20 never executed
branch 21 never executed
    %%%%%:   87-block  5
call   22 never executed
call   23 never executed
branch 24 never executed
branch 25 never executed
    %%%%%:   87-block  6
call   26 never executed
branch 27 never executed
branch 28 never executed
    %%%%%:   87-block  7
call   29 never executed
call   30 never executed
    $$$$$:   87-block  8
    $$$$$:   87-block  9
    $$$$$:   87-block 10
    $$$$$:   87-block 11
    $$$$$:   87-block 12
call   31 never executed
    $$$$$:   87-block 13
    $$$$$:   87-block 14
call   32 never executed
    $$$$$:   87-block 15
    $$$$$:   87-block 16
call   33 never executed
        2:   88:    DynamicVector<Movie> controller_movies = controller.get_movies_user("adventure");
        1:   88-block  0
call    0 returned 1
call    1 returned 1
branch  2 taken 1 (fallthrough)
branch  3 taken 0 (throw)
        1:   88-block  1
call    4 returned 1
branch  5 taken 1 (fallthrough)
branch  6 taken 0 (throw)
call    7 returned 1
    $$$$$:   88-block  2
    $$$$$:   88-block  3
    $$$$$:   88-block  4
call    8 never executed
        1:   89:    DynamicVector<Movie> expected_movies;
call    0 returned 1
branch  1 taken 1 (fallthrough)
branch  2 taken 0 (throw)
    $$$$$:   89-block  0
call    3 never executed
        1:   90:    expected_movies.push_back(movies[6]);
        1:   90-block  0
call    0 returned 1
branch  1 taken 1 (fallthrough)
branch  2 taken 0 (throw)
        1:   90-block  1
call    3 returned 1
branch  4 taken 1 (fallthrough)
branch  5 taken 0 (throw)
        1:   90-block  2
call    6 returned 1
branch  7 taken 1 (fallthrough)
branch  8 taken 0 (throw)
        1:   90-block  3
call    9 returned 1
    $$$$$:   90-block  4
call   10 never executed
    $$$$$:   90-block  5
        1:   91:    expected_movies.push_back(movies[8]);
call    0 returned 1
branch  1 taken 1 (fallthrough)
branch  2 taken 0 (throw)
        1:   91-block  0
call    3 returned 1
branch  4 taken 1 (fallthrough)
branch  5 taken 0 (throw)
        1:   91-block  1
call    6 returned 1
branch  7 taken 1 (fallthrough)
branch  8 taken 0 (throw)
        1:   91-block  2
call    9 returned 1
    $$$$$:   91-block  3
call   10 never executed
    $$$$$:   91-block  4
       1*:   92:    ASSERT_EQ(controller_movies, expected_movies);
call    0 returned 1
branch  1 taken 1 (fallthrough)
branch  2 taken 0 (throw)
        1:   92-block  0
call    3 returned 1
branch  4 taken 0 (fallthrough)
branch  5 taken 1
    %%%%%:   92-block  1
call    6 never executed
branch  7 never executed
branch  8 never executed
    %%%%%:   92-block  2
call    9 never executed
call   10 never executed
branch 11 never executed
branch 12 never executed
    %%%%%:   92-block  3
call   13 never executed
branch 14 never executed
branch 15 never executed
    %%%%%:   92-block  4
call   16 never executed
call   17 never executed
    $$$$$:   92-block  5
call   18 never executed
    $$$$$:   92-block  6
    $$$$$:   92-block  7
call   19 never executed
    $$$$$:   92-block  8
    $$$$$:   92-block  9
call   20 never executed
        -:   93:}
------------------
        -:   94:
        4:   95:TEST_F(MovieControllerTests, test_add_movie_user){
        1:   96:    controller.add_movie_user(movies[0]);
       2*:   97:    EXPECT_THROW(controller.add_movie_user(movies[0]), ControllerException);
        1:   98:    controller.add_movie_user(movies[3]);
        1:   99:    DynamicVector<Movie> expected_movies;
        1:  100:    expected_movies.push_back(movies[0]);
        1:  101:    expected_movies.push_back(movies[3]);
       2*:  102:    ASSERT_EQ(controller.get_watchlist_user(), expected_movies);
        -:  103:}
------------------
_ZN45MovieControllerTests_test_add_movie_user_TestC2Ev:
function _ZN45MovieControllerTests_test_add_movie_user_TestC2Ev called 1 returned 100% blocks executed 100%
        1:   95:TEST_F(MovieControllerTests, test_add_movie_user){
        1:   95-block  0
call    0 returned 1
------------------
_ZN45MovieControllerTests_test_add_movie_user_TestD0Ev:
function _ZN45MovieControllerTests_test_add_movie_user_TestD0Ev called 1 returned 100% blocks executed 100%
        1:   95:TEST_F(MovieControllerTests, test_add_movie_user){
        1:   95-block  0
call    0 returned 1
call    1 returned 1
------------------
_ZN45MovieControllerTests_test_add_movie_user_TestD2Ev:
function _ZN45MovieControllerTests_test_add_movie_user_TestD2Ev called 1 returned 100% blocks executed 100%
        1:   95:TEST_F(MovieControllerTests, test_add_movie_user){
        1:   95-block  0
call    0 returned 1
------------------
_ZN45MovieControllerTests_test_add_movie_user_Test8TestBodyEv:
function _ZN45MovieControllerTests_test_add_movie_user_Test8TestBodyEv called 1 returned 100% blocks executed 37%
        1:   95:TEST_F(MovieControllerTests, test_add_movie_user){
        1:   96:    controller.add_movie_user(movies[0]);
        1:   96-block  0
call    0 returned 1
branch  1 taken 1 (fallthrough)
branch  2 taken 0 (throw)
        1:   96-block  1
call    3 returned 1
branch  4 taken 1 (fallthrough)
branch  5 taken 0 (throw)
       2*:   97:    EXPECT_THROW(controller.add_movie_user(movies[0]), ControllerException);
        1:   97-block  0
call    0 returned 1
call    1 returned 1
branch  2 taken 1 (fallthrough)
branch  3 taken 0
        1:   97-block  1
call    4 returned 1
branch  5 taken 1 (fallthrough)
branch  6 taken 0 (throw)
        1:   97-block  2
branch  7 taken 1 (fallthrough)
branch  8 taken 0
        1:   97-block  3
call    9 returned 1
branch 10 taken 1 (fallthrough)
branch 11 taken 0 (throw)
        1:   97-block  4
call   12 returned 1
branch 13 taken 0 (fallthrough)
branch 14 taken 1 (throw)
        1:   97-block  5
branch 15 taken 0 (fallthrough)
branch 16 taken 1
    %%%%%:   97-block  6
call   17 never executed
branch 18 never executed
branch 19 never executed
    %%%%%:   97-block  7
    %%%%%:   97-block  8
call   20 never executed
branch 21 never executed
branch 22 never executed
    %%%%%:   97-block  9
call   23 never executed
call   24 never executed
branch 25 never executed
branch 26 never executed
    %%%%%:   97-block 10
call   27 never executed
branch 28 never executed
branch 29 never executed
    %%%%%:   97-block 11
call   30 never executed
call   31 never executed
        1:   97-block 12
call   32 returned 1
        1:   97-block 13
call   33 returned 1
call   34 returned 1
branch 35 taken 1 (fallthrough)
branch 36 taken 0 (throw)
    $$$$$:   97-block 14
call   37 never executed
call   38 never executed
branch 39 never executed
branch 40 never executed
    $$$$$:   97-block 15
call   41 never executed
branch 42 never executed
branch 43 never executed
    $$$$$:   97-block 16
call   44 never executed
branch 45 never executed
branch 46 never executed
    $$$$$:   97-block 17
call   47 never executed
call   48 never executed
branch 49 never executed
branch 50 never executed
    $$$$$:   97-block 18
call   51 never executed
call   52 never executed
branch 53 never executed
branch 54 never executed
    $$$$$:   97-block 19
call   55 never executed
branch 56 never executed
branch 57 never executed
    $$$$$:   97-block 20
call   58 never executed
    $$$$$:   97-block 21
call   59 never executed
call   60 never executed
branch 61 never executed
branch 62 never executed
    $$$$$:   97-block 22
call   63 never executed
branch 64 never executed
branch 65 never executed
    $$$$$:   97-block 23
call   66 never executed
    $$$$$:   97-block 24
    $$$$$:   97-block 25
call   67 never executed
    $$$$$:   97-block 26
call   68 never executed
    $$$$$:   97-block 27
call   69 never executed
    $$$$$:   97-block 28
    $$$$$:   97-block 29
call   70 never executed
    $$$$$:   97-block 30
    $$$$$:   97-block 31
call   71 never executed
        1:   98:    controller.add_movie_user(movies[3]);
call    0 returned 1
branch  1 taken 1 (fallthrough)
branch  2 taken 0 (throw)
        1:   98-block  0
call    3 returned 1
branch  4 taken 1 (fallthrough)
branch  5 taken 0 (throw)
        1:   99:    DynamicVector<Movie> expected_movies;
        1:   99-block  0
call    0 returned 1
branch  1 taken 1 (fallthrough)
branch  2 taken 0 (throw)
    $$$$$:   99-block  1
call    3 never executed
        1:  100:    expected_movies.push_back(movies[0]);
        1:  100-block  0
call    0 returned 1
branch  1 taken 1 (fallthrough)
branch  2 taken 0 (throw)
        1:  100-block  1
call    3 returned 1
branch  4 taken 1 (fallthrough)
branch  5 taken 0 (throw)
        1:  100-block  2
call    6 returned 1
branch  7 taken 1 (fallthrough)
branch  8 taken 0 (throw)
        1:  100-block  3
call    9 returned 1
    $$$$$:  100-block  4
call   10 never executed
    $$$$$:  100-block  5
        1:  101:    expected_movies.push_back(movies[3]);
call    0 returned 1
branch  1 taken 1 (fallthrough)
branch  2 taken 0 (throw)
        1:  101-block  0
call    3 returned 1
branch  4 taken 1 (fallthrough)
branch  5 taken 0 (throw)
        1:  101-block  1
call    6 returned 1
branch  7 taken 1 (fallthrough)
branch  8 taken 0 (throw)
        1:  101-block  2
call    9 returned 1
    $$$$$:  101-block  3
call   10 never executed
    $$$$$:  101-block  4
       2*:  102:    ASSERT_EQ(controller.get_watchlist_user(), expected_movies);
call    0 returned 1
branch  1 taken 1 (fallthrough)
branch  2 taken 0 (throw)
        1:  102-block  0
call    3 returned 1
branch  4 taken 1 (fallthrough)
branch  5 taken 0 (throw)
call    6 returned 1
branch  7 taken 0 (fallthrough)
branch  8 taken 1
    %%%%%:  102-block  1
call    9 never executed
branch 10 never executed
branch 11 never executed
    %%%%%:  102-block  2
call   12 never executed
call   13 never executed
branch 14 never executed
branch 15 never executed
    %%%%%:  102-block  3
call   16 never executed
branch 17 never executed
branch 18 never executed
    %%%%%:  102-block  4
call   19 never executed
call   20 never executed
    $$$$$:  102-block  5
    $$$$$:  102-block  6
call   21 never executed
    $$$$$:  102-block  7
    $$$$$:  102-block  8
call   22 never executed
    $$$$$:  102-block  9
    $$$$$:  102-block 10
call   23 never executed
        -:  103:}
------------------
        -:  104:
        4:  105:TEST_F(MovieControllerTests, test_remove_movie_user){
        1:  106:    controller.add_movie_user(movies[0]);
       2*:  107:    EXPECT_THROW(controller.add_movie_user(movies[0]), ControllerException);
        1:  108:    controller.add_movie_user(movies[3]);
        1:  109:    controller.remove_movie_user(movies[0]);
        1:  110:    controller.add_movie_user(movies[1]);
        1:  111:    controller.add_movie_user(movies[0]);
        1:  112:    DynamicVector<Movie> expected_movies;
        1:  113:    expected_movies.push_back(movies[3]);
        1:  114:    expected_movies.push_back(movies[1]);
        1:  115:    expected_movies.push_back(movies[0]);
       2*:  116:    EXPECT_THROW(controller.remove_movie_user(movies[2]), ControllerException);
       2*:  117:    ASSERT_EQ(controller.get_watchlist_user(), expected_movies);
        -:  118:}
------------------
_ZN48MovieControllerTests_test_remove_movie_user_TestC2Ev:
function _ZN48MovieControllerTests_test_remove_movie_user_TestC2Ev called 1 returned 100% blocks executed 100%
        1:  105:TEST_F(MovieControllerTests, test_remove_movie_user){
        1:  105-block  0
call    0 returned 1
------------------
_ZN48MovieControllerTests_test_remove_movie_user_TestD0Ev:
function _ZN48MovieControllerTests_test_remove_movie_user_TestD0Ev called 1 returned 100% blocks executed 100%
        1:  105:TEST_F(MovieControllerTests, test_remove_movie_user){
        1:  105-block  0
call    0 returned 1
call    1 returned 1
------------------
_ZN48MovieControllerTests_test_remove_movie_user_TestD2Ev:
function _ZN48MovieControllerTests_test_remove_movie_user_TestD2Ev called 1 returned 100% blocks executed 100%
        1:  105:TEST_F(MovieControllerTests, test_remove_movie_user){
        1:  105-block  0
call    0 returned 1
------------------
_ZN48MovieControllerTests_test_remove_movie_user_Test8TestBodyEv:
function _ZN48MovieControllerTests_test_remove_movie_user_Test8TestBodyEv called 1 returned 100% blocks executed 36%
        1:  105:TEST_F(MovieControllerTests, test_remove_movie_user){
        1:  106:    controller.add_movie_user(movies[0]);
        1:  106-block  0
call    0 returned 1
branch  1 taken 1 (fallthrough)
branch  2 taken 0 (throw)
        1:  106-block  1
call    3 returned 1
branch  4 taken 1 (fallthrough)
branch  5 taken 0 (throw)
       2*:  107:    EXPECT_THROW(controller.add_movie_user(movies[0]), ControllerException);
        1:  107-block  0
call    0 returned 1
call    1 returned 1
branch  2 taken 1 (fallthrough)
branch  3 taken 0
        1:  107-block  1
call    4 returned 1
branch  5 taken 1 (fallthrough)
branch  6 taken 0 (throw)
        1:  107-block  2
branch  7 taken 1 (fallthrough)
branch  8 taken 0
        1:  107-block  3
call    9 returned 1
branch 10 taken 1 (fallthrough)
branch 11 taken 0 (throw)
        1:  107-block  4
call   12 returned 1
branch 13 taken 0 (fallthrough)
branch 14 taken 1 (throw)
        1:  107-block  5
branch 15 taken 0 (fallthrough)
branch 16 taken 1
    %%%%%:  107-block  6
call   17 never executed
branch 18 never executed
branch 19 never executed
    %%%%%:  107-block  7
    %%%%%:  107-block  8
call   20 never executed
branch 21 never executed
branch 22 never executed
    %%%%%:  107-block  9
call   23 never executed
call   24 never executed
branch 25 never executed
branch 26 never executed
    %%%%%:  107-block 10
call   27 never executed
branch 28 never executed
branch 29 never executed
    %%%%%:  107-block 11
call   30 never executed
call   31 never executed
        1:  107-block 12
call   32 returned 1
        1:  107-block 13
call   33 returned 1
call   34 returned 1
branch 35 taken 1 (fallthrough)
branch 36 taken 0 (throw)
    $$$$$:  107-block 14
call   37 never executed
call   38 never executed
branch 39 never executed
branch 40 never executed
    $$$$$:  107-block 15
call   41 never executed
branch 42 never executed
branch 43 never executed
    $$$$$:  107-block 16
call   44 never executed
branch 45 never executed
branch 46 never executed
    $$$$$:  107-block 17
call   47 never executed
call   48 never executed
branch 49 never executed
branch 50 never executed
    $$$$$:  107-block 18
call   51 never executed
call   52 never executed
branch 53 never executed
branch 54 never executed
    $$$$$:  107-block 19
call   55 never executed
branch 56 never executed
branch 57 never executed
    $$$$$:  107-block 20
call   58 never executed
    $$$$$:  107-block 21
call   59 never executed
call   60 never executed
branch 61 never executed
branch 62 never executed
    $$$$$:  107-block 22
call   63 never executed
branch 64 never executed
branch 65 never executed
    $$$$$:  107-block 23
call   66 never executed
    $$$$$:  107-block 24
    $$$$$:  107-block 25
call   67 never executed
    $$$$$:  107-block 26
call   68 never executed
    $$$$$:  107-block 27
call   69 never executed
    $$$$$:  107-block 28
    $$$$$:  107-block 29
call   70 never executed
    $$$$$:  107-block 30
    $$$$$:  107-block 31
call   71 never executed
        1:  108:    controller.add_movie_user(movies[3]);
call    0 returned 1
branch  1 taken 1 (fallthrough)
branch  2 taken 0 (throw)
        1:  108-block  0
call    3 returned 1
branch  4 taken 1 (fallthrough)
branch  5 taken 0 (throw)
        1:  109:    controller.remove_movie_user(movies[0]);
        1:  109-block  0
call    0 returned 1
branch  1 taken 1 (fallthrough)
branch  2 taken 0 (throw)
        1:  109-block  1
call    3 returned 1
branch  4 taken 1 (fallthrough)
branch  5 taken 0 (throw)
        1:  110:    controller.add_movie_user(movies[1]);
        1:  110-block  0
call    0 returned 1
branch  1 taken 1 (fallthrough)
branch  2 taken 0 (throw)
        1:  110-block  1
call    3 returned 1
branch  4 taken 1 (fallthrough)
branch  5 taken 0 (throw)
        1:  111:    controller.add_movie_user(movies[0]);
        1:  111-block  0
call    0 returned 1
branch  1 taken 1 (fallthrough)
branch  2 taken 0 (throw)
        1:  111-block  1
call    3 returned 1
branch  4 taken 1 (fallthrough)
branch  5 taken 0 (throw)
        1:  112:    DynamicVector<Movie> expected_movies;
        1:  112-block  0
call    0 returned 1
branch  1 taken 1 (fallthrough)
branch  2 taken 0 (throw)
    $$$$$:  112-block  1
call    3 never executed
        1:  113:    expected_movies.push_back(movies[3]);
        1:  113-block  0
call    0 returned 1
[...]
call    4 returned 1
branch  5 taken 1 (fallthrough)
branch  6 taken 0 (throw)
        1:  116-block  1
branch  7 taken 1 (fallthrough)
branch  8 taken 0
        1:  116-block  2
call    9 returned 1
branch 10 taken 1 (fallthrough)
branch 11 taken 0 (throw)
        1:  116-block  3
call   12 returned 1
branch 13 taken 0 (fallthrough)
branch 14 taken 1 (throw)
        1:  116-block  4
branch 15 taken 0 (fallthrough)
branch 16 taken 1
    %%%%%:  116-block  5
call   17 never executed
branch 18 never executed
branch 19 never executed
    %%%%%:  116-block  6
    %%%%%:  116-block  7
call   20 never executed
branch 21 never executed
branch 22 never executed
    %%%%%:  116-block  8
call   23 never executed
call   24 never executed
branch 25 never executed
branch 26 never executed
    %%%%%:  116-block  9
call   27 never executed
branch 28 never executed
branch 29 never executed
    %%%%%:  116-block 10
call   30 never executed
call   31 never executed
        1:  116-block 11
call   32 returned 1
        1:  116-block 12
call   33 returned 1
call   34 returned 1
branch 35 taken 1 (fallthrough)
branch 36 taken 0 (throw)
    $$$$$:  116-block 13
call   37 never executed
call   38 never executed
branch 39 never executed
branch 40 never executed
    $$$$$:  116-block 14
call   41 never executed
branch 42 never executed
branch 43 never executed
    $$$$$:  116-block 15
call   44 never executed
branch 45 never executed
branch 46 never executed
    $$$$$:  116-block 16
call   47 never executed
call   48 never executed
branch 49 never executed
branch 50 never executed
    $$$$$:  116-block 17
call   51 never executed
call   52 never executed
branch 53 never executed
branch 54 never executed
    $$$$$:  116-block 18
call   55 never executed
branch 56 never executed
branch 57 never executed
    $$$$$:  116-block 19
call   58 never executed
    $$$$$:  116-block 20
call   59 never executed
call   60 never executed
branch 61 never executed
branch 62 never executed
    $$$$$:  116-block 21
call   63 never executed
branch 64 never executed
branch 65 never executed
    $$$$$:  116-block 22
call   66 never executed
    $$$$$:  116-block 23
    $$$$$:  116-block 24
call   67 never executed
    $$$$$:  116-block 25
call   68 never executed
    $$$$$:  116-block 26
call   69 never executed
    $$$$$:  116-block 27
    $$$$$:  116-block 28
call   70 never executed
    $$$$$:  116-block 29
    $$$$$:  116-block 30
call   71 never executed
       2*:  117:    ASSERT_EQ(controller.get_watchlist_user(), expected_movies);
call    0 returned 1
branch  1 taken 1 (fallthrough)
branch  2 taken 0 (throw)
        1:  117-block  0
call    3 returned 1
branch  4 taken 1 (fallthrough)
branch  5 taken 0 (throw)
call    6 returned 1
branch  7 taken 0 (fallthrough)
branch  8 taken 1
    %%%%%:  117-block  1
call    9 never executed
branch 10 never executed
branch 11 never executed
    %%%%%:  117-block  2
call   12 never executed
call   13 never executed
branch 14 never executed
branch 15 never executed
    %%%%%:  117-block  3
call   16 never executed
branch 17 never executed
branch 18 never executed
    %%%%%:  117-block  4
call   19 never executed
call   20 never executed
    $$$$$:  117-block  5
    $$$$$:  117-block  6
call   21 never executed
    $$$$$:  117-block  7
    $$$$$:  117-block  8
call   22 never executed
    $$$$$:  117-block  9
    $$$$$:  117-block 10
call   23 never executed
        -:  118:}
------------------
        -:  119:
        4:  120:TEST_F(MovieControllerTests, test_get_watchlist_user){
       2*:  121:    ASSERT_EQ(controller.get_watchlist_user(), DynamicVector<Movie>());
        1:  122:    controller.add_movie_user(movies[0]);
        1:  123:    controller.add_movie_user(movies[3]);
        1:  124:    DynamicVector<Movie> expected_movies;
        1:  125:    expected_movies.push_back(movies[0]);
        1:  126:    expected_movies.push_back(movies[3]);
       2*:  127:    ASSERT_EQ(controller.get_watchlist_user(), expected_movies);
        -:  128:}
------------------
_ZN49MovieControllerTests_test_get_watchlist_user_TestC2Ev:
function _ZN49MovieControllerTests_test_get_watchlist_user_TestC2Ev called 1 returned 100% blocks executed 100%
        1:  120:TEST_F(MovieControllerTests, test_get_watchlist_user){
        1:  120-block  0
call    0 returned 1
------------------
_ZN49MovieControllerTests_test_get_watchlist_user_TestD0Ev:
function _ZN49MovieControllerTests_test_get_watchlist_user_TestD0Ev called 1 returned 100% blocks executed 100%
        1:  120:TEST_F(MovieControllerTests, test_get_watchlist_user){
        1:  120-block  0
call    0 returned 1
call    1 returned 1
------------------
_ZN49MovieControllerTests_test_get_watchlist_user_TestD2Ev:
function _ZN49MovieControllerTests_test_get_watchlist_user_TestD2Ev called 1 returned 100% blocks executed 100%
        1:  120:TEST_F(MovieControllerTests, test_get_watchlist_user){
        1:  120-block  0
call    0 returned 1
------------------
_ZN49MovieControllerTests_test_get_watchlist_user_Test8TestBodyEv:
function _ZN49MovieControllerTests_test_get_watchlist_user_Test8TestBodyEv called 1 returned 100% blocks executed 42%
        1:  120:TEST_F(MovieControllerTests, test_get_watchlist_user){
       2*:  121:    ASSERT_EQ(controller.get_watchlist_user(), DynamicVector<Movie>());
        1:  121-block  0
call    0 returned 1
branch  1 taken 1 (fallthrough)
branch  2 taken 0 (throw)
        1:  121-block  1
call    3 returned 1
branch  4 taken 1 (fallthrough)
branch  5 taken 0 (throw)
        1:  121-block  2
call    6 returned 1
branch  7 taken 1 (fallthrough)
branch  8 taken 0 (throw)
call    9 returned 1
call   10 returned 1
branch 11 taken 0 (fallthrough)
branch 12 taken 1
    %%%%%:  121-block  3
call   13 never executed
branch 14 never executed
branch 15 never executed
    %%%%%:  121-block  4
call   16 never executed
call   17 never executed
branch 18 never executed
branch 19 never executed
    %%%%%:  121-block  5
call   20 never executed
branch 21 never executed
branch 22 never executed
    %%%%%:  121-block  6
call   23 never executed
call   24 never executed
    $$$$$:  121-block  7
    $$$$$:  121-block  8
    $$$$$:  121-block  9
call   25 never executed
    $$$$$:  121-block 10
    $$$$$:  121-block 11
call   26 never executed
    $$$$$:  121-block 12
    $$$$$:  121-block 13
call   27 never executed
        1:  122:    controller.add_movie_user(movies[0]);
        1:  122-block  0
call    0 returned 1
branch  1 taken 1 (fallthrough)
branch  2 taken 0 (throw)
        1:  122-block  1
call    3 returned 1
branch  4 taken 1 (fallthrough)
branch  5 taken 0 (throw)
        1:  123:    controller.add_movie_user(movies[3]);
        1:  123-block  0
call    0 returned 1
branch  1 taken 1 (fallthrough)
branch  2 taken 0 (throw)
        1:  123-block  1
call    3 returned 1
branch  4 taken 1 (fallthrough)
branch  5 taken 0 (throw)
        1:  124:    DynamicVector<Movie> expected_movies;
        1:  124-block  0
call    0 returned 1
branch  1 taken 1 (fallthrough)
branch  2 taken 0 (throw)
    $$$$$:  124-block  1
call    3 never executed
        1:  125:    expected_movies.push_back(movies[0]);
        1:  125-block  0
call    0 returned 1
branch  1 taken 1 (fallthrough)
branch  2 taken 0 (throw)
        1:  125-block  1
call    3 returned 1
branch  4 taken 1 (fallthrough)
branch  5 taken 0 (throw)
        1:  125-block  2
call    6 returned 1
branch  7 taken 1 (fallthrough)
branch  8 taken 0 (throw)
        1:  125-block  3
call    9 returned 1
    $$$$$:  125-block  4
call   10 never executed
    $$$$$:  125-block  5
        1:  126:    expected_movies.push_back(movies[3]);
call    0 returned 1
branch  1 taken 1 (fallthrough)
branch  2 taken 0 (throw)
        1:  126-block  0
call    3 returned 1
branch  4 taken 1 (fallthrough)
branch  5 taken 0 (throw)
        1:  126-block  1
call    6 returned 1
branch  7 taken 1 (fallthrough)
branch  8 taken 0 (throw)
        1:  126-block  2
call    9 returned 1
    $$$$$:  126-block  3
call   10 never executed
    $$$$$:  126-block  4
       2*:  127:    ASSERT_EQ(controller.get_watchlist_user(), expected_movies);
call    0 returned 1
branch  1 taken 1 (fallthrough)
branch  2 taken 0 (throw)
        1:  127-block  0
call    3 returned 1
branch  4 taken 1 (fallthrough)
branch  5 taken 0 (throw)
call    6 returned 1
branch  7 taken 0 (fallthrough)
branch  8 taken 1
    %%%%%:  127-block  1
call    9 never executed
branch 10 never executed
branch 11 never executed
    %%%%%:  127-block  2
call   12 never executed
call   13 never executed
branch 14 never executed
branch 15 never executed
    %%%%%:  127-block  3
call   16 never executed
branch 17 never executed
branch 18 never executed
    %%%%%:  127-block  4
call   19 never executed
call   20 never executed
    $$$$$:  127-block  5
    $$$$$:  127-block  6
call   21 never executed
    $$$$$:  127-block  7
    $$$$$:  127-block  8
call   22 never executed
    $$$$$:  127-block  9
    $$$$$:  127-block 10
call   23 never executed
        -:  128:}
------------------
        -:  129:
        4:  130:TEST_F(MovieControllerTests, test_like_movie_user){
        1:  131:    controller.like_movie_user(movies[0]);
        1:  132:    movies[0].set_likes(movies[0].get_likes() + 1);
       2*:  133:    ASSERT_EQ(movies, controller.get_all_movies_admin());
        1:  134:    controller.like_movie_user(movies[2]);
        1:  135:    movies[2].set_likes(movies[2].get_likes() + 1);
       2*:  136:    ASSERT_EQ(movies, controller.get_all_movies_admin());
        -:  137:}
------------------
_ZN46MovieControllerTests_test_like_movie_user_TestC2Ev:
function _ZN46MovieControllerTests_test_like_movie_user_TestC2Ev called 1 returned 100% blocks executed 100%
        1:  130:TEST_F(MovieControllerTests, test_like_movie_user){
        1:  130-block  0
call    0 returned 1
------------------
_ZN46MovieControllerTests_test_like_movie_user_TestD0Ev:
function _ZN46MovieControllerTests_test_like_movie_user_TestD0Ev called 1 returned 100% blocks executed 100%
        1:  130:TEST_F(MovieControllerTests, test_like_movie_user){
        1:  130-block  0
call    0 returned 1
call    1 returned 1
------------------
_ZN46MovieControllerTests_test_like_movie_user_TestD2Ev:
function _ZN46MovieControllerTests_test_like_movie_user_TestD2Ev called 1 returned 100% blocks executed 100%
        1:  130:TEST_F(MovieControllerTests, test_like_movie_user){
        1:  130-block  0
call    0 returned 1
------------------
_ZN46MovieControllerTests_test_like_movie_user_Test8TestBodyEv:
function _ZN46MovieControllerTests_test_like_movie_user_Test8TestBodyEv called 1 returned 100% blocks executed 44%
        1:  130:TEST_F(MovieControllerTests, test_like_movie_user){
        1:  131:    controller.like_movie_user(movies[0]);
        1:  131-block  0
call    0 returned 1
call    1 returned 1
        1:  132:    movies[0].set_likes(movies[0].get_likes() + 1);
call    0 returned 1
call    1 returned 1
call    2 returned 1
call    3 returned 1
       2*:  133:    ASSERT_EQ(movies, controller.get_all_movies_admin());
call    0 returned 1
branch  1 taken 1 (fallthrough)
branch  2 taken 0 (throw)
        1:  133-block  0
call    3 returned 1
branch  4 taken 1 (fallthrough)
branch  5 taken 0 (throw)
call    6 returned 1
branch  7 taken 0 (fallthrough)
branch  8 taken 1
    %%%%%:  133-block  1
call    9 never executed
branch 10 never executed
branch 11 never executed
    %%%%%:  133-block  2
call   12 never executed
call   13 never executed
branch 14 never executed
branch 15 never executed
    %%%%%:  133-block  3
call   16 never executed
branch 17 never executed
branch 18 never executed
    %%%%%:  133-block  4
call   19 never executed
call   20 never executed
    $$$$$:  133-block  5
    $$$$$:  133-block  6
call   21 never executed
    $$$$$:  133-block  7
    $$$$$:  133-block  8
call   22 never executed
    $$$$$:  133-block  9
    $$$$$:  133-block 10
call   23 never executed
        1:  134:    controller.like_movie_user(movies[2]);
        1:  134-block  0
call    0 returned 1
call    1 returned 1
        1:  135:    movies[2].set_likes(movies[2].get_likes() + 1);
call    0 returned 1
call    1 returned 1
call    2 returned 1
call    3 returned 1
       2*:  136:    ASSERT_EQ(movies, controller.get_all_movies_admin());
call    0 returned 1
branch  1 taken 1 (fallthrough)
branch  2 taken 0 (throw)
        1:  136-block  0
call    3 returned 1
branch  4 taken 1 (fallthrough)
branch  5 taken 0 (throw)
call    6 returned 1
branch  7 taken 0 (fallthrough)
branch  8 taken 1
    %%%%%:  136-block  1
call    9 never executed
branch 10 never executed
branch 11 never executed
    %%%%%:  136-block  2
call   12 never executed
call   13 never executed
branch 14 never executed
branch 15 never executed
    %%%%%:  136-block  3
call   16 never executed
branch 17 never executed
branch 18 never executed
    %%%%%:  136-block  4
call   19 never executed
call   20 never executed
    $$$$$:  136-block  5
    $$$$$:  136-block  6
call   21 never executed
    $$$$$:  136-block  7
    $$$$$:  136-block  8
call   22 never executed
    $$$$$:  136-block  9
    $$$$$:  136-block 10
call   23 never executed
        -:  137:}
------------------
        -:  138:
        4:  139:TEST_F(MovieControllerTests, test_get_all_movies_admin){
       2*:  140:    ASSERT_EQ(controller.get_all_movies_admin(), movies);
        -:  141:}
------------------
_ZN51MovieControllerTests_test_get_all_movies_admin_TestC2Ev:
function _ZN51MovieControllerTests_test_get_all_movies_admin_TestC2Ev called 1 returned 100% blocks executed 100%
        1:  139:TEST_F(MovieControllerTests, test_get_all_movies_admin){
        1:  139-block  0
call    0 returned 1
------------------
_ZN51MovieControllerTests_test_get_all_movies_admin_TestD0Ev:
function _ZN51MovieControllerTests_test_get_all_movies_admin_TestD0Ev called 1 returned 100% blocks executed 100%
        1:  139:TEST_F(MovieControllerTests, test_get_all_movies_admin){
        1:  139-block  0
call    0 returned 1
call    1 returned 1
------------------
_ZN51MovieControllerTests_test_get_all_movies_admin_TestD2Ev:
function _ZN51MovieControllerTests_test_get_all_movies_admin_TestD2Ev called 1 returned 100% blocks executed 100%
        1:  139:TEST_F(MovieControllerTests, test_get_all_movies_admin){
        1:  139-block  0
call    0 returned 1
------------------
_ZN51MovieControllerTests_test_get_all_movies_admin_Test8TestBodyEv:
function _ZN51MovieControllerTests_test_get_all_movies_admin_Test8TestBodyEv called 1 returned 100% blocks executed 37%
        1:  139:TEST_F(MovieControllerTests, test_get_all_movies_admin){
       2*:  140:    ASSERT_EQ(controller.get_all_movies_admin(), movies);
        1:  140-block  0
call    0 returned 1
branch  1 taken 1 (fallthrough)
branch  2 taken 0 (throw)
        1:  140-block  1
call    3 returned 1
branch  4 taken 1 (fallthrough)
branch  5 taken 0 (throw)
call    6 returned 1
branch  7 taken 0 (fallthrough)
branch  8 taken 1
    %%%%%:  140-block  2
call    9 never executed
branch 10 never executed
branch 11 never executed
    %%%%%:  140-block  3
call   12 never executed
call   13 never executed
branch 14 never executed
branch 15 never executed
    %%%%%:  140-block  4
call   16 never executed
branch 17 never executed
branch 18 never executed
    %%%%%:  140-block  5
call   19 never executed
call   20 never executed
    $$$$$:  140-block  6
    $$$$$:  140-block  7
call   21 never executed
    $$$$$:  140-block  8
    $$$$$:  140-block  9
call   22 never executed
    $$$$$:  140-block 10
    $$$$$:  140-block 11
call   23 never executed
        -:  141:}
------------------
        -:  142:
        4:  143:TEST_F(MovieControllerTests, test_my_to_lower){
       2*:  144:    ASSERT_EQ(" asfsafasfasv ra   ", controller.my_tolower(" AsFSafAsFasv Ra   "));
       2*:  145:    ASSERT_EQ("abcdefghijklmnopqrstuvwxyz1234567890", controller.my_tolower("ABCDEFGHIJKLMNOPQRSTUVWXYZ1234567890"));
        -:  146:}
------------------
_ZN42MovieControllerTests_test_my_to_lower_TestC2Ev:
function _ZN42MovieControllerTests_test_my_to_lower_TestC2Ev called 1 returned 100% blocks executed 100%
        1:  143:TEST_F(MovieControllerTests, test_my_to_lower){
        1:  143-block  0
call    0 returned 1
------------------
_ZN42MovieControllerTests_test_my_to_lower_TestD0Ev:
function _ZN42MovieControllerTests_test_my_to_lower_TestD0Ev called 1 returned 100% blocks executed 100%
        1:  143:TEST_F(MovieControllerTests, test_my_to_lower){
        1:  143-block  0
call    0 returned 1
call    1 returned 1
------------------
_ZN42MovieControllerTests_test_my_to_lower_TestD2Ev:
function _ZN42MovieControllerTests_test_my_to_lower_TestD2Ev called 1 returned 100% blocks executed 100%
        1:  143:TEST_F(MovieControllerTests, test_my_to_lower){
        1:  143-block  0
call    0 returned 1
------------------
_ZN42MovieControllerTests_test_my_to_lower_Test8TestBodyEv:
function _ZN42MovieControllerTests_test_my_to_lower_Test8TestBodyEv called 1 returned 100% blocks executed 35%
        1:  143:TEST_F(MovieControllerTests, test_my_to_lower){
       2*:  144:    ASSERT_EQ(" asfsafasfasv ra   ", controller.my_tolower(" AsFSafAsFasv Ra   "));
        1:  144-block  0
call    0 returned 1
call    1 returned 1
branch  2 taken 1 (fallthrough)
branch  3 taken 0 (throw)
        1:  144-block  1
call    4 returned 1
branch  5 taken 1 (fallthrough)
branch  6 taken 0 (throw)
        1:  144-block  2
call    7 returned 1
branch  8 taken 1 (fallthrough)
branch  9 taken 0 (throw)
call   10 returned 1
call   11 returned 1
call   12 returned 1
branch 13 taken 0 (fallthrough)
branch 14 taken 1
    %%%%%:  144-block  3
call   15 never executed
branch 16 never executed
branch 17 never executed
    %%%%%:  144-block  4
call   18 never executed
call   19 never executed
branch 20 never executed
branch 21 never executed
    %%%%%:  144-block  5
call   22 never executed
branch 23 never executed
branch 24 never executed
    %%%%%:  144-block  6
call   25 never executed
call   26 never executed
    $$$$$:  144-block  7
    $$$$$:  144-block  8
    $$$$$:  144-block  9
    $$$$$:  144-block 10
call   27 never executed
    $$$$$:  144-block 11
    $$$$$:  144-block 12
call   28 never executed
    $$$$$:  144-block 13
    $$$$$:  144-block 14
call   29 never executed
       2*:  145:    ASSERT_EQ("abcdefghijklmnopqrstuvwxyz1234567890", controller.my_tolower("ABCDEFGHIJKLMNOPQRSTUVWXYZ1234567890"));
        1:  145-block  0
call    0 returned 1
call    1 returned 1
branch  2 taken 1 (fallthrough)
branch  3 taken 0 (throw)
        1:  145-block  1
call    4 returned 1
branch  5 taken 1 (fallthrough)
branch  6 taken 0 (throw)
        1:  145-block  2
call    7 returned 1
branch  8 taken 1 (fallthrough)
branch  9 taken 0 (throw)
call   10 returned 1
call   11 returned 1
call   12 returned 1
branch 13 taken 0 (fallthrough)
branch 14 taken 1
    %%%%%:  145-block  3
call   15 never executed
branch 16 never executed
branch 17 never executed
    %%%%%:  145-block  4
call   18 never executed
call   19 never executed
branch 20 never executed
branch 21 never executed
    %%%%%:  145-block  5
call   22 never executed
branch 23 never executed
branch 24 never executed
    %%%%%:  145-block  6
call   25 never executed
call   26 never executed
    $$$$$:  145-block  7
    $$$$$:  145-block  8
    $$$$$:  145-block  9
    $$$$$:  145-block 10
call   27 never executed
    $$$$$:  145-block 11
    $$$$$:  145-block 12
call   28 never executed
    $$$$$:  145-block 13
    $$$$$:  145-block 14
call   29 never executed
        -:  146:}
------------------
        -:  147:
        4:  148:TEST_F(MovieControllerTests, test_copy){
        1:  149:    MovieController controller2(controller);
        1:  150:    controller.remove_movie_admin("inception", 2010);
       2*:  151:    ASSERT_EQ(controller2.get_all_movies_admin(), movies);
        -:  152:}
