        -:    0:Source:/home/georgerapeanu/Desktop/ubbShit/Semester2/OOP/a14-georgerapeanu/src/repository/CSVWatchlist.cpp
        -:    0:Graph:/home/georgerapeanu/Desktop/ubbShit/Semester2/OOP/a14-georgerapeanu/cmake-build-debug-coverage/tests/CMakeFiles/a14_georgerapeanu_tests.dir/__/src/repository/CSVWatchlist.cpp.gcno
        -:    0:Data:/home/georgerapeanu/Desktop/ubbShit/Semester2/OOP/a14-georgerapeanu/cmake-build-debug-coverage/tests/CMakeFiles/a14_georgerapeanu_tests.dir/__/src/repository/CSVWatchlist.cpp.gcda
        -:    0:Runs:1
        -:    1:/*!
        -:    2: * @file CSVWatchlist.cpp this file contains the implementation for the CSV watchlist
        -:    3: */
        -:    4:
        -:    5://
        -:    6:// Created by georgerapeanu on 18.04.2022.
        -:    7://
        -:    8:
        -:    9:#pragma once
        -:   10:#include "CSVWatchlist.h"
        -:   11:#include "Movie.h"
        -:   12:#include "Exceptions.h"
        -:   13:#include <string>
        -:   14:#include <vector>
        -:   15:#include <fstream>
        -:   16:
        -:   17:using namespace std;
        -:   18:
        -:   19:template<class T>
function _ZN12CSVWatchlistI5MovieEC2ERKNSt7__cxx1112basic_stringIcSt11char_traitsIcESaIcEEE called 8 returned 100% blocks executed 64%
        8:   20:CSVWatchlist<T>::CSVWatchlist(const string &file_path) {
        8:   20-block  0
call    0 returned 8
call    1 returned 8
call    2 returned 8
    $$$$$:   20-block  1
call    3 never executed
    $$$$$:   20-block  2
call    4 never executed
    $$$$$:   20-block  3
call    5 never executed
        8:   21:    this->file_path = file_path;
call    0 returned 8
branch  1 taken 8 (fallthrough)
branch  2 taken 0 (throw)
        8:   22:    this->entities = vector<T>();
        8:   22-block  0
call    0 returned 8
call    1 returned 8
call    2 returned 8
        8:   23:}
        -:   24:
        -:   25:template<class T>
       8*:   26:CSVWatchlist<T>::~CSVWatchlist() {
        -:   27:    ;
       8*:   28:}
------------------
_ZN12CSVWatchlistI5MovieED0Ev:
function _ZN12CSVWatchlistI5MovieED0Ev called 0 returned 0% blocks executed 0%
    #####:   26:CSVWatchlist<T>::~CSVWatchlist() {
        -:   27:    ;
    #####:   28:}
    %%%%%:   28-block  0
call    0 never executed
call    1 never executed
------------------
_ZN12CSVWatchlistI5MovieED2Ev:
function _ZN12CSVWatchlistI5MovieED2Ev called 8 returned 100% blocks executed 100%
        8:   26:CSVWatchlist<T>::~CSVWatchlist() {
        -:   27:    ;
        8:   28:}
        8:   28-block  0
call    0 returned 8
call    1 returned 8
call    2 returned 8
------------------
        -:   29:
        -:   30:template<class T>
function _ZN12CSVWatchlistI5MovieE3addERKS0_ called 17 returned 76% blocks executed 69%
       17:   31:void CSVWatchlist<T>::add(const T &elem) {
       31:   32:    for(int i = 0;i < this->entities.size();i++){
       17:   32-block  0
       31:   32-block  1
call    0 returned 31
branch  1 taken 18 (fallthrough)
branch  2 taken 13
       14:   32-block  2
       18:   33:        if(this->entities[i].get_id() == elem.get_id()){
       18:   33-block  0
call    0 returned 18
call    1 returned 18
call    2 returned 18
branch  3 taken 18 (fallthrough)
branch  4 taken 0 (throw)
       18:   33-block  1
call    5 returned 18
call    6 returned 18
call    7 returned 18
branch  8 taken 4 (fallthrough)
branch  9 taken 14
    $$$$$:   33-block  2
call   10 never executed
    $$$$$:   33-block  3
call   11 never executed
        4:   34:            throw RepositoryException("Id already exists");
        4:   34-block  0
call    0 returned 4
call    1 returned 4
call    2 returned 4
branch  3 taken 4 (fallthrough)
branch  4 taken 0 (throw)
        4:   34-block  1
call    5 returned 4
branch  6 taken 4 (fallthrough)
branch  7 taken 0 (throw)
        4:   34-block  2
call    8 returned 4
call    9 returned 4
call   10 returned 0
    $$$$$:   34-block  3
call   11 never executed
    $$$$$:   34-block  4
    $$$$$:   34-block  5
call   12 never executed
    $$$$$:   34-block  6
    $$$$$:   34-block  7
call   13 never executed
        -:   35:        }
        -:   36:    }
       13:   37:    this->entities.push_back(elem);
       13:   37-block  0
call    0 returned 13
       13:   38:    this->save();
call    0 returned 13
       13:   39:}
        -:   40:
        -:   41:template<class T>
function _ZN12CSVWatchlistI5MovieE6updateERKS0_ called 2 returned 50% blocks executed 71%
        2:   42:void CSVWatchlist<T>::update(const T &elem) {
        5:   43:    for(int i = 0;i < this->entities.size();i++){
        2:   43-block  0
        5:   43-block  1
call    0 returned 5
branch  1 taken 4 (fallthrough)
branch  2 taken 1
        3:   43-block  2
        4:   44:        if(this->entities[i].get_id() == elem.get_id()){
        4:   44-block  0
call    0 returned 4
call    1 returned 4
call    2 returned 4
branch  3 taken 4 (fallthrough)
branch  4 taken 0 (throw)
        4:   44-block  1
call    5 returned 4
call    6 returned 4
call    7 returned 4
branch  8 taken 1 (fallthrough)
branch  9 taken 3
    $$$$$:   44-block  2
call   10 never executed
    $$$$$:   44-block  3
call   11 never executed
        1:   45:            this->entities[i] = elem;
        1:   45-block  0
call    0 returned 1
call    1 returned 1
        1:   46:            this->save();
call    0 returned 1
        1:   47:            return ;
        1:   47-block  0
        -:   48:        }
        -:   49:    }
        1:   50:    throw RepositoryException("Id doesn't exist");
        1:   50-block  0
call    0 returned 1
call    1 returned 1
call    2 returned 1
branch  3 taken 1 (fallthrough)
branch  4 taken 0 (throw)
        1:   50-block  1
call    5 returned 1
branch  6 taken 1 (fallthrough)
branch  7 taken 0 (throw)
        1:   50-block  2
call    8 returned 1
call    9 returned 1
call   10 returned 0
    $$$$$:   50-block  3
call   11 never executed
    $$$$$:   50-block  4
    $$$$$:   50-block  5
call   12 never executed
    $$$$$:   50-block  6
    $$$$$:   50-block  7
call   13 never executed
        -:   51:}
        -:   52:
        -:   53:
        -:   54:template<class T>
function _ZN12CSVWatchlistI5MovieE6removeERKS0_ called 2 returned 50% blocks executed 67%
        2:   55:void CSVWatchlist<T>::remove(const T &elem) {
        4:   56:    for(int i = 0;i < this->entities.size();i++){
        2:   56-block  0
        4:   56-block  1
call    0 returned 4
branch  1 taken 3 (fallthrough)
branch  2 taken 1
        2:   56-block  2
        3:   57:        if(this->entities[i].get_id() == elem.get_id()){
        3:   57-block  0
call    0 returned 3
call    1 returned 3
call    2 returned 3
branch  3 taken 3 (fallthrough)
branch  4 taken 0 (throw)
        3:   57-block  1
call    5 returned 3
call    6 returned 3
call    7 returned 3
branch  8 taken 1 (fallthrough)
branch  9 taken 2
    $$$$$:   57-block  2
call   10 never executed
    $$$$$:   57-block  3
call   11 never executed
        1:   58:            this->entities.erase(this->entities.begin() + i);
        1:   58-block  0
call    0 returned 1
call    1 returned 1
call    2 returned 1
call    3 returned 1
branch  4 taken 1 (fallthrough)
branch  5 taken 0 (throw)
    $$$$$:   58-block  1
    $$$$$:   58-block  2
    $$$$$:   58-block  3
call    6 never executed
        1:   59:            this->save();
        1:   59-block  0
call    0 returned 1
        1:   60:            return ;
        1:   60-block  0
        -:   61:        }
        -:   62:    }
        1:   63:    throw RepositoryException("Id doesn't exist");
        1:   63-block  0
call    0 returned 1
call    1 returned 1
call    2 returned 1
branch  3 taken 1 (fallthrough)
branch  4 taken 0 (throw)
        1:   63-block  1
call    5 returned 1
branch  6 taken 1 (fallthrough)
branch  7 taken 0 (throw)
        1:   63-block  2
call    8 returned 1
call    9 returned 1
call   10 returned 0
    $$$$$:   63-block  3
call   11 never executed
    $$$$$:   63-block  4
    $$$$$:   63-block  5
call   12 never executed
    $$$$$:   63-block  6
    $$$$$:   63-block  7
call   13 never executed
        -:   64:}
        -:   65:
        -:   66:template<class T>
function _ZN12CSVWatchlistI5MovieE4findERKS0_ called 5 returned 60% blocks executed 69%
        5:   67:T CSVWatchlist<T>::find(const T &elem) {
       14:   68:    for(int i = 0;i < this->entities.size();i++){
        5:   68-block  0
       14:   68-block  1
call    0 returned 14
branch  1 taken 12 (fallthrough)
branch  2 taken 2
        9:   68-block  2
       12:   69:        if(this->entities[i].get_id() == elem.get_id()){
       12:   69-block  0
call    0 returned 12
call    1 returned 12
call    2 returned 12
branch  3 taken 12 (fallthrough)
branch  4 taken 0 (throw)
       12:   69-block  1
call    5 returned 12
call    6 returned 12
call    7 returned 12
branch  8 taken 3 (fallthrough)
branch  9 taken 9
    $$$$$:   69-block  2
call   10 never executed
    $$$$$:   69-block  3
call   11 never executed
        3:   70:            return this->entities[i];
        3:   70-block  0
call    0 returned 3
call    1 returned 3
        -:   71:        }
        -:   72:    }
        2:   73:    throw RepositoryException("Id doesn't exist");
        2:   73-block  0
call    0 returned 2
call    1 returned 2
call    2 returned 2
branch  3 taken 2 (fallthrough)
branch  4 taken 0 (throw)
        2:   73-block  1
call    5 returned 2
branch  6 taken 2 (fallthrough)
branch  7 taken 0 (throw)
        2:   73-block  2
call    8 returned 2
call    9 returned 2
call   10 returned 0
    $$$$$:   73-block  3
call   11 never executed
    $$$$$:   73-block  4
    $$$$$:   73-block  5
call   12 never executed
    $$$$$:   73-block  6
    $$$$$:   73-block  7
call   13 never executed
        -:   74:}
        -:   75:
        -:   76:template<class T>
function _ZN12CSVWatchlistI5MovieE7get_allEv called 3 returned 100% blocks executed 100%
        3:   77:vector<T> CSVWatchlist<T>::get_all() {
        3:   78:    return this->entities;
        3:   78-block  0
call    0 returned 3
        -:   79:}
        -:   80:
        -:   81:template<class T>
function _ZNK12CSVWatchlistI5MovieE4saveEv called 15 returned 100% blocks executed 71%
       15:   82:void CSVWatchlist<T>::save() const {
       30:   83:    ofstream fout(this->file_path);
       15:   83-block  0
call    0 returned 15
branch  1 taken 15 (fallthrough)
branch  2 taken 0 (throw)
       15:   83-block  1
call    3 returned 15
    $$$$$:   83-block  2
call    4 never executed
       47:   84:    for(const Movie &entity:entities){
       15:   84-block  0
call    0 returned 15
call    1 returned 15
       47:   84-block  1
call    2 returned 47
branch  3 taken 32 (fallthrough)
branch  4 taken 15
       32:   84-block  2
call    5 returned 32
       32:   85:        fout << entity.get_title() << ",";
call    0 returned 32
branch  1 taken 32 (fallthrough)
branch  2 taken 0 (throw)
       32:   85-block  0
call    3 returned 32
branch  4 taken 32 (fallthrough)
branch  5 taken 0 (throw)
       32:   85-block  1
call    6 returned 32
branch  7 taken 32 (fallthrough)
branch  8 taken 0 (throw)
       32:   85-block  2
call    9 returned 32
    $$$$$:   85-block  3
call   10 never executed
    $$$$$:   85-block  4
       32:   86:        fout << entity.get_genre() << ",";
call    0 returned 32
branch  1 taken 32 (fallthrough)
branch  2 taken 0 (throw)
       32:   86-block  0
call    3 returned 32
branch  4 taken 32 (fallthrough)
branch  5 taken 0 (throw)
       32:   86-block  1
call    6 returned 32
branch  7 taken 32 (fallthrough)
branch  8 taken 0 (throw)
       32:   86-block  2
call    9 returned 32
    $$$$$:   86-block  3
call   10 never executed
    $$$$$:   86-block  4
       32:   87:        fout << entity.get_year() << ",";
call    0 returned 32
branch  1 taken 32 (fallthrough)
branch  2 taken 0 (throw)
       32:   87-block  0
call    3 returned 32
branch  4 taken 32 (fallthrough)
branch  5 taken 0 (throw)
       32:   87-block  1
call    6 returned 32
branch  7 taken 32 (fallthrough)
branch  8 taken 0 (throw)
       32:   88:        fout << entity.get_likes() << ",";
       32:   88-block  0
call    0 returned 32
branch  1 taken 32 (fallthrough)
branch  2 taken 0 (throw)
       32:   88-block  1
call    3 returned 32
branch  4 taken 32 (fallthrough)
branch  5 taken 0 (throw)
       32:   88-block  2
call    6 returned 32
branch  7 taken 32 (fallthrough)
branch  8 taken 0 (throw)
       32:   89:        fout << entity.get_trailer_link() << endl;
       32:   89-block  0
call    0 returned 32
branch  1 taken 32 (fallthrough)
branch  2 taken 0 (throw)
       32:   89-block  1
call    3 returned 32
branch  4 taken 32 (fallthrough)
branch  5 taken 0 (throw)
       32:   89-block  2
call    6 returned 32
branch  7 taken 32 (fallthrough)
branch  8 taken 0 (throw)
       32:   89-block  3
call    9 returned 32
call   10 returned 32
    $$$$$:   89-block  4
call   11 never executed
    $$$$$:   89-block  5
        -:   90:    }
       15:   91:    fout.close();
       15:   91-block  0
call    0 returned 15
branch  1 taken 15 (fallthrough)
branch  2 taken 0 (throw)
       15:   92:}
        -:   93:
        -:   94:template<class T>
function _ZNK12CSVWatchlistI5MovieE7displayEv called 0 returned 0% blocks executed 0%
    #####:   95:void CSVWatchlist<T>::display() const {
    #####:   96:    system(("libreoffice " + this->file_path).c_str());
    %%%%%:   96-block  0
call    0 never executed
call    1 never executed
call    2 never executed
branch  3 never executed
branch  4 never executed
    %%%%%:   96-block  1
call    5 never executed
    $$$$$:   96-block  2
call    6 never executed
    #####:   97:}
        -:   98:
        -:   99:template class CSVWatchlist<Movie>;
