        -:    0:Source:/home/georgerapeanu/Desktop/ubbShit/Semester2/OOP/a14-georgerapeanu/tests/googletest/googletest/include/gtest/internal/gtest-internal.h
        -:    0:Graph:/home/georgerapeanu/Desktop/ubbShit/Semester2/OOP/a14-georgerapeanu/cmake-build-debug-coverage/tests/CMakeFiles/a14_georgerapeanu_tests.dir/controller/MovieControllerTests.cpp.gcno
        -:    0:Data:/home/georgerapeanu/Desktop/ubbShit/Semester2/OOP/a14-georgerapeanu/cmake-build-debug-coverage/tests/CMakeFiles/a14_georgerapeanu_tests.dir/controller/MovieControllerTests.cpp.gcda
        -:    0:Runs:1
        -:    1:// Copyright 2005, Google Inc.
        -:    2:// All rights reserved.
        -:    3://
        -:    4:// Redistribution and use in source and binary forms, with or without
        -:    5:// modification, are permitted provided that the following conditions are
        -:    6:// met:
        -:    7://
        -:    8://     * Redistributions of source code must retain the above copyright
        -:    9:// notice, this list of conditions and the following disclaimer.
        -:   10://     * Redistributions in binary form must reproduce the above
        -:   11:// copyright notice, this list of conditions and the following disclaimer
        -:   12:// in the documentation and/or other materials provided with the
        -:   13:// distribution.
        -:   14://     * Neither the name of Google Inc. nor the names of its
        -:   15:// contributors may be used to endorse or promote products derived from
        -:   16:// this software without specific prior written permission.
        -:   17://
        -:   18:// THIS SOFTWARE IS PROVIDED BY THE COPYRIGHT HOLDERS AND CONTRIBUTORS
        -:   19:// "AS IS" AND ANY EXPRESS OR IMPLIED WARRANTIES, INCLUDING, BUT NOT
        -:   20:// LIMITED TO, THE IMPLIED WARRANTIES OF MERCHANTABILITY AND FITNESS FOR
        -:   21:// A PARTICULAR PURPOSE ARE DISCLAIMED. IN NO EVENT SHALL THE COPYRIGHT
        -:   22:// OWNER OR CONTRIBUTORS BE LIABLE FOR ANY DIRECT, INDIRECT, INCIDENTAL,
        -:   23:// SPECIAL, EXEMPLARY, OR CONSEQUENTIAL DAMAGES (INCLUDING, BUT NOT
        -:   24:// LIMITED TO, PROCUREMENT OF SUBSTITUTE GOODS OR SERVICES; LOSS OF USE,
        -:   25:// DATA, OR PROFITS; OR BUSINESS INTERRUPTION) HOWEVER CAUSED AND ON ANY
        -:   26:// THEORY OF LIABILITY, WHETHER IN CONTRACT, STRICT LIABILITY, OR TORT
        -:   27:// (INCLUDING NEGLIGENCE OR OTHERWISE) ARISING IN ANY WAY OUT OF THE USE
        -:   28:// OF THIS SOFTWARE, EVEN IF ADVISED OF THE POSSIBILITY OF SUCH DAMAGE.
        -:   29:
        -:   30:// The Google C++ Testing and Mocking Framework (Google Test)
        -:   31://
        -:   32:// This header file declares functions and macros used internally by
        -:   33:// Google Test.  They are subject to change without notice.
        -:   34:
        -:   35:// IWYU pragma: private, include "gtest/gtest.h"
        -:   36:// IWYU pragma: friend gtest/.*
        -:   37:// IWYU pragma: friend gmock/.*
        -:   38:
        -:   39:#ifndef GOOGLETEST_INCLUDE_GTEST_INTERNAL_GTEST_INTERNAL_H_
        -:   40:#define GOOGLETEST_INCLUDE_GTEST_INTERNAL_GTEST_INTERNAL_H_
        -:   41:
        -:   42:#include "gtest/internal/gtest-port.h"
        -:   43:
        -:   44:#if GTEST_OS_LINUX
        -:   45:#include <stdlib.h>
        -:   46:#include <sys/types.h>
        -:   47:#include <sys/wait.h>
        -:   48:#include <unistd.h>
        -:   49:#endif  // GTEST_OS_LINUX
        -:   50:
        -:   51:#if GTEST_HAS_EXCEPTIONS
        -:   52:#include <stdexcept>
        -:   53:#endif
        -:   54:
        -:   55:#include <ctype.h>
        -:   56:#include <float.h>
        -:   57:#include <string.h>
        -:   58:
        -:   59:#include <cstdint>
        -:   60:#include <iomanip>
        -:   61:#include <limits>
        -:   62:#include <map>
        -:   63:#include <set>
        -:   64:#include <string>
        -:   65:#include <type_traits>
        -:   66:#include <vector>
        -:   67:
        -:   68:#include "gtest/gtest-message.h"
        -:   69:#include "gtest/internal/gtest-filepath.h"
        -:   70:#include "gtest/internal/gtest-string.h"
        -:   71:#include "gtest/internal/gtest-type-util.h"
        -:   72:
        -:   73:// Due to C++ preprocessor weirdness, we need double indirection to
        -:   74:// concatenate two tokens when one of them is __LINE__.  Writing
        -:   75://
        -:   76://   foo ## __LINE__
        -:   77://
        -:   78:// will result in the token foo__LINE__, instead of foo followed by
        -:   79:// the current line number.  For more details, see
        -:   80:// http://www.parashift.com/c++-faq-lite/misc-technical-issues.html#faq-39.6
        -:   81:#define GTEST_CONCAT_TOKEN_(foo, bar) GTEST_CONCAT_TOKEN_IMPL_(foo, bar)
        -:   82:#define GTEST_CONCAT_TOKEN_IMPL_(foo, bar) foo##bar
        -:   83:
        -:   84:// Stringifies its argument.
        -:   85:// Work around a bug in visual studio which doesn't accept code like this:
        -:   86://
        -:   87://   #define GTEST_STRINGIFY_(name) #name
        -:   88://   #define MACRO(a, b, c) ... GTEST_STRINGIFY_(a) ...
        -:   89://   MACRO(, x, y)
        -:   90://
        -:   91:// Complaining about the argument to GTEST_STRINGIFY_ being empty.
        -:   92:// This is allowed by the spec.
        -:   93:#define GTEST_STRINGIFY_HELPER_(name, ...) #name
        -:   94:#define GTEST_STRINGIFY_(...) GTEST_STRINGIFY_HELPER_(__VA_ARGS__, )
        -:   95:
        -:   96:namespace proto2 {
        -:   97:class MessageLite;
        -:   98:}
        -:   99:
        -:  100:namespace testing {
        -:  101:
        -:  102:// Forward declarations.
        -:  103:
        -:  104:class AssertionResult;  // Result of an assertion.
        -:  105:class Message;          // Represents a failure message.
        -:  106:class Test;             // Represents a test.
        -:  107:class TestInfo;         // Information about a test.
        -:  108:class TestPartResult;   // Result of a test part.
        -:  109:class UnitTest;         // A collection of test suites.
        -:  110:
        -:  111:template <typename T>
        -:  112:::std::string PrintToString(const T& value);
        -:  113:
        -:  114:namespace internal {
        -:  115:
        -:  116:struct TraceInfo;    // Information about a trace point.
        -:  117:class TestInfoImpl;  // Opaque implementation of TestInfo
        -:  118:class UnitTestImpl;  // Opaque implementation of UnitTest
        -:  119:
        -:  120:// The text used in failure messages to indicate the start of the
        -:  121:// stack trace.
        -:  122:GTEST_API_ extern const char kStackTraceMarker[];
        -:  123:
        -:  124:// An IgnoredValue object can be implicitly constructed from ANY value.
        -:  125:class IgnoredValue {
        -:  126:  struct Sink {};
        -:  127:
        -:  128: public:
        -:  129:  // This constructor template allows any value to be implicitly
        -:  130:  // converted to IgnoredValue.  The object has no data member and
        -:  131:  // doesn't try to remember anything about the argument.  We
        -:  132:  // deliberately omit the 'explicit' keyword in order to allow the
        -:  133:  // conversion to be implicit.
        -:  134:  // Disable the conversion if T already has a magical conversion operator.
        -:  135:  // Otherwise we get ambiguity.
        -:  136:  template <typename T,
        -:  137:            typename std::enable_if<!std::is_convertible<T, Sink>::value,
        -:  138:                                    int>::type = 0>
        -:  139:  IgnoredValue(const T& /* ignored */) {}  // NOLINT(runtime/explicit)
        -:  140:};
        -:  141:
        -:  142:// Appends the user-supplied message to the Google-Test-generated message.
        -:  143:GTEST_API_ std::string AppendUserMessage(const std::string& gtest_msg,
        -:  144:                                         const Message& user_msg);
        -:  145:
        -:  146:#if GTEST_HAS_EXCEPTIONS
        -:  147:
        -:  148:GTEST_DISABLE_MSC_WARNINGS_PUSH_(
        -:  149:    4275 /* an exported class was derived from a class that was not exported */)
        -:  150:
        -:  151:// This exception is thrown by (and only by) a failed Google Test
        -:  152:// assertion when GTEST_FLAG(throw_on_failure) is true (if exceptions
        -:  153:// are enabled).  We derive it from std::runtime_error, which is for
        -:  154:// errors presumably detectable only at run time.  Since
        -:  155:// std::runtime_error inherits from std::exception, many testing
        -:  156:// frameworks know how to extract and print the message inside it.
        -:  157:class GTEST_API_ GoogleTestFailureException : public ::std::runtime_error {
        -:  158: public:
        -:  159:  explicit GoogleTestFailureException(const TestPartResult& failure);
        -:  160:};
        -:  161:
        -:  162:GTEST_DISABLE_MSC_WARNINGS_POP_()  //  4275
        -:  163:
        -:  164:#endif  // GTEST_HAS_EXCEPTIONS
        -:  165:
        -:  166:namespace edit_distance {
        -:  167:// Returns the optimal edits to go from 'left' to 'right'.
        -:  168:// All edits cost the same, with replace having lower priority than
        -:  169:// add/remove.
        -:  170:// Simple implementation of the Wagner-Fischer algorithm.
        -:  171:// See http://en.wikipedia.org/wiki/Wagner-Fischer_algorithm
        -:  172:enum EditType { kMatch, kAdd, kRemove, kReplace };
        -:  173:GTEST_API_ std::vector<EditType> CalculateOptimalEdits(
        -:  174:    const std::vector<size_t>& left, const std::vector<size_t>& right);
        -:  175:
        -:  176:// Same as above, but the input is represented as strings.
        -:  177:GTEST_API_ std::vector<EditType> CalculateOptimalEdits(
        -:  178:    const std::vector<std::string>& left,
        -:  179:    const std::vector<std::string>& right);
        -:  180:
        -:  181:// Create a diff of the input strings in Unified diff format.
        -:  182:GTEST_API_ std::string CreateUnifiedDiff(const std::vector<std::string>& left,
        -:  183:                                         const std::vector<std::string>& right,
        -:  184:                                         size_t context = 2);
        -:  185:
        -:  186:}  // namespace edit_distance
        -:  187:
        -:  188:// Calculate the diff between 'left' and 'right' and return it in unified diff
        -:  189:// format.
        -:  190:// If not null, stores in 'total_line_count' the total number of lines found
        -:  191:// in left + right.
        -:  192:GTEST_API_ std::string DiffStrings(const std::string& left,
        -:  193:                                   const std::string& right,
        -:  194:                                   size_t* total_line_count);
        -:  195:
        -:  196:// Constructs and returns the message for an equality assertion
        -:  197:// (e.g. ASSERT_EQ, EXPECT_STREQ, etc) failure.
        -:  198://
        -:  199:// The first four parameters are the expressions used in the assertion
        -:  200:// and their values, as strings.  For example, for ASSERT_EQ(foo, bar)
        -:  201:// where foo is 5 and bar is 6, we have:
        -:  202://
        -:  203://   expected_expression: "foo"
        -:  204://   actual_expression:   "bar"
        -:  205://   expected_value:      "5"
        -:  206://   actual_value:        "6"
        -:  207://
        -:  208:// The ignoring_case parameter is true if and only if the assertion is a
        -:  209:// *_STRCASEEQ*.  When it's true, the string " (ignoring case)" will
        -:  210:// be inserted into the message.
        -:  211:GTEST_API_ AssertionResult EqFailure(const char* expected_expression,
        -:  212:                                     const char* actual_expression,
        -:  213:                                     const std::string& expected_value,
        -:  214:                                     const std::string& actual_value,
        -:  215:                                     bool ignoring_case);
        -:  216:
        -:  217:// Constructs a failure message for Boolean assertions such as EXPECT_TRUE.
        -:  218:GTEST_API_ std::string GetBoolAssertionFailureMessage(
        -:  219:    const AssertionResult& assertion_result, const char* expression_text,
        -:  220:    const char* actual_predicate_value, const char* expected_predicate_value);
        -:  221:
        -:  222:// This template class represents an IEEE floating-point number
        -:  223:// (either single-precision or double-precision, depending on the
        -:  224:// template parameters).
        -:  225://
        -:  226:// The purpose of this class is to do more sophisticated number
        -:  227:// comparison.  (Due to round-off error, etc, it's very unlikely that
        -:  228:// two floating-points will be equal exactly.  Hence a naive
        -:  229:// comparison by the == operation often doesn't work.)
        -:  230://
        -:  231:// Format of IEEE floating-point:
        -:  232://
        -:  233://   The most-significant bit being the leftmost, an IEEE
        -:  234://   floating-point looks like
        -:  235://
        -:  236://     sign_bit exponent_bits fraction_bits
        -:  237://
        -:  238://   Here, sign_bit is a single bit that designates the sign of the
        -:  239://   number.
        -:  240://
        -:  241://   For float, there are 8 exponent bits and 23 fraction bits.
        -:  242://
        -:  243://   For double, there are 11 exponent bits and 52 fraction bits.
        -:  244://
        -:  245://   More details can be found at
        -:  246://   http://en.wikipedia.org/wiki/IEEE_floating-point_standard.
        -:  247://
        -:  248:// Template parameter:
        -:  249://
        -:  250://   RawType: the raw floating-point type (either float or double)
        -:  251:template <typename RawType>
        -:  252:class FloatingPoint {
        -:  253: public:
        -:  254:  // Defines the unsigned integer type that has the same size as the
        -:  255:  // floating point number.
        -:  256:  typedef typename TypeWithSize<sizeof(RawType)>::UInt Bits;
        -:  257:
        -:  258:  // Constants.
        -:  259:
        -:  260:  // # of bits in a number.
        -:  261:  static const size_t kBitCount = 8 * sizeof(RawType);
        -:  262:
        -:  263:  // # of fraction bits in a number.
        -:  264:  static const size_t kFractionBitCount =
        -:  265:      std::numeric_limits<RawType>::digits - 1;
        -:  266:
        -:  267:  // # of exponent bits in a number.
        -:  268:  static const size_t kExponentBitCount = kBitCount - 1 - kFractionBitCount;
        -:  269:
        -:  270:  // The mask for the sign bit.
        -:  271:  static const Bits kSignBitMask = static_cast<Bits>(1) << (kBitCount - 1);
        -:  272:
        -:  273:  // The mask for the fraction bits.
        -:  274:  static const Bits kFractionBitMask = ~static_cast<Bits>(0) >>
        -:  275:                                       (kExponentBitCount + 1);
        -:  276:
        -:  277:  // The mask for the exponent bits.
        -:  278:  static const Bits kExponentBitMask = ~(kSignBitMask | kFractionBitMask);
        -:  279:
        -:  280:  // How many ULP's (Units in the Last Place) we want to tolerate when
        -:  281:  // comparing two numbers.  The larger the value, the more error we
        -:  282:  // allow.  A 0 value means that two numbers must be exactly the same
        -:  283:  // to be considered equal.
        -:  284:  //
        -:  285:  // The maximum error of a single floating-point operation is 0.5
        -:  286:  // units in the last place.  On Intel CPU's, all floating-point
        -:  287:  // calculations are done with 80-bit precision, while double has 64
        -:  288:  // bits.  Therefore, 4 should be enough for ordinary use.
        -:  289:  //
        -:  290:  // See the following article for more details on ULP:
        -:  291:  // http://randomascii.wordpress.com/2012/02/25/comparing-floating-point-numbers-2012-edition/
        -:  292:  static const uint32_t kMaxUlps = 4;
        -:  293:
        -:  294:  // Constructs a FloatingPoint from a raw floating-point number.
        -:  295:  //
        -:  296:  // On an Intel CPU, passing a non-normalized NAN (Not a Number)
        -:  297:  // around may change its bits, although the new value is guaranteed
        -:  298:  // to be also a NAN.  Therefore, don't expect this constructor to
        -:  299:  // preserve the bits in x when x is a NAN.
        -:  300:  explicit FloatingPoint(const RawType& x) { u_.value_ = x; }
        -:  301:
        -:  302:  // Static methods
        -:  303:
        -:  304:  // Reinterprets a bit pattern as a floating-point number.
        -:  305:  //
        -:  306:  // This function is needed to test the AlmostEquals() method.
        -:  307:  static RawType ReinterpretBits(const Bits bits) {
        -:  308:    FloatingPoint fp(0);
        -:  309:    fp.u_.bits_ = bits;
        -:  310:    return fp.u_.value_;
        -:  311:  }
        -:  312:
        -:  313:  // Returns the floating-point number that represent positive infinity.
        -:  314:  static RawType Infinity() { return ReinterpretBits(kExponentBitMask); }
        -:  315:
        -:  316:  // Returns the maximum representable finite floating-point number.
        -:  317:  static RawType Max();
        -:  318:
        -:  319:  // Non-static methods
        -:  320:
        -:  321:  // Returns the bits that represents this number.
        -:  322:  const Bits& bits() const { return u_.bits_; }
        -:  323:
        -:  324:  // Returns the exponent bits of this number.
        -:  325:  Bits exponent_bits() const { return kExponentBitMask & u_.bits_; }
        -:  326:
        -:  327:  // Returns the fraction bits of this number.
        -:  328:  Bits fraction_bits() const { return kFractionBitMask & u_.bits_; }
        -:  329:
        -:  330:  // Returns the sign bit of this number.
        -:  331:  Bits sign_bit() const { return kSignBitMask & u_.bits_; }
        -:  332:
        -:  333:  // Returns true if and only if this is NAN (not a number).
        -:  334:  bool is_nan() const {
        -:  335:    // It's a NAN if the exponent bits are all ones and the fraction
        -:  336:    // bits are not entirely zeros.
        -:  337:    return (exponent_bits() == kExponentBitMask) && (fraction_bits() != 0);
        -:  338:  }
        -:  339:
        -:  340:  // Returns true if and only if this number is at most kMaxUlps ULP's away
        -:  341:  // from rhs.  In particular, this function:
        -:  342:  //
        -:  343:  //   - returns false if either number is (or both are) NAN.
        -:  344:  //   - treats really large numbers as almost equal to infinity.
        -:  345:  //   - thinks +0.0 and -0.0 are 0 DLP's apart.
        -:  346:  bool AlmostEquals(const FloatingPoint& rhs) const {
        -:  347:    // The IEEE standard says that any comparison operation involving
        -:  348:    // a NAN must return false.
        -:  349:    if (is_nan() || rhs.is_nan()) return false;
        -:  350:
        -:  351:    return DistanceBetweenSignAndMagnitudeNumbers(u_.bits_, rhs.u_.bits_) <=
        -:  352:           kMaxUlps;
        -:  353:  }
        -:  354:
        -:  355: private:
        -:  356:  // The data type used to store the actual floating-point number.
        -:  357:  union FloatingPointUnion {
        -:  358:    RawType value_;  // The raw floating-point number.
        -:  359:    Bits bits_;      // The bits that represent the number.
        -:  360:  };
        -:  361:
        -:  362:  // Converts an integer from the sign-and-magnitude representation to
        -:  363:  // the biased representation.  More precisely, let N be 2 to the
        -:  364:  // power of (kBitCount - 1), an integer x is represented by the
        -:  365:  // unsigned number x + N.
        -:  366:  //
        -:  367:  // For instance,
        -:  368:  //
        -:  369:  //   -N + 1 (the most negative number representable using
        -:  370:  //          sign-and-magnitude) is represented by 1;
        -:  371:  //   0      is represented by N; and
        -:  372:  //   N - 1  (the biggest number representable using
        -:  373:  //          sign-and-magnitude) is represented by 2N - 1.
        -:  374:  //
        -:  375:  // Read http://en.wikipedia.org/wiki/Signed_number_representations
        -:  376:  // for more details on signed number representations.
        -:  377:  static Bits SignAndMagnitudeToBiased(const Bits& sam) {
        -:  378:    if (kSignBitMask & sam) {
        -:  379:      // sam represents a negative number.
        -:  380:      return ~sam + 1;
        -:  381:    } else {
        -:  382:      // sam represents a positive number.
        -:  383:      return kSignBitMask | sam;
        -:  384:    }
        -:  385:  }
        -:  386:
        -:  387:  // Given two numbers in the sign-and-magnitude representation,
        -:  388:  // returns the distance between them as an unsigned number.
        -:  389:  static Bits DistanceBetweenSignAndMagnitudeNumbers(const Bits& sam1,
        -:  390:                                                     const Bits& sam2) {
        -:  391:    const Bits biased1 = SignAndMagnitudeToBiased(sam1);
        -:  392:    const Bits biased2 = SignAndMagnitudeToBiased(sam2);
        -:  393:    return (biased1 >= biased2) ? (biased1 - biased2) : (biased2 - biased1);
        -:  394:  }
        -:  395:
        -:  396:  FloatingPointUnion u_;
        -:  397:};
        -:  398:
        -:  399:// We cannot use std::numeric_limits<T>::max() as it clashes with the max()
        -:  400:// macro defined by <windows.h>.
        -:  401:template <>
        -:  402:inline float FloatingPoint<float>::Max() {
        -:  403:  return FLT_MAX;
        -:  404:}
        -:  405:template <>
        -:  406:inline double FloatingPoint<double>::Max() {
        -:  407:  return DBL_MAX;
        -:  408:}
        -:  409:
        -:  410:// Typedefs the instances of the FloatingPoint template class that we
        -:  411:// care to use.
        -:  412:typedef FloatingPoint<float> Float;
        -:  413:typedef FloatingPoint<double> Double;
        -:  414:
        -:  415:// In order to catch the mistake of putting tests that use different
        -:  416:// test fixture classes in the same test suite, we need to assign
        -:  417:// unique IDs to fixture classes and compare them.  The TypeId type is
        -:  418:// used to hold such IDs.  The user should treat TypeId as an opaque
        -:  419:// type: the only operation allowed on TypeId values is to compare
        -:  420:// them for equality using the == operator.
        -:  421:typedef const void* TypeId;
        -:  422:
        -:  423:template <typename T>
        -:  424:class TypeIdHelper {
        -:  425: public:
        -:  426:  // dummy_ must not have a const type.  Otherwise an overly eager
        -:  427:  // compiler (e.g. MSVC 7.1 & 8.0) may try to merge
        -:  428:  // TypeIdHelper<T>::dummy_ for different Ts as an "optimization".
        -:  429:  static bool dummy_;
        -:  430:};
        -:  431:
        -:  432:template <typename T>
        -:  433:bool TypeIdHelper<T>::dummy_ = false;
        -:  434:
        -:  435:// GetTypeId<T>() returns the ID of type T.  Different values will be
        -:  436:// returned for different types.  Calling the function twice with the
        -:  437:// same type argument is guaranteed to return the same ID.
        -:  438:template <typename T>
function _ZN7testing8internal9GetTypeIdI20MovieControllerTestsEEPKvv called 12 returned 100% blocks executed 100%
       12:  439:TypeId GetTypeId() {
        -:  440:  // The compiler is required to allocate a different
        -:  441:  // TypeIdHelper<T>::dummy_ variable for each T used to instantiate
        -:  442:  // the template.  Therefore, the address of dummy_ is guaranteed to
        -:  443:  // be unique.
       12:  444:  return &(TypeIdHelper<T>::dummy_);
       12:  444-block  0
        -:  445:}
        -:  446:
        -:  447:// Returns the type ID of ::testing::Test.  Always call this instead
        -:  448:// of GetTypeId< ::testing::Test>() to get the type ID of
        -:  449:// ::testing::Test, as the latter may give the wrong result due to a
        -:  450:// suspected linker bug when compiling Google Test as a Mac OS X
        -:  451:// framework.
        -:  452:GTEST_API_ TypeId GetTestTypeId();
        -:  453:
        -:  454:// Defines the abstract factory interface that creates instances
        -:  455:// of a Test object.
        -:  456:class TestFactoryBase {
        -:  457: public:
    #####:  458:  virtual ~TestFactoryBase() {}
------------------
_ZN7testing8internal15TestFactoryBaseD0Ev:
function _ZN7testing8internal15TestFactoryBaseD0Ev called 0 returned 0% blocks executed 0%
    #####:  458:  virtual ~TestFactoryBase() {}
    %%%%%:  458-block  0
call    0 never executed
call    1 never executed
------------------
_ZN7testing8internal15TestFactoryBaseD2Ev:
function _ZN7testing8internal15TestFactoryBaseD2Ev called 0 returned 0% blocks executed 0%
    #####:  458:  virtual ~TestFactoryBase() {}
------------------
        -:  459:
        -:  460:  // Creates a test instance to run. The instance is both created and destroyed
        -:  461:  // within TestInfoImpl::Run()
        -:  462:  virtual Test* CreateTest() = 0;
        -:  463:
        -:  464: protected:
function _ZN7testing8internal15TestFactoryBaseC2Ev called 0 returned 0% blocks executed 0%
    #####:  465:  TestFactoryBase() {}
        -:  466:
        -:  467: private:
        -:  468:  GTEST_DISALLOW_COPY_AND_ASSIGN_(TestFactoryBase);
        -:  469:};
        -:  470:
        -:  471:// This class provides implementation of TeastFactoryBase interface.
        -:  472:// It is used in TEST and TEST_F macros.
        -:  473:template <class TestClass>
        -:  474:class TestFactoryImpl : public TestFactoryBase {
        -:  475: public:
       12:  476:  Test* CreateTest() override { return new TestClass; }
------------------
_ZN7testing8internal15TestFactoryImplI46MovieControllerTests_test_add_movie_admin_TestE10CreateTestEv:
function _ZN7testing8internal15TestFactoryImplI46MovieControllerTests_test_add_movie_admin_TestE10CreateTestEv called 1 returned 100% blocks executed 83%
        1:  476:  Test* CreateTest() override { return new TestClass; }
        1:  476-block  0
call    0 returned 1
call    1 returned 1
branch  2 taken 1 (fallthrough)
branch  3 taken 0 (throw)
        1:  476-block  1
        1:  476-block  2
    $$$$$:  476-block  3
call    4 never executed
------------------
_ZN7testing8internal15TestFactoryImplI49MovieControllerTests_test_update_movie_admin_TestE10CreateTestEv:
function _ZN7testing8internal15TestFactoryImplI49MovieControllerTests_test_update_movie_admin_TestE10CreateTestEv called 1 returned 100% blocks executed 83%
        1:  476:  Test* CreateTest() override { return new TestClass; }
        1:  476-block  0
call    0 returned 1
call    1 returned 1
branch  2 taken 1 (fallthrough)
branch  3 taken 0 (throw)
        1:  476-block  1
        1:  476-block  2
    $$$$$:  476-block  3
call    4 never executed
------------------
_ZN7testing8internal15TestFactoryImplI49MovieControllerTests_test_remove_movie_admin_TestE10CreateTestEv:
function _ZN7testing8internal15TestFactoryImplI49MovieControllerTests_test_remove_movie_admin_TestE10CreateTestEv called 1 returned 100% blocks executed 83%
        1:  476:  Test* CreateTest() override { return new TestClass; }
        1:  476-block  0
call    0 returned 1
call    1 returned 1
branch  2 taken 1 (fallthrough)
branch  3 taken 0 (throw)
        1:  476-block  1
        1:  476-block  2
    $$$$$:  476-block  3
call    4 never executed
------------------
_ZN7testing8internal15TestFactoryImplI45MovieControllerTests_test_get_movie_user_TestE10CreateTestEv:
function _ZN7testing8internal15TestFactoryImplI45MovieControllerTests_test_get_movie_user_TestE10CreateTestEv called 1 returned 100% blocks executed 83%
        1:  476:  Test* CreateTest() override { return new TestClass; }
        1:  476-block  0
call    0 returned 1
call    1 returned 1
branch  2 taken 1 (fallthrough)
branch  3 taken 0 (throw)
        1:  476-block  1
        1:  476-block  2
    $$$$$:  476-block  3
call    4 never executed
------------------
_ZN7testing8internal15TestFactoryImplI46MovieControllerTests_test_get_movies_user_TestE10CreateTestEv:
function _ZN7testing8internal15TestFactoryImplI46MovieControllerTests_test_get_movies_user_TestE10CreateTestEv called 1 returned 100% blocks executed 83%
        1:  476:  Test* CreateTest() override { return new TestClass; }
        1:  476-block  0
call    0 returned 1
call    1 returned 1
branch  2 taken 1 (fallthrough)
branch  3 taken 0 (throw)
        1:  476-block  1
        1:  476-block  2
    $$$$$:  476-block  3
call    4 never executed
------------------
_ZN7testing8internal15TestFactoryImplI45MovieControllerTests_test_add_movie_user_TestE10CreateTestEv:
function _ZN7testing8internal15TestFactoryImplI45MovieControllerTests_test_add_movie_user_TestE10CreateTestEv called 1 returned 100% blocks executed 83%
        1:  476:  Test* CreateTest() override { return new TestClass; }
        1:  476-block  0
call    0 returned 1
call    1 returned 1
branch  2 taken 1 (fallthrough)
branch  3 taken 0 (throw)
        1:  476-block  1
        1:  476-block  2
    $$$$$:  476-block  3
call    4 never executed
------------------
_ZN7testing8internal15TestFactoryImplI48MovieControllerTests_test_remove_movie_user_TestE10CreateTestEv:
function _ZN7testing8internal15TestFactoryImplI48MovieControllerTests_test_remove_movie_user_TestE10CreateTestEv called 1 returned 100% blocks executed 83%
        1:  476:  Test* CreateTest() override { return new TestClass; }
        1:  476-block  0
call    0 returned 1
call    1 returned 1
branch  2 taken 1 (fallthrough)
branch  3 taken 0 (throw)
        1:  476-block  1
        1:  476-block  2
    $$$$$:  476-block  3
call    4 never executed
------------------
_ZN7testing8internal15TestFactoryImplI49MovieControllerTests_test_get_watchlist_user_TestE10CreateTestEv:
function _ZN7testing8internal15TestFactoryImplI49MovieControllerTests_test_get_watchlist_user_TestE10CreateTestEv called 1 returned 100% blocks executed 83%
        1:  476:  Test* CreateTest() override { return new TestClass; }
        1:  476-block  0
call    0 returned 1
call    1 returned 1
branch  2 taken 1 (fallthrough)
branch  3 taken 0 (throw)
        1:  476-block  1
        1:  476-block  2
    $$$$$:  476-block  3
call    4 never executed
------------------
_ZN7testing8internal15TestFactoryImplI46MovieControllerTests_test_like_movie_user_TestE10CreateTestEv:
function _ZN7testing8internal15TestFactoryImplI46MovieControllerTests_test_like_movie_user_TestE10CreateTestEv called 1 returned 100% blocks executed 83%
        1:  476:  Test* CreateTest() override { return new TestClass; }
        1:  476-block  0
call    0 returned 1
call    1 returned 1
branch  2 taken 1 (fallthrough)
branch  3 taken 0 (throw)
        1:  476-block  1
        1:  476-block  2
    $$$$$:  476-block  3
call    4 never executed
------------------
_ZN7testing8internal15TestFactoryImplI51MovieControllerTests_test_get_all_movies_admin_TestE10CreateTestEv:
function _ZN7testing8internal15TestFactoryImplI51MovieControllerTests_test_get_all_movies_admin_TestE10CreateTestEv called 1 returned 100% blocks executed 83%
        1:  476:  Test* CreateTest() override { return new TestClass; }
        1:  476-block  0
call    0 returned 1
call    1 returned 1
branch  2 taken 1 (fallthrough)
branch  3 taken 0 (throw)
        1:  476-block  1
        1:  476-block  2
    $$$$$:  476-block  3
call    4 never executed
------------------
_ZN7testing8internal15TestFactoryImplI42MovieControllerTests_test_my_to_lower_TestE10CreateTestEv:
function _ZN7testing8internal15TestFactoryImplI42MovieControllerTests_test_my_to_lower_TestE10CreateTestEv called 1 returned 100% blocks executed 83%
        1:  476:  Test* CreateTest() override { return new TestClass; }
        1:  476-block  0
call    0 returned 1
call    1 returned 1
branch  2 taken 1 (fallthrough)
branch  3 taken 0 (throw)
        1:  476-block  1
        1:  476-block  2
    $$$$$:  476-block  3
call    4 never executed
------------------
_ZN7testing8internal15TestFactoryImplI34MovieControllerTests_test_tmp_TestE10CreateTestEv:
function _ZN7testing8internal15TestFactoryImplI34MovieControllerTests_test_tmp_TestE10CreateTestEv called 1 returned 100% blocks executed 83%
        1:  476:  Test* CreateTest() override { return new TestClass; }
        1:  476-block  0
call    0 returned 1
call    1 returned 1
branch  2 taken 1 (fallthrough)
branch  3 taken 0 (throw)
        1:  476-block  1
        1:  476-block  2
    $$$$$:  476-block  3
call    4 never executed
------------------
        -:  477:};
        -:  478:
        -:  479:#if GTEST_OS_WINDOWS
        -:  480:
        -:  481:// Predicate-formatters for implementing the HRESULT checking macros
        -:  482:// {ASSERT|EXPECT}_HRESULT_{SUCCEEDED|FAILED}
        -:  483:// We pass a long instead of HRESULT to avoid causing an
        -:  484:// include dependency for the HRESULT type.
        -:  485:GTEST_API_ AssertionResult IsHRESULTSuccess(const char* expr,
        -:  486:                                            long hr);  // NOLINT
        -:  487:GTEST_API_ AssertionResult IsHRESULTFailure(const char* expr,
        -:  488:                                            long hr);  // NOLINT
        -:  489:
        -:  490:#endif  // GTEST_OS_WINDOWS
        -:  491:
        -:  492:// Types of SetUpTestSuite() and TearDownTestSuite() functions.
        -:  493:using SetUpTestSuiteFunc = void (*)();
        -:  494:using TearDownTestSuiteFunc = void (*)();
        -:  495:
        -:  496:struct CodeLocation {
function _ZN7testing8internal12CodeLocationC2ERKNSt7__cxx1112basic_stringIcSt11char_traitsIcESaIcEEEi called 0 returned 0% blocks executed 0%
    #####:  497:  CodeLocation(const std::string& a_file, int a_line)
    #####:  498:      : file(a_file), line(a_line) {}
    %%%%%:  498-block  0
call    0 never executed
        -:  499:
        -:  500:  std::string file;
        -:  501:  int line;
        -:  502:};
        -:  503:
        -:  504://  Helper to identify which setup function for TestCase / TestSuite to call.
        -:  505://  Only one function is allowed, either TestCase or TestSute but not both.
        -:  506:
        -:  507:// Utility functions to help SuiteApiResolver
        -:  508:using SetUpTearDownSuiteFuncType = void (*)();
        -:  509:
function _ZN7testing8internal19GetNotDefaultOrNullEPFvvES2_ called 0 returned 0% blocks executed 0%
    #####:  510:inline SetUpTearDownSuiteFuncType GetNotDefaultOrNull(
        -:  511:    SetUpTearDownSuiteFuncType a, SetUpTearDownSuiteFuncType def) {
    #####:  512:  return a == def ? nullptr : a;
    %%%%%:  512-block  0
branch  0 never executed
branch  1 never executed
    %%%%%:  512-block  1
    %%%%%:  512-block  2
    %%%%%:  512-block  3
        -:  513:}
        -:  514:
        -:  515:template <typename T>
        -:  516://  Note that SuiteApiResolver inherits from T because
        -:  517://  SetUpTestSuite()/TearDownTestSuite() could be protected. This way
        -:  518://  SuiteApiResolver can access them.
        -:  519:struct SuiteApiResolver : T {
        -:  520:  // testing::Test is only forward declared at this point. So we make it a
        -:  521:  // dependent class for the compiler to be OK with it.
        -:  522:  using Test =
        -:  523:      typename std::conditional<sizeof(T) != 0, ::testing::Test, void>::type;
        -:  524:
function _ZN7testing8internal16SuiteApiResolverI20MovieControllerTestsE19GetSetUpCaseOrSuiteEPKci called 12 returned 100% blocks executed 44%
       12:  525:  static SetUpTearDownSuiteFuncType GetSetUpCaseOrSuite(const char* filename,
        -:  526:                                                        int line_num) {
        -:  527:#ifndef GTEST_REMOVE_LEGACY_TEST_CASEAPI_
        -:  528:    SetUpTearDownSuiteFuncType test_case_fp =
       12:  529:        GetNotDefaultOrNull(&T::SetUpTestCase, &Test::SetUpTestCase);
       12:  529-block  0
call    0 returned 12
        -:  530:    SetUpTearDownSuiteFuncType test_suite_fp =
       12:  531:        GetNotDefaultOrNull(&T::SetUpTestSuite, &Test::SetUpTestSuite);
call    0 returned 12
        -:  532:
      12*:  533:    GTEST_CHECK_(!test_case_fp || !test_suite_fp)
branch  0 taken 0 (fallthrough)
branch  1 taken 12
    %%%%%:  533-block  0
branch  2 never executed
branch  3 never executed
       12:  533-block  1
    %%%%%:  533-block  2
       12:  533-block  3
call    4 returned 12
branch  5 taken 0 (fallthrough)
branch  6 taken 12
    %%%%%:  533-block  4
call    7 never executed
call    8 never executed
    %%%%%:  533-block  5
call    9 never executed
    $$$$$:  533-block  6
call   10 never executed
        -:  534:        << "Test can not provide both SetUpTestSuite and SetUpTestCase, please "
        -:  535:           "make sure there is only one present at "
    #####:  536:        << filename << ":" << line_num;
call    0 never executed
branch  1 never executed
branch  2 never executed
    %%%%%:  536-block  0
call    3 never executed
branch  4 never executed
branch  5 never executed
    %%%%%:  536-block  1
call    6 never executed
branch  7 never executed
branch  8 never executed
    %%%%%:  536-block  2
call    9 never executed
branch 10 never executed
branch 11 never executed
    %%%%%:  536-block  3
call   12 never executed
branch 13 never executed
branch 14 never executed
        -:  537:
      12*:  538:    return test_case_fp != nullptr ? test_case_fp : test_suite_fp;
       12:  538-block  0
branch  0 taken 0 (fallthrough)
branch  1 taken 12
    %%%%%:  538-block  1
       12:  538-block  2
       12:  538-block  3
       12:  538-block  4
        -:  539:#else
        -:  540:    (void)(filename);
        -:  541:    (void)(line_num);
        -:  542:    return &T::SetUpTestSuite;
        -:  543:#endif
        -:  544:  }
        -:  545:
function _ZN7testing8internal16SuiteApiResolverI20MovieControllerTestsE22GetTearDownCaseOrSuiteEPKci called 12 returned 100% blocks executed 44%
       12:  546:  static SetUpTearDownSuiteFuncType GetTearDownCaseOrSuite(const char* filename,
        -:  547:                                                           int line_num) {
        -:  548:#ifndef GTEST_REMOVE_LEGACY_TEST_CASEAPI_
        -:  549:    SetUpTearDownSuiteFuncType test_case_fp =
       12:  550:        GetNotDefaultOrNull(&T::TearDownTestCase, &Test::TearDownTestCase);
       12:  550-block  0
call    0 returned 12
        -:  551:    SetUpTearDownSuiteFuncType test_suite_fp =
       12:  552:        GetNotDefaultOrNull(&T::TearDownTestSuite, &Test::TearDownTestSuite);
call    0 returned 12
        -:  553:
      12*:  554:    GTEST_CHECK_(!test_case_fp || !test_suite_fp)
branch  0 taken 0 (fallthrough)
branch  1 taken 12
    %%%%%:  554-block  0
branch  2 never executed
branch  3 never executed
       12:  554-block  1
    %%%%%:  554-block  2
       12:  554-block  3
call    4 returned 12
branch  5 taken 0 (fallthrough)
branch  6 taken 12
    %%%%%:  554-block  4
call    7 never executed
call    8 never executed
    %%%%%:  554-block  5
call    9 never executed
    $$$$$:  554-block  6
call   10 never executed
        -:  555:        << "Test can not provide both TearDownTestSuite and TearDownTestCase,"
        -:  556:           " please make sure there is only one present at"
    #####:  557:        << filename << ":" << line_num;
call    0 never executed
branch  1 never executed
branch  2 never executed
    %%%%%:  557-block  0
call    3 never executed
branch  4 never executed
branch  5 never executed
    %%%%%:  557-block  1
call    6 never executed
branch  7 never executed
branch  8 never executed
    %%%%%:  557-block  2
call    9 never executed
branch 10 never executed
branch 11 never executed
    %%%%%:  557-block  3
call   12 never executed
branch 13 never executed
branch 14 never executed
        -:  558:
      12*:  559:    return test_case_fp != nullptr ? test_case_fp : test_suite_fp;
       12:  559-block  0
branch  0 taken 0 (fallthrough)
branch  1 taken 12
    %%%%%:  559-block  1
       12:  559-block  2
       12:  559-block  3
       12:  559-block  4
        -:  560:#else
        -:  561:    (void)(filename);
        -:  562:    (void)(line_num);
        -:  563:    return &T::TearDownTestSuite;
        -:  564:#endif
        -:  565:  }
        -:  566:};
        -:  567:
        -:  568:// Creates a new TestInfo object and registers it with Google Test;
        -:  569:// returns the created object.
        -:  570://
        -:  571:// Arguments:
        -:  572://
        -:  573://   test_suite_name:  name of the test suite
        -:  574://   name:             name of the test
        -:  575://   type_param:       the name of the test's type parameter, or NULL if
        -:  576://                     this is not a typed or a type-parameterized test.
        -:  577://   value_param:      text representation of the test's value parameter,
        -:  578://                     or NULL if this is not a type-parameterized test.
        -:  579://   code_location:    code location where the test is defined
        -:  580://   fixture_class_id: ID of the test fixture class
        -:  581://   set_up_tc:        pointer to the function that sets up the test suite
        -:  582://   tear_down_tc:     pointer to the function that tears down the test suite
        -:  583://   factory:          pointer to the factory that creates a test object.
        -:  584://                     The newly created TestInfo instance will assume
        -:  585://                     ownership of the factory object.
        -:  586:GTEST_API_ TestInfo* MakeAndRegisterTestInfo(
        -:  587:    const char* test_suite_name, const char* name, const char* type_param,
        -:  588:    const char* value_param, CodeLocation code_location,
        -:  589:    TypeId fixture_class_id, SetUpTestSuiteFunc set_up_tc,
        -:  590:    TearDownTestSuiteFunc tear_down_tc, TestFactoryBase* factory);
        -:  591:
        -:  592:// If *pstr starts with the given prefix, modifies *pstr to be right
        -:  593:// past the prefix and returns true; otherwise leaves *pstr unchanged
        -:  594:// and returns false.  None of pstr, *pstr, and prefix can be NULL.
        -:  595:GTEST_API_ bool SkipPrefix(const char* prefix, const char** pstr);
        -:  596:
        -:  597:GTEST_DISABLE_MSC_WARNINGS_PUSH_(4251 \
        -:  598:/* class A needs to have dll-interface to be used by clients of class B */)
        -:  599:
        -:  600:// State of the definition of a type-parameterized test suite.
        -:  601:class GTEST_API_ TypedTestSuitePState {
        -:  602: public:
        -:  603:  TypedTestSuitePState() : registered_(false) {}
        -:  604:
        -:  605:  // Adds the given test name to defined_test_names_ and return true
        -:  606:  // if the test suite hasn't been registered; otherwise aborts the
        -:  607:  // program.
        -:  608:  bool AddTestName(const char* file, int line, const char* case_name,
        -:  609:                   const char* test_name) {
        -:  610:    if (registered_) {
        -:  611:      fprintf(stderr,
        -:  612:              "%s Test %s must be defined before "
        -:  613:              "REGISTER_TYPED_TEST_SUITE_P(%s, ...).\n",
        -:  614:              FormatFileLocation(file, line).c_str(), test_name, case_name);
        -:  615:      fflush(stderr);
        -:  616:      posix::Abort();
        -:  617:    }
        -:  618:    registered_tests_.insert(
        -:  619:        ::std::make_pair(test_name, CodeLocation(file, line)));
        -:  620:    return true;
        -:  621:  }
        -:  622:
        -:  623:  bool TestExists(const std::string& test_name) const {
        -:  624:    return registered_tests_.count(test_name) > 0;
        -:  625:  }
        -:  626:
        -:  627:  const CodeLocation& GetCodeLocation(const std::string& test_name) const {
        -:  628:    RegisteredTestsMap::const_iterator it = registered_tests_.find(test_name);
        -:  629:    GTEST_CHECK_(it != registered_tests_.end());
        -:  630:    return it->second;
        -:  631:  }
        -:  632:
        -:  633:  // Verifies that registered_tests match the test names in
        -:  634:  // defined_test_names_; returns registered_tests if successful, or
        -:  635:  // aborts the program otherwise.
        -:  636:  const char* VerifyRegisteredTestNames(const char* test_suite_name,
        -:  637:                                        const char* file, int line,
        -:  638:                                        const char* registered_tests);
        -:  639:
        -:  640: private:
        -:  641:  typedef ::std::map<std::string, CodeLocation> RegisteredTestsMap;
        -:  642:
        -:  643:  bool registered_;
        -:  644:  RegisteredTestsMap registered_tests_;
        -:  645:};
        -:  646:
        -:  647://  Legacy API is deprecated but still available
        -:  648:#ifndef GTEST_REMOVE_LEGACY_TEST_CASEAPI_
        -:  649:using TypedTestCasePState = TypedTestSuitePState;
        -:  650:#endif  //  GTEST_REMOVE_LEGACY_TEST_CASEAPI_
        -:  651:
        -:  652:GTEST_DISABLE_MSC_WARNINGS_POP_()  //  4251
        -:  653:
        -:  654:// Skips to the first non-space char after the first comma in 'str';
        -:  655:// returns NULL if no comma is found in 'str'.
        -:  656:inline const char* SkipComma(const char* str) {
        -:  657:  const char* comma = strchr(str, ',');
        -:  658:  if (comma == nullptr) {
        -:  659:    return nullptr;
        -:  660:  }
        -:  661:  while (IsSpace(*(++comma))) {
        -:  662:  }
        -:  663:  return comma;
        -:  664:}
        -:  665:
        -:  666:// Returns the prefix of 'str' before the first comma in it; returns
        -:  667:// the entire string if it contains no comma.
        -:  668:inline std::string GetPrefixUntilComma(const char* str) {
        -:  669:  const char* comma = strchr(str, ',');
        -:  670:  return comma == nullptr ? str : std::string(str, comma);
        -:  671:}
        -:  672:
        -:  673:// Splits a given string on a given delimiter, populating a given
        -:  674:// vector with the fields.
        -:  675:void SplitString(const ::std::string& str, char delimiter,
        -:  676:                 ::std::vector<::std::string>* dest);
        -:  677:
        -:  678:// The default argument to the template below for the case when the user does
        -:  679:// not provide a name generator.
        -:  680:struct DefaultNameGenerator {
        -:  681:  template <typename T>
        -:  682:  static std::string GetName(int i) {
        -:  683:    return StreamableToString(i);
        -:  684:  }
        -:  685:};
        -:  686:
        -:  687:template <typename Provided = DefaultNameGenerator>
        -:  688:struct NameGeneratorSelector {
        -:  689:  typedef Provided type;
        -:  690:};
        -:  691:
        -:  692:template <typename NameGenerator>
        -:  693:void GenerateNamesRecursively(internal::None, std::vector<std::string>*, int) {}
        -:  694:
        -:  695:template <typename NameGenerator, typename Types>
        -:  696:void GenerateNamesRecursively(Types, std::vector<std::string>* result, int i) {
        -:  697:  result->push_back(NameGenerator::template GetName<typename Types::Head>(i));
        -:  698:  GenerateNamesRecursively<NameGenerator>(typename Types::Tail(), result,
        -:  699:                                          i + 1);
        -:  700:}
        -:  701:
        -:  702:template <typename NameGenerator, typename Types>
        -:  703:std::vector<std::string> GenerateNames() {
        -:  704:  std::vector<std::string> result;
        -:  705:  GenerateNamesRecursively<NameGenerator>(Types(), &result, 0);
        -:  706:  return result;
        -:  707:}
        -:  708:
        -:  709:// TypeParameterizedTest<Fixture, TestSel, Types>::Register()
        -:  710:// registers a list of type-parameterized tests with Google Test.  The
        -:  711:// return value is insignificant - we just need to return something
        -:  712:// such that we can call this function in a namespace scope.
        -:  713://
        -:  714:// Implementation note: The GTEST_TEMPLATE_ macro declares a template
        -:  715:// template parameter.  It's defined in gtest-type-util.h.
        -:  716:template <GTEST_TEMPLATE_ Fixture, class TestSel, typename Types>
        -:  717:class TypeParameterizedTest {
        -:  718: public:
        -:  719:  // 'index' is the index of the test in the type list 'Types'
        -:  720:  // specified in INSTANTIATE_TYPED_TEST_SUITE_P(Prefix, TestSuite,
        -:  721:  // Types).  Valid values for 'index' are [0, N - 1] where N is the
        -:  722:  // length of Types.
        -:  723:  static bool Register(const char* prefix, const CodeLocation& code_location,
        -:  724:                       const char* case_name, const char* test_names, int index,
        -:  725:                       const std::vector<std::string>& type_names =
        -:  726:                           GenerateNames<DefaultNameGenerator, Types>()) {
        -:  727:    typedef typename Types::Head Type;
        -:  728:    typedef Fixture<Type> FixtureClass;
        -:  729:    typedef typename GTEST_BIND_(TestSel, Type) TestClass;
        -:  730:
        -:  731:    // First, registers the first type-parameterized test in the type
        -:  732:    // list.
        -:  733:    MakeAndRegisterTestInfo(
        -:  734:        (std::string(prefix) + (prefix[0] == '\0' ? "" : "/") + case_name +
        -:  735:         "/" + type_names[static_cast<size_t>(index)])
        -:  736:            .c_str(),
        -:  737:        StripTrailingSpaces(GetPrefixUntilComma(test_names)).c_str(),
        -:  738:        GetTypeName<Type>().c_str(),
        -:  739:        nullptr,  // No value parameter.
        -:  740:        code_location, GetTypeId<FixtureClass>(),
        -:  741:        SuiteApiResolver<TestClass>::GetSetUpCaseOrSuite(
        -:  742:            code_location.file.c_str(), code_location.line),
        -:  743:        SuiteApiResolver<TestClass>::GetTearDownCaseOrSuite(
        -:  744:            code_location.file.c_str(), code_location.line),
        -:  745:        new TestFactoryImpl<TestClass>);
        -:  746:
        -:  747:    // Next, recurses (at compile time) with the tail of the type list.
        -:  748:    return TypeParameterizedTest<Fixture, TestSel,
        -:  749:                                 typename Types::Tail>::Register(prefix,
        -:  750:                                                                 code_location,
        -:  751:                                                                 case_name,
        -:  752:                                                                 test_names,
        -:  753:                                                                 index + 1,
        -:  754:                                                                 type_names);
        -:  755:  }
        -:  756:};
        -:  757:
        -:  758:// The base case for the compile time recursion.
        -:  759:template <GTEST_TEMPLATE_ Fixture, class TestSel>
        -:  760:class TypeParameterizedTest<Fixture, TestSel, internal::None> {
        -:  761: public:
        -:  762:  static bool Register(const char* /*prefix*/, const CodeLocation&,
        -:  763:                       const char* /*case_name*/, const char* /*test_names*/,
        -:  764:                       int /*index*/,
        -:  765:                       const std::vector<std::string>& =
        -:  766:                           std::vector<std::string>() /*type_names*/) {
        -:  767:    return true;
        -:  768:  }
        -:  769:};
        -:  770:
        -:  771:GTEST_API_ void RegisterTypeParameterizedTestSuite(const char* test_suite_name,
        -:  772:                                                   CodeLocation code_location);
        -:  773:GTEST_API_ void RegisterTypeParameterizedTestSuiteInstantiation(
        -:  774:    const char* case_name);
        -:  775:
        -:  776:// TypeParameterizedTestSuite<Fixture, Tests, Types>::Register()
        -:  777:// registers *all combinations* of 'Tests' and 'Types' with Google
        -:  778:// Test.  The return value is insignificant - we just need to return
        -:  779:// something such that we can call this function in a namespace scope.
        -:  780:template <GTEST_TEMPLATE_ Fixture, typename Tests, typename Types>
        -:  781:class TypeParameterizedTestSuite {
        -:  782: public:
        -:  783:  static bool Register(const char* prefix, CodeLocation code_location,
        -:  784:                       const TypedTestSuitePState* state, const char* case_name,
        -:  785:                       const char* test_names,
        -:  786:                       const std::vector<std::string>& type_names =
        -:  787:                           GenerateNames<DefaultNameGenerator, Types>()) {
        -:  788:    RegisterTypeParameterizedTestSuiteInstantiation(case_name);
        -:  789:    std::string test_name =
        -:  790:        StripTrailingSpaces(GetPrefixUntilComma(test_names));
        -:  791:    if (!state->TestExists(test_name)) {
        -:  792:      fprintf(stderr, "Failed to get code location for test %s.%s at %s.",
        -:  793:              case_name, test_name.c_str(),
        -:  794:              FormatFileLocation(code_location.file.c_str(), code_location.line)
        -:  795:                  .c_str());
        -:  796:      fflush(stderr);
        -:  797:      posix::Abort();
        -:  798:    }
        -:  799:    const CodeLocation& test_location = state->GetCodeLocation(test_name);
        -:  800:
        -:  801:    typedef typename Tests::Head Head;
        -:  802:
        -:  803:    // First, register the first test in 'Test' for each type in 'Types'.
        -:  804:    TypeParameterizedTest<Fixture, Head, Types>::Register(
        -:  805:        prefix, test_location, case_name, test_names, 0, type_names);
        -:  806:
        -:  807:    // Next, recurses (at compile time) with the tail of the test list.
        -:  808:    return TypeParameterizedTestSuite<Fixture, typename Tests::Tail,
        -:  809:                                      Types>::Register(prefix, code_location,
        -:  810:                                                       state, case_name,
        -:  811:                                                       SkipComma(test_names),
        -:  812:                                                       type_names);
        -:  813:  }
        -:  814:};
        -:  815:
        -:  816:// The base case for the compile time recursion.
        -:  817:template <GTEST_TEMPLATE_ Fixture, typename Types>
        -:  818:class TypeParameterizedTestSuite<Fixture, internal::None, Types> {
        -:  819: public:
        -:  820:  static bool Register(const char* /*prefix*/, const CodeLocation&,
        -:  821:                       const TypedTestSuitePState* /*state*/,
        -:  822:                       const char* /*case_name*/, const char* /*test_names*/,
        -:  823:                       const std::vector<std::string>& =
        -:  824:                           std::vector<std::string>() /*type_names*/) {
        -:  825:    return true;
        -:  826:  }
        -:  827:};
        -:  828:
        -:  829:// Returns the current OS stack trace as an std::string.
        -:  830://
        -:  831:// The maximum number of stack frames to be included is specified by
        -:  832:// the gtest_stack_trace_depth flag.  The skip_count parameter
        -:  833:// specifies the number of top frames to be skipped, which doesn't
        -:  834:// count against the number of frames to be included.
        -:  835://
        -:  836:// For example, if Foo() calls Bar(), which in turn calls
        -:  837:// GetCurrentOsStackTraceExceptTop(..., 1), Foo() will be included in
        -:  838:// the trace but Bar() and GetCurrentOsStackTraceExceptTop() won't.
        -:  839:GTEST_API_ std::string GetCurrentOsStackTraceExceptTop(UnitTest* unit_test,
        -:  840:                                                       int skip_count);
        -:  841:
        -:  842:// Helpers for suppressing warnings on unreachable code or constant
        -:  843:// condition.
        -:  844:
        -:  845:// Always returns true.
        -:  846:GTEST_API_ bool AlwaysTrue();
        -:  847:
        -:  848:// Always returns false.
        -:  849:inline bool AlwaysFalse() { return !AlwaysTrue(); }
        -:  850:
        -:  851:// Helper for suppressing false warning from Clang on a const char*
        -:  852:// variable declared in a conditional expression always being NULL in
        -:  853:// the else branch.
        -:  854:struct GTEST_API_ ConstCharPtr {
        -:  855:  ConstCharPtr(const char* str) : value(str) {}
        -:  856:  operator bool() const { return true; }
        -:  857:  const char* value;
        -:  858:};
        -:  859:
        -:  860:// Helper for declaring std::string within 'if' statement
        -:  861:// in pre C++17 build environment.
        -:  862:struct TrueWithString {
function _ZN7testing8internal14TrueWithStringC2Ev called 0 returned 0% blocks executed 0%
    #####:  863:  TrueWithString() = default;
    %%%%%:  863-block  0
call    0 never executed
        -:  864:  explicit TrueWithString(const char* str) : value(str) {}
        -:  865:  explicit TrueWithString(const std::string& str) : value(str) {}
function _ZNK7testing8internal14TrueWithStringcvbEv called 0 returned 0% blocks executed 0%
    #####:  866:  explicit operator bool() const { return true; }
    %%%%%:  866-block  0
        -:  867:  std::string value;
        -:  868:};
        -:  869:
        -:  870:// A simple Linear Congruential Generator for generating random
        -:  871:// numbers with a uniform distribution.  Unlike rand() and srand(), it
        -:  872:// doesn't use global state (and therefore can't interfere with user
        -:  873:// code).  Unlike rand_r(), it's portable.  An LCG isn't very random,
        -:  874:// but it's good enough for our purposes.
        -:  875:class GTEST_API_ Random {
        -:  876: public:
        -:  877:  static const uint32_t kMaxRange = 1u << 31;
        -:  878:
        -:  879:  explicit Random(uint32_t seed) : state_(seed) {}
        -:  880:
        -:  881:  void Reseed(uint32_t seed) { state_ = seed; }
        -:  882:
        -:  883:  // Generates a random number from [0, range).  Crashes if 'range' is
        -:  884:  // 0 or greater than kMaxRange.
        -:  885:  uint32_t Generate(uint32_t range);
        -:  886:
        -:  887: private:
        -:  888:  uint32_t state_;
        -:  889:  GTEST_DISALLOW_COPY_AND_ASSIGN_(Random);
        -:  890:};
        -:  891:
        -:  892:// Turns const U&, U&, const U, and U all into U.
        -:  893:#define GTEST_REMOVE_REFERENCE_AND_CONST_(T) \
        -:  894:  typename std::remove_const<typename std::remove_reference<T>::type>::type
        -:  895:
        -:  896:// HasDebugStringAndShortDebugString<T>::value is a compile-time bool constant
        -:  897:// that's true if and only if T has methods DebugString() and ShortDebugString()
        -:  898:// that return std::string.
        -:  899:template <typename T>
        -:  900:class HasDebugStringAndShortDebugString {
        -:  901: private:
        -:  902:  template <typename C>
        -:  903:  static auto CheckDebugString(C*) -> typename std::is_same<
        -:  904:      std::string, decltype(std::declval<const C>().DebugString())>::type;
        -:  905:  template <typename>
        -:  906:  static std::false_type CheckDebugString(...);
        -:  907:
        -:  908:  template <typename C>
        -:  909:  static auto CheckShortDebugString(C*) -> typename std::is_same<
        -:  910:      std::string, decltype(std::declval<const C>().ShortDebugString())>::type;
        -:  911:  template <typename>
        -:  912:  static std::false_type CheckShortDebugString(...);
        -:  913:
        -:  914:  using HasDebugStringType = decltype(CheckDebugString<T>(nullptr));
        -:  915:  using HasShortDebugStringType = decltype(CheckShortDebugString<T>(nullptr));
        -:  916:
        -:  917: public:
        -:  918:  static constexpr bool value =
        -:  919:      HasDebugStringType::value && HasShortDebugStringType::value;
        -:  920:};
        -:  921:
        -:  922:template <typename T>
        -:  923:constexpr bool HasDebugStringAndShortDebugString<T>::value;
        -:  924:
        -:  925:// When the compiler sees expression IsContainerTest<C>(0), if C is an
        -:  926:// STL-style container class, the first overload of IsContainerTest
        -:  927:// will be viable (since both C::iterator* and C::const_iterator* are
        -:  928:// valid types and NULL can be implicitly converted to them).  It will
        -:  929:// be picked over the second overload as 'int' is a perfect match for
        -:  930:// the type of argument 0.  If C::iterator or C::const_iterator is not
        -:  931:// a valid type, the first overload is not viable, and the second
        -:  932:// overload will be picked.  Therefore, we can determine whether C is
        -:  933:// a container class by checking the type of IsContainerTest<C>(0).
        -:  934:// The value of the expression is insignificant.
        -:  935://
        -:  936:// In C++11 mode we check the existence of a const_iterator and that an
        -:  937:// iterator is properly implemented for the container.
        -:  938://
        -:  939:// For pre-C++11 that we look for both C::iterator and C::const_iterator.
        -:  940:// The reason is that C++ injects the name of a class as a member of the
        -:  941:// class itself (e.g. you can refer to class iterator as either
        -:  942:// 'iterator' or 'iterator::iterator').  If we look for C::iterator
        -:  943:// only, for example, we would mistakenly think that a class named
        -:  944:// iterator is an STL container.
        -:  945://
        -:  946:// Also note that the simpler approach of overloading
        -:  947:// IsContainerTest(typename C::const_iterator*) and
        -:  948:// IsContainerTest(...) doesn't work with Visual Age C++ and Sun C++.
        -:  949:typedef int IsContainer;
        -:  950:template <class C,
        -:  951:          class Iterator = decltype(::std::declval<const C&>().begin()),
        -:  952:          class = decltype(::std::declval<const C&>().end()),
        -:  953:          class = decltype(++::std::declval<Iterator&>()),
        -:  954:          class = decltype(*::std::declval<Iterator>()),
        -:  955:          class = typename C::const_iterator>
        -:  956:IsContainer IsContainerTest(int /* dummy */) {
        -:  957:  return 0;
        -:  958:}
        -:  959:
        -:  960:typedef char IsNotContainer;
        -:  961:template <class C>
        -:  962:IsNotContainer IsContainerTest(long /* dummy */) {
        -:  963:  return '\0';
        -:  964:}
        -:  965:
        -:  966:// Trait to detect whether a type T is a hash table.
        -:  967:// The heuristic used is that the type contains an inner type `hasher` and does
        -:  968:// not contain an inner type `reverse_iterator`.
        -:  969:// If the container is iterable in reverse, then order might actually matter.
        -:  970:template <typename T>
        -:  971:struct IsHashTable {
        -:  972: private:
        -:  973:  template <typename U>
        -:  974:  static char test(typename U::hasher*, typename U::reverse_iterator*);
        -:  975:  template <typename U>
        -:  976:  static int test(typename U::hasher*, ...);
        -:  977:  template <typename U>
        -:  978:  static char test(...);
        -:  979:
        -:  980: public:
        -:  981:  static const bool value = sizeof(test<T>(nullptr, nullptr)) == sizeof(int);
        -:  982:};
        -:  983:
        -:  984:template <typename T>
        -:  985:const bool IsHashTable<T>::value;
        -:  986:
        -:  987:template <typename C,
        -:  988:          bool = sizeof(IsContainerTest<C>(0)) == sizeof(IsContainer)>
        -:  989:struct IsRecursiveContainerImpl;
        -:  990:
        -:  991:template <typename C>
        -:  992:struct IsRecursiveContainerImpl<C, false> : public std::false_type {};
        -:  993:
        -:  994:// Since the IsRecursiveContainerImpl depends on the IsContainerTest we need to
        -:  995:// obey the same inconsistencies as the IsContainerTest, namely check if
        -:  996:// something is a container is relying on only const_iterator in C++11 and
        -:  997:// is relying on both const_iterator and iterator otherwise
        -:  998:template <typename C>
        -:  999:struct IsRecursiveContainerImpl<C, true> {
        -: 1000:  using value_type = decltype(*std::declval<typename C::const_iterator>());
        -: 1001:  using type =
        -: 1002:      std::is_same<typename std::remove_const<
        -: 1003:                       typename std::remove_reference<value_type>::type>::type,
        -: 1004:                   C>;
        -: 1005:};
        -: 1006:
        -: 1007:// IsRecursiveContainer<Type> is a unary compile-time predicate that
        -: 1008:// evaluates whether C is a recursive container type. A recursive container
        -: 1009:// type is a container type whose value_type is equal to the container type
        -: 1010:// itself. An example for a recursive container type is
        -: 1011:// boost::filesystem::path, whose iterator has a value_type that is equal to
        -: 1012:// boost::filesystem::path.
        -: 1013:template <typename C>
        -: 1014:struct IsRecursiveContainer : public IsRecursiveContainerImpl<C>::type {};
        -: 1015:
        -: 1016:// Utilities for native arrays.
        -: 1017:
        -: 1018:// ArrayEq() compares two k-dimensional native arrays using the
        -: 1019:// elements' operator==, where k can be any integer >= 0.  When k is
        -: 1020:// 0, ArrayEq() degenerates into comparing a single pair of values.
        -: 1021:
        -: 1022:template <typename T, typename U>
        -: 1023:bool ArrayEq(const T* lhs, size_t size, const U* rhs);
        -: 1024:
        -: 1025:// This generic version is used when k is 0.
        -: 1026:template <typename T, typename U>
        -: 1027:inline bool ArrayEq(const T& lhs, const U& rhs) {
        -: 1028:  return lhs == rhs;
        -: 1029:}
        -: 1030:
        -: 1031:// This overload is used when k >= 1.
        -: 1032:template <typename T, typename U, size_t N>
        -: 1033:inline bool ArrayEq(const T (&lhs)[N], const U (&rhs)[N]) {
        -: 1034:  return internal::ArrayEq(lhs, N, rhs);
        -: 1035:}
        -: 1036:
        -: 1037:// This helper reduces code bloat.  If we instead put its logic inside
        -: 1038:// the previous ArrayEq() function, arrays with different sizes would
        -: 1039:// lead to different copies of the template code.
        -: 1040:template <typename T, typename U>
        -: 1041:bool ArrayEq(const T* lhs, size_t size, const U* rhs) {
        -: 1042:  for (size_t i = 0; i != size; i++) {
        -: 1043:    if (!internal::ArrayEq(lhs[i], rhs[i])) return false;
        -: 1044:  }
        -: 1045:  return true;
        -: 1046:}
        -: 1047:
        -: 1048:// Finds the first element in the iterator range [begin, end) that
        -: 1049:// equals elem.  Element may be a native array type itself.
        -: 1050:template <typename Iter, typename Element>
        -: 1051:Iter ArrayAwareFind(Iter begin, Iter end, const Element& elem) {
        -: 1052:  for (Iter it = begin; it != end; ++it) {
        -: 1053:    if (internal::ArrayEq(*it, elem)) return it;
        -: 1054:  }
        -: 1055:  return end;
        -: 1056:}
        -: 1057:
        -: 1058:// CopyArray() copies a k-dimensional native array using the elements'
        -: 1059:// operator=, where k can be any integer >= 0.  When k is 0,
        -: 1060:// CopyArray() degenerates into copying a single value.
        -: 1061:
        -: 1062:template <typename T, typename U>
        -: 1063:void CopyArray(const T* from, size_t size, U* to);
        -: 1064:
        -: 1065:// This generic version is used when k is 0.
        -: 1066:template <typename T, typename U>
        -: 1067:inline void CopyArray(const T& from, U* to) {
        -: 1068:  *to = from;
        -: 1069:}
        -: 1070:
        -: 1071:// This overload is used when k >= 1.
        -: 1072:template <typename T, typename U, size_t N>
        -: 1073:inline void CopyArray(const T (&from)[N], U (*to)[N]) {
        -: 1074:  internal::CopyArray(from, N, *to);
        -: 1075:}
        -: 1076:
        -: 1077:// This helper reduces code bloat.  If we instead put its logic inside
        -: 1078:// the previous CopyArray() function, arrays with different sizes
        -: 1079:// would lead to different copies of the template code.
        -: 1080:template <typename T, typename U>
        -: 1081:void CopyArray(const T* from, size_t size, U* to) {
        -: 1082:  for (size_t i = 0; i != size; i++) {
        -: 1083:    internal::CopyArray(from[i], to + i);
        -: 1084:  }
        -: 1085:}
        -: 1086:
        -: 1087:// The relation between an NativeArray object (see below) and the
        -: 1088:// native array it represents.
        -: 1089:// We use 2 different structs to allow non-copyable types to be used, as long
        -: 1090:// as RelationToSourceReference() is passed.
        -: 1091:struct RelationToSourceReference {};
        -: 1092:struct RelationToSourceCopy {};
        -: 1093:
        -: 1094:// Adapts a native array to a read-only STL-style container.  Instead
        -: 1095:// of the complete STL container concept, this adaptor only implements
        -: 1096:// members useful for Google Mock's container matchers.  New members
        -: 1097:// should be added as needed.  To simplify the implementation, we only
        -: 1098:// support Element being a raw type (i.e. having no top-level const or
        -: 1099:// reference modifier).  It's the client's responsibility to satisfy
        -: 1100:// this requirement.  Element can be an array type itself (hence
        -: 1101:// multi-dimensional arrays are supported).
        -: 1102:template <typename Element>
        -: 1103:class NativeArray {
        -: 1104: public:
        -: 1105:  // STL-style container typedefs.
        -: 1106:  typedef Element value_type;
        -: 1107:  typedef Element* iterator;
        -: 1108:  typedef const Element* const_iterator;
        -: 1109:
        -: 1110:  // Constructs from a native array. References the source.
        -: 1111:  NativeArray(const Element* array, size_t count, RelationToSourceReference) {
        -: 1112:    InitRef(array, count);
        -: 1113:  }
        -: 1114:
        -: 1115:  // Constructs from a native array. Copies the source.
        -: 1116:  NativeArray(const Element* array, size_t count, RelationToSourceCopy) {
        -: 1117:    InitCopy(array, count);
        -: 1118:  }
        -: 1119:
        -: 1120:  // Copy constructor.
        -: 1121:  NativeArray(const NativeArray& rhs) {
        -: 1122:    (this->*rhs.clone_)(rhs.array_, rhs.size_);
        -: 1123:  }
        -: 1124:
        -: 1125:  ~NativeArray() {
        -: 1126:    if (clone_ != &NativeArray::InitRef) delete[] array_;
        -: 1127:  }
        -: 1128:
        -: 1129:  // STL-style container methods.
        -: 1130:  size_t size() const { return size_; }
        -: 1131:  const_iterator begin() const { return array_; }
        -: 1132:  const_iterator end() const { return array_ + size_; }
        -: 1133:  bool operator==(const NativeArray& rhs) const {
        -: 1134:    return size() == rhs.size() && ArrayEq(begin(), size(), rhs.begin());
        -: 1135:  }
        -: 1136:
        -: 1137: private:
        -: 1138:  static_assert(!std::is_const<Element>::value, "Type must not be const");
        -: 1139:  static_assert(!std::is_reference<Element>::value,
        -: 1140:                "Type must not be a reference");
        -: 1141:
        -: 1142:  // Initializes this object with a copy of the input.
        -: 1143:  void InitCopy(const Element* array, size_t a_size) {
        -: 1144:    Element* const copy = new Element[a_size];
        -: 1145:    CopyArray(array, a_size, copy);
        -: 1146:    array_ = copy;
        -: 1147:    size_ = a_size;
        -: 1148:    clone_ = &NativeArray::InitCopy;
        -: 1149:  }
        -: 1150:
        -: 1151:  // Initializes this object with a reference of the input.
        -: 1152:  void InitRef(const Element* array, size_t a_size) {
        -: 1153:    array_ = array;
        -: 1154:    size_ = a_size;
        -: 1155:    clone_ = &NativeArray::InitRef;
        -: 1156:  }
        -: 1157:
        -: 1158:  const Element* array_;
        -: 1159:  size_t size_;
        -: 1160:  void (NativeArray::*clone_)(const Element*, size_t);
        -: 1161:};
        -: 1162:
        -: 1163:// Backport of std::index_sequence.
        -: 1164:template <size_t... Is>
        -: 1165:struct IndexSequence {
        -: 1166:  using type = IndexSequence;
        -: 1167:};
        -: 1168:
        -: 1169:// Double the IndexSequence, and one if plus_one is true.
        -: 1170:template <bool plus_one, typename T, size_t sizeofT>
        -: 1171:struct DoubleSequence;
        -: 1172:template <size_t... I, size_t sizeofT>
        -: 1173:struct DoubleSequence<true, IndexSequence<I...>, sizeofT> {
        -: 1174:  using type = IndexSequence<I..., (sizeofT + I)..., 2 * sizeofT>;
        -: 1175:};
        -: 1176:template <size_t... I, size_t sizeofT>
        -: 1177:struct DoubleSequence<false, IndexSequence<I...>, sizeofT> {
        -: 1178:  using type = IndexSequence<I..., (sizeofT + I)...>;
        -: 1179:};
        -: 1180:
        -: 1181:// Backport of std::make_index_sequence.
        -: 1182:// It uses O(ln(N)) instantiation depth.
        -: 1183:template <size_t N>
        -: 1184:struct MakeIndexSequenceImpl
        -: 1185:    : DoubleSequence<N % 2 == 1, typename MakeIndexSequenceImpl<N / 2>::type,
        -: 1186:                     N / 2>::type {};
        -: 1187:
        -: 1188:template <>
        -: 1189:struct MakeIndexSequenceImpl<0> : IndexSequence<> {};
        -: 1190:
        -: 1191:template <size_t N>
        -: 1192:using MakeIndexSequence = typename MakeIndexSequenceImpl<N>::type;
        -: 1193:
        -: 1194:template <typename... T>
        -: 1195:using IndexSequenceFor = typename MakeIndexSequence<sizeof...(T)>::type;
        -: 1196:
        -: 1197:template <size_t>
        -: 1198:struct Ignore {
        -: 1199:  Ignore(...);  // NOLINT
        -: 1200:};
        -: 1201:
        -: 1202:template <typename>
        -: 1203:struct ElemFromListImpl;
        -: 1204:template <size_t... I>
        -: 1205:struct ElemFromListImpl<IndexSequence<I...>> {
        -: 1206:  // We make Ignore a template to solve a problem with MSVC.
        -: 1207:  // A non-template Ignore would work fine with `decltype(Ignore(I))...`, but
        -: 1208:  // MSVC doesn't understand how to deal with that pack expansion.
        -: 1209:  // Use `0 * I` to have a single instantiation of Ignore.
        -: 1210:  template <typename R>
        -: 1211:  static R Apply(Ignore<0 * I>..., R (*)(), ...);
        -: 1212:};
        -: 1213:
        -: 1214:template <size_t N, typename... T>
        -: 1215:struct ElemFromList {
        -: 1216:  using type =
        -: 1217:      decltype(ElemFromListImpl<typename MakeIndexSequence<N>::type>::Apply(
        -: 1218:          static_cast<T (*)()>(nullptr)...));
        -: 1219:};
        -: 1220:
        -: 1221:struct FlatTupleConstructTag {};
        -: 1222:
        -: 1223:template <typename... T>
        -: 1224:class FlatTuple;
        -: 1225:
        -: 1226:template <typename Derived, size_t I>
        -: 1227:struct FlatTupleElemBase;
        -: 1228:
        -: 1229:template <typename... T, size_t I>
        -: 1230:struct FlatTupleElemBase<FlatTuple<T...>, I> {
        -: 1231:  using value_type = typename ElemFromList<I, T...>::type;
        -: 1232:  FlatTupleElemBase() = default;
        -: 1233:  template <typename Arg>
        -: 1234:  explicit FlatTupleElemBase(FlatTupleConstructTag, Arg&& t)
        -: 1235:      : value(std::forward<Arg>(t)) {}
        -: 1236:  value_type value;
        -: 1237:};
        -: 1238:
        -: 1239:template <typename Derived, typename Idx>
        -: 1240:struct FlatTupleBase;
        -: 1241:
        -: 1242:template <size_t... Idx, typename... T>
        -: 1243:struct FlatTupleBase<FlatTuple<T...>, IndexSequence<Idx...>>
        -: 1244:    : FlatTupleElemBase<FlatTuple<T...>, Idx>... {
        -: 1245:  using Indices = IndexSequence<Idx...>;
        -: 1246:  FlatTupleBase() = default;
        -: 1247:  template <typename... Args>
        -: 1248:  explicit FlatTupleBase(FlatTupleConstructTag, Args&&... args)
        -: 1249:      : FlatTupleElemBase<FlatTuple<T...>, Idx>(FlatTupleConstructTag{},
        -: 1250:                                                std::forward<Args>(args))... {}
        -: 1251:
        -: 1252:  template <size_t I>
        -: 1253:  const typename ElemFromList<I, T...>::type& Get() const {
        -: 1254:    return FlatTupleElemBase<FlatTuple<T...>, I>::value;
        -: 1255:  }
        -: 1256:
        -: 1257:  template <size_t I>
        -: 1258:  typename ElemFromList<I, T...>::type& Get() {
        -: 1259:    return FlatTupleElemBase<FlatTuple<T...>, I>::value;
        -: 1260:  }
        -: 1261:
        -: 1262:  template <typename F>
        -: 1263:  auto Apply(F&& f) -> decltype(std::forward<F>(f)(this->Get<Idx>()...)) {
        -: 1264:    return std::forward<F>(f)(Get<Idx>()...);
        -: 1265:  }
        -: 1266:
        -: 1267:  template <typename F>
        -: 1268:  auto Apply(F&& f) const -> decltype(std::forward<F>(f)(this->Get<Idx>()...)) {
        -: 1269:    return std::forward<F>(f)(Get<Idx>()...);
        -: 1270:  }
        -: 1271:};
        -: 1272:
        -: 1273:// Analog to std::tuple but with different tradeoffs.
[...]
        -: 1277:// implementations.
        -: 1278:// FlatTuple and ElemFromList are not recursive and have a fixed depth
        -: 1279:// regardless of T...
        -: 1280:// MakeIndexSequence, on the other hand, it is recursive but with an
        -: 1281:// instantiation depth of O(ln(N)).
        -: 1282:template <typename... T>
        -: 1283:class FlatTuple
        -: 1284:    : private FlatTupleBase<FlatTuple<T...>,
        -: 1285:                            typename MakeIndexSequence<sizeof...(T)>::type> {
        -: 1286:  using Indices = typename FlatTupleBase<
        -: 1287:      FlatTuple<T...>, typename MakeIndexSequence<sizeof...(T)>::type>::Indices;
        -: 1288:
        -: 1289: public:
        -: 1290:  FlatTuple() = default;
        -: 1291:  template <typename... Args>
        -: 1292:  explicit FlatTuple(FlatTupleConstructTag tag, Args&&... args)
        -: 1293:      : FlatTuple::FlatTupleBase(tag, std::forward<Args>(args)...) {}
        -: 1294:
        -: 1295:  using FlatTuple::FlatTupleBase::Apply;
        -: 1296:  using FlatTuple::FlatTupleBase::Get;
        -: 1297:};
        -: 1298:
        -: 1299:// Utility functions to be called with static_assert to induce deprecation
        -: 1300:// warnings.
        -: 1301:GTEST_INTERNAL_DEPRECATED(
        -: 1302:    "INSTANTIATE_TEST_CASE_P is deprecated, please use "
        -: 1303:    "INSTANTIATE_TEST_SUITE_P")
        -: 1304:constexpr bool InstantiateTestCase_P_IsDeprecated() { return true; }
        -: 1305:
        -: 1306:GTEST_INTERNAL_DEPRECATED(
        -: 1307:    "TYPED_TEST_CASE_P is deprecated, please use "
        -: 1308:    "TYPED_TEST_SUITE_P")
        -: 1309:constexpr bool TypedTestCase_P_IsDeprecated() { return true; }
        -: 1310:
        -: 1311:GTEST_INTERNAL_DEPRECATED(
        -: 1312:    "TYPED_TEST_CASE is deprecated, please use "
        -: 1313:    "TYPED_TEST_SUITE")
        -: 1314:constexpr bool TypedTestCaseIsDeprecated() { return true; }
        -: 1315:
        -: 1316:GTEST_INTERNAL_DEPRECATED(
        -: 1317:    "REGISTER_TYPED_TEST_CASE_P is deprecated, please use "
        -: 1318:    "REGISTER_TYPED_TEST_SUITE_P")
        -: 1319:constexpr bool RegisterTypedTestCase_P_IsDeprecated() { return true; }
        -: 1320:
        -: 1321:GTEST_INTERNAL_DEPRECATED(
        -: 1322:    "INSTANTIATE_TYPED_TEST_CASE_P is deprecated, please use "
        -: 1323:    "INSTANTIATE_TYPED_TEST_SUITE_P")
        -: 1324:constexpr bool InstantiateTypedTestCase_P_IsDeprecated() { return true; }
        -: 1325:
        -: 1326:}  // namespace internal
        -: 1327:}  // namespace testing
        -: 1328:
        -: 1329:namespace std {
        -: 1330:// Some standard library implementations use `struct tuple_size` and some use
        -: 1331:// `class tuple_size`. Clang warns about the mismatch.
        -: 1332:// https://reviews.llvm.org/D55466
        -: 1333:#ifdef __clang__
        -: 1334:#pragma clang diagnostic push
        -: 1335:#pragma clang diagnostic ignored "-Wmismatched-tags"
        -: 1336:#endif
        -: 1337:template <typename... Ts>
        -: 1338:struct tuple_size<testing::internal::FlatTuple<Ts...>>
        -: 1339:    : std::integral_constant<size_t, sizeof...(Ts)> {};
        -: 1340:#ifdef __clang__
        -: 1341:#pragma clang diagnostic pop
        -: 1342:#endif
        -: 1343:}  // namespace std
        -: 1344:
        -: 1345:#define GTEST_MESSAGE_AT_(file, line, message, result_type)             \
        -: 1346:  ::testing::internal::AssertHelper(result_type, file, line, message) = \
        -: 1347:      ::testing::Message()
        -: 1348:
        -: 1349:#define GTEST_MESSAGE_(message, result_type) \
        -: 1350:  GTEST_MESSAGE_AT_(__FILE__, __LINE__, message, result_type)
        -: 1351:
        -: 1352:#define GTEST_FATAL_FAILURE_(message) \
        -: 1353:  return GTEST_MESSAGE_(message, ::testing::TestPartResult::kFatalFailure)
        -: 1354:
        -: 1355:#define GTEST_NONFATAL_FAILURE_(message) \
        -: 1356:  GTEST_MESSAGE_(message, ::testing::TestPartResult::kNonFatalFailure)
        -: 1357:
        -: 1358:#define GTEST_SUCCESS_(message) \
        -: 1359:  GTEST_MESSAGE_(message, ::testing::TestPartResult::kSuccess)
        -: 1360:
        -: 1361:#define GTEST_SKIP_(message) \
        -: 1362:  return GTEST_MESSAGE_(message, ::testing::TestPartResult::kSkip)
        -: 1363:
        -: 1364:// Suppress MSVC warning 4072 (unreachable code) for the code following
        -: 1365:// statement if it returns or throws (or doesn't return or throw in some
        -: 1366:// situations).
        -: 1367:// NOTE: The "else" is important to keep this expansion to prevent a top-level
        -: 1368:// "else" from attaching to our "if".
        -: 1369:#define GTEST_SUPPRESS_UNREACHABLE_CODE_WARNING_BELOW_(statement) \
        -: 1370:  if (::testing::internal::AlwaysTrue()) {                        \
        -: 1371:    statement;                                                    \
        -: 1372:  } else                     /* NOLINT */                         \
        -: 1373:    static_assert(true, "")  // User must have a semicolon after expansion.
        -: 1374:
        -: 1375:#if GTEST_HAS_EXCEPTIONS
        -: 1376:
        -: 1377:namespace testing {
        -: 1378:namespace internal {
        -: 1379:
        -: 1380:class NeverThrown {
        -: 1381: public:
        -: 1382:  const char* what() const noexcept {
        -: 1383:    return "this exception should never be thrown";
        -: 1384:  }
        -: 1385:};
        -: 1386:
        -: 1387:}  // namespace internal
        -: 1388:}  // namespace testing
        -: 1389:
        -: 1390:#if GTEST_HAS_RTTI
        -: 1391:
        -: 1392:#define GTEST_EXCEPTION_TYPE_(e) ::testing::internal::GetTypeName(typeid(e))
        -: 1393:
        -: 1394:#else  // GTEST_HAS_RTTI
        -: 1395:
        -: 1396:#define GTEST_EXCEPTION_TYPE_(e) \
        -: 1397:  std::string { "an std::exception-derived error" }
        -: 1398:
        -: 1399:#endif  // GTEST_HAS_RTTI
        -: 1400:
        -: 1401:#define GTEST_TEST_THROW_CATCH_STD_EXCEPTION_(statement, expected_exception)   \
        -: 1402:  catch (typename std::conditional<                                            \
        -: 1403:         std::is_same<typename std::remove_cv<typename std::remove_reference<  \
        -: 1404:                          expected_exception>::type>::type,                    \
        -: 1405:                      std::exception>::value,                                  \
        -: 1406:         const ::testing::internal::NeverThrown&, const std::exception&>::type \
        -: 1407:             e) {                                                              \
        -: 1408:    gtest_msg.value = "Expected: " #statement                                  \
        -: 1409:                      " throws an exception of type " #expected_exception      \
        -: 1410:                      ".\n  Actual: it throws ";                               \
        -: 1411:    gtest_msg.value += GTEST_EXCEPTION_TYPE_(e);                               \
        -: 1412:    gtest_msg.value += " with description \"";                                 \
        -: 1413:    gtest_msg.value += e.what();                                               \
        -: 1414:    gtest_msg.value += "\".";                                                  \
        -: 1415:    goto GTEST_CONCAT_TOKEN_(gtest_label_testthrow_, __LINE__);                \
        -: 1416:  }
        -: 1417:
        -: 1418:#else  // GTEST_HAS_EXCEPTIONS
        -: 1419:
        -: 1420:#define GTEST_TEST_THROW_CATCH_STD_EXCEPTION_(statement, expected_exception)
        -: 1421:
        -: 1422:#endif  // GTEST_HAS_EXCEPTIONS
        -: 1423:
        -: 1424:#define GTEST_TEST_THROW_(statement, expected_exception, fail)              \
        -: 1425:  GTEST_AMBIGUOUS_ELSE_BLOCKER_                                             \
        -: 1426:  if (::testing::internal::TrueWithString gtest_msg{}) {                    \
        -: 1427:    bool gtest_caught_expected = false;                                     \
        -: 1428:    try {                                                                   \
        -: 1429:      GTEST_SUPPRESS_UNREACHABLE_CODE_WARNING_BELOW_(statement);            \
        -: 1430:    } catch (expected_exception const&) {                                   \
        -: 1431:      gtest_caught_expected = true;                                         \
        -: 1432:    }                                                                       \
        -: 1433:    GTEST_TEST_THROW_CATCH_STD_EXCEPTION_(statement, expected_exception)    \
        -: 1434:    catch (...) {                                                           \
        -: 1435:      gtest_msg.value = "Expected: " #statement                             \
        -: 1436:                        " throws an exception of type " #expected_exception \
        -: 1437:                        ".\n  Actual: it throws a different type.";         \
        -: 1438:      goto GTEST_CONCAT_TOKEN_(gtest_label_testthrow_, __LINE__);           \
        -: 1439:    }                                                                       \
        -: 1440:    if (!gtest_caught_expected) {                                           \
        -: 1441:      gtest_msg.value = "Expected: " #statement                             \
        -: 1442:                        " throws an exception of type " #expected_exception \
        -: 1443:                        ".\n  Actual: it throws nothing.";                  \
        -: 1444:      goto GTEST_CONCAT_TOKEN_(gtest_label_testthrow_, __LINE__);           \
        -: 1445:    }                                                                       \
        -: 1446:  } else /*NOLINT*/                                                         \
        -: 1447:    GTEST_CONCAT_TOKEN_(gtest_label_testthrow_, __LINE__)                   \
        -: 1448:        : fail(gtest_msg.value.c_str())
        -: 1449:
        -: 1450:#if GTEST_HAS_EXCEPTIONS
        -: 1451:
        -: 1452:#define GTEST_TEST_NO_THROW_CATCH_STD_EXCEPTION_()                \
        -: 1453:  catch (std::exception const& e) {                               \
        -: 1454:    gtest_msg.value = "it throws ";                               \
        -: 1455:    gtest_msg.value += GTEST_EXCEPTION_TYPE_(e);                  \
        -: 1456:    gtest_msg.value += " with description \"";                    \
        -: 1457:    gtest_msg.value += e.what();                                  \
        -: 1458:    gtest_msg.value += "\".";                                     \
        -: 1459:    goto GTEST_CONCAT_TOKEN_(gtest_label_testnothrow_, __LINE__); \
        -: 1460:  }
        -: 1461:
        -: 1462:#else  // GTEST_HAS_EXCEPTIONS
        -: 1463:
        -: 1464:#define GTEST_TEST_NO_THROW_CATCH_STD_EXCEPTION_()
        -: 1465:
        -: 1466:#endif  // GTEST_HAS_EXCEPTIONS
        -: 1467:
        -: 1468:#define GTEST_TEST_NO_THROW_(statement, fail)                            \
        -: 1469:  GTEST_AMBIGUOUS_ELSE_BLOCKER_                                          \
        -: 1470:  if (::testing::internal::TrueWithString gtest_msg{}) {                 \
        -: 1471:    try {                                                                \
        -: 1472:      GTEST_SUPPRESS_UNREACHABLE_CODE_WARNING_BELOW_(statement);         \
        -: 1473:    }                                                                    \
        -: 1474:    GTEST_TEST_NO_THROW_CATCH_STD_EXCEPTION_()                           \
        -: 1475:    catch (...) {                                                        \
        -: 1476:      gtest_msg.value = "it throws.";                                    \
        -: 1477:      goto GTEST_CONCAT_TOKEN_(gtest_label_testnothrow_, __LINE__);      \
        -: 1478:    }                                                                    \
        -: 1479:  } else                                                                 \
        -: 1480:    GTEST_CONCAT_TOKEN_(gtest_label_testnothrow_, __LINE__)              \
        -: 1481:        : fail(("Expected: " #statement " doesn't throw an exception.\n" \
        -: 1482:                "  Actual: " +                                           \
        -: 1483:                gtest_msg.value)                                         \
        -: 1484:                   .c_str())
        -: 1485:
        -: 1486:#define GTEST_TEST_ANY_THROW_(statement, fail)                       \
        -: 1487:  GTEST_AMBIGUOUS_ELSE_BLOCKER_                                      \
        -: 1488:  if (::testing::internal::AlwaysTrue()) {                           \
        -: 1489:    bool gtest_caught_any = false;                                   \
        -: 1490:    try {                                                            \
        -: 1491:      GTEST_SUPPRESS_UNREACHABLE_CODE_WARNING_BELOW_(statement);     \
        -: 1492:    } catch (...) {                                                  \
        -: 1493:      gtest_caught_any = true;                                       \
        -: 1494:    }                                                                \
        -: 1495:    if (!gtest_caught_any) {                                         \
        -: 1496:      goto GTEST_CONCAT_TOKEN_(gtest_label_testanythrow_, __LINE__); \
        -: 1497:    }                                                                \
        -: 1498:  } else                                                             \
        -: 1499:    GTEST_CONCAT_TOKEN_(gtest_label_testanythrow_, __LINE__)         \
        -: 1500:        : fail("Expected: " #statement                               \
        -: 1501:               " throws an exception.\n"                             \
        -: 1502:               "  Actual: it doesn't.")
        -: 1503:
        -: 1504:// Implements Boolean test assertions such as EXPECT_TRUE. expression can be
        -: 1505:// either a boolean expression or an AssertionResult. text is a textual
        -: 1506:// representation of expression as it was passed into the EXPECT_TRUE.
        -: 1507:#define GTEST_TEST_BOOLEAN_(expression, text, actual, expected, fail) \
        -: 1508:  GTEST_AMBIGUOUS_ELSE_BLOCKER_                                       \
        -: 1509:  if (const ::testing::AssertionResult gtest_ar_ =                    \
        -: 1510:          ::testing::AssertionResult(expression))                     \
        -: 1511:    ;                                                                 \
        -: 1512:  else                                                                \
        -: 1513:    fail(::testing::internal::GetBoolAssertionFailureMessage(         \
        -: 1514:             gtest_ar_, text, #actual, #expected)                     \
        -: 1515:             .c_str())
        -: 1516:
        -: 1517:#define GTEST_TEST_NO_FATAL_FAILURE_(statement, fail)                          \
        -: 1518:  GTEST_AMBIGUOUS_ELSE_BLOCKER_                                                \
        -: 1519:  if (::testing::internal::AlwaysTrue()) {                                     \
        -: 1520:    ::testing::internal::HasNewFatalFailureHelper gtest_fatal_failure_checker; \
        -: 1521:    GTEST_SUPPRESS_UNREACHABLE_CODE_WARNING_BELOW_(statement);                 \
        -: 1522:    if (gtest_fatal_failure_checker.has_new_fatal_failure()) {                 \
        -: 1523:      goto GTEST_CONCAT_TOKEN_(gtest_label_testnofatal_, __LINE__);            \
        -: 1524:    }                                                                          \
        -: 1525:  } else                                                                       \
        -: 1526:    GTEST_CONCAT_TOKEN_(gtest_label_testnofatal_, __LINE__)                    \
        -: 1527:        : fail("Expected: " #statement                                         \
        -: 1528:               " doesn't generate new fatal "                                  \
        -: 1529:               "failures in the current thread.\n"                             \
        -: 1530:               "  Actual: it does.")
        -: 1531:
        -: 1532:// Expands to the name of the class that implements the given test.
        -: 1533:#define GTEST_TEST_CLASS_NAME_(test_suite_name, test_name) \
        -: 1534:  test_suite_name##_##test_name##_Test
        -: 1535:
        -: 1536:// Helper macro for defining tests.
        -: 1537:#define GTEST_TEST_(test_suite_name, test_name, parent_class, parent_id)      \
        -: 1538:  static_assert(sizeof(GTEST_STRINGIFY_(test_suite_name)) > 1,                \
        -: 1539:                "test_suite_name must not be empty");                         \
        -: 1540:  static_assert(sizeof(GTEST_STRINGIFY_(test_name)) > 1,                      \
        -: 1541:                "test_name must not be empty");                               \
        -: 1542:  class GTEST_TEST_CLASS_NAME_(test_suite_name, test_name)                    \
        -: 1543:      : public parent_class {                                                 \
        -: 1544:   public:                                                                    \
        -: 1545:    GTEST_TEST_CLASS_NAME_(test_suite_name, test_name)() = default;           \
        -: 1546:    ~GTEST_TEST_CLASS_NAME_(test_suite_name, test_name)() override = default; \
        -: 1547:    GTEST_DISALLOW_COPY_AND_ASSIGN_(GTEST_TEST_CLASS_NAME_(test_suite_name,   \
        -: 1548:                                                           test_name));       \
        -: 1549:    GTEST_DISALLOW_MOVE_AND_ASSIGN_(GTEST_TEST_CLASS_NAME_(test_suite_name,   \
        -: 1550:                                                           test_name));       \
        -: 1551:                                                                              \
        -: 1552:   private:                                                                   \
        -: 1553:    void TestBody() override;                                                 \
        -: 1554:    static ::testing::TestInfo* const test_info_ GTEST_ATTRIBUTE_UNUSED_;     \
        -: 1555:  };                                                                          \
        -: 1556:                                                                              \
        -: 1557:  ::testing::TestInfo* const GTEST_TEST_CLASS_NAME_(test_suite_name,          \
        -: 1558:                                                    test_name)::test_info_ =  \
        -: 1559:      ::testing::internal::MakeAndRegisterTestInfo(                           \
        -: 1560:          #test_suite_name, #test_name, nullptr, nullptr,                     \
        -: 1561:          ::testing::internal::CodeLocation(__FILE__, __LINE__), (parent_id), \
        -: 1562:          ::testing::internal::SuiteApiResolver<                              \
        -: 1563:              parent_class>::GetSetUpCaseOrSuite(__FILE__, __LINE__),         \
        -: 1564:          ::testing::internal::SuiteApiResolver<                              \
        -: 1565:              parent_class>::GetTearDownCaseOrSuite(__FILE__, __LINE__),      \
        -: 1566:          new ::testing::internal::TestFactoryImpl<GTEST_TEST_CLASS_NAME_(    \
        -: 1567:              test_suite_name, test_name)>);                                  \
        -: 1568:  void GTEST_TEST_CLASS_NAME_(test_suite_name, test_name)::TestBody()
        -: 1569:
        -: 1570:#endif  // GOOGLETEST_INCLUDE_GTEST_INTERNAL_GTEST_INTERNAL_H_
