        -:    0:Source:/usr/include/c++/9/ext/new_allocator.h
        -:    0:Graph:/home/georgerapeanu/Desktop/ubbShit/Semester2/Graphs/homeworks/lab1/c++/cmake-build-debug-coverage/tests/CMakeFiles/c___tests.dir/__/Graph.cpp.gcno
        -:    0:Data:/home/georgerapeanu/Desktop/ubbShit/Semester2/Graphs/homeworks/lab1/c++/cmake-build-debug-coverage/tests/CMakeFiles/c___tests.dir/__/Graph.cpp.gcda
        -:    0:Runs:1
        -:    1:// Allocator that wraps operator new -*- C++ -*-
        -:    2:
        -:    3:// Copyright (C) 2001-2019 Free Software Foundation, Inc.
        -:    4://
        -:    5:// This file is part of the GNU ISO C++ Library.  This library is free
        -:    6:// software; you can redistribute it and/or modify it under the
        -:    7:// terms of the GNU General Public License as published by the
        -:    8:// Free Software Foundation; either version 3, or (at your option)
        -:    9:// any later version.
        -:   10:
        -:   11:// This library is distributed in the hope that it will be useful,
        -:   12:// but WITHOUT ANY WARRANTY; without even the implied warranty of
        -:   13:// MERCHANTABILITY or FITNESS FOR A PARTICULAR PURPOSE.  See the
        -:   14:// GNU General Public License for more details.
        -:   15:
        -:   16:// Under Section 7 of GPL version 3, you are granted additional
        -:   17:// permissions described in the GCC Runtime Library Exception, version
        -:   18:// 3.1, as published by the Free Software Foundation.
        -:   19:
        -:   20:// You should have received a copy of the GNU General Public License and
        -:   21:// a copy of the GCC Runtime Library Exception along with this program;
        -:   22:// see the files COPYING3 and COPYING.RUNTIME respectively.  If not, see
        -:   23:// <http://www.gnu.org/licenses/>.
        -:   24:
        -:   25:/** @file ext/new_allocator.h
        -:   26: *  This file is a GNU extension to the Standard C++ Library.
        -:   27: */
        -:   28:
        -:   29:#ifndef _NEW_ALLOCATOR_H
        -:   30:#define _NEW_ALLOCATOR_H 1
        -:   31:
        -:   32:#include <bits/c++config.h>
        -:   33:#include <new>
        -:   34:#include <bits/functexcept.h>
        -:   35:#include <bits/move.h>
        -:   36:#if __cplusplus >= 201103L
        -:   37:#include <type_traits>
        -:   38:#endif
        -:   39:
        -:   40:namespace __gnu_cxx _GLIBCXX_VISIBILITY(default)
        -:   41:{
        -:   42:_GLIBCXX_BEGIN_NAMESPACE_VERSION
        -:   43:
        -:   44:  using std::size_t;
        -:   45:  using std::ptrdiff_t;
        -:   46:
        -:   47:  /**
        -:   48:   *  @brief  An allocator that uses global new, as per [20.4].
        -:   49:   *  @ingroup allocators
        -:   50:   *
        -:   51:   *  This is precisely the allocator defined in the C++ Standard.
        -:   52:   *    - all allocation calls operator new
        -:   53:   *    - all deallocation calls operator delete
        -:   54:   *
        -:   55:   *  @tparam  _Tp  Type of allocated object.
        -:   56:   */
        -:   57:  template<typename _Tp>
        -:   58:    class new_allocator
        -:   59:    {
        -:   60:    public:
        -:   61:      typedef size_t     size_type;
        -:   62:      typedef ptrdiff_t  difference_type;
        -:   63:      typedef _Tp*       pointer;
        -:   64:      typedef const _Tp* const_pointer;
        -:   65:      typedef _Tp&       reference;
        -:   66:      typedef const _Tp& const_reference;
        -:   67:      typedef _Tp        value_type;
        -:   68:
        -:   69:      template<typename _Tp1>
        -:   70:	struct rebind
        -:   71:	{ typedef new_allocator<_Tp1> other; };
        -:   72:
        -:   73:#if __cplusplus >= 201103L
        -:   74:      // _GLIBCXX_RESOLVE_LIB_DEFECTS
        -:   75:      // 2103. propagate_on_container_move_assignment
        -:   76:      typedef std::true_type propagate_on_container_move_assignment;
        -:   77:#endif
        -:   78:
        -:   79:      _GLIBCXX20_CONSTEXPR
     660*:   80:      new_allocator() _GLIBCXX_USE_NOEXCEPT { }
------------------
_ZN9__gnu_cxx13new_allocatorISt5tupleIJNSt7__cxx1112basic_stringIcSt11char_traitsIcESaIcEEES7_iEEEC2Ev:
function _ZN9__gnu_cxx13new_allocatorISt5tupleIJNSt7__cxx1112basic_stringIcSt11char_traitsIcESaIcEEES7_iEEEC2Ev called 31 returned 100% blocks executed 100%
       31:   80:      new_allocator() _GLIBCXX_USE_NOEXCEPT { }
------------------
_ZN9__gnu_cxx13new_allocatorINSt7__cxx1112basic_stringIcSt11char_traitsIcESaIcEEEEC2Ev:
function _ZN9__gnu_cxx13new_allocatorINSt7__cxx1112basic_stringIcSt11char_traitsIcESaIcEEEEC2Ev called 485 returned 100% blocks executed 100%
      485:   80:      new_allocator() _GLIBCXX_USE_NOEXCEPT { }
------------------
_ZN9__gnu_cxx13new_allocatorISt13_Rb_tree_nodeISt4pairIKS2_INSt7__cxx1112basic_stringIcSt11char_traitsIcESaIcEEES8_EiEEEC2Ev:
function _ZN9__gnu_cxx13new_allocatorISt13_Rb_tree_nodeISt4pairIKS2_INSt7__cxx1112basic_stringIcSt11char_traitsIcESaIcEEES8_EiEEEC2Ev called 48 returned 100% blocks executed 100%
       48:   80:      new_allocator() _GLIBCXX_USE_NOEXCEPT { }
------------------
_ZN9__gnu_cxx13new_allocatorISt13_Rb_tree_nodeISt4pairIKNSt7__cxx1112basic_stringIcSt11char_traitsIcESaIcEEESt6vectorIS8_SaIS8_EEEEEC2Ev:
function _ZN9__gnu_cxx13new_allocatorISt13_Rb_tree_nodeISt4pairIKNSt7__cxx1112basic_stringIcSt11char_traitsIcESaIcEEESt6vectorIS8_SaIS8_EEEEEC2Ev called 96 returned 100% blocks executed 100%
       96:   80:      new_allocator() _GLIBCXX_USE_NOEXCEPT { }
------------------
_ZN9__gnu_cxx13new_allocatorIcEC2Ev:
function _ZN9__gnu_cxx13new_allocatorIcEC2Ev called 0 returned 0% blocks executed 0%
    #####:   80:      new_allocator() _GLIBCXX_USE_NOEXCEPT { }
------------------
        -:   81:
        -:   82:      _GLIBCXX20_CONSTEXPR
     820*:   83:      new_allocator(const new_allocator&) _GLIBCXX_USE_NOEXCEPT { }
------------------
_ZN9__gnu_cxx13new_allocatorINSt7__cxx1112basic_stringIcSt11char_traitsIcESaIcEEEEC2ERKS7_:
function _ZN9__gnu_cxx13new_allocatorINSt7__cxx1112basic_stringIcSt11char_traitsIcESaIcEEEEC2ERKS7_ called 820 returned 100% blocks executed 100%
      820:   83:      new_allocator(const new_allocator&) _GLIBCXX_USE_NOEXCEPT { }
------------------
_ZN9__gnu_cxx13new_allocatorIcEC2ERKS1_:
function _ZN9__gnu_cxx13new_allocatorIcEC2ERKS1_ called 0 returned 0% blocks executed 0%
    #####:   83:      new_allocator(const new_allocator&) _GLIBCXX_USE_NOEXCEPT { }
------------------
        -:   84:
        -:   85:      template<typename _Tp1>
        -:   86:	_GLIBCXX20_CONSTEXPR
        -:   87:	new_allocator(const new_allocator<_Tp1>&) _GLIBCXX_USE_NOEXCEPT { }
        -:   88:
    1523*:   89:      ~new_allocator() _GLIBCXX_USE_NOEXCEPT { }
------------------
_ZN9__gnu_cxx13new_allocatorISt5tupleIJNSt7__cxx1112basic_stringIcSt11char_traitsIcESaIcEEES7_iEEED2Ev:
function _ZN9__gnu_cxx13new_allocatorISt5tupleIJNSt7__cxx1112basic_stringIcSt11char_traitsIcESaIcEEES7_iEEED2Ev called 74 returned 100% blocks executed 100%
       74:   89:      ~new_allocator() _GLIBCXX_USE_NOEXCEPT { }
------------------
_ZN9__gnu_cxx13new_allocatorINSt7__cxx1112basic_stringIcSt11char_traitsIcESaIcEEEED2Ev:
function _ZN9__gnu_cxx13new_allocatorINSt7__cxx1112basic_stringIcSt11char_traitsIcESaIcEEEED2Ev called 1305 returned 100% blocks executed 100%
     1305:   89:      ~new_allocator() _GLIBCXX_USE_NOEXCEPT { }
------------------
_ZN9__gnu_cxx13new_allocatorISt13_Rb_tree_nodeISt4pairIKS2_INSt7__cxx1112basic_stringIcSt11char_traitsIcESaIcEEES8_EiEEED2Ev:
function _ZN9__gnu_cxx13new_allocatorISt13_Rb_tree_nodeISt4pairIKS2_INSt7__cxx1112basic_stringIcSt11char_traitsIcESaIcEEES8_EiEEED2Ev called 48 returned 100% blocks executed 100%
       48:   89:      ~new_allocator() _GLIBCXX_USE_NOEXCEPT { }
------------------
_ZN9__gnu_cxx13new_allocatorISt13_Rb_tree_nodeISt4pairIKNSt7__cxx1112basic_stringIcSt11char_traitsIcESaIcEEESt6vectorIS8_SaIS8_EEEEED2Ev:
function _ZN9__gnu_cxx13new_allocatorISt13_Rb_tree_nodeISt4pairIKNSt7__cxx1112basic_stringIcSt11char_traitsIcESaIcEEESt6vectorIS8_SaIS8_EEEEED2Ev called 96 returned 100% blocks executed 100%
       96:   89:      ~new_allocator() _GLIBCXX_USE_NOEXCEPT { }
------------------
_ZN9__gnu_cxx13new_allocatorIcED2Ev:
function _ZN9__gnu_cxx13new_allocatorIcED2Ev called 0 returned 0% blocks executed 0%
    #####:   89:      ~new_allocator() _GLIBCXX_USE_NOEXCEPT { }
------------------
        -:   90:
        -:   91:      pointer
        -:   92:      address(reference __x) const _GLIBCXX_NOEXCEPT
        -:   93:      { return std::__addressof(__x); }
        -:   94:
        -:   95:      const_pointer
        -:   96:      address(const_reference __x) const _GLIBCXX_NOEXCEPT
        -:   97:      { return std::__addressof(__x); }
        -:   98:
        -:   99:      // NB: __n is permitted to be 0.  The C++ standard says nothing
        -:  100:      // about what the return value is when __n == 0.
        -:  101:      _GLIBCXX_NODISCARD pointer
     1073:  102:      allocate(size_type __n, const void* = static_cast<const void*>(0))
        -:  103:      {
     1073:  104:	if (__n > this->max_size())
    #####:  105:	  std::__throw_bad_alloc();
        -:  106:
        -:  107:#if __cpp_aligned_new
        -:  108:	if (alignof(_Tp) > __STDCPP_DEFAULT_NEW_ALIGNMENT__)
        -:  109:	  {
        -:  110:	    std::align_val_t __al = std::align_val_t(alignof(_Tp));
        -:  111:	    return static_cast<_Tp*>(::operator new(__n * sizeof(_Tp), __al));
        -:  112:	  }
        -:  113:#endif
     1073:  114:	return static_cast<_Tp*>(::operator new(__n * sizeof(_Tp)));
        -:  115:      }
------------------
_ZN9__gnu_cxx13new_allocatorISt13_Rb_tree_nodeISt4pairIKS2_INSt7__cxx1112basic_stringIcSt11char_traitsIcESaIcEEES8_EiEEE8allocateEmPKv:
function _ZN9__gnu_cxx13new_allocatorISt13_Rb_tree_nodeISt4pairIKS2_INSt7__cxx1112basic_stringIcSt11char_traitsIcESaIcEEES8_EiEEE8allocateEmPKv called 167 returned 100% blocks executed 83%
      167:  102:      allocate(size_type __n, const void* = static_cast<const void*>(0))
        -:  103:      {
      167:  104:	if (__n > this->max_size())
      167:  104-block  0
call    0 returned 167
branch  1 taken 0 (fallthrough)
branch  2 taken 167
    #####:  105:	  std::__throw_bad_alloc();
    %%%%%:  105-block  0
call    0 never executed
        -:  106:
        -:  107:#if __cpp_aligned_new
        -:  108:	if (alignof(_Tp) > __STDCPP_DEFAULT_NEW_ALIGNMENT__)
        -:  109:	  {
        -:  110:	    std::align_val_t __al = std::align_val_t(alignof(_Tp));
        -:  111:	    return static_cast<_Tp*>(::operator new(__n * sizeof(_Tp), __al));
        -:  112:	  }
        -:  113:#endif
      167:  114:	return static_cast<_Tp*>(::operator new(__n * sizeof(_Tp)));
      167:  114-block  0
call    0 returned 167
        -:  115:      }
------------------
_ZN9__gnu_cxx13new_allocatorISt13_Rb_tree_nodeISt4pairIKNSt7__cxx1112basic_stringIcSt11char_traitsIcESaIcEEESt6vectorIS8_SaIS8_EEEEE8allocateEmPKv:
function _ZN9__gnu_cxx13new_allocatorISt13_Rb_tree_nodeISt4pairIKNSt7__cxx1112basic_stringIcSt11char_traitsIcESaIcEEESt6vectorIS8_SaIS8_EEEEE8allocateEmPKv called 326 returned 100% blocks executed 83%
      326:  102:      allocate(size_type __n, const void* = static_cast<const void*>(0))
        -:  103:      {
      326:  104:	if (__n > this->max_size())
      326:  104-block  0
call    0 returned 326
branch  1 taken 0 (fallthrough)
branch  2 taken 326
    #####:  105:	  std::__throw_bad_alloc();
    %%%%%:  105-block  0
call    0 never executed
        -:  106:
        -:  107:#if __cpp_aligned_new
        -:  108:	if (alignof(_Tp) > __STDCPP_DEFAULT_NEW_ALIGNMENT__)
        -:  109:	  {
        -:  110:	    std::align_val_t __al = std::align_val_t(alignof(_Tp));
        -:  111:	    return static_cast<_Tp*>(::operator new(__n * sizeof(_Tp), __al));
        -:  112:	  }
        -:  113:#endif
      326:  114:	return static_cast<_Tp*>(::operator new(__n * sizeof(_Tp)));
      326:  114-block  0
call    0 returned 326
        -:  115:      }
------------------
_ZN9__gnu_cxx13new_allocatorISt5tupleIJNSt7__cxx1112basic_stringIcSt11char_traitsIcESaIcEEES7_iEEE8allocateEmPKv:
function _ZN9__gnu_cxx13new_allocatorISt5tupleIJNSt7__cxx1112basic_stringIcSt11char_traitsIcESaIcEEES7_iEEE8allocateEmPKv called 46 returned 100% blocks executed 83%
       46:  102:      allocate(size_type __n, const void* = static_cast<const void*>(0))
        -:  103:      {
       46:  104:	if (__n > this->max_size())
       46:  104-block  0
call    0 returned 46
branch  1 taken 0 (fallthrough)
branch  2 taken 46
    #####:  105:	  std::__throw_bad_alloc();
    %%%%%:  105-block  0
call    0 never executed
        -:  106:
        -:  107:#if __cpp_aligned_new
        -:  108:	if (alignof(_Tp) > __STDCPP_DEFAULT_NEW_ALIGNMENT__)
        -:  109:	  {
        -:  110:	    std::align_val_t __al = std::align_val_t(alignof(_Tp));
        -:  111:	    return static_cast<_Tp*>(::operator new(__n * sizeof(_Tp), __al));
        -:  112:	  }
        -:  113:#endif
       46:  114:	return static_cast<_Tp*>(::operator new(__n * sizeof(_Tp)));
       46:  114-block  0
call    0 returned 46
        -:  115:      }
------------------
_ZN9__gnu_cxx13new_allocatorINSt7__cxx1112basic_stringIcSt11char_traitsIcESaIcEEEE8allocateEmPKv:
function _ZN9__gnu_cxx13new_allocatorINSt7__cxx1112basic_stringIcSt11char_traitsIcESaIcEEEE8allocateEmPKv called 534 returned 100% blocks executed 83%
      534:  102:      allocate(size_type __n, const void* = static_cast<const void*>(0))
        -:  103:      {
      534:  104:	if (__n > this->max_size())
      534:  104-block  0
call    0 returned 534
branch  1 taken 0 (fallthrough)
branch  2 taken 534
    #####:  105:	  std::__throw_bad_alloc();
    %%%%%:  105-block  0
call    0 never executed
        -:  106:
        -:  107:#if __cpp_aligned_new
        -:  108:	if (alignof(_Tp) > __STDCPP_DEFAULT_NEW_ALIGNMENT__)
        -:  109:	  {
        -:  110:	    std::align_val_t __al = std::align_val_t(alignof(_Tp));
        -:  111:	    return static_cast<_Tp*>(::operator new(__n * sizeof(_Tp), __al));
        -:  112:	  }
        -:  113:#endif
      534:  114:	return static_cast<_Tp*>(::operator new(__n * sizeof(_Tp)));
      534:  114-block  0
call    0 returned 534
        -:  115:      }
------------------
        -:  116:
        -:  117:      // __p is not permitted to be a null pointer.
        -:  118:      void
     1073:  119:      deallocate(pointer __p, size_type)
        -:  120:      {
        -:  121:#if __cpp_aligned_new
        -:  122:	if (alignof(_Tp) > __STDCPP_DEFAULT_NEW_ALIGNMENT__)
        -:  123:	  {
        -:  124:	    ::operator delete(__p, std::align_val_t(alignof(_Tp)));
        -:  125:	    return;
        -:  126:	  }
        -:  127:#endif
     1073:  128:	::operator delete(__p);
     1073:  129:      }
------------------
_ZN9__gnu_cxx13new_allocatorISt13_Rb_tree_nodeISt4pairIKS2_INSt7__cxx1112basic_stringIcSt11char_traitsIcESaIcEEES8_EiEEE10deallocateEPSC_m:
function _ZN9__gnu_cxx13new_allocatorISt13_Rb_tree_nodeISt4pairIKS2_INSt7__cxx1112basic_stringIcSt11char_traitsIcESaIcEEES8_EiEEE10deallocateEPSC_m called 167 returned 100% blocks executed 100%
      167:  119:      deallocate(pointer __p, size_type)
        -:  120:      {
        -:  121:#if __cpp_aligned_new
        -:  122:	if (alignof(_Tp) > __STDCPP_DEFAULT_NEW_ALIGNMENT__)
        -:  123:	  {
        -:  124:	    ::operator delete(__p, std::align_val_t(alignof(_Tp)));
        -:  125:	    return;
        -:  126:	  }
        -:  127:#endif
      167:  128:	::operator delete(__p);
      167:  128-block  0
call    0 returned 167
      167:  129:      }
------------------
_ZN9__gnu_cxx13new_allocatorISt13_Rb_tree_nodeISt4pairIKNSt7__cxx1112basic_stringIcSt11char_traitsIcESaIcEEESt6vectorIS8_SaIS8_EEEEE10deallocateEPSE_m:
function _ZN9__gnu_cxx13new_allocatorISt13_Rb_tree_nodeISt4pairIKNSt7__cxx1112basic_stringIcSt11char_traitsIcESaIcEEESt6vectorIS8_SaIS8_EEEEE10deallocateEPSE_m called 326 returned 100% blocks executed 100%
      326:  119:      deallocate(pointer __p, size_type)
        -:  120:      {
        -:  121:#if __cpp_aligned_new
        -:  122:	if (alignof(_Tp) > __STDCPP_DEFAULT_NEW_ALIGNMENT__)
        -:  123:	  {
        -:  124:	    ::operator delete(__p, std::align_val_t(alignof(_Tp)));
        -:  125:	    return;
        -:  126:	  }
        -:  127:#endif
      326:  128:	::operator delete(__p);
      326:  128-block  0
call    0 returned 326
      326:  129:      }
------------------
_ZN9__gnu_cxx13new_allocatorISt5tupleIJNSt7__cxx1112basic_stringIcSt11char_traitsIcESaIcEEES7_iEEE10deallocateEPS8_m:
function _ZN9__gnu_cxx13new_allocatorISt5tupleIJNSt7__cxx1112basic_stringIcSt11char_traitsIcESaIcEEES7_iEEE10deallocateEPS8_m called 46 returned 100% blocks executed 100%
       46:  119:      deallocate(pointer __p, size_type)
        -:  120:      {
        -:  121:#if __cpp_aligned_new
        -:  122:	if (alignof(_Tp) > __STDCPP_DEFAULT_NEW_ALIGNMENT__)
        -:  123:	  {
        -:  124:	    ::operator delete(__p, std::align_val_t(alignof(_Tp)));
        -:  125:	    return;
        -:  126:	  }
        -:  127:#endif
       46:  128:	::operator delete(__p);
       46:  128-block  0
call    0 returned 46
       46:  129:      }
------------------
_ZN9__gnu_cxx13new_allocatorINSt7__cxx1112basic_stringIcSt11char_traitsIcESaIcEEEE10deallocateEPS6_m:
function _ZN9__gnu_cxx13new_allocatorINSt7__cxx1112basic_stringIcSt11char_traitsIcESaIcEEEE10deallocateEPS6_m called 534 returned 100% blocks executed 100%
      534:  119:      deallocate(pointer __p, size_type)
        -:  120:      {
        -:  121:#if __cpp_aligned_new
        -:  122:	if (alignof(_Tp) > __STDCPP_DEFAULT_NEW_ALIGNMENT__)
        -:  123:	  {
        -:  124:	    ::operator delete(__p, std::align_val_t(alignof(_Tp)));
        -:  125:	    return;
        -:  126:	  }
        -:  127:#endif
      534:  128:	::operator delete(__p);
      534:  128-block  0
call    0 returned 534
      534:  129:      }
------------------
        -:  130:
        -:  131:      size_type
     1884:  132:      max_size() const _GLIBCXX_USE_NOEXCEPT
        -:  133:      {
        -:  134:#if __PTRDIFF_MAX__ < __SIZE_MAX__
     1884:  135:	return size_t(__PTRDIFF_MAX__) / sizeof(_Tp);
        -:  136:#else
        -:  137:	return size_t(-1) / sizeof(_Tp);
        -:  138:#endif
        -:  139:      }
------------------
_ZNK9__gnu_cxx13new_allocatorISt13_Rb_tree_nodeISt4pairIKS2_INSt7__cxx1112basic_stringIcSt11char_traitsIcESaIcEEES8_EiEEE8max_sizeEv:
function _ZNK9__gnu_cxx13new_allocatorISt13_Rb_tree_nodeISt4pairIKS2_INSt7__cxx1112basic_stringIcSt11char_traitsIcESaIcEEES8_EiEEE8max_sizeEv called 167 returned 100% blocks executed 100%
      167:  132:      max_size() const _GLIBCXX_USE_NOEXCEPT
        -:  133:      {
        -:  134:#if __PTRDIFF_MAX__ < __SIZE_MAX__
      167:  135:	return size_t(__PTRDIFF_MAX__) / sizeof(_Tp);
      167:  135-block  0
        -:  136:#else
        -:  137:	return size_t(-1) / sizeof(_Tp);
        -:  138:#endif
        -:  139:      }
------------------
_ZNK9__gnu_cxx13new_allocatorISt13_Rb_tree_nodeISt4pairIKNSt7__cxx1112basic_stringIcSt11char_traitsIcESaIcEEESt6vectorIS8_SaIS8_EEEEE8max_sizeEv:
function _ZNK9__gnu_cxx13new_allocatorISt13_Rb_tree_nodeISt4pairIKNSt7__cxx1112basic_stringIcSt11char_traitsIcESaIcEEESt6vectorIS8_SaIS8_EEEEE8max_sizeEv called 326 returned 100% blocks executed 100%
      326:  132:      max_size() const _GLIBCXX_USE_NOEXCEPT
        -:  133:      {
        -:  134:#if __PTRDIFF_MAX__ < __SIZE_MAX__
      326:  135:	return size_t(__PTRDIFF_MAX__) / sizeof(_Tp);
      326:  135-block  0
        -:  136:#else
        -:  137:	return size_t(-1) / sizeof(_Tp);
        -:  138:#endif
        -:  139:      }
------------------
_ZNK9__gnu_cxx13new_allocatorISt5tupleIJNSt7__cxx1112basic_stringIcSt11char_traitsIcESaIcEEES7_iEEE8max_sizeEv:
function _ZNK9__gnu_cxx13new_allocatorISt5tupleIJNSt7__cxx1112basic_stringIcSt11char_traitsIcESaIcEEES7_iEEE8max_sizeEv called 116 returned 100% blocks executed 100%
      116:  132:      max_size() const _GLIBCXX_USE_NOEXCEPT
        -:  133:      {
        -:  134:#if __PTRDIFF_MAX__ < __SIZE_MAX__
      116:  135:	return size_t(__PTRDIFF_MAX__) / sizeof(_Tp);
      116:  135-block  0
        -:  136:#else
        -:  137:	return size_t(-1) / sizeof(_Tp);
        -:  138:#endif
        -:  139:      }
------------------
_ZNK9__gnu_cxx13new_allocatorINSt7__cxx1112basic_stringIcSt11char_traitsIcESaIcEEEE8max_sizeEv:
function _ZNK9__gnu_cxx13new_allocatorINSt7__cxx1112basic_stringIcSt11char_traitsIcESaIcEEEE8max_sizeEv called 1275 returned 100% blocks executed 100%
     1275:  132:      max_size() const _GLIBCXX_USE_NOEXCEPT
        -:  133:      {
        -:  134:#if __PTRDIFF_MAX__ < __SIZE_MAX__
     1275:  135:	return size_t(__PTRDIFF_MAX__) / sizeof(_Tp);
     1275:  135-block  0
        -:  136:#else
        -:  137:	return size_t(-1) / sizeof(_Tp);
        -:  138:#endif
        -:  139:      }
------------------
        -:  140:
        -:  141:#if __cplusplus >= 201103L
        -:  142:      template<typename _Up, typename... _Args>
        -:  143:	void
     1346:  144:	construct(_Up* __p, _Args&&... __args)
        -:  145:	noexcept(std::is_nothrow_constructible<_Up, _Args...>::value)
     1346:  146:	{ ::new((void *)__p) _Up(std::forward<_Args>(__args)...); }
------------------
_ZN9__gnu_cxx13new_allocatorISt13_Rb_tree_nodeISt4pairIKS2_INSt7__cxx1112basic_stringIcSt11char_traitsIcESaIcEEES8_EiEEE9constructISB_JRKSB_EEEvPT_DpOT0_:
function _ZN9__gnu_cxx13new_allocatorISt13_Rb_tree_nodeISt4pairIKS2_INSt7__cxx1112basic_stringIcSt11char_traitsIcESaIcEEES8_EiEEE9constructISB_JRKSB_EEEvPT_DpOT0_ called 66 returned 100% blocks executed 83%
       66:  144:	construct(_Up* __p, _Args&&... __args)
        -:  145:	noexcept(std::is_nothrow_constructible<_Up, _Args...>::value)
       66:  146:	{ ::new((void *)__p) _Up(std::forward<_Args>(__args)...); }
       66:  146-block  0
call    0 returned 66
call    1 returned 66
call    2 returned 66
branch  3 taken 66 (fallthrough)
branch  4 taken 0 (throw)
       66:  146-block  1
    $$$$$:  146-block  2
call    5 never executed
------------------
_ZN9__gnu_cxx13new_allocatorISt13_Rb_tree_nodeISt4pairIKNSt7__cxx1112basic_stringIcSt11char_traitsIcESaIcEEESt6vectorIS8_SaIS8_EEEEE9constructISD_JRKSD_EEEvPT_DpOT0_:
function _ZN9__gnu_cxx13new_allocatorISt13_Rb_tree_nodeISt4pairIKNSt7__cxx1112basic_stringIcSt11char_traitsIcESaIcEEESt6vectorIS8_SaIS8_EEEEE9constructISD_JRKSD_EEEvPT_DpOT0_ called 132 returned 100% blocks executed 83%
      132:  144:	construct(_Up* __p, _Args&&... __args)
        -:  145:	noexcept(std::is_nothrow_constructible<_Up, _Args...>::value)
      132:  146:	{ ::new((void *)__p) _Up(std::forward<_Args>(__args)...); }
      132:  146-block  0
call    0 returned 132
call    1 returned 132
call    2 returned 132
branch  3 taken 132 (fallthrough)
branch  4 taken 0 (throw)
      132:  146-block  1
    $$$$$:  146-block  2
call    5 never executed
------------------
_ZN9__gnu_cxx13new_allocatorISt13_Rb_tree_nodeISt4pairIKS2_INSt7__cxx1112basic_stringIcSt11char_traitsIcESaIcEEES8_EiEEE9constructISB_JRKSt21piecewise_construct_tSt5tupleIJOS9_EESI_IJEEEEEvPT_DpOT0_:
function _ZN9__gnu_cxx13new_allocatorISt13_Rb_tree_nodeISt4pairIKS2_INSt7__cxx1112basic_stringIcSt11char_traitsIcESaIcEEES8_EiEEE9constructISB_JRKSt21piecewise_construct_tSt5tupleIJOS9_EESI_IJEEEEEvPT_DpOT0_ called 104 returned 100% blocks executed 67%
      104:  144:	construct(_Up* __p, _Args&&... __args)
        -:  145:	noexcept(std::is_nothrow_constructible<_Up, _Args...>::value)
      104:  146:	{ ::new((void *)__p) _Up(std::forward<_Args>(__args)...); }
      104:  146-block  0
call    0 returned 104
call    1 returned 104
call    2 returned 104
call    3 returned 104
call    4 returned 104
call    5 returned 104
branch  6 taken 104 (fallthrough)
branch  7 taken 0 (throw)
      104:  146-block  1
    $$$$$:  146-block  2
call    8 never executed
    $$$$$:  146-block  3
    $$$$$:  146-block  4
------------------
_ZN9__gnu_cxx13new_allocatorISt13_Rb_tree_nodeISt4pairIKNSt7__cxx1112basic_stringIcSt11char_traitsIcESaIcEEESt6vectorIS8_SaIS8_EEEEE9constructISD_JRKSt21piecewise_construct_tSt5tupleIJRS9_EESK_IJEEEEEvPT_DpOT0_:
function _ZN9__gnu_cxx13new_allocatorISt13_Rb_tree_nodeISt4pairIKNSt7__cxx1112basic_stringIcSt11char_traitsIcESaIcEEESt6vectorIS8_SaIS8_EEEEE9constructISD_JRKSt21piecewise_construct_tSt5tupleIJRS9_EESK_IJEEEEEvPT_DpOT0_ called 200 returned 100% blocks executed 67%
      200:  144:	construct(_Up* __p, _Args&&... __args)
        -:  145:	noexcept(std::is_nothrow_constructible<_Up, _Args...>::value)
      200:  146:	{ ::new((void *)__p) _Up(std::forward<_Args>(__args)...); }
      200:  146-block  0
call    0 returned 200
call    1 returned 200
call    2 returned 200
call    3 returned 200
call    4 returned 200
call    5 returned 200
branch  6 taken 200 (fallthrough)
branch  7 taken 0 (throw)
      200:  146-block  1
    $$$$$:  146-block  2
call    8 never executed
    $$$$$:  146-block  3
    $$$$$:  146-block  4
------------------
_ZN9__gnu_cxx13new_allocatorINSt7__cxx1112basic_stringIcSt11char_traitsIcESaIcEEEE9constructIS6_JS6_EEEvPT_DpOT0_:
function _ZN9__gnu_cxx13new_allocatorINSt7__cxx1112basic_stringIcSt11char_traitsIcESaIcEEEE9constructIS6_JS6_EEEvPT_DpOT0_ called 306 returned 100% blocks executed 100%
      306:  144:	construct(_Up* __p, _Args&&... __args)
        -:  145:	noexcept(std::is_nothrow_constructible<_Up, _Args...>::value)
      306:  146:	{ ::new((void *)__p) _Up(std::forward<_Args>(__args)...); }
      306:  146-block  0
call    0 returned 306
call    1 returned 306
call    2 returned 306
------------------
_ZN9__gnu_cxx13new_allocatorISt5tupleIJNSt7__cxx1112basic_stringIcSt11char_traitsIcESaIcEEES7_iEEE9constructIS8_JS8_EEEvPT_DpOT0_:
function _ZN9__gnu_cxx13new_allocatorISt5tupleIJNSt7__cxx1112basic_stringIcSt11char_traitsIcESaIcEEES7_iEEE9constructIS8_JS8_EEEvPT_DpOT0_ called 145 returned 100% blocks executed 100%
      145:  144:	construct(_Up* __p, _Args&&... __args)
        -:  145:	noexcept(std::is_nothrow_constructible<_Up, _Args...>::value)
      145:  146:	{ ::new((void *)__p) _Up(std::forward<_Args>(__args)...); }
      145:  146-block  0
call    0 returned 145
call    1 returned 145
call    2 returned 145
------------------
_ZN9__gnu_cxx13new_allocatorINSt7__cxx1112basic_stringIcSt11char_traitsIcESaIcEEEE9constructIS6_JRKS6_EEEvPT_DpOT0_:
function _ZN9__gnu_cxx13new_allocatorINSt7__cxx1112basic_stringIcSt11char_traitsIcESaIcEEEE9constructIS6_JRKS6_EEEvPT_DpOT0_ called 393 returned 100% blocks executed 83%
      393:  144:	construct(_Up* __p, _Args&&... __args)
        -:  145:	noexcept(std::is_nothrow_constructible<_Up, _Args...>::value)
      393:  146:	{ ::new((void *)__p) _Up(std::forward<_Args>(__args)...); }
      393:  146-block  0
call    0 returned 393
call    1 returned 393
call    2 returned 393
branch  3 taken 393 (fallthrough)
branch  4 taken 0 (throw)
      393:  146-block  1
    $$$$$:  146-block  2
call    5 never executed
------------------
        -:  147:
        -:  148:      template<typename _Up>
        -:  149:	void
      883:  150:	destroy(_Up* __p)
        -:  151:	noexcept(std::is_nothrow_destructible<_Up>::value)
      883:  152:	{ __p->~_Up(); }
------------------
_ZN9__gnu_cxx13new_allocatorISt13_Rb_tree_nodeISt4pairIKS2_INSt7__cxx1112basic_stringIcSt11char_traitsIcESaIcEEES8_EiEEE7destroyISB_EEvPT_:
function _ZN9__gnu_cxx13new_allocatorISt13_Rb_tree_nodeISt4pairIKS2_INSt7__cxx1112basic_stringIcSt11char_traitsIcESaIcEEES8_EiEEE7destroyISB_EEvPT_ called 170 returned 100% blocks executed 100%
      170:  150:	destroy(_Up* __p)
        -:  151:	noexcept(std::is_nothrow_destructible<_Up>::value)
      170:  152:	{ __p->~_Up(); }
      170:  152-block  0
call    0 returned 170
------------------
_ZN9__gnu_cxx13new_allocatorISt13_Rb_tree_nodeISt4pairIKNSt7__cxx1112basic_stringIcSt11char_traitsIcESaIcEEESt6vectorIS8_SaIS8_EEEEE7destroyISD_EEvPT_:
function _ZN9__gnu_cxx13new_allocatorISt13_Rb_tree_nodeISt4pairIKNSt7__cxx1112basic_stringIcSt11char_traitsIcESaIcEEESt6vectorIS8_SaIS8_EEEEE7destroyISD_EEvPT_ called 332 returned 100% blocks executed 100%
      332:  150:	destroy(_Up* __p)
        -:  151:	noexcept(std::is_nothrow_destructible<_Up>::value)
      332:  152:	{ __p->~_Up(); }
      332:  152-block  0
call    0 returned 332
------------------
_ZN9__gnu_cxx13new_allocatorISt5tupleIJNSt7__cxx1112basic_stringIcSt11char_traitsIcESaIcEEES7_iEEE7destroyIS8_EEvPT_:
function _ZN9__gnu_cxx13new_allocatorISt5tupleIJNSt7__cxx1112basic_stringIcSt11char_traitsIcESaIcEEES7_iEEE7destroyIS8_EEvPT_ called 86 returned 100% blocks executed 100%
       86:  150:	destroy(_Up* __p)
        -:  151:	noexcept(std::is_nothrow_destructible<_Up>::value)
       86:  152:	{ __p->~_Up(); }
       86:  152-block  0
call    0 returned 86
------------------
_ZN9__gnu_cxx13new_allocatorINSt7__cxx1112basic_stringIcSt11char_traitsIcESaIcEEEE7destroyIS6_EEvPT_:
function _ZN9__gnu_cxx13new_allocatorINSt7__cxx1112basic_stringIcSt11char_traitsIcESaIcEEEE7destroyIS6_EEvPT_ called 295 returned 100% blocks executed 100%
      295:  150:	destroy(_Up* __p)
        -:  151:	noexcept(std::is_nothrow_destructible<_Up>::value)
      295:  152:	{ __p->~_Up(); }
      295:  152-block  0
call    0 returned 295
------------------
        -:  153:#else
        -:  154:      // _GLIBCXX_RESOLVE_LIB_DEFECTS
        -:  155:      // 402. wrong new expression in [some_] allocator::construct
        -:  156:      void
        -:  157:      construct(pointer __p, const _Tp& __val)
        -:  158:      { ::new((void *)__p) _Tp(__val); }
        -:  159:
        -:  160:      void
        -:  161:      destroy(pointer __p) { __p->~_Tp(); }
        -:  162:#endif
        -:  163:
        -:  164:      template<typename _Up>
        -:  165:	friend bool
        -:  166:	operator==(const new_allocator&, const new_allocator<_Up>&)
        -:  167:	_GLIBCXX_NOTHROW
        -:  168:	{ return true; }
        -:  169:
        -:  170:      template<typename _Up>
        -:  171:	friend bool
        -:  172:	operator!=(const new_allocator&, const new_allocator<_Up>&)
        -:  173:	_GLIBCXX_NOTHROW
        -:  174:	{ return false; }
        -:  175:    };
        -:  176:
        -:  177:_GLIBCXX_END_NAMESPACE_VERSION
        -:  178:} // namespace
        -:  179:
        -:  180:#endif
