        -:    0:Source:/usr/include/c++/9/bits/stl_tree.h
        -:    0:Graph:/home/georgerapeanu/Desktop/ubbShit/Semester2/Graphs/homeworks/lab1/c++/cmake-build-debug-coverage/tests/CMakeFiles/c___tests.dir/__/Graph.cpp.gcno
        -:    0:Data:/home/georgerapeanu/Desktop/ubbShit/Semester2/Graphs/homeworks/lab1/c++/cmake-build-debug-coverage/tests/CMakeFiles/c___tests.dir/__/Graph.cpp.gcda
        -:    0:Runs:1
        -:    1:// RB tree implementation -*- C++ -*-
        -:    2:
        -:    3:// Copyright (C) 2001-2019 Free Software Foundation, Inc.
        -:    4://
        -:    5:// This file is part of the GNU ISO C++ Library.  This library is free
        -:    6:// software; you can redistribute it and/or modify it under the
        -:    7:// terms of the GNU General Public License as published by the
        -:    8:// Free Software Foundation; either version 3, or (at your option)
        -:    9:// any later version.
        -:   10:
        -:   11:// This library is distributed in the hope that it will be useful,
        -:   12:// but WITHOUT ANY WARRANTY; without even the implied warranty of
        -:   13:// MERCHANTABILITY or FITNESS FOR A PARTICULAR PURPOSE.  See the
        -:   14:// GNU General Public License for more details.
        -:   15:
        -:   16:// Under Section 7 of GPL version 3, you are granted additional
        -:   17:// permissions described in the GCC Runtime Library Exception, version
        -:   18:// 3.1, as published by the Free Software Foundation.
        -:   19:
        -:   20:// You should have received a copy of the GNU General Public License and
        -:   21:// a copy of the GCC Runtime Library Exception along with this program;
        -:   22:// see the files COPYING3 and COPYING.RUNTIME respectively.  If not, see
        -:   23:// <http://www.gnu.org/licenses/>.
        -:   24:
        -:   25:/*
        -:   26: *
        -:   27: * Copyright (c) 1996,1997
        -:   28: * Silicon Graphics Computer Systems, Inc.
        -:   29: *
        -:   30: * Permission to use, copy, modify, distribute and sell this software
        -:   31: * and its documentation for any purpose is hereby granted without fee,
        -:   32: * provided that the above copyright notice appear in all copies and
        -:   33: * that both that copyright notice and this permission notice appear
        -:   34: * in supporting documentation.  Silicon Graphics makes no
        -:   35: * representations about the suitability of this software for any
        -:   36: * purpose.  It is provided "as is" without express or implied warranty.
        -:   37: *
        -:   38: *
        -:   39: * Copyright (c) 1994
        -:   40: * Hewlett-Packard Company
        -:   41: *
        -:   42: * Permission to use, copy, modify, distribute and sell this software
        -:   43: * and its documentation for any purpose is hereby granted without fee,
        -:   44: * provided that the above copyright notice appear in all copies and
        -:   45: * that both that copyright notice and this permission notice appear
        -:   46: * in supporting documentation.  Hewlett-Packard Company makes no
        -:   47: * representations about the suitability of this software for any
        -:   48: * purpose.  It is provided "as is" without express or implied warranty.
        -:   49: *
        -:   50: *
        -:   51: */
        -:   52:
        -:   53:/** @file bits/stl_tree.h
        -:   54: *  This is an internal header file, included by other library headers.
        -:   55: *  Do not attempt to use it directly. @headername{map,set}
        -:   56: */
        -:   57:
        -:   58:#ifndef _STL_TREE_H
        -:   59:#define _STL_TREE_H 1
        -:   60:
        -:   61:#pragma GCC system_header
        -:   62:
        -:   63:#include <bits/stl_algobase.h>
        -:   64:#include <bits/allocator.h>
        -:   65:#include <bits/stl_function.h>
        -:   66:#include <bits/cpp_type_traits.h>
        -:   67:#include <ext/alloc_traits.h>
        -:   68:#if __cplusplus >= 201103L
        -:   69:# include <ext/aligned_buffer.h>
        -:   70:#endif
        -:   71:#if __cplusplus > 201402L
        -:   72:# include <bits/node_handle.h>
        -:   73:#endif
        -:   74:
        -:   75:namespace std _GLIBCXX_VISIBILITY(default)
        -:   76:{
        -:   77:_GLIBCXX_BEGIN_NAMESPACE_VERSION
        -:   78:
        -:   79:#if __cplusplus > 201103L
        -:   80:# define __cpp_lib_generic_associative_lookup 201304
        -:   81:#endif
        -:   82:
        -:   83:  // Red-black tree class, designed for use in implementing STL
        -:   84:  // associative containers (set, multiset, map, and multimap). The
        -:   85:  // insertion and deletion algorithms are based on those in Cormen,
        -:   86:  // Leiserson, and Rivest, Introduction to Algorithms (MIT Press,
        -:   87:  // 1990), except that
        -:   88:  //
        -:   89:  // (1) the header cell is maintained with links not only to the root
        -:   90:  // but also to the leftmost node of the tree, to enable constant
        -:   91:  // time begin(), and to the rightmost node of the tree, to enable
        -:   92:  // linear time performance when used with the generic set algorithms
        -:   93:  // (set_union, etc.)
        -:   94:  //
        -:   95:  // (2) when a node being deleted has two children its successor node
        -:   96:  // is relinked into its place, rather than copied, so that the only
        -:   97:  // iterators invalidated are those referring to the deleted node.
        -:   98:
        -:   99:  enum _Rb_tree_color { _S_red = false, _S_black = true };
        -:  100:
        -:  101:  struct _Rb_tree_node_base
        -:  102:  {
        -:  103:    typedef _Rb_tree_node_base* _Base_ptr;
        -:  104:    typedef const _Rb_tree_node_base* _Const_Base_ptr;
        -:  105:
        -:  106:    _Rb_tree_color	_M_color;
        -:  107:    _Base_ptr		_M_parent;
        -:  108:    _Base_ptr		_M_left;
        -:  109:    _Base_ptr		_M_right;
        -:  110:
        -:  111:    static _Base_ptr
function _ZNSt18_Rb_tree_node_base10_S_minimumEPS_ called 66 returned 100% blocks executed 100%
      132:  112:    _S_minimum(_Base_ptr __x) _GLIBCXX_NOEXCEPT
        -:  113:    {
      132:  114:      while (__x->_M_left != 0) __x = __x->_M_left;
      132:  114-block  0
branch  0 taken 66 (fallthrough)
branch  1 taken 66
       66:  114-block  1
       66:  115:      return __x;
       66:  115-block  0
        -:  116:    }
        -:  117:
        -:  118:    static _Const_Base_ptr
        -:  119:    _S_minimum(_Const_Base_ptr __x) _GLIBCXX_NOEXCEPT
        -:  120:    {
        -:  121:      while (__x->_M_left != 0) __x = __x->_M_left;
        -:  122:      return __x;
        -:  123:    }
        -:  124:
        -:  125:    static _Base_ptr
function _ZNSt18_Rb_tree_node_base10_S_maximumEPS_ called 66 returned 100% blocks executed 100%
      132:  126:    _S_maximum(_Base_ptr __x) _GLIBCXX_NOEXCEPT
        -:  127:    {
      132:  128:      while (__x->_M_right != 0) __x = __x->_M_right;
      132:  128-block  0
branch  0 taken 66 (fallthrough)
branch  1 taken 66
       66:  128-block  1
       66:  129:      return __x;
       66:  129-block  0
        -:  130:    }
        -:  131:
        -:  132:    static _Const_Base_ptr
        -:  133:    _S_maximum(_Const_Base_ptr __x) _GLIBCXX_NOEXCEPT
        -:  134:    {
        -:  135:      while (__x->_M_right != 0) __x = __x->_M_right;
        -:  136:      return __x;
        -:  137:    }
        -:  138:  };
        -:  139:
        -:  140:  // Helper type offering value initialization guarantee on the compare functor.
        -:  141:  template<typename _Key_compare>
        -:  142:    struct _Rb_tree_key_compare
        -:  143:    {
        -:  144:      _Key_compare		_M_key_compare;
        -:  145:
      146:  146:      _Rb_tree_key_compare()
        -:  147:      _GLIBCXX_NOEXCEPT_IF(
        -:  148:	is_nothrow_default_constructible<_Key_compare>::value)
        -:  149:      : _M_key_compare()
      146:  150:      { }
------------------
_ZNSt20_Rb_tree_key_compareISt4lessISt4pairINSt7__cxx1112basic_stringIcSt11char_traitsIcESaIcEEES7_EEEC2Ev:
function _ZNSt20_Rb_tree_key_compareISt4lessISt4pairINSt7__cxx1112basic_stringIcSt11char_traitsIcESaIcEEES7_EEEC2Ev called 48 returned 100% blocks executed 100%
       48:  146:      _Rb_tree_key_compare()
        -:  147:      _GLIBCXX_NOEXCEPT_IF(
        -:  148:	is_nothrow_default_constructible<_Key_compare>::value)
        -:  149:      : _M_key_compare()
       48:  150:      { }
------------------
_ZNSt20_Rb_tree_key_compareISt4lessINSt7__cxx1112basic_stringIcSt11char_traitsIcESaIcEEEEEC2Ev:
function _ZNSt20_Rb_tree_key_compareISt4lessINSt7__cxx1112basic_stringIcSt11char_traitsIcESaIcEEEEEC2Ev called 98 returned 100% blocks executed 100%
       98:  146:      _Rb_tree_key_compare()
        -:  147:      _GLIBCXX_NOEXCEPT_IF(
        -:  148:	is_nothrow_default_constructible<_Key_compare>::value)
        -:  149:      : _M_key_compare()
       98:  150:      { }
------------------
        -:  151:
        -:  152:      _Rb_tree_key_compare(const _Key_compare& __comp)
        -:  153:      : _M_key_compare(__comp)
        -:  154:      { }
        -:  155:
        -:  156:#if __cplusplus >= 201103L
        -:  157:      // Copy constructor added for consistency with C++98 mode.
        -:  158:      _Rb_tree_key_compare(const _Rb_tree_key_compare&) = default;
        -:  159:
        -:  160:      _Rb_tree_key_compare(_Rb_tree_key_compare&& __x)
        -:  161:	noexcept(is_nothrow_copy_constructible<_Key_compare>::value)
        -:  162:      : _M_key_compare(__x._M_key_compare)
        -:  163:      { }
        -:  164:#endif
        -:  165:    };
        -:  166:
        -:  167:  // Helper type to manage default initialization of node count and header.
        -:  168:  struct _Rb_tree_header
        -:  169:  {
        -:  170:    _Rb_tree_node_base	_M_header;
        -:  171:    size_t		_M_node_count; // Keeps track of size of tree.
        -:  172:
function _ZNSt15_Rb_tree_headerC2Ev called 146 returned 100% blocks executed 100%
      146:  173:    _Rb_tree_header() _GLIBCXX_NOEXCEPT
      146:  174:    {
      146:  175:      _M_header._M_color = _S_red;
      146:  176:      _M_reset();
      146:  176-block  0
call    0 returned 146
      146:  177:    }
        -:  178:
        -:  179:#if __cplusplus >= 201103L
        -:  180:    _Rb_tree_header(_Rb_tree_header&& __x) noexcept
        -:  181:    {
        -:  182:      if (__x._M_header._M_parent != nullptr)
        -:  183:	_M_move_data(__x);
        -:  184:      else
        -:  185:	{
        -:  186:	  _M_header._M_color = _S_red;
        -:  187:	  _M_reset();
        -:  188:	}
        -:  189:    }
        -:  190:#endif
        -:  191:
        -:  192:    void
        -:  193:    _M_move_data(_Rb_tree_header& __from)
        -:  194:    {
        -:  195:      _M_header._M_color = __from._M_header._M_color;
        -:  196:      _M_header._M_parent = __from._M_header._M_parent;
        -:  197:      _M_header._M_left = __from._M_header._M_left;
        -:  198:      _M_header._M_right = __from._M_header._M_right;
        -:  199:      _M_header._M_parent->_M_parent = &_M_header;
        -:  200:      _M_node_count = __from._M_node_count;
        -:  201:
        -:  202:      __from._M_reset();
        -:  203:    }
        -:  204:
        -:  205:    void
function _ZNSt15_Rb_tree_header8_M_resetEv called 213 returned 100% blocks executed 100%
      213:  206:    _M_reset()
        -:  207:    {
      213:  208:      _M_header._M_parent = 0;
      213:  209:      _M_header._M_left = &_M_header;
      213:  210:      _M_header._M_right = &_M_header;
      213:  211:      _M_node_count = 0;
      213:  212:    }
        -:  213:  };
        -:  214:
        -:  215:  template<typename _Val>
        -:  216:    struct _Rb_tree_node : public _Rb_tree_node_base
        -:  217:    {
        -:  218:      typedef _Rb_tree_node<_Val>* _Link_type;
        -:  219:
        -:  220:#if __cplusplus < 201103L
        -:  221:      _Val _M_value_field;
        -:  222:
        -:  223:      _Val*
        -:  224:      _M_valptr()
        -:  225:      { return std::__addressof(_M_value_field); }
        -:  226:
        -:  227:      const _Val*
        -:  228:      _M_valptr() const
        -:  229:      { return std::__addressof(_M_value_field); }
        -:  230:#else
        -:  231:      __gnu_cxx::__aligned_membuf<_Val> _M_storage;
        -:  232:
        -:  233:      _Val*
     2078:  234:      _M_valptr()
     2078:  235:      { return _M_storage._M_ptr(); }
------------------
_ZNSt13_Rb_tree_nodeISt4pairIKS0_INSt7__cxx1112basic_stringIcSt11char_traitsIcESaIcEEES6_EiEE9_M_valptrEv:
function _ZNSt13_Rb_tree_nodeISt4pairIKS0_INSt7__cxx1112basic_stringIcSt11char_traitsIcESaIcEEES6_EiEE9_M_valptrEv called 538 returned 100% blocks executed 100%
      538:  234:      _M_valptr()
      538:  235:      { return _M_storage._M_ptr(); }
      538:  235-block  0
call    0 returned 538
------------------
_ZNSt13_Rb_tree_nodeISt4pairIKNSt7__cxx1112basic_stringIcSt11char_traitsIcESaIcEEESt6vectorIS6_SaIS6_EEEE9_M_valptrEv:
function _ZNSt13_Rb_tree_nodeISt4pairIKNSt7__cxx1112basic_stringIcSt11char_traitsIcESaIcEEESt6vectorIS6_SaIS6_EEEE9_M_valptrEv called 1540 returned 100% blocks executed 100%
     1540:  234:      _M_valptr()
     1540:  235:      { return _M_storage._M_ptr(); }
     1540:  235-block  0
call    0 returned 1540
------------------
        -:  236:
        -:  237:      const _Val*
     4092:  238:      _M_valptr() const
     4092:  239:      { return _M_storage._M_ptr(); }
------------------
_ZNKSt13_Rb_tree_nodeISt4pairIKS0_INSt7__cxx1112basic_stringIcSt11char_traitsIcESaIcEEES6_EiEE9_M_valptrEv:
function _ZNKSt13_Rb_tree_nodeISt4pairIKS0_INSt7__cxx1112basic_stringIcSt11char_traitsIcESaIcEEES6_EiEE9_M_valptrEv called 1046 returned 100% blocks executed 100%
     1046:  238:      _M_valptr() const
     1046:  239:      { return _M_storage._M_ptr(); }
     1046:  239-block  0
call    0 returned 1046
------------------
_ZNKSt13_Rb_tree_nodeISt4pairIKNSt7__cxx1112basic_stringIcSt11char_traitsIcESaIcEEESt6vectorIS6_SaIS6_EEEE9_M_valptrEv:
function _ZNKSt13_Rb_tree_nodeISt4pairIKNSt7__cxx1112basic_stringIcSt11char_traitsIcESaIcEEESt6vectorIS6_SaIS6_EEEE9_M_valptrEv called 3046 returned 100% blocks executed 100%
     3046:  238:      _M_valptr() const
     3046:  239:      { return _M_storage._M_ptr(); }
     3046:  239-block  0
call    0 returned 3046
------------------
        -:  240:#endif
        -:  241:    };
        -:  242:
        -:  243:  _GLIBCXX_PURE _Rb_tree_node_base*
        -:  244:  _Rb_tree_increment(_Rb_tree_node_base* __x) throw ();
        -:  245:
        -:  246:  _GLIBCXX_PURE const _Rb_tree_node_base*
        -:  247:  _Rb_tree_increment(const _Rb_tree_node_base* __x) throw ();
        -:  248:
        -:  249:  _GLIBCXX_PURE _Rb_tree_node_base*
        -:  250:  _Rb_tree_decrement(_Rb_tree_node_base* __x) throw ();
        -:  251:
        -:  252:  _GLIBCXX_PURE const _Rb_tree_node_base*
        -:  253:  _Rb_tree_decrement(const _Rb_tree_node_base* __x) throw ();
        -:  254:
        -:  255:  template<typename _Tp>
        -:  256:    struct _Rb_tree_iterator
        -:  257:    {
        -:  258:      typedef _Tp  value_type;
        -:  259:      typedef _Tp& reference;
        -:  260:      typedef _Tp* pointer;
        -:  261:
        -:  262:      typedef bidirectional_iterator_tag iterator_category;
        -:  263:      typedef ptrdiff_t			 difference_type;
        -:  264:
        -:  265:      typedef _Rb_tree_iterator<_Tp>		_Self;
        -:  266:      typedef _Rb_tree_node_base::_Base_ptr	_Base_ptr;
        -:  267:      typedef _Rb_tree_node<_Tp>*		_Link_type;
        -:  268:
        -:  269:      _Rb_tree_iterator() _GLIBCXX_NOEXCEPT
        -:  270:      : _M_node() { }
        -:  271:
        -:  272:      explicit
     2138:  273:      _Rb_tree_iterator(_Base_ptr __x) _GLIBCXX_NOEXCEPT
     2138:  274:      : _M_node(__x) { }
------------------
_ZNSt17_Rb_tree_iteratorISt4pairIKS0_INSt7__cxx1112basic_stringIcSt11char_traitsIcESaIcEEES6_EiEEC2EPSt18_Rb_tree_node_base:
function _ZNSt17_Rb_tree_iteratorISt4pairIKS0_INSt7__cxx1112basic_stringIcSt11char_traitsIcESaIcEEES6_EiEEC2EPSt18_Rb_tree_node_base called 554 returned 100% blocks executed 100%
      554:  273:      _Rb_tree_iterator(_Base_ptr __x) _GLIBCXX_NOEXCEPT
      554:  274:      : _M_node(__x) { }
------------------
_ZNSt17_Rb_tree_iteratorISt4pairIKNSt7__cxx1112basic_stringIcSt11char_traitsIcESaIcEEESt6vectorIS6_SaIS6_EEEEC2EPSt18_Rb_tree_node_base:
function _ZNSt17_Rb_tree_iteratorISt4pairIKNSt7__cxx1112basic_stringIcSt11char_traitsIcESaIcEEESt6vectorIS6_SaIS6_EEEEC2EPSt18_Rb_tree_node_base called 1584 returned 100% blocks executed 100%
     1584:  273:      _Rb_tree_iterator(_Base_ptr __x) _GLIBCXX_NOEXCEPT
     1584:  274:      : _M_node(__x) { }
------------------
        -:  275:
        -:  276:      reference
     1074:  277:      operator*() const _GLIBCXX_NOEXCEPT
     1074:  278:      { return *static_cast<_Link_type>(_M_node)->_M_valptr(); }
------------------
_ZNKSt17_Rb_tree_iteratorISt4pairIKS0_INSt7__cxx1112basic_stringIcSt11char_traitsIcESaIcEEES6_EiEEdeEv:
function _ZNKSt17_Rb_tree_iteratorISt4pairIKS0_INSt7__cxx1112basic_stringIcSt11char_traitsIcESaIcEEES6_EiEEdeEv called 198 returned 100% blocks executed 100%
      198:  277:      operator*() const _GLIBCXX_NOEXCEPT
      198:  278:      { return *static_cast<_Link_type>(_M_node)->_M_valptr(); }
      198:  278-block  0
call    0 returned 198
------------------
_ZNKSt17_Rb_tree_iteratorISt4pairIKNSt7__cxx1112basic_stringIcSt11char_traitsIcESaIcEEESt6vectorIS6_SaIS6_EEEEdeEv:
function _ZNKSt17_Rb_tree_iteratorISt4pairIKNSt7__cxx1112basic_stringIcSt11char_traitsIcESaIcEEESt6vectorIS6_SaIS6_EEEEdeEv called 876 returned 100% blocks executed 100%
      876:  277:      operator*() const _GLIBCXX_NOEXCEPT
      876:  278:      { return *static_cast<_Link_type>(_M_node)->_M_valptr(); }
      876:  278-block  0
call    0 returned 876
------------------
        -:  279:
        -:  280:      pointer
        -:  281:      operator->() const _GLIBCXX_NOEXCEPT
        -:  282:      { return static_cast<_Link_type> (_M_node)->_M_valptr(); }
        -:  283:
        -:  284:      _Self&
    #####:  285:      operator++() _GLIBCXX_NOEXCEPT
        -:  286:      {
    #####:  287:	_M_node = _Rb_tree_increment(_M_node);
    #####:  288:	return *this;
        -:  289:      }
------------------
_ZNSt17_Rb_tree_iteratorISt4pairIKS0_INSt7__cxx1112basic_stringIcSt11char_traitsIcESaIcEEES6_EiEEppEv:
function _ZNSt17_Rb_tree_iteratorISt4pairIKS0_INSt7__cxx1112basic_stringIcSt11char_traitsIcESaIcEEES6_EiEEppEv called 0 returned 0% blocks executed 0%
    #####:  285:      operator++() _GLIBCXX_NOEXCEPT
        -:  286:      {
    #####:  287:	_M_node = _Rb_tree_increment(_M_node);
    #####:  288:	return *this;
    %%%%%:  288-block  0
        -:  289:      }
------------------
_ZNSt17_Rb_tree_iteratorISt4pairIKNSt7__cxx1112basic_stringIcSt11char_traitsIcESaIcEEESt6vectorIS6_SaIS6_EEEEppEv:
function _ZNSt17_Rb_tree_iteratorISt4pairIKNSt7__cxx1112basic_stringIcSt11char_traitsIcESaIcEEESt6vectorIS6_SaIS6_EEEEppEv called 0 returned 0% blocks executed 0%
    #####:  285:      operator++() _GLIBCXX_NOEXCEPT
        -:  286:      {
    #####:  287:	_M_node = _Rb_tree_increment(_M_node);
    #####:  288:	return *this;
    %%%%%:  288-block  0
        -:  289:      }
------------------
        -:  290:
        -:  291:      _Self
        -:  292:      operator++(int) _GLIBCXX_NOEXCEPT
        -:  293:      {
        -:  294:	_Self __tmp = *this;
        -:  295:	_M_node = _Rb_tree_increment(_M_node);
        -:  296:	return __tmp;
        -:  297:      }
        -:  298:
        -:  299:      _Self&
       43:  300:      operator--() _GLIBCXX_NOEXCEPT
        -:  301:      {
       43:  302:	_M_node = _Rb_tree_decrement(_M_node);
       43:  303:	return *this;
        -:  304:      }
------------------
_ZNSt17_Rb_tree_iteratorISt4pairIKS0_INSt7__cxx1112basic_stringIcSt11char_traitsIcESaIcEEES6_EiEEmmEv:
function _ZNSt17_Rb_tree_iteratorISt4pairIKS0_INSt7__cxx1112basic_stringIcSt11char_traitsIcESaIcEEES6_EiEEmmEv called 29 returned 100% blocks executed 100%
       29:  300:      operator--() _GLIBCXX_NOEXCEPT
        -:  301:      {
       29:  302:	_M_node = _Rb_tree_decrement(_M_node);
       29:  303:	return *this;
       29:  303-block  0
        -:  304:      }
------------------
_ZNSt17_Rb_tree_iteratorISt4pairIKNSt7__cxx1112basic_stringIcSt11char_traitsIcESaIcEEESt6vectorIS6_SaIS6_EEEEmmEv:
function _ZNSt17_Rb_tree_iteratorISt4pairIKNSt7__cxx1112basic_stringIcSt11char_traitsIcESaIcEEESt6vectorIS6_SaIS6_EEEEmmEv called 14 returned 100% blocks executed 100%
       14:  300:      operator--() _GLIBCXX_NOEXCEPT
        -:  301:      {
       14:  302:	_M_node = _Rb_tree_decrement(_M_node);
       14:  303:	return *this;
       14:  303-block  0
        -:  304:      }
------------------
        -:  305:
        -:  306:      _Self
        -:  307:      operator--(int) _GLIBCXX_NOEXCEPT
        -:  308:      {
        -:  309:	_Self __tmp = *this;
        -:  310:	_M_node = _Rb_tree_decrement(_M_node);
        -:  311:	return __tmp;
        -:  312:      }
        -:  313:
        -:  314:      friend bool
      742:  315:      operator==(const _Self& __x, const _Self& __y) _GLIBCXX_NOEXCEPT
      742:  316:      { return __x._M_node == __y._M_node; }
------------------
_ZSteqRKSt17_Rb_tree_iteratorISt4pairIKS0_INSt7__cxx1112basic_stringIcSt11char_traitsIcESaIcEEES6_EiEESC_:
function _ZSteqRKSt17_Rb_tree_iteratorISt4pairIKS0_INSt7__cxx1112basic_stringIcSt11char_traitsIcESaIcEEES6_EiEESC_ called 160 returned 100% blocks executed 100%
      160:  315:      operator==(const _Self& __x, const _Self& __y) _GLIBCXX_NOEXCEPT
      160:  316:      { return __x._M_node == __y._M_node; }
      160:  316-block  0
------------------
_ZSteqRKSt17_Rb_tree_iteratorISt4pairIKNSt7__cxx1112basic_stringIcSt11char_traitsIcESaIcEEESt6vectorIS6_SaIS6_EEEESE_:
function _ZSteqRKSt17_Rb_tree_iteratorISt4pairIKNSt7__cxx1112basic_stringIcSt11char_traitsIcESaIcEEESt6vectorIS6_SaIS6_EEEESE_ called 582 returned 100% blocks executed 100%
      582:  315:      operator==(const _Self& __x, const _Self& __y) _GLIBCXX_NOEXCEPT
      582:  316:      { return __x._M_node == __y._M_node; }
      582:  316-block  0
------------------
        -:  317:
        -:  318:      friend bool
        -:  319:      operator!=(const _Self& __x, const _Self& __y) _GLIBCXX_NOEXCEPT
        -:  320:      { return __x._M_node != __y._M_node; }
        -:  321:
        -:  322:      _Base_ptr _M_node;
        -:  323:  };
        -:  324:
        -:  325:  template<typename _Tp>
        -:  326:    struct _Rb_tree_const_iterator
        -:  327:    {
        -:  328:      typedef _Tp	 value_type;
        -:  329:      typedef const _Tp& reference;
        -:  330:      typedef const _Tp* pointer;
        -:  331:
        -:  332:      typedef _Rb_tree_iterator<_Tp> iterator;
        -:  333:
        -:  334:      typedef bidirectional_iterator_tag iterator_category;
        -:  335:      typedef ptrdiff_t			 difference_type;
        -:  336:
        -:  337:      typedef _Rb_tree_const_iterator<_Tp>		_Self;
        -:  338:      typedef _Rb_tree_node_base::_Const_Base_ptr	_Base_ptr;
        -:  339:      typedef const _Rb_tree_node<_Tp>*			_Link_type;
        -:  340:
        -:  341:      _Rb_tree_const_iterator() _GLIBCXX_NOEXCEPT
        -:  342:      : _M_node() { }
        -:  343:
        -:  344:      explicit
     1866:  345:      _Rb_tree_const_iterator(_Base_ptr __x) _GLIBCXX_NOEXCEPT
     1866:  346:      : _M_node(__x) { }
------------------
_ZNSt23_Rb_tree_const_iteratorISt4pairIKS0_INSt7__cxx1112basic_stringIcSt11char_traitsIcESaIcEEES6_EiEEC2EPKSt18_Rb_tree_node_base:
function _ZNSt23_Rb_tree_const_iteratorISt4pairIKS0_INSt7__cxx1112basic_stringIcSt11char_traitsIcESaIcEEES6_EiEEC2EPKSt18_Rb_tree_node_base called 643 returned 100% blocks executed 100%
      643:  345:      _Rb_tree_const_iterator(_Base_ptr __x) _GLIBCXX_NOEXCEPT
      643:  346:      : _M_node(__x) { }
------------------
_ZNSt23_Rb_tree_const_iteratorISt4pairIKNSt7__cxx1112basic_stringIcSt11char_traitsIcESaIcEEESt6vectorIS6_SaIS6_EEEEC2EPKSt18_Rb_tree_node_base:
function _ZNSt23_Rb_tree_const_iteratorISt4pairIKNSt7__cxx1112basic_stringIcSt11char_traitsIcESaIcEEESt6vectorIS6_SaIS6_EEEEC2EPKSt18_Rb_tree_node_base called 1223 returned 100% blocks executed 100%
     1223:  345:      _Rb_tree_const_iterator(_Base_ptr __x) _GLIBCXX_NOEXCEPT
     1223:  346:      : _M_node(__x) { }
------------------
        -:  347:
      350:  348:      _Rb_tree_const_iterator(const iterator& __it) _GLIBCXX_NOEXCEPT
      350:  349:      : _M_node(__it._M_node) { }
------------------
_ZNSt23_Rb_tree_const_iteratorISt4pairIKS0_INSt7__cxx1112basic_stringIcSt11char_traitsIcESaIcEEES6_EiEEC2ERKSt17_Rb_tree_iteratorIS9_E:
function _ZNSt23_Rb_tree_const_iteratorISt4pairIKS0_INSt7__cxx1112basic_stringIcSt11char_traitsIcESaIcEEES6_EiEEC2ERKSt17_Rb_tree_iteratorIS9_E called 130 returned 100% blocks executed 100%
      130:  348:      _Rb_tree_const_iterator(const iterator& __it) _GLIBCXX_NOEXCEPT
      130:  349:      : _M_node(__it._M_node) { }
------------------
_ZNSt23_Rb_tree_const_iteratorISt4pairIKNSt7__cxx1112basic_stringIcSt11char_traitsIcESaIcEEESt6vectorIS6_SaIS6_EEEEC2ERKSt17_Rb_tree_iteratorISB_E:
function _ZNSt23_Rb_tree_const_iteratorISt4pairIKNSt7__cxx1112basic_stringIcSt11char_traitsIcESaIcEEESt6vectorIS6_SaIS6_EEEEC2ERKSt17_Rb_tree_iteratorISB_E called 220 returned 100% blocks executed 100%
      220:  348:      _Rb_tree_const_iterator(const iterator& __it) _GLIBCXX_NOEXCEPT
      220:  349:      : _M_node(__it._M_node) { }
------------------
        -:  350:
        -:  351:      iterator
      304:  352:      _M_const_cast() const _GLIBCXX_NOEXCEPT
      304:  353:      { return iterator(const_cast<typename iterator::_Base_ptr>(_M_node)); }
------------------
_ZNKSt23_Rb_tree_const_iteratorISt4pairIKS0_INSt7__cxx1112basic_stringIcSt11char_traitsIcESaIcEEES6_EiEE13_M_const_castEv:
function _ZNKSt23_Rb_tree_const_iteratorISt4pairIKS0_INSt7__cxx1112basic_stringIcSt11char_traitsIcESaIcEEES6_EiEE13_M_const_castEv called 104 returned 100% blocks executed 100%
      104:  352:      _M_const_cast() const _GLIBCXX_NOEXCEPT
      104:  353:      { return iterator(const_cast<typename iterator::_Base_ptr>(_M_node)); }
      104:  353-block  0
call    0 returned 104
------------------
_ZNKSt23_Rb_tree_const_iteratorISt4pairIKNSt7__cxx1112basic_stringIcSt11char_traitsIcESaIcEEESt6vectorIS6_SaIS6_EEEE13_M_const_castEv:
function _ZNKSt23_Rb_tree_const_iteratorISt4pairIKNSt7__cxx1112basic_stringIcSt11char_traitsIcESaIcEEESt6vectorIS6_SaIS6_EEEE13_M_const_castEv called 200 returned 100% blocks executed 100%
      200:  352:      _M_const_cast() const _GLIBCXX_NOEXCEPT
      200:  353:      { return iterator(const_cast<typename iterator::_Base_ptr>(_M_node)); }
      200:  353-block  0
call    0 returned 200
------------------
        -:  354:
        -:  355:      reference
      148:  356:      operator*() const _GLIBCXX_NOEXCEPT
      148:  357:      { return *static_cast<_Link_type>(_M_node)->_M_valptr(); }
------------------
_ZNKSt23_Rb_tree_const_iteratorISt4pairIKS0_INSt7__cxx1112basic_stringIcSt11char_traitsIcESaIcEEES6_EiEEdeEv:
function _ZNKSt23_Rb_tree_const_iteratorISt4pairIKS0_INSt7__cxx1112basic_stringIcSt11char_traitsIcESaIcEEES6_EiEEdeEv called 66 returned 100% blocks executed 100%
       66:  356:      operator*() const _GLIBCXX_NOEXCEPT
       66:  357:      { return *static_cast<_Link_type>(_M_node)->_M_valptr(); }
       66:  357-block  0
call    0 returned 66
------------------
_ZNKSt23_Rb_tree_const_iteratorISt4pairIKNSt7__cxx1112basic_stringIcSt11char_traitsIcESaIcEEESt6vectorIS6_SaIS6_EEEEdeEv:
function _ZNKSt23_Rb_tree_const_iteratorISt4pairIKNSt7__cxx1112basic_stringIcSt11char_traitsIcESaIcEEESt6vectorIS6_SaIS6_EEEEdeEv called 82 returned 100% blocks executed 100%
       82:  356:      operator*() const _GLIBCXX_NOEXCEPT
       82:  357:      { return *static_cast<_Link_type>(_M_node)->_M_valptr(); }
       82:  357-block  0
call    0 returned 82
------------------
        -:  358:
        -:  359:      pointer
        -:  360:      operator->() const _GLIBCXX_NOEXCEPT
        -:  361:      { return static_cast<_Link_type>(_M_node)->_M_valptr(); }
        -:  362:
        -:  363:      _Self&
      103:  364:      operator++() _GLIBCXX_NOEXCEPT
        -:  365:      {
      103:  366:	_M_node = _Rb_tree_increment(_M_node);
      103:  367:	return *this;
        -:  368:      }
------------------
_ZNSt23_Rb_tree_const_iteratorISt4pairIKS0_INSt7__cxx1112basic_stringIcSt11char_traitsIcESaIcEEES6_EiEEppEv:
function _ZNSt23_Rb_tree_const_iteratorISt4pairIKS0_INSt7__cxx1112basic_stringIcSt11char_traitsIcESaIcEEES6_EiEEppEv called 21 returned 100% blocks executed 100%
       21:  364:      operator++() _GLIBCXX_NOEXCEPT
        -:  365:      {
       21:  366:	_M_node = _Rb_tree_increment(_M_node);
       21:  367:	return *this;
       21:  367-block  0
        -:  368:      }
------------------
_ZNSt23_Rb_tree_const_iteratorISt4pairIKNSt7__cxx1112basic_stringIcSt11char_traitsIcESaIcEEESt6vectorIS6_SaIS6_EEEEppEv:
function _ZNSt23_Rb_tree_const_iteratorISt4pairIKNSt7__cxx1112basic_stringIcSt11char_traitsIcESaIcEEESt6vectorIS6_SaIS6_EEEEppEv called 82 returned 100% blocks executed 100%
       82:  364:      operator++() _GLIBCXX_NOEXCEPT
        -:  365:      {
       82:  366:	_M_node = _Rb_tree_increment(_M_node);
       82:  367:	return *this;
       82:  367-block  0
        -:  368:      }
------------------
        -:  369:
        -:  370:      _Self
       12:  371:      operator++(int) _GLIBCXX_NOEXCEPT
        -:  372:      {
       12:  373:	_Self __tmp = *this;
       12:  374:	_M_node = _Rb_tree_increment(_M_node);
       12:  375:	return __tmp;
        -:  376:      }
------------------
_ZNSt23_Rb_tree_const_iteratorISt4pairIKNSt7__cxx1112basic_stringIcSt11char_traitsIcESaIcEEESt6vectorIS6_SaIS6_EEEEppEi:
function _ZNSt23_Rb_tree_const_iteratorISt4pairIKNSt7__cxx1112basic_stringIcSt11char_traitsIcESaIcEEESt6vectorIS6_SaIS6_EEEEppEi called 6 returned 100% blocks executed 100%
        6:  371:      operator++(int) _GLIBCXX_NOEXCEPT
        -:  372:      {
        6:  373:	_Self __tmp = *this;
        6:  374:	_M_node = _Rb_tree_increment(_M_node);
        6:  375:	return __tmp;
        6:  375-block  0
        -:  376:      }
------------------
_ZNSt23_Rb_tree_const_iteratorISt4pairIKS0_INSt7__cxx1112basic_stringIcSt11char_traitsIcESaIcEEES6_EiEEppEi:
function _ZNSt23_Rb_tree_const_iteratorISt4pairIKS0_INSt7__cxx1112basic_stringIcSt11char_traitsIcESaIcEEES6_EiEEppEi called 6 returned 100% blocks executed 100%
        6:  371:      operator++(int) _GLIBCXX_NOEXCEPT
        -:  372:      {
        6:  373:	_Self __tmp = *this;
        6:  374:	_M_node = _Rb_tree_increment(_M_node);
        6:  375:	return __tmp;
        6:  375-block  0
        -:  376:      }
------------------
        -:  377:
        -:  378:      _Self&
        -:  379:      operator--() _GLIBCXX_NOEXCEPT
        -:  380:      {
        -:  381:	_M_node = _Rb_tree_decrement(_M_node);
        -:  382:	return *this;
        -:  383:      }
        -:  384:
        -:  385:      _Self
        -:  386:      operator--(int) _GLIBCXX_NOEXCEPT
        -:  387:      {
        -:  388:	_Self __tmp = *this;
        -:  389:	_M_node = _Rb_tree_decrement(_M_node);
        -:  390:	return __tmp;
        -:  391:      }
        -:  392:
        -:  393:      friend bool
     1134:  394:      operator==(const _Self& __x, const _Self& __y) _GLIBCXX_NOEXCEPT
     1134:  395:      { return __x._M_node == __y._M_node; }
------------------
_ZSteqRKSt23_Rb_tree_const_iteratorISt4pairIKS0_INSt7__cxx1112basic_stringIcSt11char_traitsIcESaIcEEES6_EiEESC_:
function _ZSteqRKSt23_Rb_tree_const_iteratorISt4pairIKS0_INSt7__cxx1112basic_stringIcSt11char_traitsIcESaIcEEES6_EiEESC_ called 354 returned 100% blocks executed 100%
      354:  394:      operator==(const _Self& __x, const _Self& __y) _GLIBCXX_NOEXCEPT
      354:  395:      { return __x._M_node == __y._M_node; }
      354:  395-block  0
------------------
_ZSteqRKSt23_Rb_tree_const_iteratorISt4pairIKNSt7__cxx1112basic_stringIcSt11char_traitsIcESaIcEEESt6vectorIS6_SaIS6_EEEESE_:
function _ZSteqRKSt23_Rb_tree_const_iteratorISt4pairIKNSt7__cxx1112basic_stringIcSt11char_traitsIcESaIcEEESt6vectorIS6_SaIS6_EEEESE_ called 780 returned 100% blocks executed 100%
      780:  394:      operator==(const _Self& __x, const _Self& __y) _GLIBCXX_NOEXCEPT
      780:  395:      { return __x._M_node == __y._M_node; }
      780:  395-block  0
------------------
        -:  396:
        -:  397:      friend bool
      154:  398:      operator!=(const _Self& __x, const _Self& __y) _GLIBCXX_NOEXCEPT
      154:  399:      { return __x._M_node != __y._M_node; }
------------------
_ZStneRKSt23_Rb_tree_const_iteratorISt4pairIKS0_INSt7__cxx1112basic_stringIcSt11char_traitsIcESaIcEEES6_EiEESC_:
function _ZStneRKSt23_Rb_tree_const_iteratorISt4pairIKS0_INSt7__cxx1112basic_stringIcSt11char_traitsIcESaIcEEES6_EiEESC_ called 39 returned 100% blocks executed 100%
       39:  398:      operator!=(const _Self& __x, const _Self& __y) _GLIBCXX_NOEXCEPT
       39:  399:      { return __x._M_node != __y._M_node; }
       39:  399-block  0
------------------
_ZStneRKSt23_Rb_tree_const_iteratorISt4pairIKNSt7__cxx1112basic_stringIcSt11char_traitsIcESaIcEEESt6vectorIS6_SaIS6_EEEESE_:
function _ZStneRKSt23_Rb_tree_const_iteratorISt4pairIKNSt7__cxx1112basic_stringIcSt11char_traitsIcESaIcEEESt6vectorIS6_SaIS6_EEEESE_ called 115 returned 100% blocks executed 100%
      115:  398:      operator!=(const _Self& __x, const _Self& __y) _GLIBCXX_NOEXCEPT
      115:  399:      { return __x._M_node != __y._M_node; }
      115:  399-block  0
------------------
        -:  400:
        -:  401:      _Base_ptr _M_node;
        -:  402:    };
        -:  403:
        -:  404:  void
        -:  405:  _Rb_tree_insert_and_rebalance(const bool __insert_left,
        -:  406:				_Rb_tree_node_base* __x,
        -:  407:				_Rb_tree_node_base* __p,
        -:  408:				_Rb_tree_node_base& __header) throw ();
        -:  409:
        -:  410:  _Rb_tree_node_base*
        -:  411:  _Rb_tree_rebalance_for_erase(_Rb_tree_node_base* const __z,
        -:  412:			       _Rb_tree_node_base& __header) throw ();
        -:  413:
        -:  414:#if __cplusplus >= 201402L
        -:  415:  template<typename _Cmp, typename _SfinaeType, typename = __void_t<>>
        -:  416:    struct __has_is_transparent
        -:  417:    { };
        -:  418:
        -:  419:  template<typename _Cmp, typename _SfinaeType>
        -:  420:    struct __has_is_transparent<_Cmp, _SfinaeType,
        -:  421:				__void_t<typename _Cmp::is_transparent>>
        -:  422:    { typedef void type; };
        -:  423:
        -:  424:  template<typename _Cmp, typename _SfinaeType>
        -:  425:    using __has_is_transparent_t
        -:  426:      = typename __has_is_transparent<_Cmp, _SfinaeType>::type;
        -:  427:#endif
        -:  428:
        -:  429:#if __cplusplus > 201402L
        -:  430:  template<typename _Tree1, typename _Cmp2>
        -:  431:    struct _Rb_tree_merge_helper { };
        -:  432:#endif
        -:  433:
        -:  434:  template<typename _Key, typename _Val, typename _KeyOfValue,
        -:  435:	   typename _Compare, typename _Alloc = allocator<_Val> >
        -:  436:    class _Rb_tree
        -:  437:    {
        -:  438:      typedef typename __gnu_cxx::__alloc_traits<_Alloc>::template
        -:  439:	rebind<_Rb_tree_node<_Val> >::other _Node_allocator;
        -:  440:
        -:  441:      typedef __gnu_cxx::__alloc_traits<_Node_allocator> _Alloc_traits;
        -:  442:
        -:  443:    protected:
        -:  444:      typedef _Rb_tree_node_base* 		_Base_ptr;
        -:  445:      typedef const _Rb_tree_node_base* 	_Const_Base_ptr;
        -:  446:      typedef _Rb_tree_node<_Val>* 		_Link_type;
        -:  447:      typedef const _Rb_tree_node<_Val>*	_Const_Link_type;
        -:  448:
        -:  449:    private:
        -:  450:      // Functor recycling a pool of nodes and using allocation once the pool
        -:  451:      // is empty.
        -:  452:      struct _Reuse_or_alloc_node
        -:  453:      {
       66:  454:	_Reuse_or_alloc_node(_Rb_tree& __t)
       66:  455:	: _M_root(__t._M_root()), _M_nodes(__t._M_rightmost()), _M_t(__t)
        -:  456:	{
       66:  457:	  if (_M_root)
        -:  458:	    {
        3:  459:	      _M_root->_M_parent = 0;
        -:  460:
        3:  461:	      if (_M_nodes->_M_left)
    #####:  462:		_M_nodes = _M_nodes->_M_left;
        -:  463:	    }
        -:  464:	  else
       63:  465:	    _M_nodes = 0;
       66:  466:	}
------------------
_ZNSt8_Rb_treeISt4pairINSt7__cxx1112basic_stringIcSt11char_traitsIcESaIcEEES6_ES0_IKS7_iESt10_Select1stIS9_ESt4lessIS7_ESaIS9_EE20_Reuse_or_alloc_nodeC2ERSF_:
function _ZNSt8_Rb_treeISt4pairINSt7__cxx1112basic_stringIcSt11char_traitsIcESaIcEEES6_ES0_IKS7_iESt10_Select1stIS9_ESt4lessIS7_ESaIS9_EE20_Reuse_or_alloc_nodeC2ERSF_ called 22 returned 100% blocks executed 86%
       22:  454:	_Reuse_or_alloc_node(_Rb_tree& __t)
       22:  455:	: _M_root(__t._M_root()), _M_nodes(__t._M_rightmost()), _M_t(__t)
       22:  455-block  0
call    0 returned 22
call    1 returned 22
        -:  456:	{
       22:  457:	  if (_M_root)
branch  0 taken 1 (fallthrough)
branch  1 taken 21
        -:  458:	    {
        1:  459:	      _M_root->_M_parent = 0;
        -:  460:
        1:  461:	      if (_M_nodes->_M_left)
        1:  461-block  0
branch  0 taken 0 (fallthrough)
branch  1 taken 1
    #####:  462:		_M_nodes = _M_nodes->_M_left;
    %%%%%:  462-block  0
        -:  463:	    }
        -:  464:	  else
       21:  465:	    _M_nodes = 0;
       21:  465-block  0
       22:  466:	}
------------------
_ZNSt8_Rb_treeINSt7__cxx1112basic_stringIcSt11char_traitsIcESaIcEEESt4pairIKS5_St6vectorIS5_SaIS5_EEESt10_Select1stISB_ESt4lessIS5_ESaISB_EE20_Reuse_or_alloc_nodeC2ERSH_:
function _ZNSt8_Rb_treeINSt7__cxx1112basic_stringIcSt11char_traitsIcESaIcEEESt4pairIKS5_St6vectorIS5_SaIS5_EEESt10_Select1stISB_ESt4lessIS5_ESaISB_EE20_Reuse_or_alloc_nodeC2ERSH_ called 44 returned 100% blocks executed 86%
       44:  454:	_Reuse_or_alloc_node(_Rb_tree& __t)
       44:  455:	: _M_root(__t._M_root()), _M_nodes(__t._M_rightmost()), _M_t(__t)
       44:  455-block  0
call    0 returned 44
call    1 returned 44
        -:  456:	{
       44:  457:	  if (_M_root)
branch  0 taken 2 (fallthrough)
branch  1 taken 42
        -:  458:	    {
        2:  459:	      _M_root->_M_parent = 0;
        -:  460:
        2:  461:	      if (_M_nodes->_M_left)
        2:  461-block  0
branch  0 taken 0 (fallthrough)
branch  1 taken 2
    #####:  462:		_M_nodes = _M_nodes->_M_left;
    %%%%%:  462-block  0
        -:  463:	    }
        -:  464:	  else
       42:  465:	    _M_nodes = 0;
       42:  465-block  0
       44:  466:	}
------------------
        -:  467:
        -:  468:#if __cplusplus >= 201103L
        -:  469:	_Reuse_or_alloc_node(const _Reuse_or_alloc_node&) = delete;
        -:  470:#endif
        -:  471:
       66:  472:	~_Reuse_or_alloc_node()
       66:  473:	{ _M_t._M_erase(static_cast<_Link_type>(_M_root)); }
------------------
_ZNSt8_Rb_treeISt4pairINSt7__cxx1112basic_stringIcSt11char_traitsIcESaIcEEES6_ES0_IKS7_iESt10_Select1stIS9_ESt4lessIS7_ESaIS9_EE20_Reuse_or_alloc_nodeD2Ev:
function _ZNSt8_Rb_treeISt4pairINSt7__cxx1112basic_stringIcSt11char_traitsIcESaIcEEES6_ES0_IKS7_iESt10_Select1stIS9_ESt4lessIS7_ESaIS9_EE20_Reuse_or_alloc_nodeD2Ev called 22 returned 100% blocks executed 100%
       22:  472:	~_Reuse_or_alloc_node()
       22:  473:	{ _M_t._M_erase(static_cast<_Link_type>(_M_root)); }
       22:  473-block  0
call    0 returned 22
------------------
_ZNSt8_Rb_treeINSt7__cxx1112basic_stringIcSt11char_traitsIcESaIcEEESt4pairIKS5_St6vectorIS5_SaIS5_EEESt10_Select1stISB_ESt4lessIS5_ESaISB_EE20_Reuse_or_alloc_nodeD2Ev:
function _ZNSt8_Rb_treeINSt7__cxx1112basic_stringIcSt11char_traitsIcESaIcEEESt4pairIKS5_St6vectorIS5_SaIS5_EEESt10_Select1stISB_ESt4lessIS5_ESaISB_EE20_Reuse_or_alloc_nodeD2Ev called 44 returned 100% blocks executed 100%
       44:  472:	~_Reuse_or_alloc_node()
       44:  473:	{ _M_t._M_erase(static_cast<_Link_type>(_M_root)); }
       44:  473-block  0
call    0 returned 44
------------------
        -:  474:
        -:  475:	template<typename _Arg>
        -:  476:	  _Link_type
        -:  477:#if __cplusplus < 201103L
        -:  478:	  operator()(const _Arg& __arg)
        -:  479:#else
      198:  480:	  operator()(_Arg&& __arg)
        -:  481:#endif
        -:  482:	  {
      198:  483:	    _Link_type __node = static_cast<_Link_type>(_M_extract());
      198:  484:	    if (__node)
        -:  485:	      {
        9:  486:		_M_t._M_destroy_node(__node);
        9:  487:		_M_t._M_construct_node(__node, _GLIBCXX_FORWARD(_Arg, __arg));
        9:  488:		return __node;
        -:  489:	      }
        -:  490:
      189:  491:	    return _M_t._M_create_node(_GLIBCXX_FORWARD(_Arg, __arg));
        -:  492:	  }
------------------
_ZNSt8_Rb_treeISt4pairINSt7__cxx1112basic_stringIcSt11char_traitsIcESaIcEEES6_ES0_IKS7_iESt10_Select1stIS9_ESt4lessIS7_ESaIS9_EE20_Reuse_or_alloc_nodeclIRKS9_EEPSt13_Rb_tree_nodeIS9_EOT_:
function _ZNSt8_Rb_treeISt4pairINSt7__cxx1112basic_stringIcSt11char_traitsIcESaIcEEES6_ES0_IKS7_iESt10_Select1stIS9_ESt4lessIS7_ESaIS9_EE20_Reuse_or_alloc_nodeclIRKS9_EEPSt13_Rb_tree_nodeIS9_EOT_ called 66 returned 100% blocks executed 100%
       66:  480:	  operator()(_Arg&& __arg)
        -:  481:#endif
        -:  482:	  {
       66:  483:	    _Link_type __node = static_cast<_Link_type>(_M_extract());
       66:  483-block  0
call    0 returned 66
       66:  484:	    if (__node)
branch  0 taken 3 (fallthrough)
branch  1 taken 63
        -:  485:	      {
        3:  486:		_M_t._M_destroy_node(__node);
        3:  486-block  0
call    0 returned 3
        3:  487:		_M_t._M_construct_node(__node, _GLIBCXX_FORWARD(_Arg, __arg));
call    0 returned 3
call    1 returned 3
        3:  488:		return __node;
        -:  489:	      }
        -:  490:
       63:  491:	    return _M_t._M_create_node(_GLIBCXX_FORWARD(_Arg, __arg));
       63:  491-block  0
call    0 returned 63
call    1 returned 63
        -:  492:	  }
------------------
_ZNSt8_Rb_treeINSt7__cxx1112basic_stringIcSt11char_traitsIcESaIcEEESt4pairIKS5_St6vectorIS5_SaIS5_EEESt10_Select1stISB_ESt4lessIS5_ESaISB_EE20_Reuse_or_alloc_nodeclIRKSB_EEPSt13_Rb_tree_nodeISB_EOT_:
function _ZNSt8_Rb_treeINSt7__cxx1112basic_stringIcSt11char_traitsIcESaIcEEESt4pairIKS5_St6vectorIS5_SaIS5_EEESt10_Select1stISB_ESt4lessIS5_ESaISB_EE20_Reuse_or_alloc_nodeclIRKSB_EEPSt13_Rb_tree_nodeISB_EOT_ called 132 returned 100% blocks executed 100%
      132:  480:	  operator()(_Arg&& __arg)
        -:  481:#endif
        -:  482:	  {
      132:  483:	    _Link_type __node = static_cast<_Link_type>(_M_extract());
      132:  483-block  0
call    0 returned 132
      132:  484:	    if (__node)
branch  0 taken 6 (fallthrough)
branch  1 taken 126
        -:  485:	      {
        6:  486:		_M_t._M_destroy_node(__node);
        6:  486-block  0
call    0 returned 6
        6:  487:		_M_t._M_construct_node(__node, _GLIBCXX_FORWARD(_Arg, __arg));
call    0 returned 6
call    1 returned 6
        6:  488:		return __node;
        -:  489:	      }
        -:  490:
      126:  491:	    return _M_t._M_create_node(_GLIBCXX_FORWARD(_Arg, __arg));
      126:  491-block  0
call    0 returned 126
call    1 returned 126
        -:  492:	  }
------------------
        -:  493:
        -:  494:      private:
        -:  495:	_Base_ptr
      198:  496:	_M_extract()
        -:  497:	{
      198:  498:	  if (!_M_nodes)
      189:  499:	    return _M_nodes;
        -:  500:
        9:  501:	  _Base_ptr __node = _M_nodes;
        9:  502:	  _M_nodes = _M_nodes->_M_parent;
        9:  503:	  if (_M_nodes)
        -:  504:	    {
        6:  505:	      if (_M_nodes->_M_right == __node)
        -:  506:		{
        3:  507:		  _M_nodes->_M_right = 0;
        -:  508:
        3:  509:		  if (_M_nodes->_M_left)
        -:  510:		    {
        3:  511:		      _M_nodes = _M_nodes->_M_left;
        -:  512:
        3:  513:		      while (_M_nodes->_M_right)
    #####:  514:			_M_nodes = _M_nodes->_M_right;
        -:  515:
        3:  516:		      if (_M_nodes->_M_left)
    #####:  517:			_M_nodes = _M_nodes->_M_left;
        -:  518:		    }
        -:  519:		}
        -:  520:	      else // __node is on the left.
        3:  521:		_M_nodes->_M_left = 0;
        -:  522:	    }
        -:  523:	  else
        3:  524:	    _M_root = 0;
        -:  525:
        9:  526:	  return __node;
        -:  527:	}
------------------
_ZNSt8_Rb_treeISt4pairINSt7__cxx1112basic_stringIcSt11char_traitsIcESaIcEEES6_ES0_IKS7_iESt10_Select1stIS9_ESt4lessIS7_ESaIS9_EE20_Reuse_or_alloc_node10_M_extractEv:
function _ZNSt8_Rb_treeISt4pairINSt7__cxx1112basic_stringIcSt11char_traitsIcESaIcEEES6_ES0_IKS7_iESt10_Select1stIS9_ESt4lessIS7_ESaIS9_EE20_Reuse_or_alloc_node10_M_extractEv called 66 returned 100% blocks executed 86%
       66:  496:	_M_extract()
        -:  497:	{
       66:  498:	  if (!_M_nodes)
       66:  498-block  0
branch  0 taken 63 (fallthrough)
branch  1 taken 3
       63:  499:	    return _M_nodes;
       63:  499-block  0
        -:  500:
        3:  501:	  _Base_ptr __node = _M_nodes;
        3:  502:	  _M_nodes = _M_nodes->_M_parent;
        3:  503:	  if (_M_nodes)
        3:  503-block  0
branch  0 taken 2 (fallthrough)
branch  1 taken 1
        -:  504:	    {
        2:  505:	      if (_M_nodes->_M_right == __node)
        2:  505-block  0
branch  0 taken 1 (fallthrough)
branch  1 taken 1
        -:  506:		{
        1:  507:		  _M_nodes->_M_right = 0;
        -:  508:
        1:  509:		  if (_M_nodes->_M_left)
        1:  509-block  0
branch  0 taken 1 (fallthrough)
branch  1 taken 0
        -:  510:		    {
        1:  511:		      _M_nodes = _M_nodes->_M_left;
        1:  511-block  0
        -:  512:
        1:  513:		      while (_M_nodes->_M_right)
        1:  513-block  0
branch  0 taken 0 (fallthrough)
branch  1 taken 1
    #####:  514:			_M_nodes = _M_nodes->_M_right;
    %%%%%:  514-block  0
        -:  515:
        1:  516:		      if (_M_nodes->_M_left)
        1:  516-block  0
branch  0 taken 0 (fallthrough)
branch  1 taken 1
    #####:  517:			_M_nodes = _M_nodes->_M_left;
    %%%%%:  517-block  0
        -:  518:		    }
        -:  519:		}
        -:  520:	      else // __node is on the left.
        1:  521:		_M_nodes->_M_left = 0;
        1:  521-block  0
        -:  522:	    }
        -:  523:	  else
        1:  524:	    _M_root = 0;
        1:  524-block  0
        -:  525:
        3:  526:	  return __node;
        3:  526-block  0
        -:  527:	}
------------------
_ZNSt8_Rb_treeINSt7__cxx1112basic_stringIcSt11char_traitsIcESaIcEEESt4pairIKS5_St6vectorIS5_SaIS5_EEESt10_Select1stISB_ESt4lessIS5_ESaISB_EE20_Reuse_or_alloc_node10_M_extractEv:
function _ZNSt8_Rb_treeINSt7__cxx1112basic_stringIcSt11char_traitsIcESaIcEEESt4pairIKS5_St6vectorIS5_SaIS5_EEESt10_Select1stISB_ESt4lessIS5_ESaISB_EE20_Reuse_or_alloc_node10_M_extractEv called 132 returned 100% blocks executed 86%
      132:  496:	_M_extract()
        -:  497:	{
      132:  498:	  if (!_M_nodes)
      132:  498-block  0
branch  0 taken 126 (fallthrough)
branch  1 taken 6
      126:  499:	    return _M_nodes;
      126:  499-block  0
        -:  500:
        6:  501:	  _Base_ptr __node = _M_nodes;
        6:  502:	  _M_nodes = _M_nodes->_M_parent;
        6:  503:	  if (_M_nodes)
        6:  503-block  0
branch  0 taken 4 (fallthrough)
branch  1 taken 2
        -:  504:	    {
        4:  505:	      if (_M_nodes->_M_right == __node)
        4:  505-block  0
branch  0 taken 2 (fallthrough)
branch  1 taken 2
        -:  506:		{
        2:  507:		  _M_nodes->_M_right = 0;
        -:  508:
        2:  509:		  if (_M_nodes->_M_left)
        2:  509-block  0
branch  0 taken 2 (fallthrough)
branch  1 taken 0
        -:  510:		    {
        2:  511:		      _M_nodes = _M_nodes->_M_left;
        2:  511-block  0
        -:  512:
        2:  513:		      while (_M_nodes->_M_right)
        2:  513-block  0
branch  0 taken 0 (fallthrough)
branch  1 taken 2
    #####:  514:			_M_nodes = _M_nodes->_M_right;
    %%%%%:  514-block  0
        -:  515:
        2:  516:		      if (_M_nodes->_M_left)
        2:  516-block  0
branch  0 taken 0 (fallthrough)
branch  1 taken 2
    #####:  517:			_M_nodes = _M_nodes->_M_left;
    %%%%%:  517-block  0
        -:  518:		    }
        -:  519:		}
        -:  520:	      else // __node is on the left.
        2:  521:		_M_nodes->_M_left = 0;
        2:  521-block  0
        -:  522:	    }
        -:  523:	  else
        2:  524:	    _M_root = 0;
        2:  524-block  0
        -:  525:
        6:  526:	  return __node;
        6:  526-block  0
        -:  527:	}
------------------
        -:  528:
        -:  529:	_Base_ptr _M_root;
        -:  530:	_Base_ptr _M_nodes;
        -:  531:	_Rb_tree& _M_t;
        -:  532:      };
        -:  533:
        -:  534:      // Functor similar to the previous one but without any pool of nodes to
        -:  535:      // recycle.
        -:  536:      struct _Alloc_node
        -:  537:      {
        -:  538:	_Alloc_node(_Rb_tree& __t)
        -:  539:	: _M_t(__t) { }
        -:  540:
        -:  541:	template<typename _Arg>
        -:  542:	  _Link_type
        -:  543:#if __cplusplus < 201103L
        -:  544:	  operator()(const _Arg& __arg) const
        -:  545:#else
        -:  546:	  operator()(_Arg&& __arg) const
        -:  547:#endif
        -:  548:	  { return _M_t._M_create_node(_GLIBCXX_FORWARD(_Arg, __arg)); }
        -:  549:
        -:  550:      private:
        -:  551:	_Rb_tree& _M_t;
        -:  552:      };
        -:  553:
        -:  554:    public:
        -:  555:      typedef _Key 				key_type;
        -:  556:      typedef _Val 				value_type;
        -:  557:      typedef value_type* 			pointer;
        -:  558:      typedef const value_type* 		const_pointer;
        -:  559:      typedef value_type& 			reference;
        -:  560:      typedef const value_type& 		const_reference;
        -:  561:      typedef size_t 				size_type;
        -:  562:      typedef ptrdiff_t 			difference_type;
        -:  563:      typedef _Alloc 				allocator_type;
        -:  564:
        -:  565:      _Node_allocator&
     1990:  566:      _M_get_Node_allocator() _GLIBCXX_NOEXCEPT
     1990:  567:      { return this->_M_impl; }
------------------
_ZNSt8_Rb_treeISt4pairINSt7__cxx1112basic_stringIcSt11char_traitsIcESaIcEEES6_ES0_IKS7_iESt10_Select1stIS9_ESt4lessIS7_ESaIS9_EE21_M_get_Node_allocatorEv:
function _ZNSt8_Rb_treeISt4pairINSt7__cxx1112basic_stringIcSt11char_traitsIcESaIcEEES6_ES0_IKS7_iESt10_Select1stIS9_ESt4lessIS7_ESaIS9_EE21_M_get_Node_allocatorEv called 674 returned 100% blocks executed 100%
      674:  566:      _M_get_Node_allocator() _GLIBCXX_NOEXCEPT
      674:  567:      { return this->_M_impl; }
      674:  567-block  0
------------------
_ZNSt8_Rb_treeINSt7__cxx1112basic_stringIcSt11char_traitsIcESaIcEEESt4pairIKS5_St6vectorIS5_SaIS5_EEESt10_Select1stISB_ESt4lessIS5_ESaISB_EE21_M_get_Node_allocatorEv:
function _ZNSt8_Rb_treeINSt7__cxx1112basic_stringIcSt11char_traitsIcESaIcEEESt4pairIKS5_St6vectorIS5_SaIS5_EEESt10_Select1stISB_ESt4lessIS5_ESaISB_EE21_M_get_Node_allocatorEv called 1316 returned 100% blocks executed 100%
     1316:  566:      _M_get_Node_allocator() _GLIBCXX_NOEXCEPT
     1316:  567:      { return this->_M_impl; }
     1316:  567-block  0
------------------
        -:  568:
        -:  569:      const _Node_allocator&
    #####:  570:      _M_get_Node_allocator() const _GLIBCXX_NOEXCEPT
    #####:  571:      { return this->_M_impl; }
------------------
_ZNKSt8_Rb_treeISt4pairINSt7__cxx1112basic_stringIcSt11char_traitsIcESaIcEEES6_ES0_IKS7_iESt10_Select1stIS9_ESt4lessIS7_ESaIS9_EE21_M_get_Node_allocatorEv:
function _ZNKSt8_Rb_treeISt4pairINSt7__cxx1112basic_stringIcSt11char_traitsIcESaIcEEES6_ES0_IKS7_iESt10_Select1stIS9_ESt4lessIS7_ESaIS9_EE21_M_get_Node_allocatorEv called 0 returned 0% blocks executed 0%
    #####:  570:      _M_get_Node_allocator() const _GLIBCXX_NOEXCEPT
    #####:  571:      { return this->_M_impl; }
    %%%%%:  571-block  0
------------------
_ZNKSt8_Rb_treeINSt7__cxx1112basic_stringIcSt11char_traitsIcESaIcEEESt4pairIKS5_St6vectorIS5_SaIS5_EEESt10_Select1stISB_ESt4lessIS5_ESaISB_EE21_M_get_Node_allocatorEv:
function _ZNKSt8_Rb_treeINSt7__cxx1112basic_stringIcSt11char_traitsIcESaIcEEESt4pairIKS5_St6vectorIS5_SaIS5_EEESt10_Select1stISB_ESt4lessIS5_ESaISB_EE21_M_get_Node_allocatorEv called 0 returned 0% blocks executed 0%
    #####:  570:      _M_get_Node_allocator() const _GLIBCXX_NOEXCEPT
    #####:  571:      { return this->_M_impl; }
    %%%%%:  571-block  0
------------------
        -:  572:
        -:  573:      allocator_type
        -:  574:      get_allocator() const _GLIBCXX_NOEXCEPT
        -:  575:      { return allocator_type(_M_get_Node_allocator()); }
        -:  576:
        -:  577:    protected:
        -:  578:      _Link_type
      493:  579:      _M_get_node()
      493:  580:      { return _Alloc_traits::allocate(_M_get_Node_allocator(), 1); }
------------------
_ZNSt8_Rb_treeISt4pairINSt7__cxx1112basic_stringIcSt11char_traitsIcESaIcEEES6_ES0_IKS7_iESt10_Select1stIS9_ESt4lessIS7_ESaIS9_EE11_M_get_nodeEv:
function _ZNSt8_Rb_treeISt4pairINSt7__cxx1112basic_stringIcSt11char_traitsIcESaIcEEES6_ES0_IKS7_iESt10_Select1stIS9_ESt4lessIS7_ESaIS9_EE11_M_get_nodeEv called 167 returned 100% blocks executed 100%
      167:  579:      _M_get_node()
      167:  580:      { return _Alloc_traits::allocate(_M_get_Node_allocator(), 1); }
      167:  580-block  0
call    0 returned 167
call    1 returned 167
------------------
_ZNSt8_Rb_treeINSt7__cxx1112basic_stringIcSt11char_traitsIcESaIcEEESt4pairIKS5_St6vectorIS5_SaIS5_EEESt10_Select1stISB_ESt4lessIS5_ESaISB_EE11_M_get_nodeEv:
function _ZNSt8_Rb_treeINSt7__cxx1112basic_stringIcSt11char_traitsIcESaIcEEESt4pairIKS5_St6vectorIS5_SaIS5_EEESt10_Select1stISB_ESt4lessIS5_ESaISB_EE11_M_get_nodeEv called 326 returned 100% blocks executed 100%
      326:  579:      _M_get_node()
      326:  580:      { return _Alloc_traits::allocate(_M_get_Node_allocator(), 1); }
      326:  580-block  0
call    0 returned 326
call    1 returned 326
------------------
        -:  581:
        -:  582:      void
      493:  583:      _M_put_node(_Link_type __p) _GLIBCXX_NOEXCEPT
      493:  584:      { _Alloc_traits::deallocate(_M_get_Node_allocator(), __p, 1); }
------------------
_ZNSt8_Rb_treeISt4pairINSt7__cxx1112basic_stringIcSt11char_traitsIcESaIcEEES6_ES0_IKS7_iESt10_Select1stIS9_ESt4lessIS7_ESaIS9_EE11_M_put_nodeEPSt13_Rb_tree_nodeIS9_E:
function _ZNSt8_Rb_treeISt4pairINSt7__cxx1112basic_stringIcSt11char_traitsIcESaIcEEES6_ES0_IKS7_iESt10_Select1stIS9_ESt4lessIS7_ESaIS9_EE11_M_put_nodeEPSt13_Rb_tree_nodeIS9_E called 167 returned 100% blocks executed 100%
      167:  583:      _M_put_node(_Link_type __p) _GLIBCXX_NOEXCEPT
      167:  584:      { _Alloc_traits::deallocate(_M_get_Node_allocator(), __p, 1); }
      167:  584-block  0
call    0 returned 167
call    1 returned 167
------------------
_ZNSt8_Rb_treeINSt7__cxx1112basic_stringIcSt11char_traitsIcESaIcEEESt4pairIKS5_St6vectorIS5_SaIS5_EEESt10_Select1stISB_ESt4lessIS5_ESaISB_EE11_M_put_nodeEPSt13_Rb_tree_nodeISB_E:
function _ZNSt8_Rb_treeINSt7__cxx1112basic_stringIcSt11char_traitsIcESaIcEEESt4pairIKS5_St6vectorIS5_SaIS5_EEESt10_Select1stISB_ESt4lessIS5_ESaISB_EE11_M_put_nodeEPSt13_Rb_tree_nodeISB_E called 326 returned 100% blocks executed 100%
      326:  583:      _M_put_node(_Link_type __p) _GLIBCXX_NOEXCEPT
      326:  584:      { _Alloc_traits::deallocate(_M_get_Node_allocator(), __p, 1); }
      326:  584-block  0
call    0 returned 326
call    1 returned 326
------------------
        -:  585:
        -:  586:#if __cplusplus < 201103L
        -:  587:      void
        -:  588:      _M_construct_node(_Link_type __node, const value_type& __x)
        -:  589:      {
        -:  590:	__try
        -:  591:	  { get_allocator().construct(__node->_M_valptr(), __x); }
        -:  592:	__catch(...)
        -:  593:	  {
        -:  594:	    _M_put_node(__node);
        -:  595:	    __throw_exception_again;
        -:  596:	  }
        -:  597:      }
        -:  598:
        -:  599:      _Link_type
        -:  600:      _M_create_node(const value_type& __x)
        -:  601:      {
        -:  602:	_Link_type __tmp = _M_get_node();
        -:  603:	_M_construct_node(__tmp, __x);
        -:  604:	return __tmp;
        -:  605:      }
        -:  606:#else
        -:  607:      template<typename... _Args>
        -:  608:	void
      502:  609:	_M_construct_node(_Link_type __node, _Args&&... __args)
        -:  610:	{
        -:  611:	  __try
        -:  612:	    {
      502:  613:	      ::new(__node) _Rb_tree_node<_Val>;
      502:  614:	      _Alloc_traits::construct(_M_get_Node_allocator(),
        -:  615:				       __node->_M_valptr(),
        -:  616:				       std::forward<_Args>(__args)...);
        -:  617:	    }
    =====:  618:	  __catch(...)
        -:  619:	    {
    =====:  620:	      __node->~_Rb_tree_node<_Val>();
    =====:  621:	      _M_put_node(__node);
    =====:  622:	      __throw_exception_again;
        -:  623:	    }
      502:  624:	}
------------------
_ZNSt8_Rb_treeISt4pairINSt7__cxx1112basic_stringIcSt11char_traitsIcESaIcEEES6_ES0_IKS7_iESt10_Select1stIS9_ESt4lessIS7_ESaIS9_EE17_M_construct_nodeIJRKS9_EEEvPSt13_Rb_tree_nodeIS9_EDpOT_:
function _ZNSt8_Rb_treeISt4pairINSt7__cxx1112basic_stringIcSt11char_traitsIcESaIcEEES6_ES0_IKS7_iESt10_Select1stIS9_ESt4lessIS7_ESaIS9_EE17_M_construct_nodeIJRKS9_EEEvPSt13_Rb_tree_nodeIS9_EDpOT_ called 66 returned 100% blocks executed 58%
       66:  609:	_M_construct_node(_Link_type __node, _Args&&... __args)
        -:  610:	{
        -:  611:	  __try
        -:  612:	    {
       66:  613:	      ::new(__node) _Rb_tree_node<_Val>;
       66:  613-block  0
call    0 returned 66
       66:  614:	      _Alloc_traits::construct(_M_get_Node_allocator(),
call    0 returned 66
call    1 returned 66
call    2 returned 66
call    3 returned 66
branch  4 taken 66 (fallthrough)
branch  5 taken 0 (throw)
        -:  615:				       __node->_M_valptr(),
        -:  616:				       std::forward<_Args>(__args)...);
        -:  617:	    }
    =====:  618:	  __catch(...)
    $$$$$:  618-block  0
call    0 never executed
    $$$$$:  618-block  1
call    1 never executed
        -:  619:	    {
    =====:  620:	      __node->~_Rb_tree_node<_Val>();
    =====:  621:	      _M_put_node(__node);
call    0 never executed
    =====:  622:	      __throw_exception_again;
call    0 never executed
        -:  623:	    }
       66:  624:	}
       66:  624-block  0
------------------
_ZNSt8_Rb_treeINSt7__cxx1112basic_stringIcSt11char_traitsIcESaIcEEESt4pairIKS5_St6vectorIS5_SaIS5_EEESt10_Select1stISB_ESt4lessIS5_ESaISB_EE17_M_construct_nodeIJRKSB_EEEvPSt13_Rb_tree_nodeISB_EDpOT_:
function _ZNSt8_Rb_treeINSt7__cxx1112basic_stringIcSt11char_traitsIcESaIcEEESt4pairIKS5_St6vectorIS5_SaIS5_EEESt10_Select1stISB_ESt4lessIS5_ESaISB_EE17_M_construct_nodeIJRKSB_EEEvPSt13_Rb_tree_nodeISB_EDpOT_ called 132 returned 100% blocks executed 58%
      132:  609:	_M_construct_node(_Link_type __node, _Args&&... __args)
        -:  610:	{
        -:  611:	  __try
        -:  612:	    {
      132:  613:	      ::new(__node) _Rb_tree_node<_Val>;
      132:  613-block  0
call    0 returned 132
      132:  614:	      _Alloc_traits::construct(_M_get_Node_allocator(),
call    0 returned 132
call    1 returned 132
call    2 returned 132
call    3 returned 132
branch  4 taken 132 (fallthrough)
branch  5 taken 0 (throw)
        -:  615:				       __node->_M_valptr(),
        -:  616:				       std::forward<_Args>(__args)...);
        -:  617:	    }
    =====:  618:	  __catch(...)
    $$$$$:  618-block  0
call    0 never executed
    $$$$$:  618-block  1
call    1 never executed
        -:  619:	    {
    =====:  620:	      __node->~_Rb_tree_node<_Val>();
    =====:  621:	      _M_put_node(__node);
call    0 never executed
    =====:  622:	      __throw_exception_again;
call    0 never executed
        -:  623:	    }
      132:  624:	}
      132:  624-block  0
------------------
_ZNSt8_Rb_treeISt4pairINSt7__cxx1112basic_stringIcSt11char_traitsIcESaIcEEES6_ES0_IKS7_iESt10_Select1stIS9_ESt4lessIS7_ESaIS9_EE17_M_construct_nodeIJRKSt21piecewise_construct_tSt5tupleIJOS7_EESK_IJEEEEEvPSt13_Rb_tree_nodeIS9_EDpOT_:
function _ZNSt8_Rb_treeISt4pairINSt7__cxx1112basic_stringIcSt11char_traitsIcESaIcEEES6_ES0_IKS7_iESt10_Select1stIS9_ESt4lessIS7_ESaIS9_EE17_M_construct_nodeIJRKSt21piecewise_construct_tSt5tupleIJOS7_EESK_IJEEEEEvPSt13_Rb_tree_nodeIS9_EDpOT_ called 104 returned 100% blocks executed 64%
      104:  609:	_M_construct_node(_Link_type __node, _Args&&... __args)
        -:  610:	{
        -:  611:	  __try
        -:  612:	    {
      104:  613:	      ::new(__node) _Rb_tree_node<_Val>;
      104:  613-block  0
call    0 returned 104
      104:  614:	      _Alloc_traits::construct(_M_get_Node_allocator(),
call    0 returned 104
call    1 returned 104
call    2 returned 104
call    3 returned 104
call    4 returned 104
call    5 returned 104
branch  6 taken 104 (fallthrough)
branch  7 taken 0 (throw)
        -:  615:				       __node->_M_valptr(),
        -:  616:				       std::forward<_Args>(__args)...);
        -:  617:	    }
    =====:  618:	  __catch(...)
    $$$$$:  618-block  0
call    0 never executed
    $$$$$:  618-block  1
call    1 never executed
        -:  619:	    {
    =====:  620:	      __node->~_Rb_tree_node<_Val>();
    =====:  621:	      _M_put_node(__node);
call    0 never executed
    =====:  622:	      __throw_exception_again;
call    0 never executed
        -:  623:	    }
      104:  624:	}
      104:  624-block  0
------------------
_ZNSt8_Rb_treeINSt7__cxx1112basic_stringIcSt11char_traitsIcESaIcEEESt4pairIKS5_St6vectorIS5_SaIS5_EEESt10_Select1stISB_ESt4lessIS5_ESaISB_EE17_M_construct_nodeIJRKSt21piecewise_construct_tSt5tupleIJRS7_EESM_IJEEEEEvPSt13_Rb_tree_nodeISB_EDpOT_:
function _ZNSt8_Rb_treeINSt7__cxx1112basic_stringIcSt11char_traitsIcESaIcEEESt4pairIKS5_St6vectorIS5_SaIS5_EEESt10_Select1stISB_ESt4lessIS5_ESaISB_EE17_M_construct_nodeIJRKSt21piecewise_construct_tSt5tupleIJRS7_EESM_IJEEEEEvPSt13_Rb_tree_nodeISB_EDpOT_ called 200 returned 100% blocks executed 64%
      200:  609:	_M_construct_node(_Link_type __node, _Args&&... __args)
        -:  610:	{
        -:  611:	  __try
        -:  612:	    {
      200:  613:	      ::new(__node) _Rb_tree_node<_Val>;
      200:  613-block  0
call    0 returned 200
      200:  614:	      _Alloc_traits::construct(_M_get_Node_allocator(),
call    0 returned 200
call    1 returned 200
call    2 returned 200
call    3 returned 200
call    4 returned 200
call    5 returned 200
branch  6 taken 200 (fallthrough)
branch  7 taken 0 (throw)
        -:  615:				       __node->_M_valptr(),
        -:  616:				       std::forward<_Args>(__args)...);
        -:  617:	    }
    =====:  618:	  __catch(...)
    $$$$$:  618-block  0
call    0 never executed
    $$$$$:  618-block  1
call    1 never executed
        -:  619:	    {
    =====:  620:	      __node->~_Rb_tree_node<_Val>();
    =====:  621:	      _M_put_node(__node);
call    0 never executed
    =====:  622:	      __throw_exception_again;
call    0 never executed
        -:  623:	    }
      200:  624:	}
      200:  624-block  0
------------------
        -:  625:
        -:  626:      template<typename... _Args>
        -:  627:	_Link_type
      493:  628:	_M_create_node(_Args&&... __args)
        -:  629:	{
      493:  630:	  _Link_type __tmp = _M_get_node();
      493:  631:	  _M_construct_node(__tmp, std::forward<_Args>(__args)...);
      493:  632:	  return __tmp;
        -:  633:	}
------------------
_ZNSt8_Rb_treeISt4pairINSt7__cxx1112basic_stringIcSt11char_traitsIcESaIcEEES6_ES0_IKS7_iESt10_Select1stIS9_ESt4lessIS7_ESaIS9_EE14_M_create_nodeIJRKS9_EEEPSt13_Rb_tree_nodeIS9_EDpOT_:
function _ZNSt8_Rb_treeISt4pairINSt7__cxx1112basic_stringIcSt11char_traitsIcESaIcEEES6_ES0_IKS7_iESt10_Select1stIS9_ESt4lessIS7_ESaIS9_EE14_M_create_nodeIJRKS9_EEEPSt13_Rb_tree_nodeIS9_EDpOT_ called 63 returned 100% blocks executed 100%
       63:  628:	_M_create_node(_Args&&... __args)
        -:  629:	{
       63:  630:	  _Link_type __tmp = _M_get_node();
       63:  630-block  0
call    0 returned 63
       63:  631:	  _M_construct_node(__tmp, std::forward<_Args>(__args)...);
call    0 returned 63
call    1 returned 63
       63:  632:	  return __tmp;
        -:  633:	}
------------------
_ZNSt8_Rb_treeINSt7__cxx1112basic_stringIcSt11char_traitsIcESaIcEEESt4pairIKS5_St6vectorIS5_SaIS5_EEESt10_Select1stISB_ESt4lessIS5_ESaISB_EE14_M_create_nodeIJRKSB_EEEPSt13_Rb_tree_nodeISB_EDpOT_:
function _ZNSt8_Rb_treeINSt7__cxx1112basic_stringIcSt11char_traitsIcESaIcEEESt4pairIKS5_St6vectorIS5_SaIS5_EEESt10_Select1stISB_ESt4lessIS5_ESaISB_EE14_M_create_nodeIJRKSB_EEEPSt13_Rb_tree_nodeISB_EDpOT_ called 126 returned 100% blocks executed 100%
      126:  628:	_M_create_node(_Args&&... __args)
        -:  629:	{
      126:  630:	  _Link_type __tmp = _M_get_node();
      126:  630-block  0
call    0 returned 126
      126:  631:	  _M_construct_node(__tmp, std::forward<_Args>(__args)...);
call    0 returned 126
call    1 returned 126
      126:  632:	  return __tmp;
        -:  633:	}
------------------
_ZNSt8_Rb_treeISt4pairINSt7__cxx1112basic_stringIcSt11char_traitsIcESaIcEEES6_ES0_IKS7_iESt10_Select1stIS9_ESt4lessIS7_ESaIS9_EE14_M_create_nodeIJRKSt21piecewise_construct_tSt5tupleIJOS7_EESK_IJEEEEEPSt13_Rb_tree_nodeIS9_EDpOT_:
function _ZNSt8_Rb_treeISt4pairINSt7__cxx1112basic_stringIcSt11char_traitsIcESaIcEEES6_ES0_IKS7_iESt10_Select1stIS9_ESt4lessIS7_ESaIS9_EE14_M_create_nodeIJRKSt21piecewise_construct_tSt5tupleIJOS7_EESK_IJEEEEEPSt13_Rb_tree_nodeIS9_EDpOT_ called 104 returned 100% blocks executed 100%
      104:  628:	_M_create_node(_Args&&... __args)
        -:  629:	{
      104:  630:	  _Link_type __tmp = _M_get_node();
      104:  630-block  0
call    0 returned 104
      104:  631:	  _M_construct_node(__tmp, std::forward<_Args>(__args)...);
call    0 returned 104
call    1 returned 104
call    2 returned 104
call    3 returned 104
      104:  632:	  return __tmp;
        -:  633:	}
------------------
_ZNSt8_Rb_treeINSt7__cxx1112basic_stringIcSt11char_traitsIcESaIcEEESt4pairIKS5_St6vectorIS5_SaIS5_EEESt10_Select1stISB_ESt4lessIS5_ESaISB_EE14_M_create_nodeIJRKSt21piecewise_construct_tSt5tupleIJRS7_EESM_IJEEEEEPSt13_Rb_tree_nodeISB_EDpOT_:
function _ZNSt8_Rb_treeINSt7__cxx1112basic_stringIcSt11char_traitsIcESaIcEEESt4pairIKS5_St6vectorIS5_SaIS5_EEESt10_Select1stISB_ESt4lessIS5_ESaISB_EE14_M_create_nodeIJRKSt21piecewise_construct_tSt5tupleIJRS7_EESM_IJEEEEEPSt13_Rb_tree_nodeISB_EDpOT_ called 200 returned 100% blocks executed 100%
      200:  628:	_M_create_node(_Args&&... __args)
        -:  629:	{
      200:  630:	  _Link_type __tmp = _M_get_node();
      200:  630-block  0
call    0 returned 200
      200:  631:	  _M_construct_node(__tmp, std::forward<_Args>(__args)...);
call    0 returned 200
call    1 returned 200
call    2 returned 200
call    3 returned 200
      200:  632:	  return __tmp;
        -:  633:	}
------------------
        -:  634:#endif
        -:  635:
        -:  636:      void
      502:  637:      _M_destroy_node(_Link_type __p) _GLIBCXX_NOEXCEPT
        -:  638:      {
        -:  639:#if __cplusplus < 201103L
        -:  640:	get_allocator().destroy(__p->_M_valptr());
        -:  641:#else
      502:  642:	_Alloc_traits::destroy(_M_get_Node_allocator(), __p->_M_valptr());
      502:  643:	__p->~_Rb_tree_node<_Val>();
        -:  644:#endif
      502:  645:      }
------------------
_ZNSt8_Rb_treeISt4pairINSt7__cxx1112basic_stringIcSt11char_traitsIcESaIcEEES6_ES0_IKS7_iESt10_Select1stIS9_ESt4lessIS7_ESaIS9_EE15_M_destroy_nodeEPSt13_Rb_tree_nodeIS9_E:
function _ZNSt8_Rb_treeISt4pairINSt7__cxx1112basic_stringIcSt11char_traitsIcESaIcEEES6_ES0_IKS7_iESt10_Select1stIS9_ESt4lessIS7_ESaIS9_EE15_M_destroy_nodeEPSt13_Rb_tree_nodeIS9_E called 170 returned 100% blocks executed 100%
      170:  637:      _M_destroy_node(_Link_type __p) _GLIBCXX_NOEXCEPT
        -:  638:      {
        -:  639:#if __cplusplus < 201103L
        -:  640:	get_allocator().destroy(__p->_M_valptr());
        -:  641:#else
      170:  642:	_Alloc_traits::destroy(_M_get_Node_allocator(), __p->_M_valptr());
      170:  642-block  0
call    0 returned 170
call    1 returned 170
call    2 returned 170
      170:  643:	__p->~_Rb_tree_node<_Val>();
        -:  644:#endif
      170:  645:      }
------------------
_ZNSt8_Rb_treeINSt7__cxx1112basic_stringIcSt11char_traitsIcESaIcEEESt4pairIKS5_St6vectorIS5_SaIS5_EEESt10_Select1stISB_ESt4lessIS5_ESaISB_EE15_M_destroy_nodeEPSt13_Rb_tree_nodeISB_E:
function _ZNSt8_Rb_treeINSt7__cxx1112basic_stringIcSt11char_traitsIcESaIcEEESt4pairIKS5_St6vectorIS5_SaIS5_EEESt10_Select1stISB_ESt4lessIS5_ESaISB_EE15_M_destroy_nodeEPSt13_Rb_tree_nodeISB_E called 332 returned 100% blocks executed 100%
      332:  637:      _M_destroy_node(_Link_type __p) _GLIBCXX_NOEXCEPT
        -:  638:      {
        -:  639:#if __cplusplus < 201103L
        -:  640:	get_allocator().destroy(__p->_M_valptr());
        -:  641:#else
      332:  642:	_Alloc_traits::destroy(_M_get_Node_allocator(), __p->_M_valptr());
      332:  642-block  0
call    0 returned 332
call    1 returned 332
call    2 returned 332
      332:  643:	__p->~_Rb_tree_node<_Val>();
        -:  644:#endif
      332:  645:      }
------------------
        -:  646:
        -:  647:      void
      493:  648:      _M_drop_node(_Link_type __p) _GLIBCXX_NOEXCEPT
        -:  649:      {
      493:  650:	_M_destroy_node(__p);
      493:  651:	_M_put_node(__p);
      493:  652:      }
------------------
_ZNSt8_Rb_treeISt4pairINSt7__cxx1112basic_stringIcSt11char_traitsIcESaIcEEES6_ES0_IKS7_iESt10_Select1stIS9_ESt4lessIS7_ESaIS9_EE12_M_drop_nodeEPSt13_Rb_tree_nodeIS9_E:
function _ZNSt8_Rb_treeISt4pairINSt7__cxx1112basic_stringIcSt11char_traitsIcESaIcEEES6_ES0_IKS7_iESt10_Select1stIS9_ESt4lessIS7_ESaIS9_EE12_M_drop_nodeEPSt13_Rb_tree_nodeIS9_E called 167 returned 100% blocks executed 100%
      167:  648:      _M_drop_node(_Link_type __p) _GLIBCXX_NOEXCEPT
        -:  649:      {
      167:  650:	_M_destroy_node(__p);
      167:  650-block  0
call    0 returned 167
      167:  651:	_M_put_node(__p);
call    0 returned 167
      167:  652:      }
------------------
_ZNSt8_Rb_treeINSt7__cxx1112basic_stringIcSt11char_traitsIcESaIcEEESt4pairIKS5_St6vectorIS5_SaIS5_EEESt10_Select1stISB_ESt4lessIS5_ESaISB_EE12_M_drop_nodeEPSt13_Rb_tree_nodeISB_E:
function _ZNSt8_Rb_treeINSt7__cxx1112basic_stringIcSt11char_traitsIcESaIcEEESt4pairIKS5_St6vectorIS5_SaIS5_EEESt10_Select1stISB_ESt4lessIS5_ESaISB_EE12_M_drop_nodeEPSt13_Rb_tree_nodeISB_E called 326 returned 100% blocks executed 100%
      326:  648:      _M_drop_node(_Link_type __p) _GLIBCXX_NOEXCEPT
        -:  649:      {
      326:  650:	_M_destroy_node(__p);
      326:  650-block  0
call    0 returned 326
      326:  651:	_M_put_node(__p);
call    0 returned 326
      326:  652:      }
------------------
        -:  653:
        -:  654:      template<typename _NodeGen>
        -:  655:	_Link_type
      198:  656:	_M_clone_node(_Const_Link_type __x, _NodeGen& __node_gen)
        -:  657:	{
      198:  658:	  _Link_type __tmp = __node_gen(*__x->_M_valptr());
      198:  659:	  __tmp->_M_color = __x->_M_color;
      198:  660:	  __tmp->_M_left = 0;
      198:  661:	  __tmp->_M_right = 0;
      198:  662:	  return __tmp;
        -:  663:	}
------------------
_ZNSt8_Rb_treeISt4pairINSt7__cxx1112basic_stringIcSt11char_traitsIcESaIcEEES6_ES0_IKS7_iESt10_Select1stIS9_ESt4lessIS7_ESaIS9_EE13_M_clone_nodeINSF_20_Reuse_or_alloc_nodeEEEPSt13_Rb_tree_nodeIS9_EPKSJ_RT_:
function _ZNSt8_Rb_treeISt4pairINSt7__cxx1112basic_stringIcSt11char_traitsIcESaIcEEES6_ES0_IKS7_iESt10_Select1stIS9_ESt4lessIS7_ESaIS9_EE13_M_clone_nodeINSF_20_Reuse_or_alloc_nodeEEEPSt13_Rb_tree_nodeIS9_EPKSJ_RT_ called 66 returned 100% blocks executed 100%
       66:  656:	_M_clone_node(_Const_Link_type __x, _NodeGen& __node_gen)
        -:  657:	{
       66:  658:	  _Link_type __tmp = __node_gen(*__x->_M_valptr());
       66:  658-block  0
call    0 returned 66
call    1 returned 66
       66:  659:	  __tmp->_M_color = __x->_M_color;
       66:  660:	  __tmp->_M_left = 0;
       66:  661:	  __tmp->_M_right = 0;
       66:  662:	  return __tmp;
        -:  663:	}
------------------
_ZNSt8_Rb_treeINSt7__cxx1112basic_stringIcSt11char_traitsIcESaIcEEESt4pairIKS5_St6vectorIS5_SaIS5_EEESt10_Select1stISB_ESt4lessIS5_ESaISB_EE13_M_clone_nodeINSH_20_Reuse_or_alloc_nodeEEEPSt13_Rb_tree_nodeISB_EPKSL_RT_:
function _ZNSt8_Rb_treeINSt7__cxx1112basic_stringIcSt11char_traitsIcESaIcEEESt4pairIKS5_St6vectorIS5_SaIS5_EEESt10_Select1stISB_ESt4lessIS5_ESaISB_EE13_M_clone_nodeINSH_20_Reuse_or_alloc_nodeEEEPSt13_Rb_tree_nodeISB_EPKSL_RT_ called 132 returned 100% blocks executed 100%
      132:  656:	_M_clone_node(_Const_Link_type __x, _NodeGen& __node_gen)
        -:  657:	{
      132:  658:	  _Link_type __tmp = __node_gen(*__x->_M_valptr());
      132:  658-block  0
call    0 returned 132
call    1 returned 132
      132:  659:	  __tmp->_M_color = __x->_M_color;
      132:  660:	  __tmp->_M_left = 0;
      132:  661:	  __tmp->_M_right = 0;
      132:  662:	  return __tmp;
        -:  663:	}
------------------
        -:  664:
        -:  665:    protected:
        -:  666:#if _GLIBCXX_INLINE_VERSION
        -:  667:      template<typename _Key_compare>
        -:  668:#else
        -:  669:      // Unused _Is_pod_comparator is kept as it is part of mangled name.
        -:  670:      template<typename _Key_compare,
        -:  671:	       bool /* _Is_pod_comparator */ = __is_pod(_Key_compare)>
        -:  672:#endif
        -:  673:	struct _Rb_tree_impl
        -:  674:	: public _Node_allocator
        -:  675:	, public _Rb_tree_key_compare<_Key_compare>
        -:  676:	, public _Rb_tree_header
        -:  677:	{
        -:  678:	  typedef _Rb_tree_key_compare<_Key_compare> _Base_key_compare;
        -:  679:
      144:  680:	  _Rb_tree_impl()
        -:  681:	    _GLIBCXX_NOEXCEPT_IF(
        -:  682:		is_nothrow_default_constructible<_Node_allocator>::value
        -:  683:		&& is_nothrow_default_constructible<_Base_key_compare>::value )
      144:  684:	  : _Node_allocator()
      144:  685:	  { }
------------------
_ZNSt8_Rb_treeISt4pairINSt7__cxx1112basic_stringIcSt11char_traitsIcESaIcEEES6_ES0_IKS7_iESt10_Select1stIS9_ESt4lessIS7_ESaIS9_EE13_Rb_tree_implISD_Lb1EEC2Ev:
function _ZNSt8_Rb_treeISt4pairINSt7__cxx1112basic_stringIcSt11char_traitsIcESaIcEEES6_ES0_IKS7_iESt10_Select1stIS9_ESt4lessIS7_ESaIS9_EE13_Rb_tree_implISD_Lb1EEC2Ev called 48 returned 100% blocks executed 100%
       48:  680:	  _Rb_tree_impl()
        -:  681:	    _GLIBCXX_NOEXCEPT_IF(
        -:  682:		is_nothrow_default_constructible<_Node_allocator>::value
        -:  683:		&& is_nothrow_default_constructible<_Base_key_compare>::value )
       48:  684:	  : _Node_allocator()
       48:  684-block  0
call    0 returned 48
call    1 returned 48
call    2 returned 48
       48:  685:	  { }
------------------
_ZNSt8_Rb_treeINSt7__cxx1112basic_stringIcSt11char_traitsIcESaIcEEESt4pairIKS5_St6vectorIS5_SaIS5_EEESt10_Select1stISB_ESt4lessIS5_ESaISB_EE13_Rb_tree_implISF_Lb1EEC2Ev:
function _ZNSt8_Rb_treeINSt7__cxx1112basic_stringIcSt11char_traitsIcESaIcEEESt4pairIKS5_St6vectorIS5_SaIS5_EEESt10_Select1stISB_ESt4lessIS5_ESaISB_EE13_Rb_tree_implISF_Lb1EEC2Ev called 96 returned 100% blocks executed 100%
       96:  680:	  _Rb_tree_impl()
        -:  681:	    _GLIBCXX_NOEXCEPT_IF(
        -:  682:		is_nothrow_default_constructible<_Node_allocator>::value
        -:  683:		&& is_nothrow_default_constructible<_Base_key_compare>::value )
       96:  684:	  : _Node_allocator()
       96:  684-block  0
call    0 returned 96
call    1 returned 96
call    2 returned 96
       96:  685:	  { }
------------------
        -:  686:
        -:  687:	  _Rb_tree_impl(const _Rb_tree_impl& __x)
        -:  688:	  : _Node_allocator(_Alloc_traits::_S_select_on_copy(__x))
        -:  689:	  , _Base_key_compare(__x._M_key_compare)
        -:  690:	  { }
        -:  691:
        -:  692:#if __cplusplus < 201103L
        -:  693:	  _Rb_tree_impl(const _Key_compare& __comp, const _Node_allocator& __a)
        -:  694:	  : _Node_allocator(__a), _Base_key_compare(__comp)
        -:  695:	  { }
        -:  696:#else
        -:  697:	  _Rb_tree_impl(_Rb_tree_impl&& __x)
        -:  698:	  noexcept( is_nothrow_move_constructible<_Base_key_compare>::value )
        -:  699:	  : _Node_allocator(std::move(__x)),
        -:  700:	    _Base_key_compare(std::move(__x)),
        -:  701:	    _Rb_tree_header(std::move(__x))
        -:  702:	  { }
        -:  703:
        -:  704:	  explicit
        -:  705:	  _Rb_tree_impl(_Node_allocator&& __a)
        -:  706:	  : _Node_allocator(std::move(__a))
        -:  707:	  { }
        -:  708:
        -:  709:	  _Rb_tree_impl(_Rb_tree_impl&& __x, _Node_allocator&& __a)
        -:  710:	  : _Node_allocator(std::move(__a)),
        -:  711:	    _Base_key_compare(std::move(__x)),
        -:  712:	    _Rb_tree_header(std::move(__x))
        -:  713:	  { }
        -:  714:
        -:  715:	  _Rb_tree_impl(const _Key_compare& __comp, _Node_allocator&& __a)
        -:  716:	  : _Node_allocator(std::move(__a)), _Base_key_compare(__comp)
        -:  717:	  { }
        -:  718:#endif
        -:  719:	};
        -:  720:
        -:  721:      _Rb_tree_impl<_Compare> _M_impl;
        -:  722:
        -:  723:    protected:
        -:  724:      _Base_ptr&
      132:  725:      _M_root() _GLIBCXX_NOEXCEPT
      132:  726:      { return this->_M_impl._M_header._M_parent; }
------------------
_ZNSt8_Rb_treeISt4pairINSt7__cxx1112basic_stringIcSt11char_traitsIcESaIcEEES6_ES0_IKS7_iESt10_Select1stIS9_ESt4lessIS7_ESaIS9_EE7_M_rootEv:
function _ZNSt8_Rb_treeISt4pairINSt7__cxx1112basic_stringIcSt11char_traitsIcESaIcEEES6_ES0_IKS7_iESt10_Select1stIS9_ESt4lessIS7_ESaIS9_EE7_M_rootEv called 44 returned 100% blocks executed 100%
       44:  725:      _M_root() _GLIBCXX_NOEXCEPT
       44:  726:      { return this->_M_impl._M_header._M_parent; }
       44:  726-block  0
------------------
_ZNSt8_Rb_treeINSt7__cxx1112basic_stringIcSt11char_traitsIcESaIcEEESt4pairIKS5_St6vectorIS5_SaIS5_EEESt10_Select1stISB_ESt4lessIS5_ESaISB_EE7_M_rootEv:
function _ZNSt8_Rb_treeINSt7__cxx1112basic_stringIcSt11char_traitsIcESaIcEEESt4pairIKS5_St6vectorIS5_SaIS5_EEESt10_Select1stISB_ESt4lessIS5_ESaISB_EE7_M_rootEv called 88 returned 100% blocks executed 100%
       88:  725:      _M_root() _GLIBCXX_NOEXCEPT
       88:  726:      { return this->_M_impl._M_header._M_parent; }
[...]
function _ZNSt8_Rb_treeISt4pairINSt7__cxx1112basic_stringIcSt11char_traitsIcESaIcEEES6_ES0_IKS7_iESt10_Select1stIS9_ESt4lessIS7_ESaIS9_EE22_M_emplace_hint_uniqueIJRKSt21piecewise_construct_tSt5tupleIJOS7_EESK_IJEEEEESt17_Rb_tree_iteratorIS9_ESt23_Rb_tree_const_iteratorIS9_EDpOT_ called 104 returned 100% blocks executed 57%
      104: 2457:      _Rb_tree<_Key, _Val, _KeyOfValue, _Compare, _Alloc>::
        -: 2458:      _M_emplace_hint_unique(const_iterator __pos, _Args&&... __args)
        -: 2459:      {
      104: 2460:	_Link_type __z = _M_create_node(std::forward<_Args>(__args)...);
      104: 2460-block  0
call    0 returned 104
call    1 returned 104
call    2 returned 104
call    3 returned 104
        -: 2461:
        -: 2462:	__try
        -: 2463:	  {
      104: 2464:	    auto __res = _M_get_insert_hint_unique_pos(__pos, _S_key(__z));
call    0 returned 104
branch  1 taken 104 (fallthrough)
branch  2 taken 0 (throw)
      104: 2464-block  0
call    3 returned 104
branch  4 taken 104 (fallthrough)
branch  5 taken 0 (throw)
        -: 2465:
      104: 2466:	    if (__res.second)
      104: 2466-block  0
branch  0 taken 104 (fallthrough)
branch  1 taken 0
      104: 2467:	      return _M_insert_node(__res.first, __res.second, __z);
      104: 2467-block  0
call    0 returned 104
branch  1 taken 104 (fallthrough)
branch  2 taken 0 (throw)
        -: 2468:
    #####: 2469:	    _M_drop_node(__z);
    %%%%%: 2469-block  0
call    0 never executed
    #####: 2470:	    return iterator(__res.first);
call    0 never executed
        -: 2471:	  }
    =====: 2472:	__catch(...)
    $$$$$: 2472-block  0
call    0 never executed
    $$$$$: 2472-block  1
call    1 never executed
        -: 2473:	  {
    =====: 2474:	    _M_drop_node(__z);
call    0 never executed
    =====: 2475:	    __throw_exception_again;
call    0 never executed
        -: 2476:	  }
        -: 2477:      }
------------------
_ZNSt8_Rb_treeINSt7__cxx1112basic_stringIcSt11char_traitsIcESaIcEEESt4pairIKS5_St6vectorIS5_SaIS5_EEESt10_Select1stISB_ESt4lessIS5_ESaISB_EE22_M_emplace_hint_uniqueIJRKSt21piecewise_construct_tSt5tupleIJRS7_EESM_IJEEEEESt17_Rb_tree_iteratorISB_ESt23_Rb_tree_const_iteratorISB_EDpOT_:
function _ZNSt8_Rb_treeINSt7__cxx1112basic_stringIcSt11char_traitsIcESaIcEEESt4pairIKS5_St6vectorIS5_SaIS5_EEESt10_Select1stISB_ESt4lessIS5_ESaISB_EE22_M_emplace_hint_uniqueIJRKSt21piecewise_construct_tSt5tupleIJRS7_EESM_IJEEEEESt17_Rb_tree_iteratorISB_ESt23_Rb_tree_const_iteratorISB_EDpOT_ called 200 returned 100% blocks executed 57%
      200: 2457:      _Rb_tree<_Key, _Val, _KeyOfValue, _Compare, _Alloc>::
        -: 2458:      _M_emplace_hint_unique(const_iterator __pos, _Args&&... __args)
        -: 2459:      {
      200: 2460:	_Link_type __z = _M_create_node(std::forward<_Args>(__args)...);
      200: 2460-block  0
call    0 returned 200
call    1 returned 200
call    2 returned 200
call    3 returned 200
        -: 2461:
        -: 2462:	__try
        -: 2463:	  {
      200: 2464:	    auto __res = _M_get_insert_hint_unique_pos(__pos, _S_key(__z));
call    0 returned 200
branch  1 taken 200 (fallthrough)
branch  2 taken 0 (throw)
      200: 2464-block  0
call    3 returned 200
branch  4 taken 200 (fallthrough)
branch  5 taken 0 (throw)
        -: 2465:
      200: 2466:	    if (__res.second)
      200: 2466-block  0
branch  0 taken 200 (fallthrough)
branch  1 taken 0
      200: 2467:	      return _M_insert_node(__res.first, __res.second, __z);
      200: 2467-block  0
call    0 returned 200
branch  1 taken 200 (fallthrough)
branch  2 taken 0 (throw)
        -: 2468:
    #####: 2469:	    _M_drop_node(__z);
    %%%%%: 2469-block  0
call    0 never executed
    #####: 2470:	    return iterator(__res.first);
call    0 never executed
        -: 2471:	  }
    =====: 2472:	__catch(...)
    $$$$$: 2472-block  0
call    0 never executed
    $$$$$: 2472-block  1
call    1 never executed
        -: 2473:	  {
    =====: 2474:	    _M_drop_node(__z);
call    0 never executed
    =====: 2475:	    __throw_exception_again;
call    0 never executed
        -: 2476:	  }
        -: 2477:      }
------------------
        -: 2478:
        -: 2479:  template<typename _Key, typename _Val, typename _KeyOfValue,
        -: 2480:	   typename _Compare, typename _Alloc>
        -: 2481:    template<typename... _Args>
        -: 2482:      typename _Rb_tree<_Key, _Val, _KeyOfValue, _Compare, _Alloc>::iterator
        -: 2483:      _Rb_tree<_Key, _Val, _KeyOfValue, _Compare, _Alloc>::
        -: 2484:      _M_emplace_hint_equal(const_iterator __pos, _Args&&... __args)
        -: 2485:      {
        -: 2486:	_Link_type __z = _M_create_node(std::forward<_Args>(__args)...);
        -: 2487:
        -: 2488:	__try
        -: 2489:	  {
        -: 2490:	    auto __res = _M_get_insert_hint_equal_pos(__pos, _S_key(__z));
        -: 2491:
        -: 2492:	    if (__res.second)
        -: 2493:	      return _M_insert_node(__res.first, __res.second, __z);
        -: 2494:
        -: 2495:	    return _M_insert_equal_lower_node(__z);
        -: 2496:	  }
        -: 2497:	__catch(...)
        -: 2498:	  {
        -: 2499:	    _M_drop_node(__z);
        -: 2500:	    __throw_exception_again;
        -: 2501:	  }
        -: 2502:      }
        -: 2503:#endif
        -: 2504:
        -: 2505:
        -: 2506:  template<typename _Key, typename _Val, typename _KeyOfValue,
        -: 2507:	   typename _Compare, typename _Alloc>
        -: 2508:    void
       12: 2509:    _Rb_tree<_Key, _Val, _KeyOfValue, _Compare, _Alloc>::
        -: 2510:    _M_erase_aux(const_iterator __position)
        -: 2511:    {
        -: 2512:      _Link_type __y =
        -: 2513:	static_cast<_Link_type>(_Rb_tree_rebalance_for_erase
       12: 2514:				(const_cast<_Base_ptr>(__position._M_node),
       12: 2515:				 this->_M_impl._M_header));
       12: 2516:      _M_drop_node(__y);
       12: 2517:      --_M_impl._M_node_count;
       12: 2518:    }
------------------
_ZNSt8_Rb_treeINSt7__cxx1112basic_stringIcSt11char_traitsIcESaIcEEESt4pairIKS5_St6vectorIS5_SaIS5_EEESt10_Select1stISB_ESt4lessIS5_ESaISB_EE12_M_erase_auxESt23_Rb_tree_const_iteratorISB_E:
function _ZNSt8_Rb_treeINSt7__cxx1112basic_stringIcSt11char_traitsIcESaIcEEESt4pairIKS5_St6vectorIS5_SaIS5_EEESt10_Select1stISB_ESt4lessIS5_ESaISB_EE12_M_erase_auxESt23_Rb_tree_const_iteratorISB_E called 6 returned 100% blocks executed 100%
        6: 2509:    _Rb_tree<_Key, _Val, _KeyOfValue, _Compare, _Alloc>::
        -: 2510:    _M_erase_aux(const_iterator __position)
        -: 2511:    {
        -: 2512:      _Link_type __y =
        -: 2513:	static_cast<_Link_type>(_Rb_tree_rebalance_for_erase
        6: 2514:				(const_cast<_Base_ptr>(__position._M_node),
        6: 2515:				 this->_M_impl._M_header));
        6: 2515-block  0
call    0 returned 6
        6: 2516:      _M_drop_node(__y);
call    0 returned 6
        6: 2517:      --_M_impl._M_node_count;
        6: 2518:    }
------------------
_ZNSt8_Rb_treeISt4pairINSt7__cxx1112basic_stringIcSt11char_traitsIcESaIcEEES6_ES0_IKS7_iESt10_Select1stIS9_ESt4lessIS7_ESaIS9_EE12_M_erase_auxESt23_Rb_tree_const_iteratorIS9_E:
function _ZNSt8_Rb_treeISt4pairINSt7__cxx1112basic_stringIcSt11char_traitsIcESaIcEEES6_ES0_IKS7_iESt10_Select1stIS9_ESt4lessIS7_ESaIS9_EE12_M_erase_auxESt23_Rb_tree_const_iteratorIS9_E called 6 returned 100% blocks executed 100%
        6: 2509:    _Rb_tree<_Key, _Val, _KeyOfValue, _Compare, _Alloc>::
        -: 2510:    _M_erase_aux(const_iterator __position)
        -: 2511:    {
        -: 2512:      _Link_type __y =
        -: 2513:	static_cast<_Link_type>(_Rb_tree_rebalance_for_erase
        6: 2514:				(const_cast<_Base_ptr>(__position._M_node),
        6: 2515:				 this->_M_impl._M_header));
        6: 2515-block  0
call    0 returned 6
        6: 2516:      _M_drop_node(__y);
call    0 returned 6
        6: 2517:      --_M_impl._M_node_count;
        6: 2518:    }
------------------
        -: 2519:
        -: 2520:  template<typename _Key, typename _Val, typename _KeyOfValue,
        -: 2521:	   typename _Compare, typename _Alloc>
        -: 2522:    void
       13: 2523:    _Rb_tree<_Key, _Val, _KeyOfValue, _Compare, _Alloc>::
        -: 2524:    _M_erase_aux(const_iterator __first, const_iterator __last)
        -: 2525:    {
      13*: 2526:      if (__first == begin() && __last == end())
       1*: 2527:	clear();
        -: 2528:      else
       24: 2529:	while (__first != __last)
       12: 2530:	  _M_erase_aux(__first++);
       13: 2531:    }
------------------
_ZNSt8_Rb_treeINSt7__cxx1112basic_stringIcSt11char_traitsIcESaIcEEESt4pairIKS5_St6vectorIS5_SaIS5_EEESt10_Select1stISB_ESt4lessIS5_ESaISB_EE12_M_erase_auxESt23_Rb_tree_const_iteratorISB_ESJ_:
function _ZNSt8_Rb_treeINSt7__cxx1112basic_stringIcSt11char_traitsIcESaIcEEESt4pairIKS5_St6vectorIS5_SaIS5_EEESt10_Select1stISB_ESt4lessIS5_ESaISB_EE12_M_erase_auxESt23_Rb_tree_const_iteratorISB_ESJ_ called 6 returned 100% blocks executed 89%
        6: 2523:    _Rb_tree<_Key, _Val, _KeyOfValue, _Compare, _Alloc>::
        -: 2524:    _M_erase_aux(const_iterator __first, const_iterator __last)
        -: 2525:    {
       6*: 2526:      if (__first == begin() && __last == end())
        6: 2526-block  0
call    0 returned 6
call    1 returned 6
call    2 returned 6
branch  3 taken 2 (fallthrough)
branch  4 taken 4
        2: 2526-block  1
call    5 returned 2
call    6 returned 2
call    7 returned 2
branch  8 taken 0 (fallthrough)
branch  9 taken 2
    %%%%%: 2526-block  2
        6: 2526-block  3
        6: 2526-block  4
branch 10 taken 0 (fallthrough)
branch 11 taken 6
    #####: 2527:	clear();
    %%%%%: 2527-block  0
call    0 never executed
        -: 2528:      else
       12: 2529:	while (__first != __last)
       12: 2529-block  0
call    0 returned 12
branch  1 taken 6 (fallthrough)
branch  2 taken 6
        6: 2530:	  _M_erase_aux(__first++);
        6: 2530-block  0
call    0 returned 6
call    1 returned 6
        6: 2531:    }
------------------
_ZNSt8_Rb_treeISt4pairINSt7__cxx1112basic_stringIcSt11char_traitsIcESaIcEEES6_ES0_IKS7_iESt10_Select1stIS9_ESt4lessIS7_ESaIS9_EE12_M_erase_auxESt23_Rb_tree_const_iteratorIS9_ESH_:
function _ZNSt8_Rb_treeISt4pairINSt7__cxx1112basic_stringIcSt11char_traitsIcESaIcEEES6_ES0_IKS7_iESt10_Select1stIS9_ESt4lessIS7_ESaIS9_EE12_M_erase_auxESt23_Rb_tree_const_iteratorIS9_ESH_ called 7 returned 100% blocks executed 100%
        7: 2523:    _Rb_tree<_Key, _Val, _KeyOfValue, _Compare, _Alloc>::
        -: 2524:    _M_erase_aux(const_iterator __first, const_iterator __last)
        -: 2525:    {
        7: 2526:      if (__first == begin() && __last == end())
        7: 2526-block  0
call    0 returned 7
call    1 returned 7
call    2 returned 7
branch  3 taken 5 (fallthrough)
branch  4 taken 2
        5: 2526-block  1
call    5 returned 5
call    6 returned 5
call    7 returned 5
branch  8 taken 1 (fallthrough)
branch  9 taken 4
        1: 2526-block  2
        6: 2526-block  3
        7: 2526-block  4
branch 10 taken 1 (fallthrough)
branch 11 taken 6
        1: 2527:	clear();
        1: 2527-block  0
call    0 returned 1
        -: 2528:      else
       12: 2529:	while (__first != __last)
       12: 2529-block  0
call    0 returned 12
branch  1 taken 6 (fallthrough)
branch  2 taken 6
        6: 2530:	  _M_erase_aux(__first++);
        6: 2530-block  0
call    0 returned 6
call    1 returned 6
        7: 2531:    }
------------------
        -: 2532:
        -: 2533:  template<typename _Key, typename _Val, typename _KeyOfValue,
        -: 2534:	   typename _Compare, typename _Alloc>
        -: 2535:    typename _Rb_tree<_Key, _Val, _KeyOfValue, _Compare, _Alloc>::size_type
       13: 2536:    _Rb_tree<_Key, _Val, _KeyOfValue, _Compare, _Alloc>::
        -: 2537:    erase(const _Key& __x)
        -: 2538:    {
       13: 2539:      pair<iterator, iterator> __p = equal_range(__x);
       13: 2540:      const size_type __old_size = size();
       13: 2541:      _M_erase_aux(__p.first, __p.second);
       13: 2542:      return __old_size - size();
        -: 2543:    }
------------------
_ZNSt8_Rb_treeINSt7__cxx1112basic_stringIcSt11char_traitsIcESaIcEEESt4pairIKS5_St6vectorIS5_SaIS5_EEESt10_Select1stISB_ESt4lessIS5_ESaISB_EE5eraseERS7_:
function _ZNSt8_Rb_treeINSt7__cxx1112basic_stringIcSt11char_traitsIcESaIcEEESt4pairIKS5_St6vectorIS5_SaIS5_EEESt10_Select1stISB_ESt4lessIS5_ESaISB_EE5eraseERS7_ called 6 returned 100% blocks executed 82%
        6: 2536:    _Rb_tree<_Key, _Val, _KeyOfValue, _Compare, _Alloc>::
        -: 2537:    erase(const _Key& __x)
        -: 2538:    {
        6: 2539:      pair<iterator, iterator> __p = equal_range(__x);
        6: 2539-block  0
call    0 returned 6
branch  1 taken 6 (fallthrough)
branch  2 taken 0 (throw)
        6: 2540:      const size_type __old_size = size();
        6: 2540-block  0
call    0 returned 6
        6: 2541:      _M_erase_aux(__p.first, __p.second);
call    0 returned 6
call    1 returned 6
call    2 returned 6
branch  3 taken 6 (fallthrough)
branch  4 taken 0 (throw)
    $$$$$: 2541-block  0
    $$$$$: 2541-block  1
        6: 2542:      return __old_size - size();
        6: 2542-block  0
call    0 returned 6
        6: 2542-block  1
        -: 2543:    }
------------------
_ZNSt8_Rb_treeISt4pairINSt7__cxx1112basic_stringIcSt11char_traitsIcESaIcEEES6_ES0_IKS7_iESt10_Select1stIS9_ESt4lessIS7_ESaIS9_EE5eraseERS8_:
function _ZNSt8_Rb_treeISt4pairINSt7__cxx1112basic_stringIcSt11char_traitsIcESaIcEEES6_ES0_IKS7_iESt10_Select1stIS9_ESt4lessIS7_ESaIS9_EE5eraseERS8_ called 7 returned 100% blocks executed 82%
        7: 2536:    _Rb_tree<_Key, _Val, _KeyOfValue, _Compare, _Alloc>::
        -: 2537:    erase(const _Key& __x)
        -: 2538:    {
        7: 2539:      pair<iterator, iterator> __p = equal_range(__x);
        7: 2539-block  0
call    0 returned 7
branch  1 taken 7 (fallthrough)
branch  2 taken 0 (throw)
        7: 2540:      const size_type __old_size = size();
        7: 2540-block  0
call    0 returned 7
        7: 2541:      _M_erase_aux(__p.first, __p.second);
call    0 returned 7
call    1 returned 7
call    2 returned 7
branch  3 taken 7 (fallthrough)
branch  4 taken 0 (throw)
    $$$$$: 2541-block  0
    $$$$$: 2541-block  1
        7: 2542:      return __old_size - size();
        7: 2542-block  0
call    0 returned 7
        7: 2542-block  1
        -: 2543:    }
------------------
        -: 2544:
        -: 2545:  template<typename _Key, typename _Val, typename _KeyOfValue,
        -: 2546:	   typename _Compare, typename _Alloc>
        -: 2547:    void
        -: 2548:    _Rb_tree<_Key, _Val, _KeyOfValue, _Compare, _Alloc>::
        -: 2549:    erase(const _Key* __first, const _Key* __last)
        -: 2550:    {
        -: 2551:      while (__first != __last)
        -: 2552:	erase(*__first++);
        -: 2553:    }
        -: 2554:
        -: 2555:  template<typename _Key, typename _Val, typename _KeyOfValue,
        -: 2556:	   typename _Compare, typename _Alloc>
        -: 2557:    typename _Rb_tree<_Key, _Val, _KeyOfValue,
        -: 2558:		      _Compare, _Alloc>::iterator
        -: 2559:    _Rb_tree<_Key, _Val, _KeyOfValue, _Compare, _Alloc>::
        -: 2560:    find(const _Key& __k)
        -: 2561:    {
        -: 2562:      iterator __j = _M_lower_bound(_M_begin(), _M_end(), __k);
        -: 2563:      return (__j == end()
        -: 2564:	      || _M_impl._M_key_compare(__k,
        -: 2565:					_S_key(__j._M_node))) ? end() : __j;
        -: 2566:    }
        -: 2567:
        -: 2568:  template<typename _Key, typename _Val, typename _KeyOfValue,
        -: 2569:	   typename _Compare, typename _Alloc>
        -: 2570:    typename _Rb_tree<_Key, _Val, _KeyOfValue,
        -: 2571:		      _Compare, _Alloc>::const_iterator
      546: 2572:    _Rb_tree<_Key, _Val, _KeyOfValue, _Compare, _Alloc>::
        -: 2573:    find(const _Key& __k) const
        -: 2574:    {
      546: 2575:      const_iterator __j = _M_lower_bound(_M_begin(), _M_end(), __k);
     1092: 2576:      return (__j == end()
      459: 2577:	      || _M_impl._M_key_compare(__k,
     1551: 2578:					_S_key(__j._M_node))) ? end() : __j;
        -: 2579:    }
        -: 2580:
        -: 2581:  template<typename _Key, typename _Val, typename _KeyOfValue,
        -: 2582:	   typename _Compare, typename _Alloc>
        -: 2583:    typename _Rb_tree<_Key, _Val, _KeyOfValue, _Compare, _Alloc>::size_type
        -: 2584:    _Rb_tree<_Key, _Val, _KeyOfValue, _Compare, _Alloc>::
        -: 2585:    count(const _Key& __k) const
        -: 2586:    {
        -: 2587:      pair<const_iterator, const_iterator> __p = equal_range(__k);
        -: 2588:      const size_type __n = std::distance(__p.first, __p.second);
        -: 2589:      return __n;
        -: 2590:    }
        -: 2591:
        -: 2592:  _GLIBCXX_PURE unsigned int
        -: 2593:  _Rb_tree_black_count(const _Rb_tree_node_base* __node,
        -: 2594:		       const _Rb_tree_node_base* __root) throw ();
        -: 2595:
        -: 2596:  template<typename _Key, typename _Val, typename _KeyOfValue,
        -: 2597:	   typename _Compare, typename _Alloc>
        -: 2598:    bool
        -: 2599:    _Rb_tree<_Key,_Val,_KeyOfValue,_Compare,_Alloc>::__rb_verify() const
        -: 2600:    {
        -: 2601:      if (_M_impl._M_node_count == 0 || begin() == end())
        -: 2602:	return _M_impl._M_node_count == 0 && begin() == end()
        -: 2603:	       && this->_M_impl._M_header._M_left == _M_end()
        -: 2604:	       && this->_M_impl._M_header._M_right == _M_end();
        -: 2605:
        -: 2606:      unsigned int __len = _Rb_tree_black_count(_M_leftmost(), _M_root());
        -: 2607:      for (const_iterator __it = begin(); __it != end(); ++__it)
        -: 2608:	{
        -: 2609:	  _Const_Link_type __x = static_cast<_Const_Link_type>(__it._M_node);
        -: 2610:	  _Const_Link_type __L = _S_left(__x);
        -: 2611:	  _Const_Link_type __R = _S_right(__x);
        -: 2612:
        -: 2613:	  if (__x->_M_color == _S_red)
        -: 2614:	    if ((__L && __L->_M_color == _S_red)
        -: 2615:		|| (__R && __R->_M_color == _S_red))
        -: 2616:	      return false;
        -: 2617:
        -: 2618:	  if (__L && _M_impl._M_key_compare(_S_key(__x), _S_key(__L)))
        -: 2619:	    return false;
        -: 2620:	  if (__R && _M_impl._M_key_compare(_S_key(__R), _S_key(__x)))
        -: 2621:	    return false;
        -: 2622:
        -: 2623:	  if (!__L && !__R && _Rb_tree_black_count(__x, _M_root()) != __len)
        -: 2624:	    return false;
        -: 2625:	}
        -: 2626:
        -: 2627:      if (_M_leftmost() != _Rb_tree_node_base::_S_minimum(_M_root()))
        -: 2628:	return false;
        -: 2629:      if (_M_rightmost() != _Rb_tree_node_base::_S_maximum(_M_root()))
        -: 2630:	return false;
        -: 2631:      return true;
        -: 2632:    }
        -: 2633:
        -: 2634:#if __cplusplus > 201402L
        -: 2635:  // Allow access to internals of compatible _Rb_tree specializations.
        -: 2636:  template<typename _Key, typename _Val, typename _Sel, typename _Cmp1,
        -: 2637:	   typename _Alloc, typename _Cmp2>
        -: 2638:    struct _Rb_tree_merge_helper<_Rb_tree<_Key, _Val, _Sel, _Cmp1, _Alloc>,
        -: 2639:				 _Cmp2>
        -: 2640:    {
        -: 2641:    private:
        -: 2642:      friend class _Rb_tree<_Key, _Val, _Sel, _Cmp1, _Alloc>;
        -: 2643:
        -: 2644:      static auto&
        -: 2645:      _S_get_impl(_Rb_tree<_Key, _Val, _Sel, _Cmp2, _Alloc>& __tree)
        -: 2646:      { return __tree._M_impl; }
        -: 2647:    };
        -: 2648:#endif // C++17
        -: 2649:
        -: 2650:_GLIBCXX_END_NAMESPACE_VERSION
        -: 2651:} // namespace
        -: 2652:
        -: 2653:#endif
