        -:    0:Source:/home/georgerapeanu/Desktop/ubbShit/Semester2/Graphs/homeworks/lab1/c++/tests/googletest/googletest/src/gtest.cc
        -:    0:Graph:/home/georgerapeanu/Desktop/ubbShit/Semester2/Graphs/homeworks/lab1/c++/cmake-build-debug-coverage/tests/googletest/googletest/CMakeFiles/gtest.dir/src/gtest-all.cc.gcno
        -:    0:Data:/home/georgerapeanu/Desktop/ubbShit/Semester2/Graphs/homeworks/lab1/c++/cmake-build-debug-coverage/tests/googletest/googletest/CMakeFiles/gtest.dir/src/gtest-all.cc.gcda
        -:    0:Runs:1
        -:    1:// Copyright 2005, Google Inc.
        -:    2:// All rights reserved.
        -:    3://
        -:    4:// Redistribution and use in source and binary forms, with or without
        -:    5:// modification, are permitted provided that the following conditions are
        -:    6:// met:
        -:    7://
        -:    8://     * Redistributions of source code must retain the above copyright
        -:    9:// notice, this list of conditions and the following disclaimer.
        -:   10://     * Redistributions in binary form must reproduce the above
        -:   11:// copyright notice, this list of conditions and the following disclaimer
        -:   12:// in the documentation and/or other materials provided with the
        -:   13:// distribution.
        -:   14://     * Neither the name of Google Inc. nor the names of its
        -:   15:// contributors may be used to endorse or promote products derived from
        -:   16:// this software without specific prior written permission.
        -:   17://
        -:   18:// THIS SOFTWARE IS PROVIDED BY THE COPYRIGHT HOLDERS AND CONTRIBUTORS
        -:   19:// "AS IS" AND ANY EXPRESS OR IMPLIED WARRANTIES, INCLUDING, BUT NOT
        -:   20:// LIMITED TO, THE IMPLIED WARRANTIES OF MERCHANTABILITY AND FITNESS FOR
        -:   21:// A PARTICULAR PURPOSE ARE DISCLAIMED. IN NO EVENT SHALL THE COPYRIGHT
        -:   22:// OWNER OR CONTRIBUTORS BE LIABLE FOR ANY DIRECT, INDIRECT, INCIDENTAL,
        -:   23:// SPECIAL, EXEMPLARY, OR CONSEQUENTIAL DAMAGES (INCLUDING, BUT NOT
        -:   24:// LIMITED TO, PROCUREMENT OF SUBSTITUTE GOODS OR SERVICES; LOSS OF USE,
        -:   25:// DATA, OR PROFITS; OR BUSINESS INTERRUPTION) HOWEVER CAUSED AND ON ANY
        -:   26:// THEORY OF LIABILITY, WHETHER IN CONTRACT, STRICT LIABILITY, OR TORT
        -:   27:// (INCLUDING NEGLIGENCE OR OTHERWISE) ARISING IN ANY WAY OUT OF THE USE
        -:   28:// OF THIS SOFTWARE, EVEN IF ADVISED OF THE POSSIBILITY OF SUCH DAMAGE.
        -:   29:
        -:   30://
        -:   31:// The Google C++ Testing and Mocking Framework (Google Test)
        -:   32:
        -:   33:#include "gtest/gtest.h"
        -:   34:
        -:   35:#include <ctype.h>
        -:   36:#include <stdarg.h>
        -:   37:#include <stdio.h>
        -:   38:#include <stdlib.h>
        -:   39:#include <time.h>
        -:   40:#include <wchar.h>
        -:   41:#include <wctype.h>
        -:   42:
        -:   43:#include <algorithm>
        -:   44:#include <chrono>  // NOLINT
        -:   45:#include <cmath>
        -:   46:#include <cstdint>
        -:   47:#include <iomanip>
        -:   48:#include <iterator>
        -:   49:#include <limits>
        -:   50:#include <list>
        -:   51:#include <map>
        -:   52:#include <ostream>  // NOLINT
        -:   53:#include <sstream>
        -:   54:#include <unordered_set>
        -:   55:#include <vector>
        -:   56:
        -:   57:#include "gtest/gtest-assertion-result.h"
        -:   58:#include "gtest/gtest-spi.h"
        -:   59:#include "gtest/internal/custom/gtest.h"
        -:   60:
        -:   61:#if GTEST_OS_LINUX
        -:   62:
        -:   63:#include <fcntl.h>   // NOLINT
        -:   64:#include <limits.h>  // NOLINT
        -:   65:#include <sched.h>   // NOLINT
        -:   66:// Declares vsnprintf().  This header is not available on Windows.
        -:   67:#include <strings.h>   // NOLINT
        -:   68:#include <sys/mman.h>  // NOLINT
        -:   69:#include <sys/time.h>  // NOLINT
        -:   70:#include <unistd.h>    // NOLINT
        -:   71:
        -:   72:#include <string>
        -:   73:
        -:   74:#elif GTEST_OS_ZOS
        -:   75:#include <sys/time.h>  // NOLINT
        -:   76:
        -:   77:// On z/OS we additionally need strings.h for strcasecmp.
        -:   78:#include <strings.h>   // NOLINT
        -:   79:
        -:   80:#elif GTEST_OS_WINDOWS_MOBILE  // We are on Windows CE.
        -:   81:
        -:   82:#include <windows.h>  // NOLINT
        -:   83:#undef min
        -:   84:
        -:   85:#elif GTEST_OS_WINDOWS  // We are on Windows proper.
        -:   86:
        -:   87:#include <windows.h>  // NOLINT
        -:   88:#undef min
        -:   89:
        -:   90:#ifdef _MSC_VER
        -:   91:#include <crtdbg.h>  // NOLINT
        -:   92:#endif
        -:   93:
        -:   94:#include <io.h>         // NOLINT
        -:   95:#include <sys/stat.h>   // NOLINT
        -:   96:#include <sys/timeb.h>  // NOLINT
        -:   97:#include <sys/types.h>  // NOLINT
        -:   98:
        -:   99:#if GTEST_OS_WINDOWS_MINGW
        -:  100:#include <sys/time.h>  // NOLINT
        -:  101:#endif                 // GTEST_OS_WINDOWS_MINGW
        -:  102:
        -:  103:#else
        -:  104:
        -:  105:// cpplint thinks that the header is already included, so we want to
        -:  106:// silence it.
        -:  107:#include <sys/time.h>  // NOLINT
        -:  108:#include <unistd.h>    // NOLINT
        -:  109:
        -:  110:#endif  // GTEST_OS_LINUX
        -:  111:
        -:  112:#if GTEST_HAS_EXCEPTIONS
        -:  113:#include <stdexcept>
        -:  114:#endif
        -:  115:
        -:  116:#if GTEST_CAN_STREAM_RESULTS_
        -:  117:#include <arpa/inet.h>   // NOLINT
        -:  118:#include <netdb.h>       // NOLINT
        -:  119:#include <sys/socket.h>  // NOLINT
        -:  120:#include <sys/types.h>   // NOLINT
        -:  121:#endif
        -:  122:
        -:  123:#include "src/gtest-internal-inl.h"
        -:  124:
        -:  125:#if GTEST_OS_WINDOWS
        -:  126:#define vsnprintf _vsnprintf
        -:  127:#endif  // GTEST_OS_WINDOWS
        -:  128:
        -:  129:#if GTEST_OS_MAC
        -:  130:#ifndef GTEST_OS_IOS
        -:  131:#include <crt_externs.h>
        -:  132:#endif
        -:  133:#endif
        -:  134:
        -:  135:#if GTEST_HAS_ABSL
        -:  136:#include "absl/debugging/failure_signal_handler.h"
        -:  137:#include "absl/debugging/stacktrace.h"
        -:  138:#include "absl/debugging/symbolize.h"
        -:  139:#include "absl/strings/str_cat.h"
        -:  140:#endif  // GTEST_HAS_ABSL
        -:  141:
        -:  142:namespace testing {
        -:  143:
        -:  144:using internal::CountIf;
        -:  145:using internal::ForEach;
        -:  146:using internal::GetElementOr;
        -:  147:using internal::Shuffle;
        -:  148:
        -:  149:// Constants.
        -:  150:
        -:  151:// A test whose test suite name or test name matches this filter is
        -:  152:// disabled and not run.
        -:  153:static const char kDisableTestFilter[] = "DISABLED_*:*/DISABLED_*";
        -:  154:
        -:  155:// A test suite whose name matches this filter is considered a death
        -:  156:// test suite and will be run before test suites whose name doesn't
        -:  157:// match this filter.
        -:  158:static const char kDeathTestSuiteFilter[] = "*DeathTest:*DeathTest/*";
        -:  159:
        -:  160:// A test filter that matches everything.
        -:  161:static const char kUniversalFilter[] = "*";
        -:  162:
        -:  163:// The default output format.
        -:  164:static const char kDefaultOutputFormat[] = "xml";
        -:  165:// The default output file.
        -:  166:static const char kDefaultOutputFile[] = "test_detail";
        -:  167:
        -:  168:// The environment variable name for the test shard index.
        -:  169:static const char kTestShardIndex[] = "GTEST_SHARD_INDEX";
        -:  170:// The environment variable name for the total number of test shards.
        -:  171:static const char kTestTotalShards[] = "GTEST_TOTAL_SHARDS";
        -:  172:// The environment variable name for the test shard status file.
        -:  173:static const char kTestShardStatusFile[] = "GTEST_SHARD_STATUS_FILE";
        -:  174:
        -:  175:namespace internal {
        -:  176:
        -:  177:// The text used in failure messages to indicate the start of the
        -:  178:// stack trace.
        -:  179:const char kStackTraceMarker[] = "\nStack trace:\n";
        -:  180:
        -:  181:// g_help_flag is true if and only if the --help flag or an equivalent form
        -:  182:// is specified on the command line.
        -:  183:bool g_help_flag = false;
        -:  184:
        -:  185:// Utility function to Open File for Writing
function _ZN7testing8internalL18OpenFileForWritingERKNSt7__cxx1112basic_stringIcSt11char_traitsIcESaIcEEE called 0 returned 0% blocks executed 0%
    #####:  186:static FILE* OpenFileForWriting(const std::string& output_file) {
    #####:  187:  FILE* fileout = nullptr;
    #####:  188:  FilePath output_file_path(output_file);
    %%%%%:  188-block  0
call    0 never executed
branch  1 never executed
branch  2 never executed
call    3 never executed
    $$$$$:  188-block  1
call    4 never executed
    #####:  189:  FilePath output_dir(output_file_path.RemoveFileName());
    %%%%%:  189-block  0
call    0 never executed
branch  1 never executed
branch  2 never executed
    $$$$$:  189-block  1
call    3 never executed
        -:  190:
    #####:  191:  if (output_dir.CreateDirectoriesRecursively()) {
    %%%%%:  191-block  0
call    0 never executed
branch  1 never executed
branch  2 never executed
    %%%%%:  191-block  1
branch  3 never executed
branch  4 never executed
    #####:  192:    fileout = posix::FOpen(output_file.c_str(), "w");
    %%%%%:  192-block  0
call    0 never executed
call    1 never executed
branch  2 never executed
branch  3 never executed
    %%%%%:  192-block  1
        -:  193:  }
    #####:  194:  if (fileout == nullptr) {
    %%%%%:  194-block  0
branch  0 never executed
branch  1 never executed
    #####:  195:    GTEST_LOG_(FATAL) << "Unable to open file \"" << output_file << "\"";
    %%%%%:  195-block  0
call    0 never executed
branch  1 never executed
branch  2 never executed
    %%%%%:  195-block  1
call    3 never executed
call    4 never executed
branch  5 never executed
branch  6 never executed
    %%%%%:  195-block  2
call    7 never executed
branch  8 never executed
branch  9 never executed
    %%%%%:  195-block  3
call   10 never executed
branch 11 never executed
branch 12 never executed
    %%%%%:  195-block  4
call   13 never executed
    $$$$$:  195-block  5
call   14 never executed
    $$$$$:  195-block  6
        -:  196:  }
    #####:  197:  return fileout;
    %%%%%:  197-block  0
call    0 never executed
    %%%%%:  197-block  1
        -:  198:}
        -:  199:
        -:  200:}  // namespace internal
        -:  201:
        -:  202:// Bazel passes in the argument to '--test_filter' via the TESTBRIDGE_TEST_ONLY
        -:  203:// environment variable.
function _ZN7testingL16GetDefaultFilterEv called 1 returned 100% blocks executed 80%
        1:  204:static const char* GetDefaultFilter() {
        -:  205:  const char* const testbridge_test_only =
        1:  206:      internal::posix::GetEnv("TESTBRIDGE_TEST_ONLY");
        1:  206-block  0
call    0 returned 1
        1:  207:  if (testbridge_test_only != nullptr) {
branch  0 taken 0 (fallthrough)
branch  1 taken 1
    #####:  208:    return testbridge_test_only;
    %%%%%:  208-block  0
        -:  209:  }
        1:  210:  return kUniversalFilter;
        1:  210-block  0
        -:  211:}
        -:  212:
        -:  213:// Bazel passes in the argument to '--test_runner_fail_fast' via the
        -:  214:// TESTBRIDGE_TEST_RUNNER_FAIL_FAST environment variable.
function _ZN7testingL18GetDefaultFailFastEv called 1 returned 100% blocks executed 80%
        1:  215:static bool GetDefaultFailFast() {
        -:  216:  const char* const testbridge_test_runner_fail_fast =
        1:  217:      internal::posix::GetEnv("TESTBRIDGE_TEST_RUNNER_FAIL_FAST");
        1:  217-block  0
call    0 returned 1
        1:  218:  if (testbridge_test_runner_fail_fast != nullptr) {
branch  0 taken 0 (fallthrough)
branch  1 taken 1
    #####:  219:    return strcmp(testbridge_test_runner_fail_fast, "1") == 0;
    %%%%%:  219-block  0
        -:  220:  }
        1:  221:  return false;
        1:  221-block  0
        -:  222:}
        -:  223:
        -:  224:}  // namespace testing
        -:  225:
        -:  226:GTEST_DEFINE_bool_(
        -:  227:    fail_fast,
        -:  228:    testing::internal::BoolFromGTestEnv("fail_fast",
        -:  229:                                        testing::GetDefaultFailFast()),
        -:  230:    "True if and only if a test failure should stop further test execution.");
        -:  231:
        -:  232:GTEST_DEFINE_bool_(
        -:  233:    also_run_disabled_tests,
        -:  234:    testing::internal::BoolFromGTestEnv("also_run_disabled_tests", false),
        -:  235:    "Run disabled tests too, in addition to the tests normally being run.");
        -:  236:
        -:  237:GTEST_DEFINE_bool_(
        -:  238:    break_on_failure,
        -:  239:    testing::internal::BoolFromGTestEnv("break_on_failure", false),
        -:  240:    "True if and only if a failed assertion should be a debugger "
        -:  241:    "break-point.");
        -:  242:
        -:  243:GTEST_DEFINE_bool_(catch_exceptions,
        -:  244:                   testing::internal::BoolFromGTestEnv("catch_exceptions",
        -:  245:                                                       true),
        -:  246:                   "True if and only if " GTEST_NAME_
        -:  247:                   " should catch exceptions and treat them as test failures.");
        -:  248:
        -:  249:GTEST_DEFINE_string_(
        -:  250:    color, testing::internal::StringFromGTestEnv("color", "auto"),
        -:  251:    "Whether to use colors in the output.  Valid values: yes, no, "
        -:  252:    "and auto.  'auto' means to use colors if the output is "
        -:  253:    "being sent to a terminal and the TERM environment variable "
        -:  254:    "is set to a terminal type that supports colors.");
        -:  255:
        -:  256:GTEST_DEFINE_string_(
        -:  257:    filter,
        -:  258:    testing::internal::StringFromGTestEnv("filter",
        -:  259:                                          testing::GetDefaultFilter()),
        -:  260:    "A colon-separated list of glob (not regex) patterns "
        -:  261:    "for filtering the tests to run, optionally followed by a "
        -:  262:    "'-' and a : separated list of negative patterns (tests to "
        -:  263:    "exclude).  A test is run if it matches one of the positive "
        -:  264:    "patterns and does not match any of the negative patterns.");
        -:  265:
        -:  266:GTEST_DEFINE_bool_(
        -:  267:    install_failure_signal_handler,
        -:  268:    testing::internal::BoolFromGTestEnv("install_failure_signal_handler",
        -:  269:                                        false),
        -:  270:    "If true and supported on the current platform, " GTEST_NAME_
        -:  271:    " should "
        -:  272:    "install a signal handler that dumps debugging information when fatal "
        -:  273:    "signals are raised.");
        -:  274:
        -:  275:GTEST_DEFINE_bool_(list_tests, false, "List all tests without running them.");
        -:  276:
        -:  277:// The net priority order after flag processing is thus:
        -:  278://   --gtest_output command line flag
        -:  279://   GTEST_OUTPUT environment variable
        -:  280://   XML_OUTPUT_FILE environment variable
        -:  281://   ''
        -:  282:GTEST_DEFINE_string_(
        -:  283:    output,
        -:  284:    testing::internal::StringFromGTestEnv(
        -:  285:        "output", testing::internal::OutputFlagAlsoCheckEnvVar().c_str()),
        -:  286:    "A format (defaults to \"xml\" but can be specified to be \"json\"), "
        -:  287:    "optionally followed by a colon and an output file name or directory. "
        -:  288:    "A directory is indicated by a trailing pathname separator. "
        -:  289:    "Examples: \"xml:filename.xml\", \"xml::directoryname/\". "
        -:  290:    "If a directory is specified, output files will be created "
        -:  291:    "within that directory, with file-names based on the test "
        -:  292:    "executable's name and, if necessary, made unique by adding "
        -:  293:    "digits.");
        -:  294:
        -:  295:GTEST_DEFINE_bool_(
        -:  296:    brief, testing::internal::BoolFromGTestEnv("brief", false),
        -:  297:    "True if only test failures should be displayed in text output.");
        -:  298:
        -:  299:GTEST_DEFINE_bool_(print_time,
        -:  300:                   testing::internal::BoolFromGTestEnv("print_time", true),
        -:  301:                   "True if and only if " GTEST_NAME_
        -:  302:                   " should display elapsed time in text output.");
        -:  303:
        -:  304:GTEST_DEFINE_bool_(print_utf8,
        -:  305:                   testing::internal::BoolFromGTestEnv("print_utf8", true),
        -:  306:                   "True if and only if " GTEST_NAME_
        -:  307:                   " prints UTF8 characters as text.");
        -:  308:
        -:  309:GTEST_DEFINE_int32_(
        -:  310:    random_seed, testing::internal::Int32FromGTestEnv("random_seed", 0),
        -:  311:    "Random number seed to use when shuffling test orders.  Must be in range "
        -:  312:    "[1, 99999], or 0 to use a seed based on the current time.");
        -:  313:
        -:  314:GTEST_DEFINE_int32_(
        -:  315:    repeat, testing::internal::Int32FromGTestEnv("repeat", 1),
        -:  316:    "How many times to repeat each test.  Specify a negative number "
        -:  317:    "for repeating forever.  Useful for shaking out flaky tests.");
        -:  318:
        -:  319:GTEST_DEFINE_bool_(
        -:  320:    recreate_environments_when_repeating,
        -:  321:    testing::internal::BoolFromGTestEnv("recreate_environments_when_repeating",
        -:  322:                                        false),
        -:  323:    "Controls whether global test environments are recreated for each repeat "
        -:  324:    "of the tests. If set to false the global test environments are only set "
        -:  325:    "up once, for the first iteration, and only torn down once, for the last. "
        -:  326:    "Useful for shaking out flaky tests with stable, expensive test "
        -:  327:    "environments. If --gtest_repeat is set to a negative number, meaning "
        -:  328:    "there is no last run, the environments will always be recreated to avoid "
        -:  329:    "leaks.");
        -:  330:
        -:  331:GTEST_DEFINE_bool_(show_internal_stack_frames, false,
        -:  332:                   "True if and only if " GTEST_NAME_
        -:  333:                   " should include internal stack frames when "
        -:  334:                   "printing test failure stack traces.");
        -:  335:
        -:  336:GTEST_DEFINE_bool_(shuffle,
        -:  337:                   testing::internal::BoolFromGTestEnv("shuffle", false),
        -:  338:                   "True if and only if " GTEST_NAME_
        -:  339:                   " should randomize tests' order on every run.");
        -:  340:
        -:  341:GTEST_DEFINE_int32_(
        -:  342:    stack_trace_depth,
        -:  343:    testing::internal::Int32FromGTestEnv("stack_trace_depth",
        -:  344:                                         testing::kMaxStackTraceDepth),
        -:  345:    "The maximum number of stack frames to print when an "
        -:  346:    "assertion fails.  The valid range is 0 through 100, inclusive.");
        -:  347:
        -:  348:GTEST_DEFINE_string_(
        -:  349:    stream_result_to,
        -:  350:    testing::internal::StringFromGTestEnv("stream_result_to", ""),
        -:  351:    "This flag specifies the host name and the port number on which to stream "
        -:  352:    "test results. Example: \"localhost:555\". The flag is effective only on "
        -:  353:    "Linux.");
        -:  354:
        -:  355:GTEST_DEFINE_bool_(
        -:  356:    throw_on_failure,
        -:  357:    testing::internal::BoolFromGTestEnv("throw_on_failure", false),
        -:  358:    "When this flag is specified, a failed assertion will throw an exception "
        -:  359:    "if exceptions are enabled or exit the program with a non-zero code "
        -:  360:    "otherwise. For use with an external test framework.");
        -:  361:
        -:  362:#if GTEST_USE_OWN_FLAGFILE_FLAG_
        -:  363:GTEST_DEFINE_string_(
        -:  364:    flagfile, testing::internal::StringFromGTestEnv("flagfile", ""),
        -:  365:    "This flag specifies the flagfile to read command-line flags from.");
        -:  366:#endif  // GTEST_USE_OWN_FLAGFILE_FLAG_
        -:  367:
        -:  368:namespace testing {
        -:  369:namespace internal {
        -:  370:
        -:  371:// Generates a random number from [0, range), using a Linear
        -:  372:// Congruential Generator (LCG).  Crashes if 'range' is 0 or greater
        -:  373:// than kMaxRange.
function _ZN7testing8internal6Random8GenerateEj called 0 returned 0% blocks executed 0%
    #####:  374:uint32_t Random::Generate(uint32_t range) {
        -:  375:  // These constants are the same as are used in glibc's rand(3).
        -:  376:  // Use wider types than necessary to prevent unsigned overflow diagnostics.
    #####:  377:  state_ = static_cast<uint32_t>(1103515245ULL * state_ + 12345U) % kMaxRange;
        -:  378:
    #####:  379:  GTEST_CHECK_(range > 0) << "Cannot generate a number in the range [0, 0).";
    %%%%%:  379-block  0
call    0 never executed
branch  1 never executed
branch  2 never executed
    %%%%%:  379-block  1
call    3 never executed
call    4 never executed
call    5 never executed
branch  6 never executed
branch  7 never executed
    %%%%%:  379-block  2
call    8 never executed
branch  9 never executed
branch 10 never executed
    %%%%%:  379-block  3
call   11 never executed
    $$$$$:  379-block  4
call   12 never executed
    $$$$$:  379-block  5
call   13 never executed
    #####:  380:  GTEST_CHECK_(range <= kMaxRange)
    %%%%%:  380-block  0
call    0 never executed
branch  1 never executed
branch  2 never executed
    %%%%%:  380-block  1
call    3 never executed
call    4 never executed
    %%%%%:  380-block  2
call    5 never executed
    $$$$$:  380-block  3
call    6 never executed
    #####:  381:      << "Generation of a number in [0, " << range << ") was requested, "
call    0 never executed
branch  1 never executed
branch  2 never executed
    %%%%%:  381-block  0
call    3 never executed
branch  4 never executed
branch  5 never executed
    %%%%%:  381-block  1
call    6 never executed
branch  7 never executed
branch  8 never executed
    #####:  382:      << "but this can only generate numbers in [0, " << kMaxRange << ").";
    %%%%%:  382-block  0
call    0 never executed
branch  1 never executed
branch  2 never executed
    %%%%%:  382-block  1
call    3 never executed
branch  4 never executed
branch  5 never executed
    %%%%%:  382-block  2
call    6 never executed
branch  7 never executed
branch  8 never executed
    %%%%%:  382-block  3
call    9 never executed
branch 10 never executed
branch 11 never executed
        -:  383:
        -:  384:  // Converting via modulus introduces a bit of downward bias, but
        -:  385:  // it's simple, and a linear congruential generator isn't too good
        -:  386:  // to begin with.
    #####:  387:  return state_ % range;
    %%%%%:  387-block  0
    %%%%%:  387-block  1
        -:  388:}
        -:  389:
        -:  390:// GTestIsInitialized() returns true if and only if the user has initialized
        -:  391:// Google Test.  Useful for catching the user mistake of not initializing
        -:  392:// Google Test before calling RUN_ALL_TESTS().
function _ZN7testing8internalL18GTestIsInitializedEv called 2 returned 100% blocks executed 100%
        2:  393:static bool GTestIsInitialized() { return GetArgvs().size() > 0; }
        2:  393-block  0
call    0 returned 2
call    1 returned 2
call    2 returned 2
        -:  394:
        -:  395:// Iterates over a vector of TestSuites, keeping a running sum of the
        -:  396:// results of calling a given int-returning method on each.
        -:  397:// Returns the sum.
function _ZN7testing8internalL20SumOverTestSuiteListERKSt6vectorIPNS_9TestSuiteESaIS3_EEMS2_KFivE called 5 returned 100% blocks executed 91%
        5:  398:static int SumOverTestSuiteList(const std::vector<TestSuite*>& case_list,
        -:  399:                                int (TestSuite::*method)() const) {
        5:  400:  int sum = 0;
       10:  401:  for (size_t i = 0; i < case_list.size(); i++) {
        5:  401-block  0
       10:  401-block  1
call    0 returned 10
branch  1 taken 5 (fallthrough)
branch  2 taken 5
       5*:  402:    sum += (case_list[i]->*method)();
        5:  402-block  0
call    0 returned 5
branch  1 taken 0 (fallthrough)
branch  2 taken 5
    %%%%%:  402-block  1
        5:  402-block  2
        5:  402-block  3
call    3 returned 5
        -:  403:  }
        5:  404:  return sum;
        5:  404-block  0
        -:  405:}
        -:  406:
        -:  407:// Returns true if and only if the test suite passed.
function _ZN7testing8internalL15TestSuitePassedEPKNS_9TestSuiteE called 0 returned 0% blocks executed 0%
    #####:  408:static bool TestSuitePassed(const TestSuite* test_suite) {
    #####:  409:  return test_suite->should_run() && test_suite->Passed();
    %%%%%:  409-block  0
call    0 never executed
branch  1 never executed
branch  2 never executed
    %%%%%:  409-block  1
call    3 never executed
branch  4 never executed
branch  5 never executed
    %%%%%:  409-block  2
    %%%%%:  409-block  3
    %%%%%:  409-block  4
        -:  410:}
        -:  411:
        -:  412:// Returns true if and only if the test suite failed.
function _ZN7testing8internalL15TestSuiteFailedEPKNS_9TestSuiteE called 2 returned 100% blocks executed 88%
        2:  413:static bool TestSuiteFailed(const TestSuite* test_suite) {
       2*:  414:  return test_suite->should_run() && test_suite->Failed();
        2:  414-block  0
call    0 returned 2
branch  1 taken 2 (fallthrough)
branch  2 taken 0
        2:  414-block  1
call    3 returned 2
branch  4 taken 0 (fallthrough)
branch  5 taken 2
    %%%%%:  414-block  2
        2:  414-block  3
        2:  414-block  4
        -:  415:}
        -:  416:
        -:  417:// Returns true if and only if test_suite contains at least one test that
        -:  418:// should run.
function _ZN7testing8internalL18ShouldRunTestSuiteEPKNS_9TestSuiteE called 2 returned 100% blocks executed 100%
        2:  419:static bool ShouldRunTestSuite(const TestSuite* test_suite) {
        2:  420:  return test_suite->should_run();
        2:  420-block  0
call    0 returned 2
        -:  421:}
        -:  422:
        -:  423:// AssertHelper constructor.
function _ZN7testing8internal12AssertHelperC2ENS_14TestPartResult4TypeEPKciS5_ called 0 returned 0% blocks executed 0%
    #####:  424:AssertHelper::AssertHelper(TestPartResult::Type type, const char* file,
    #####:  425:                           int line, const char* message)
    #####:  426:    : data_(new AssertHelperData(type, file, line, message)) {}
    %%%%%:  426-block  0
call    0 never executed
call    1 never executed
branch  2 never executed
branch  3 never executed
    %%%%%:  426-block  1
    $$$$$:  426-block  2
call    4 never executed
        -:  427:
function _ZN7testing8internal12AssertHelperD2Ev called 0 returned 0% blocks executed 0%
    #####:  428:AssertHelper::~AssertHelper() { delete data_; }
    %%%%%:  428-block  0
branch  0 never executed
branch  1 never executed
    %%%%%:  428-block  1
call    2 never executed
call    3 never executed
        -:  429:
        -:  430:// Message assignment, for assertion streaming support.
function _ZNK7testing8internal12AssertHelperaSERKNS_7MessageE called 0 returned 0% blocks executed 0%
    #####:  431:void AssertHelper::operator=(const Message& message) const {
    #####:  432:  UnitTest::GetInstance()->AddTestPartResult(
    %%%%%:  432-block  0
call    0 never executed
    #####:  433:      data_->type, data_->file, data_->line,
    %%%%%:  433-block  0
call    0 never executed
branch  1 never executed
branch  2 never executed
    #####:  434:      AppendUserMessage(data_->message, message),
call    0 never executed
branch  1 never executed
branch  2 never executed
    %%%%%:  434-block  0
call    3 never executed
    $$$$$:  434-block  1
call    4 never executed
    $$$$$:  434-block  2
    #####:  435:      UnitTest::GetInstance()->impl()->CurrentOsStackTraceExceptTop(1)
call    0 never executed
call    1 never executed
call    2 never executed
call    3 never executed
    $$$$$:  435-block  0
call    4 never executed
        -:  436:      // Skips the stack frame for this function itself.
        -:  437:  );  // NOLINT
    #####:  438:}
        -:  439:
        -:  440:namespace {
        -:  441:
        -:  442:// When TEST_P is found without a matching INSTANTIATE_TEST_SUITE_P
        -:  443:// to creates test cases for it, a synthetic test case is
        -:  444:// inserted to report ether an error or a log message.
        -:  445://
        -:  446:// This configuration bit will likely be removed at some point.
        -:  447:constexpr bool kErrorOnUninstantiatedParameterizedTest = true;
        -:  448:constexpr bool kErrorOnUninstantiatedTypeParameterizedTest = true;
        -:  449:
        -:  450:// A test that fails at a given file/line location with a given message.
        -:  451:class FailureTest : public Test {
        -:  452: public:
function _ZN7testing8internal12_GLOBAL__N_111FailureTestC2ERKNS0_12CodeLocationENSt7__cxx1112basic_stringIcSt11char_traitsIcESaIcEEEb called 0 returned 0% blocks executed 0%
    #####:  453:  explicit FailureTest(const CodeLocation& loc, std::string error_message,
        -:  454:                       bool as_error)
    #####:  455:      : loc_(loc),
    #####:  456:        error_message_(std::move(error_message)),
    #####:  457:        as_error_(as_error) {}
    %%%%%:  457-block  0
call    0 never executed
call    1 never executed
branch  2 never executed
branch  3 never executed
    %%%%%:  457-block  1
call    4 never executed
call    5 never executed
    $$$$$:  457-block  2
call    6 never executed
        -:  458:
function _ZN7testing8internal12_GLOBAL__N_111FailureTest8TestBodyEv called 0 returned 0% blocks executed 0%
    #####:  459:  void TestBody() override {
    #####:  460:    if (as_error_) {
    %%%%%:  460-block  0
branch  0 never executed
branch  1 never executed
    #####:  461:      AssertHelper(TestPartResult::kNonFatalFailure, loc_.file.c_str(),
call    0 never executed
branch  1 never executed
branch  2 never executed
    %%%%%:  461-block  0
call    3 never executed
    $$$$$:  461-block  1
call    4 never executed
    $$$$$:  461-block  2
    #####:  462:                   loc_.line, "") = Message() << error_message_;
    %%%%%:  462-block  0
call    0 never executed
call    1 never executed
branch  2 never executed
branch  3 never executed
    %%%%%:  462-block  1
call    4 never executed
    %%%%%:  462-block  2
call    5 never executed
branch  6 never executed
branch  7 never executed
call    8 never executed
    $$$$$:  462-block  3
call    9 never executed
        -:  463:    } else {
    #####:  464:      std::cout << error_message_ << std::endl;
    %%%%%:  464-block  0
call    0 never executed
call    1 never executed
        -:  465:    }
    #####:  466:  }
    %%%%%:  466-block  0
        -:  467:
        -:  468: private:
        -:  469:  const CodeLocation loc_;
        -:  470:  const std::string error_message_;
        -:  471:  const bool as_error_;
        -:  472:};
        -:  473:
        -:  474:}  // namespace
        -:  475:
function _ZN7testing8internal33GetIgnoredParameterizedTestSuitesB5cxx11Ev called 1 returned 100% blocks executed 100%
        1:  476:std::set<std::string>* GetIgnoredParameterizedTestSuites() {
        1:  477:  return UnitTest::GetInstance()->impl()->ignored_parameterized_test_suites();
        1:  477-block  0
call    0 returned 1
call    1 returned 1
call    2 returned 1
        -:  478:}
        -:  479:
        -:  480:// Add a given test_suit to the list of them allow to go un-instantiated.
function _ZN7testing8internal13MarkAsIgnoredC2EPKc called 0 returned 0% blocks executed 0%
    #####:  481:MarkAsIgnored::MarkAsIgnored(const char* test_suite) {
    #####:  482:  GetIgnoredParameterizedTestSuites()->insert(test_suite);
    %%%%%:  482-block  0
call    0 never executed
call    1 never executed
call    2 never executed
branch  3 never executed
branch  4 never executed
    %%%%%:  482-block  1
call    5 never executed
branch  6 never executed
branch  7 never executed
    %%%%%:  482-block  2
call    8 never executed
call    9 never executed
    $$$$$:  482-block  3
call   10 never executed
    $$$$$:  482-block  4
    $$$$$:  482-block  5
call   11 never executed
    #####:  483:}
        -:  484:
        -:  485:// If this parameterized test suite has no instantiations (and that
        -:  486:// has not been marked as okay), emit a test case reporting that.
function _ZN7testing8internal23InsertSyntheticTestCaseERKNSt7__cxx1112basic_stringIcSt11char_traitsIcESaIcEEENS0_12CodeLocationEb called 0 returned 0% blocks executed 0%
    #####:  487:void InsertSyntheticTestCase(const std::string& name, CodeLocation location,
        -:  488:                             bool has_test_p) {
    #####:  489:  const auto& ignored = *GetIgnoredParameterizedTestSuites();
    %%%%%:  489-block  0
call    0 never executed
branch  1 never executed
branch  2 never executed
    #####:  490:  if (ignored.find(name) != ignored.end()) return;
    %%%%%:  490-block  0
call    0 never executed
call    1 never executed
branch  2 never executed
branch  3 never executed
    %%%%%:  490-block  1
call    4 never executed
branch  5 never executed
branch  6 never executed
    %%%%%:  490-block  2
    $$$$$:  490-block  3
        -:  491:
    #####:  492:  const char kMissingInstantiation[] =  //
        -:  493:      " is defined via TEST_P, but never instantiated. None of the test cases "
        -:  494:      "will run. Either no INSTANTIATE_TEST_SUITE_P is provided or the only "
        -:  495:      "ones provided expand to nothing."
        -:  496:      "\n\n"
        -:  497:      "Ideally, TEST_P definitions should only ever be included as part of "
        -:  498:      "binaries that intend to use them. (As opposed to, for example, being "
        -:  499:      "placed in a library that may be linked in to get other utilities.)";
        -:  500:
    #####:  501:  const char kMissingTestCase[] =  //
        -:  502:      " is instantiated via INSTANTIATE_TEST_SUITE_P, but no tests are "
        -:  503:      "defined via TEST_P . No test cases will run."
        -:  504:      "\n\n"
        -:  505:      "Ideally, INSTANTIATE_TEST_SUITE_P should only ever be invoked from "
        -:  506:      "code that always depend on code that provides TEST_P. Failing to do "
        -:  507:      "so is often an indication of dead code, e.g. the last TEST_P was "
        -:  508:      "removed but the rest got left behind.";
        -:  509:
        -:  510:  std::string message =
    #####:  511:      "Parameterized test suite " + name +
    %%%%%:  511-block  0
branch  0 never executed
branch  1 never executed
    %%%%%:  511-block  1
    %%%%%:  511-block  2
    %%%%%:  511-block  3
call    2 never executed
branch  3 never executed
branch  4 never executed
    %%%%%:  511-block  4
call    5 never executed
branch  6 never executed
branch  7 never executed
call    8 never executed
    $$$$$:  511-block  5
    $$$$$:  511-block  6
    #####:  512:      (has_test_p ? kMissingInstantiation : kMissingTestCase) +
    %%%%%:  512-block  0
call    0 never executed
branch  1 never executed
branch  2 never executed
call    3 never executed
    $$$$$:  512-block  1
        -:  513:      "\n\n"
        -:  514:      "To suppress this error for this test suite, insert the following line "
        -:  515:      "(in a non-header) in the namespace it is defined in:"
        -:  516:      "\n\n"
    #####:  517:      "GTEST_ALLOW_UNINSTANTIATED_PARAMETERIZED_TEST(" +
    %%%%%:  517-block  0
call    0 never executed
branch  1 never executed
branch  2 never executed
call    3 never executed
    $$$$$:  517-block  1
    #####:  518:      name + ");";
    %%%%%:  518-block  0
call    0 never executed
branch  1 never executed
branch  2 never executed
call    3 never executed
    $$$$$:  518-block  1
call    4 never executed
        -:  519:
    #####:  520:  std::string full_name = "UninstantiatedParameterizedTestSuite<" + name + ">";
call    0 never executed
branch  1 never executed
branch  2 never executed
    %%%%%:  520-block  0
call    3 never executed
branch  4 never executed
branch  5 never executed
    $$$$$:  520-block  1
    $$$$$:  520-block  2
call    6 never executed
    #####:  521:  RegisterTest(  //
call    0 never executed
branch  1 never executed
branch  2 never executed
    %%%%%:  521-block  0
call    3 never executed
branch  4 never executed
branch  5 never executed
    %%%%%:  521-block  1
call    6 never executed
call    7 never executed
call    8 never executed
branch  9 never executed
branch 10 never executed
    %%%%%:  521-block  2
call   11 never executed
call   12 never executed
    $$$$$:  521-block  3
call   13 never executed
    $$$$$:  521-block  4
        -:  522:      "GoogleTestVerification", full_name.c_str(),
        -:  523:      nullptr,  // No type parameter.
        -:  524:      nullptr,  // No value parameter.
function _ZZN7testing8internal23InsertSyntheticTestCaseERKNSt7__cxx1112basic_stringIcSt11char_traitsIcESaIcEEENS0_12CodeLocationEbENKUlvE_clEv called 0 returned 0% blocks executed 0%
    #####:  525:      location.file.c_str(), location.line, [message, location] {
    #####:  526:        return new FailureTest(location, message,
    #####:  527:                               kErrorOnUninstantiatedParameterizedTest);
    %%%%%:  527-block  0
call    0 never executed
call    1 never executed
branch  2 never executed
branch  3 never executed
    %%%%%:  527-block  1
call    4 never executed
branch  5 never executed
branch  6 never executed
    %%%%%:  527-block  2
call    7 never executed
    %%%%%:  527-block  3
    $$$$$:  527-block  4
call    8 never executed
    $$$$$:  527-block  5
call    9 never executed
        -:  528:      });
        -:  529:}
        -:  530:
function _ZN7testing8internal34RegisterTypeParameterizedTestSuiteEPKcNS0_12CodeLocationE called 0 returned 0% blocks executed 0%
    #####:  531:void RegisterTypeParameterizedTestSuite(const char* test_suite_name,
        -:  532:                                        CodeLocation code_location) {
    #####:  533:  GetUnitTestImpl()->type_parameterized_test_registry().RegisterTestSuite(
    %%%%%:  533-block  0
call    0 never executed
call    1 never executed
call    2 never executed
call    3 never executed
branch  4 never executed
branch  5 never executed
    %%%%%:  533-block  1
call    6 never executed
    $$$$$:  533-block  2
call    7 never executed
        -:  534:      test_suite_name, code_location);
    #####:  535:}
        -:  536:
function _ZN7testing8internal47RegisterTypeParameterizedTestSuiteInstantiationEPKc called 0 returned 0% blocks executed 0%
    #####:  537:void RegisterTypeParameterizedTestSuiteInstantiation(const char* case_name) {
    #####:  538:  GetUnitTestImpl()->type_parameterized_test_registry().RegisterInstantiation(
    %%%%%:  538-block  0
call    0 never executed
call    1 never executed
call    2 never executed
        -:  539:      case_name);
    #####:  540:}
        -:  541:
function _ZN7testing8internal34TypeParameterizedTestSuiteRegistry17RegisterTestSuiteEPKcNS0_12CodeLocationE called 0 returned 0% blocks executed 0%
    #####:  542:void TypeParameterizedTestSuiteRegistry::RegisterTestSuite(
        -:  543:    const char* test_suite_name, CodeLocation code_location) {
    #####:  544:  suites_.emplace(std::string(test_suite_name),
    %%%%%:  544-block  0
call    0 never executed
call    1 never executed
branch  2 never executed
branch  3 never executed
    %%%%%:  544-block  1
call    4 never executed
call    5 never executed
    $$$$$:  544-block  2
call    6 never executed
    $$$$$:  544-block  3
    $$$$$:  544-block  4
call    7 never executed
    $$$$$:  544-block  5
    #####:  545:                  TypeParameterizedTestSuiteInfo(code_location));
    %%%%%:  545-block  0
call    0 never executed
call    1 never executed
branch  2 never executed
branch  3 never executed
    %%%%%:  545-block  1
call    4 never executed
branch  5 never executed
branch  6 never executed
call    7 never executed
call    8 never executed
    $$$$$:  545-block  2
call    9 never executed
    $$$$$:  545-block  3
    $$$$$:  545-block  4
call   10 never executed
    #####:  546:}
        -:  547:
function _ZN7testing8internal34TypeParameterizedTestSuiteRegistry21RegisterInstantiationEPKc called 0 returned 0% blocks executed 0%
    #####:  548:void TypeParameterizedTestSuiteRegistry::RegisterInstantiation(
        -:  549:    const char* test_suite_name) {
    #####:  550:  auto it = suites_.find(std::string(test_suite_name));
    %%%%%:  550-block  0
call    0 never executed
call    1 never executed
branch  2 never executed
branch  3 never executed
    %%%%%:  550-block  1
call    4 never executed
branch  5 never executed
branch  6 never executed
    %%%%%:  550-block  2
call    7 never executed
call    8 never executed
    $$$$$:  550-block  3
call    9 never executed
    $$$$$:  550-block  4
    $$$$$:  550-block  5
call   10 never executed
    $$$$$:  550-block  6
    #####:  551:  if (it != suites_.end()) {
call    0 never executed
call    1 never executed
branch  2 never executed
branch  3 never executed
    #####:  552:    it->second.instantiated = true;
    %%%%%:  552-block  0
call    0 never executed
        -:  553:  } else {
    #####:  554:    GTEST_LOG_(ERROR) << "Unknown type parameterized test suit '"
    %%%%%:  554-block  0
call    0 never executed
branch  1 never executed
branch  2 never executed
    %%%%%:  554-block  1
call    3 never executed
    %%%%%:  554-block  2
call    4 never executed
    $$$$$:  554-block  3
call    5 never executed
    $$$$$:  554-block  4
    #####:  555:                      << test_suite_name << "'";
call    0 never executed
branch  1 never executed
branch  2 never executed
    %%%%%:  555-block  0
call    3 never executed
branch  4 never executed
branch  5 never executed
    %%%%%:  555-block  1
call    6 never executed
branch  7 never executed
branch  8 never executed
        -:  556:  }
    #####:  557:}
    %%%%%:  557-block  0
        -:  558:
function _ZN7testing8internal34TypeParameterizedTestSuiteRegistry22CheckForInstantiationsEv called 1 returned 100% blocks executed 12%
        1:  559:void TypeParameterizedTestSuiteRegistry::CheckForInstantiations() {
        1:  560:  const auto& ignored = *GetIgnoredParameterizedTestSuites();
        1:  560-block  0
call    0 returned 1
       1*:  561:  for (const auto& testcase : suites_) {
call    0 returned 1
call    1 returned 1
        1:  561-block  0
call    2 returned 1
branch  3 taken 0 (fallthrough)
branch  4 taken 1
    %%%%%:  561-block  1
call    5 never executed
    %%%%%:  561-block  2
call    6 never executed
    #####:  562:    if (testcase.second.instantiated) continue;
branch  0 never executed
branch  1 never executed
    %%%%%:  562-block  0
    %%%%%:  562-block  1
    #####:  563:    if (ignored.find(testcase.first) != ignored.end()) continue;
    %%%%%:  563-block  0
call    0 never executed
call    1 never executed
branch  2 never executed
branch  3 never executed
    %%%%%:  563-block  1
call    4 never executed
branch  5 never executed
branch  6 never executed
    %%%%%:  563-block  2
    $$$$$:  563-block  3
        -:  564:
        -:  565:    std::string message =
    #####:  566:        "Type parameterized test suite " + testcase.first +
    %%%%%:  566-block  0
call    0 never executed
branch  1 never executed
branch  2 never executed
call    3 never executed
    $$$$$:  566-block  1
    $$$$$:  566-block  2
        -:  567:        " is defined via REGISTER_TYPED_TEST_SUITE_P, but never instantiated "
        -:  568:        "via INSTANTIATE_TYPED_TEST_SUITE_P. None of the test cases will run."
        -:  569:        "\n\n"
        -:  570:        "Ideally, TYPED_TEST_P definitions should only ever be included as "
        -:  571:        "part of binaries that intend to use them. (As opposed to, for "
        -:  572:        "example, being placed in a library that may be linked in to get other "
        -:  573:        "utilities.)"
        -:  574:        "\n\n"
        -:  575:        "To suppress this error for this test suite, insert the following line "
        -:  576:        "(in a non-header) in the namespace it is defined in:"
        -:  577:        "\n\n"
    #####:  578:        "GTEST_ALLOW_UNINSTANTIATED_PARAMETERIZED_TEST(" +
    %%%%%:  578-block  0
call    0 never executed
branch  1 never executed
branch  2 never executed
call    3 never executed
    $$$$$:  578-block  1
    #####:  579:        testcase.first + ");";
    %%%%%:  579-block  0
call    0 never executed
branch  1 never executed
branch  2 never executed
    %%%%%:  579-block  1
call    3 never executed
branch  4 never executed
branch  5 never executed
call    6 never executed
    $$$$$:  579-block  2
call    7 never executed
        -:  580:
        -:  581:    std::string full_name =
    #####:  582:        "UninstantiatedTypeParameterizedTestSuite<" + testcase.first + ">";
call    0 never executed
branch  1 never executed
branch  2 never executed
    %%%%%:  582-block  0
call    3 never executed
branch  4 never executed
branch  5 never executed
    $$$$$:  582-block  1
    $$$$$:  582-block  2
call    6 never executed
    #####:  583:    RegisterTest(  //
call    0 never executed
branch  1 never executed
branch  2 never executed
    %%%%%:  583-block  0
call    3 never executed
branch  4 never executed
branch  5 never executed
call    6 never executed
call    7 never executed
branch  8 never executed
branch  9 never executed
    %%%%%:  583-block  1
call   10 never executed
call   11 never executed
    $$$$$:  583-block  2
call   12 never executed
    $$$$$:  583-block  3
        -:  584:        "GoogleTestVerification", full_name.c_str(),
        -:  585:        nullptr,  // No type parameter.
        -:  586:        nullptr,  // No value parameter.
        -:  587:        testcase.second.code_location.file.c_str(),
function _ZZN7testing8internal34TypeParameterizedTestSuiteRegistry22CheckForInstantiationsEvENKUlvE_clEv called 0 returned 0% blocks executed 0%
    #####:  588:        testcase.second.code_location.line, [message, testcase] {
    %%%%%:  588-block  0
call    0 never executed
    #####:  589:          return new FailureTest(testcase.second.code_location, message,
    #####:  590:                                 kErrorOnUninstantiatedTypeParameterizedTest);
    %%%%%:  590-block  0
call    0 never executed
call    1 never executed
branch  2 never executed
branch  3 never executed
    %%%%%:  590-block  1
call    4 never executed
branch  5 never executed
branch  6 never executed
    %%%%%:  590-block  2
call    7 never executed
    %%%%%:  590-block  3
    $$$$$:  590-block  4
call    8 never executed
    $$$$$:  590-block  5
call    9 never executed
        -:  591:        });
        -:  592:  }
        1:  593:}
        1:  593-block  0
        -:  594:
        -:  595:// A copy of all command line arguments.  Set by InitGoogleTest().
        -:  596:static ::std::vector<std::string> g_argvs;
        -:  597:
function _ZN7testing8internal8GetArgvsB5cxx11Ev called 2 returned 100% blocks executed 100%
        2:  598:::std::vector<std::string> GetArgvs() {
        -:  599:#if defined(GTEST_CUSTOM_GET_ARGVS_)
        -:  600:  // GTEST_CUSTOM_GET_ARGVS_() may return a container of std::string or
        -:  601:  // ::string. This code converts it to the appropriate type.
        -:  602:  const auto& custom = GTEST_CUSTOM_GET_ARGVS_();
        -:  603:  return ::std::vector<std::string>(custom.begin(), custom.end());
        -:  604:#else   // defined(GTEST_CUSTOM_GET_ARGVS_)
        2:  605:  return g_argvs;
        2:  605-block  0
call    0 returned 2
        -:  606:#endif  // defined(GTEST_CUSTOM_GET_ARGVS_)
        -:  607:}
        -:  608:
        -:  609:// Returns the current application's name, removing directory path if that
        -:  610:// is present.
function _ZN7testing8internal24GetCurrentExecutableNameEv called 0 returned 0% blocks executed 0%
    #####:  611:FilePath GetCurrentExecutableName() {
    #####:  612:  FilePath result;
    %%%%%:  612-block  0
call    0 never executed
branch  1 never executed
branch  2 never executed
    %%%%%:  612-block  1
call    3 never executed
    $$$$$:  612-block  2
call    4 never executed
        -:  613:
        -:  614:#if GTEST_OS_WINDOWS || GTEST_OS_OS2
        -:  615:  result.Set(FilePath(GetArgvs()[0]).RemoveExtension("exe"));
        -:  616:#else
    #####:  617:  result.Set(FilePath(GetArgvs()[0]));
    %%%%%:  617-block  0
call    0 never executed
branch  1 never executed
branch  2 never executed
    %%%%%:  617-block  1
call    3 never executed
call    4 never executed
branch  5 never executed
branch  6 never executed
    %%%%%:  617-block  2
call    7 never executed
branch  8 never executed
branch  9 never executed
    %%%%%:  617-block  3
call   10 never executed
call   11 never executed
    $$$$$:  617-block  4
call   12 never executed
    $$$$$:  617-block  5
    $$$$$:  617-block  6
call   13 never executed
    $$$$$:  617-block  7
        -:  618:#endif  // GTEST_OS_WINDOWS
        -:  619:
    #####:  620:  return result.RemoveDirectoryName();
call    0 never executed
branch  1 never executed
branch  2 never executed
    %%%%%:  620-block  0
        -:  621:}
        -:  622:
        -:  623:// Functions for processing the gtest_output flag.
        -:  624:
        -:  625:// Returns the output format, or "" for normal printed output.
function _ZN7testing8internal15UnitTestOptions15GetOutputFormatB5cxx11Ev called 1 returned 100% blocks executed 48%
        1:  626:std::string UnitTestOptions::GetOutputFormat() {
        1:  627:  std::string s = GTEST_FLAG_GET(output);
        1:  627-block  0
call    0 returned 1
branch  1 taken 1 (fallthrough)
branch  2 taken 0 (throw)
    $$$$$:  627-block  1
call    3 never executed
        1:  628:  const char* const gtest_output_flag = s.c_str();
        1:  628-block  0
call    0 returned 1
        1:  629:  const char* const colon = strchr(gtest_output_flag, ':');
        -:  630:  return (colon == nullptr)
        -:  631:             ? std::string(gtest_output_flag)
        -:  632:             : std::string(gtest_output_flag,
       2*:  633:                           static_cast<size_t>(colon - gtest_output_flag));
branch  0 taken 1 (fallthrough)
branch  1 taken 0
        1:  633-block  0
call    2 returned 1
call    3 returned 1
branch  4 taken 1 (fallthrough)
branch  5 taken 0 (throw)
    %%%%%:  633-block  1
call    6 never executed
call    7 never executed
branch  8 never executed
branch  9 never executed
        1:  633-block  2
branch 10 taken 0 (fallthrough)
branch 11 taken 1
    %%%%%:  633-block  3
call   12 never executed
        1:  633-block  4
branch 13 taken 1 (fallthrough)
branch 14 taken 0
        1:  633-block  5
call   15 returned 1
        1:  633-block  6
call   16 returned 1
        1:  633-block  7
    $$$$$:  633-block  8
branch 17 never executed
branch 18 never executed
    $$$$$:  633-block  9
call   19 never executed
    $$$$$:  633-block 10
    $$$$$:  633-block 11
branch 20 never executed
branch 21 never executed
    $$$$$:  633-block 12
call   22 never executed
    $$$$$:  633-block 13
        -:  634:}
        -:  635:
        -:  636:// Returns the name of the requested output file, or the default if none
        -:  637:// was explicitly specified.
function _ZN7testing8internal15UnitTestOptions27GetAbsolutePathToOutputFileB5cxx11Ev called 0 returned 0% blocks executed 0%
    #####:  638:std::string UnitTestOptions::GetAbsolutePathToOutputFile() {
    #####:  639:  std::string s = GTEST_FLAG_GET(output);
    %%%%%:  639-block  0
call    0 never executed
branch  1 never executed
branch  2 never executed
call    3 never executed
    $$$$$:  639-block  1
call    4 never executed
    #####:  640:  const char* const gtest_output_flag = s.c_str();
    %%%%%:  640-block  0
call    0 never executed
        -:  641:
    #####:  642:  std::string format = GetOutputFormat();
call    0 never executed
branch  1 never executed
branch  2 never executed
    %%%%%:  642-block  0
call    3 never executed
    $$$$$:  642-block  1
call    4 never executed
    #####:  643:  if (format.empty()) format = std::string(kDefaultOutputFormat);
    %%%%%:  643-block  0
call    0 never executed
branch  1 never executed
branch  2 never executed
    %%%%%:  643-block  1
call    3 never executed
call    4 never executed
branch  5 never executed
branch  6 never executed
    %%%%%:  643-block  2
call    7 never executed
call    8 never executed
call    9 never executed
    $$$$$:  643-block  3
call   10 never executed
    $$$$$:  643-block  4
        -:  644:
    #####:  645:  const char* const colon = strchr(gtest_output_flag, ':');
    #####:  646:  if (colon == nullptr)
    %%%%%:  646-block  0
branch  0 never executed
branch  1 never executed
    #####:  647:    return internal::FilePath::MakeFileName(
    %%%%%:  647-block  0
call    0 never executed
    %%%%%:  647-block  1
call    1 never executed
branch  2 never executed
branch  3 never executed
    %%%%%:  647-block  2
call    4 never executed
    $$$$$:  647-block  3
call    5 never executed
    $$$$$:  647-block  4
    #####:  648:               internal::FilePath(
    %%%%%:  648-block  0
call    0 never executed
call    1 never executed
branch  2 never executed
branch  3 never executed
    %%%%%:  648-block  1
call    4 never executed
call    5 never executed
branch  6 never executed
branch  7 never executed
    %%%%%:  648-block  2
call    8 never executed
branch  9 never executed
branch 10 never executed
call   11 never executed
call   12 never executed
call   13 never executed
    $$$$$:  648-block  3
call   14 never executed
    $$$$$:  648-block  4
    $$$$$:  648-block  5
call   15 never executed
    $$$$$:  648-block  6
    $$$$$:  648-block  7
call   16 never executed
    $$$$$:  648-block  8
        -:  649:                   UnitTest::GetInstance()->original_working_dir()),
    #####:  650:               internal::FilePath(kDefaultOutputFile), 0, format.c_str())
call    0 never executed
call    1 never executed
branch  2 never executed
branch  3 never executed
    %%%%%:  650-block  0
call    4 never executed
branch  5 never executed
branch  6 never executed
call    7 never executed
call    8 never executed
call    9 never executed
    $$$$$:  650-block  1
call   10 never executed
    $$$$$:  650-block  2
    $$$$$:  650-block  3
call   11 never executed
    $$$$$:  650-block  4
    $$$$$:  650-block  5
call   12 never executed
    $$$$$:  650-block  6
    #####:  651:        .string();
    %%%%%:  651-block  0
call    0 never executed
call    1 never executed
branch  2 never executed
branch  3 never executed
        -:  652:
    #####:  653:  internal::FilePath output_name(colon + 1);
    %%%%%:  653-block  0
call    0 never executed
call    1 never executed
branch  2 never executed
branch  3 never executed
    %%%%%:  653-block  1
call    4 never executed
branch  5 never executed
branch  6 never executed
call    7 never executed
    %%%%%:  653-block  2
call    8 never executed
    $$$$$:  653-block  3
    $$$$$:  653-block  4
    $$$$$:  653-block  5
call    9 never executed
    #####:  654:  if (!output_name.IsAbsolutePath())
call    0 never executed
branch  1 never executed
branch  2 never executed
    #####:  655:    output_name = internal::FilePath::ConcatPaths(
    %%%%%:  655-block  0
call    0 never executed
branch  1 never executed
branch  2 never executed
    %%%%%:  655-block  1
call    3 never executed
    $$$$$:  655-block  2
call    4 never executed
    $$$$$:  655-block  3
    #####:  656:        internal::FilePath(UnitTest::GetInstance()->original_working_dir()),
    %%%%%:  656-block  0
call    0 never executed
call    1 never executed
branch  2 never executed
branch  3 never executed
    %%%%%:  656-block  1
call    4 never executed
call    5 never executed
branch  6 never executed
branch  7 never executed
    %%%%%:  656-block  2
call    8 never executed
branch  9 never executed
branch 10 never executed
call   11 never executed
call   12 never executed
call   13 never executed
    $$$$$:  656-block  3
call   14 never executed
    $$$$$:  656-block  4
    $$$$$:  656-block  5
call   15 never executed
    $$$$$:  656-block  6
    $$$$$:  656-block  7
call   16 never executed
    $$$$$:  656-block  8
    #####:  657:        internal::FilePath(colon + 1));
    %%%%%:  657-block  0
call    0 never executed
call    1 never executed
branch  2 never executed
branch  3 never executed
    %%%%%:  657-block  1
call    4 never executed
branch  5 never executed
branch  6 never executed
    %%%%%:  657-block  2
call    7 never executed
branch  8 never executed
branch  9 never executed
call   10 never executed
call   11 never executed
call   12 never executed
    $$$$$:  657-block  3
call   13 never executed
    $$$$$:  657-block  4
    $$$$$:  657-block  5
call   14 never executed
    $$$$$:  657-block  6
    $$$$$:  657-block  7
call   15 never executed
    $$$$$:  657-block  8
        -:  658:
    #####:  659:  if (!output_name.IsDirectory()) return output_name.string();
    %%%%%:  659-block  0
call    0 never executed
branch  1 never executed
branch  2 never executed
    %%%%%:  659-block  1
call    3 never executed
call    4 never executed
branch  5 never executed
branch  6 never executed
        -:  660:
        -:  661:  internal::FilePath result(internal::FilePath::GenerateUniqueFileName(
    #####:  662:      output_name, internal::GetCurrentExecutableName(),
call    0 never executed
branch  1 never executed
branch  2 never executed
call    3 never executed
    $$$$$:  662-block  0
    #####:  663:      GetOutputFormat().c_str()));
    %%%%%:  663-block  0
call    0 never executed
branch  1 never executed
branch  2 never executed
    %%%%%:  663-block  1
call    3 never executed
    %%%%%:  663-block  2
call    4 never executed
branch  5 never executed
branch  6 never executed
    %%%%%:  663-block  3
call    7 never executed
    $$$$$:  663-block  4
    $$$$$:  663-block  5
call    8 never executed
    #####:  664:  return result.string();
call    0 never executed
call    1 never executed
branch  2 never executed
branch  3 never executed
        -:  665:}
        -:  666:
        -:  667:// Returns true if and only if the wildcard pattern matches the string. Each
        -:  668:// pattern consists of regular characters, single-character wildcards (?), and
        -:  669:// multi-character wildcards (*).
        -:  670://
        -:  671:// This function implements a linear-time string globbing algorithm based on
        -:  672:// https://research.swtch.com/glob.
function _ZN7testing8internalL20PatternMatchesStringERKNSt7__cxx1112basic_stringIcSt11char_traitsIcESaIcEEEPKcSA_ called 92 returned 100% blocks executed 83%
       92:  673:static bool PatternMatchesString(const std::string& name_str,
        -:  674:                                 const char* pattern, const char* pattern_end) {
       92:  675:  const char* name = name_str.c_str();
       92:  675-block  0
call    0 returned 92
       92:  676:  const char* const name_begin = name;
       92:  677:  const char* const name_end = name + name_str.size();
call    0 returned 92
        -:  678:
       92:  679:  const char* pattern_next = pattern;
       92:  680:  const char* name_next = name;
        -:  681:
     2060:  682:  while (pattern < pattern_end || name < name_end) {
     2060:  682-block  0
branch  0 taken 496 (fallthrough)
branch  1 taken 1564
      496:  682-block  1
branch  2 taken 478 (fallthrough)
branch  3 taken 18
     1968:  682-block  2
     2042:  683:    if (pattern < pattern_end) {
     2042:  683-block  0
branch  0 taken 1564 (fallthrough)
branch  1 taken 478
     1564:  684:      switch (*pattern) {
     1564:  684-block  0
branch  0 taken 552
branch  1 taken 0
branch  2 taken 1012
      552:  685:        default:  // Match an ordinary character.
     552*:  686:          if (name < name_end && *name == *pattern) {
      552:  686-block  0
branch  0 taken 514 (fallthrough)
branch  1 taken 38
      514:  686-block  1
branch  2 taken 0 (fallthrough)
branch  3 taken 514
    #####:  687:            ++pattern;
    #####:  688:            ++name;
    #####:  689:            continue;
    %%%%%:  689-block  0
        -:  690:          }
      552:  691:          break;
      552:  691-block  0
    #####:  692:        case '?':  // Match any single character.
    #####:  693:          if (name < name_end) {
    %%%%%:  693-block  0
branch  0 never executed
branch  1 never executed
    #####:  694:            ++pattern;
    #####:  695:            ++name;
    #####:  696:            continue;
    %%%%%:  696-block  0
        -:  697:          }
    #####:  698:          break;
    %%%%%:  698-block  0
     1012:  699:        case '*':
        -:  700:          // Match zero or more characters. Start by skipping over the wildcard
        -:  701:          // and matching zero characters from name. If that fails, restart and
        -:  702:          // match one more character than the last attempt.
     1012:  703:          pattern_next = pattern;
     1012:  704:          name_next = name + 1;
     1012:  705:          ++pattern;
     1012:  706:          continue;
     1012:  706-block  0
        -:  707:      }
        -:  708:    }
        -:  709:    // Failed to match a character. Restart if possible.
     1030:  710:    if (name_begin < name_next && name_next <= name_end) {
     1030:  710-block  0
branch  0 taken 994 (fallthrough)
branch  1 taken 36
      994:  710-block  1
branch  2 taken 956 (fallthrough)
branch  3 taken 38
      956:  711:      pattern = pattern_next;
      956:  712:      name = name_next;
      956:  713:      continue;
      956:  713-block  0
        -:  714:    }
       74:  715:    return false;
       74:  715-block  0
        -:  716:  }
       18:  717:  return true;
       18:  717-block  0
        -:  718:}
        -:  719:
        -:  720:namespace {
        -:  721:
function _ZN7testing8internal12_GLOBAL__N_113IsGlobPatternERKNSt7__cxx1112basic_stringIcSt11char_traitsIcESaIcEEE called 5 returned 100% blocks executed 100%
        5:  722:bool IsGlobPattern(const std::string& pattern) {
       10:  723:  return std::any_of(pattern.begin(), pattern.end(),
        5:  723-block  0
call    0 returned 5
call    1 returned 5
call    2 returned 5
branch  3 taken 5 (fallthrough)
branch  4 taken 0 (throw)
        5:  723-block  1
function _ZZN7testing8internal12_GLOBAL__N_113IsGlobPatternERKNSt7__cxx1112basic_stringIcSt11char_traitsIcESaIcEEEENKUlcE_clEc called 14 returned 100% blocks executed 100%
       24:  724:                     [](const char c) { return c == '?' || c == '*'; });
        5:  724-block  0
        5:  724-block  1
       14:  724-block  2
branch  0 taken 14 (fallthrough)
branch  1 taken 0
       14:  724-block  3
branch  2 taken 5 (fallthrough)
branch  3 taken 9
        5:  724-block  4
        9:  724-block  5
       14:  724-block  6
        -:  725:}
        -:  726:
        -:  727:class UnitTestFilter {
        -:  728: public:
function _ZN7testing8internal12_GLOBAL__N_114UnitTestFilterC2Ev called 2 returned 100% blocks executed 100%
        2:  729:  UnitTestFilter() = default;
        2:  729-block  0
call    0 returned 2
call    1 returned 2
        -:  730:
        -:  731:  // Constructs a filter from a string of patterns separated by `:`.
function _ZN7testing8internal12_GLOBAL__N_114UnitTestFilterC2ERKNSt7__cxx1112basic_stringIcSt11char_traitsIcESaIcEEE called 3 returned 100% blocks executed 78%
        3:  732:  explicit UnitTestFilter(const std::string& filter) {
        3:  732-block  0
call    0 returned 3
call    1 returned 3
    $$$$$:  732-block  1
call    2 never executed
    $$$$$:  732-block  2
call    3 never executed
        -:  733:    // By design "" filter matches "" string.
        6:  734:    std::vector<std::string> all_patterns;
call    0 returned 3
        3:  734-block  0
call    1 returned 3
    $$$$$:  734-block  1
call    2 never executed
        3:  735:    SplitString(filter, ':', &all_patterns);
call    0 returned 3
branch  1 taken 3 (fallthrough)
branch  2 taken 0 (throw)
        -:  736:    const auto exact_match_patterns_begin = std::partition(
        3:  737:        all_patterns.begin(), all_patterns.end(), &IsGlobPattern);
        3:  737-block  0
call    0 returned 3
call    1 returned 3
call    2 returned 3
branch  3 taken 3 (fallthrough)
branch  4 taken 0 (throw)
        -:  738:
        6:  739:    glob_patterns_.reserve(static_cast<size_t>(
        3:  740:        std::distance(all_patterns.begin(), exact_match_patterns_begin)));
        3:  740-block  0
call    0 returned 3
call    1 returned 3
branch  2 taken 3 (fallthrough)
branch  3 taken 0 (throw)
        3:  740-block  1
call    4 returned 3
branch  5 taken 3 (fallthrough)
branch  6 taken 0 (throw)
        -:  741:    std::move(all_patterns.begin(), exact_match_patterns_begin,
        3:  742:              std::inserter(glob_patterns_, glob_patterns_.begin()));
        3:  742-block  0
call    0 returned 3
call    1 returned 3
branch  2 taken 3 (fallthrough)
branch  3 taken 0 (throw)
        3:  742-block  1
call    4 returned 3
call    5 returned 3
branch  6 taken 3 (fallthrough)
branch  7 taken 0 (throw)
        -:  743:    std::move(
        -:  744:        exact_match_patterns_begin, all_patterns.end(),
        3:  745:        std::inserter(exact_match_patterns_, exact_match_patterns_.begin()));
        3:  745-block  0
call    0 returned 3
call    1 returned 3
branch  2 taken 3 (fallthrough)
branch  3 taken 0 (throw)
        3:  745-block  1
call    4 returned 3
call    5 returned 3
branch  6 taken 3 (fallthrough)
branch  7 taken 0 (throw)
        3:  746:  }
        -:  747:
        -:  748:  // Returns true if and only if name matches at least one of the patterns in
        -:  749:  // the filter.
function _ZNK7testing8internal12_GLOBAL__N_114UnitTestFilter11MatchesNameERKNSt7__cxx1112basic_stringIcSt11char_traitsIcESaIcEEE called 73 returned 100% blocks executed 100%
       73:  750:  bool MatchesName(const std::string& name) const {
      146:  751:    return exact_match_patterns_.count(name) > 0 ||
       73:  751-block  0
call    0 returned 73
branch  1 taken 73 (fallthrough)
branch  2 taken 0
       18:  751-block  1
       55:  751-block  2
       73:  752:           std::any_of(glob_patterns_.begin(), glob_patterns_.end(),
       73:  752-block  0
call    0 returned 73
call    1 returned 73
call    2 returned 73
branch  3 taken 18 (fallthrough)
branch  4 taken 55
function _ZZNK7testing8internal12_GLOBAL__N_114UnitTestFilter11MatchesNameERKNSt7__cxx1112basic_stringIcSt11char_traitsIcESaIcEEEENKUlSA_E_clESA_ called 92 returned 100% blocks executed 100%
      184:  753:                       [&name](const std::string& pattern) {
       92:  754:                         return PatternMatchesString(
call    0 returned 92
call    1 returned 92
        -:  755:                             name, pattern.c_str(),
      184:  756:                             pattern.c_str() + pattern.size());
       92:  756-block  0
call    0 returned 92
call    1 returned 92
       73:  757:                       });
       73:  757-block  0
        -:  758:  }
        -:  759:
        -:  760: private:
        -:  761:  std::vector<std::string> glob_patterns_;
        -:  762:  std::unordered_set<std::string> exact_match_patterns_;
        -:  763:};
        -:  764:
        -:  765:class PositiveAndNegativeUnitTestFilter {
        -:  766: public:
        -:  767:  // Constructs a positive and a negative filter from a string. The string
        -:  768:  // contains a positive filter optionally followed by a '-' character and a
        -:  769:  // negative filter. In case only a negative filter is provided the positive
        -:  770:  // filter will be assumed "*".
        -:  771:  // A filter is a list of patterns separated by ':'.
function _ZN7testing8internal12_GLOBAL__N_133PositiveAndNegativeUnitTestFilterC2ERKNSt7__cxx1112basic_stringIcSt11char_traitsIcESaIcEEE called 1 returned 100% blocks executed 23%
        1:  772:  explicit PositiveAndNegativeUnitTestFilter(const std::string& filter) {
        1:  772-block  0
call    0 returned 1
call    1 returned 1
    $$$$$:  772-block  1
call    2 never executed
    $$$$$:  772-block  2
call    3 never executed
        2:  773:    std::vector<std::string> positive_and_negative_filters;
call    0 returned 1
        1:  773-block  0
call    1 returned 1
    $$$$$:  773-block  1
call    2 never executed
        -:  774:
        -:  775:    // NOTE: `SplitString` always returns a non-empty container.
        1:  776:    SplitString(filter, '-', &positive_and_negative_filters);
call    0 returned 1
branch  1 taken 1 (fallthrough)
branch  2 taken 0 (throw)
        1:  777:    const auto& positive_filter = positive_and_negative_filters.front();
        1:  777-block  0
call    0 returned 1
        -:  778:
        1:  779:    if (positive_and_negative_filters.size() > 1) {
call    0 returned 1
branch  1 taken 0 (fallthrough)
branch  2 taken 1
    #####:  780:      positive_filter_ = UnitTestFilter(
    %%%%%:  780-block  0
call    0 never executed
branch  1 never executed
branch  2 never executed
call    3 never executed
    #####:  781:          positive_filter.empty() ? kUniversalFilter : positive_filter);
    %%%%%:  781-block  0
call    0 never executed
branch  1 never executed
branch  2 never executed
    %%%%%:  781-block  1
call    3 never executed
call    4 never executed
branch  5 never executed
branch  6 never executed
    %%%%%:  781-block  2
call    7 never executed
branch  8 never executed
branch  9 never executed
    %%%%%:  781-block  3
call   10 never executed
call   11 never executed
branch 12 never executed
branch 13 never executed
    %%%%%:  781-block  4
call   14 never executed
    $$$$$:  781-block  5
call   15 never executed
    $$$$$:  781-block  6
    $$$$$:  781-block  7
branch 16 never executed
branch 17 never executed
    $$$$$:  781-block  8
call   18 never executed
    $$$$$:  781-block  9
        -:  782:
        -:  783:      // TODO(b/214626361): Fail on multiple '-' characters
        -:  784:      // For the moment to preserve old behavior we concatenate the rest of the
        -:  785:      // string parts with `-` as separator to generate the negative filter.
    #####:  786:      auto negative_filter_string = positive_and_negative_filters[1];
    %%%%%:  786-block  0
call    0 never executed
call    1 never executed
branch  2 never executed
branch  3 never executed
    $$$$$:  786-block  1
call    4 never executed
    #####:  787:      for (std::size_t i = 2; i < positive_and_negative_filters.size(); i++)
    %%%%%:  787-block  0
    %%%%%:  787-block  1
call    0 never executed
branch  1 never executed
branch  2 never executed
        -:  788:        negative_filter_string =
    #####:  789:            negative_filter_string + '-' + positive_and_negative_filters[i];
    %%%%%:  789-block  0
call    0 never executed
call    1 never executed
branch  2 never executed
branch  3 never executed
    %%%%%:  789-block  1
call    4 never executed
branch  5 never executed
branch  6 never executed
    %%%%%:  789-block  2
call    7 never executed
call    8 never executed
call    9 never executed
    $$$$$:  789-block  3
call   10 never executed
    $$$$$:  789-block  4
    #####:  790:      negative_filter_ = UnitTestFilter(negative_filter_string);
    %%%%%:  790-block  0
call    0 never executed
branch  1 never executed
branch  2 never executed
    %%%%%:  790-block  1
call    3 never executed
call    4 never executed
call    5 never executed
        -:  791:    } else {
        -:  792:      // In case we don't have a negative filter and positive filter is ""
        -:  793:      // we do not use kUniversalFilter by design as opposed to when we have a
        -:  794:      // negative filter.
        1:  795:      positive_filter_ = UnitTestFilter(positive_filter);
        1:  795-block  0
call    0 returned 1
branch  1 taken 1 (fallthrough)
branch  2 taken 0 (throw)
        1:  795-block  1
call    3 returned 1
call    4 returned 1
        -:  796:    }
        1:  797:  }
        -:  798:
        -:  799:  // Returns true if and only if test name (this is generated by appending test
        -:  800:  // suit name and test name via a '.' character) matches the positive filter
        -:  801:  // and does not match the negative filter.
function _ZNK7testing8internal12_GLOBAL__N_133PositiveAndNegativeUnitTestFilter11MatchesTestERKNSt7__cxx1112basic_stringIcSt11char_traitsIcESaIcEEESA_ called 18 returned 100% blocks executed 64%
       18:  802:  bool MatchesTest(const std::string& test_suite_name,
        -:  803:                   const std::string& test_name) const {
       18:  804:    return MatchesName(test_suite_name + "." + test_name);
       18:  804-block  0
call    0 returned 18
call    1 returned 18
branch  2 taken 18 (fallthrough)
branch  3 taken 0 (throw)
       18:  804-block  1
call    4 returned 18
branch  5 taken 18 (fallthrough)
branch  6 taken 0 (throw)
       18:  804-block  2
       18:  804-block  3
call    7 returned 18
call    8 returned 18
       18:  804-block  4
    $$$$$:  804-block  5
call    9 never executed
    $$$$$:  804-block  6
    $$$$$:  804-block  7
call   10 never executed
        -:  805:  }
        -:  806:
        -:  807:  // Returns true if and only if name matches the positive filter and does not
        -:  808:  // match the negative filter.
function _ZNK7testing8internal12_GLOBAL__N_133PositiveAndNegativeUnitTestFilter11MatchesNameERKNSt7__cxx1112basic_stringIcSt11char_traitsIcESaIcEEE called 18 returned 100% blocks executed 88%
       18:  809:  bool MatchesName(const std::string& name) const {
      36*:  810:    return positive_filter_.MatchesName(name) &&
       18:  810-block  0
call    0 returned 18
branch  1 taken 18 (fallthrough)
branch  2 taken 0
       18:  810-block  1
    %%%%%:  810-block  2
       36:  811:           !negative_filter_.MatchesName(name);
       18:  811-block  0
call    0 returned 18
branch  1 taken 18 (fallthrough)
branch  2 taken 0
       18:  811-block  1
        -:  812:  }
        -:  813:
        -:  814: private:
        -:  815:  UnitTestFilter positive_filter_;
        -:  816:  UnitTestFilter negative_filter_;
        -:  817:};
        -:  818:}  // namespace
        -:  819:
function _ZN7testing8internal15UnitTestOptions13MatchesFilterERKNSt7__cxx1112basic_stringIcSt11char_traitsIcESaIcEEEPKc called 0 returned 0% blocks executed 0%
    #####:  820:bool UnitTestOptions::MatchesFilter(const std::string& name_str,
        -:  821:                                    const char* filter) {
    #####:  822:  return UnitTestFilter(filter).MatchesName(name_str);
    %%%%%:  822-block  0
call    0 never executed
call    1 never executed
branch  2 never executed
branch  3 never executed
    %%%%%:  822-block  1
call    4 never executed
branch  5 never executed
branch  6 never executed
    %%%%%:  822-block  2
call    7 never executed
branch  8 never executed
branch  9 never executed
    %%%%%:  822-block  3
    %%%%%:  822-block  4
call   10 never executed
call   11 never executed
call   12 never executed
    %%%%%:  822-block  5
    $$$$$:  822-block  6
call   13 never executed
    $$$$$:  822-block  7
    $$$$$:  822-block  8
call   14 never executed
    $$$$$:  822-block  9
    $$$$$:  822-block 10
call   15 never executed
        -:  823:}
        -:  824:
        -:  825:// Returns true if and only if the user-specified filter matches the test
        -:  826:// suite name and the test name.
function _ZN7testing8internal15UnitTestOptions17FilterMatchesTestERKNSt7__cxx1112basic_stringIcSt11char_traitsIcESaIcEEES9_ called 0 returned 0% blocks executed 0%
    #####:  827:bool UnitTestOptions::FilterMatchesTest(const std::string& test_suite_name,
        -:  828:                                        const std::string& test_name) {
        -:  829:  // Split --gtest_filter at '-', if there is one, to separate into
        -:  830:  // positive filter and negative filter portions
    #####:  831:  return PositiveAndNegativeUnitTestFilter(GTEST_FLAG_GET(filter))
    %%%%%:  831-block  0
call    0 never executed
    %%%%%:  831-block  1
call    1 never executed
    $$$$$:  831-block  2
call    2 never executed
    #####:  832:      .MatchesTest(test_suite_name, test_name);
call    0 never executed
branch  1 never executed
branch  2 never executed
    %%%%%:  832-block  0
    %%%%%:  832-block  1
        -:  833:}
        -:  834:
        -:  835:#if GTEST_HAS_SEH
        -:  836:// Returns EXCEPTION_EXECUTE_HANDLER if Google Test should handle the
        -:  837:// given SEH exception, or EXCEPTION_CONTINUE_SEARCH otherwise.
        -:  838:// This function is useful as an __except condition.
        -:  839:int UnitTestOptions::GTestShouldProcessSEH(DWORD exception_code) {
        -:  840:  // Google Test should handle a SEH exception if:
        -:  841:  //   1. the user wants it to, AND
        -:  842:  //   2. this is not a breakpoint exception, AND
        -:  843:  //   3. this is not a C++ exception (VC++ implements them via SEH,
        -:  844:  //      apparently).
        -:  845:  //
        -:  846:  // SEH exception code for C++ exceptions.
        -:  847:  // (see http://support.microsoft.com/kb/185294 for more information).
        -:  848:  const DWORD kCxxExceptionCode = 0xe06d7363;
        -:  849:
        -:  850:  bool should_handle = true;
        -:  851:
        -:  852:  if (!GTEST_FLAG_GET(catch_exceptions))
        -:  853:    should_handle = false;
        -:  854:  else if (exception_code == EXCEPTION_BREAKPOINT)
        -:  855:    should_handle = false;
        -:  856:  else if (exception_code == kCxxExceptionCode)
        -:  857:    should_handle = false;
        -:  858:
[...]
    #####: 6589:      GTEST_FLAG_SET(flagfile, flagfile_value);
    %%%%%: 6589-block  0
call    0 never executed
branch  1 never executed
branch  2 never executed
    #####: 6590:      LoadFlagsFromFile(flagfile_value);
    %%%%%: 6590-block  0
call    0 never executed
branch  1 never executed
branch  2 never executed
    #####: 6591:      remove_flag = true;
    %%%%%: 6591-block  0
        -: 6592:#endif  // GTEST_USE_OWN_FLAGFILE_FLAG_
    #####: 6593:    } else if (arg_string == "--help" || arg_string == "-h" ||
    %%%%%: 6593-block  0
call    0 never executed
    %%%%%: 6593-block  1
call    1 never executed
branch  2 never executed
branch  3 never executed
branch  4 never executed
branch  5 never executed
    #####: 6594:               arg_string == "-?" || arg_string == "/?" ||
branch  0 never executed
branch  1 never executed
    %%%%%: 6594-block  0
call    2 never executed
    %%%%%: 6594-block  1
call    3 never executed
branch  4 never executed
branch  5 never executed
branch  6 never executed
branch  7 never executed
    %%%%%: 6594-block  2
    %%%%%: 6594-block  3
    %%%%%: 6594-block  4
branch  8 never executed
branch  9 never executed
    #####: 6595:               HasGoogleTestFlagPrefix(arg)) {
    %%%%%: 6595-block  0
call    0 never executed
        -: 6596:      // Both help flag and unrecognized Google Test flags (excluding
        -: 6597:      // internal ones) trigger help display.
    #####: 6598:      g_help_flag = true;
    %%%%%: 6598-block  0
        -: 6599:    }
        -: 6600:
    #####: 6601:    if (remove_flag) {
    %%%%%: 6601-block  0
branch  0 never executed
branch  1 never executed
        -: 6602:      // Shift the remainder of the argv list left by one.  Note
        -: 6603:      // that argv has (*argc + 1) elements, the last one always being
        -: 6604:      // NULL.  The following loop moves the trailing NULL element as
        -: 6605:      // well.
    #####: 6606:      for (int j = i; j != *argc; j++) {
    %%%%%: 6606-block  0
    %%%%%: 6606-block  1
branch  0 never executed
branch  1 never executed
    #####: 6607:        argv[j] = argv[j + 1];
    %%%%%: 6607-block  0
        -: 6608:      }
        -: 6609:
        -: 6610:      // Decrements the argument count.
    #####: 6611:      (*argc)--;
        -: 6612:
        -: 6613:      // We also need to decrement the iterator as we just removed
        -: 6614:      // an element.
    #####: 6615:      i--;
    %%%%%: 6615-block  0
        -: 6616:    }
        -: 6617:  }
        -: 6618:
    #####: 6619:  if (g_help_flag) {
    %%%%%: 6619-block  0
branch  0 never executed
branch  1 never executed
        -: 6620:    // We print the help here instead of in RUN_ALL_TESTS(), as the
        -: 6621:    // latter may not be called at all if the user is using Google
        -: 6622:    // Test with another testing framework.
    #####: 6623:    PrintColorEncoded(kColorEncodedHelpMessage);
    %%%%%: 6623-block  0
call    0 never executed
branch  1 never executed
branch  2 never executed
        -: 6624:  }
    #####: 6625:}
------------------
_ZN7testing8internal28ParseGoogleTestFlagsOnlyImplIcEEvPiPPT_:
function _ZN7testing8internal28ParseGoogleTestFlagsOnlyImplIcEEvPiPPT_ called 1 returned 100% blocks executed 43%
        1: 6576:void ParseGoogleTestFlagsOnlyImpl(int* argc, CharType** argv) {
        2: 6577:  std::string flagfile_value;
        1: 6577-block  0
call    0 returned 1
        1: 6577-block  1
call    1 returned 1
    $$$$$: 6577-block  2
call    2 never executed
        3: 6578:  for (int i = 1; i < *argc; i++) {
        3: 6578-block  0
branch  0 taken 2 (fallthrough)
branch  1 taken 1
        4: 6579:    const std::string arg_string = StreamableToString(argv[i]);
        2: 6579-block  0
call    0 returned 2
branch  1 taken 2 (fallthrough)
branch  2 taken 0 (throw)
        2: 6579-block  1
call    3 returned 2
    $$$$$: 6579-block  2
call    4 never executed
        2: 6580:    const char* const arg = arg_string.c_str();
        2: 6580-block  0
call    0 returned 2
        -: 6581:
        -: 6582:    using internal::ParseFlag;
        -: 6583:
        2: 6584:    bool remove_flag = false;
        2: 6585:    if (ParseGoogleTestFlag(arg)) {
call    0 returned 2
branch  1 taken 2 (fallthrough)
branch  2 taken 0 (throw)
        2: 6585-block  0
branch  3 taken 2 (fallthrough)
branch  4 taken 0
        2: 6586:      remove_flag = true;
        2: 6586-block  0
        -: 6587:#if GTEST_USE_OWN_FLAGFILE_FLAG_
    #####: 6588:    } else if (ParseFlag(arg, "flagfile", &flagfile_value)) {
    %%%%%: 6588-block  0
call    0 never executed
branch  1 never executed
branch  2 never executed
    %%%%%: 6588-block  1
branch  3 never executed
branch  4 never executed
    #####: 6589:      GTEST_FLAG_SET(flagfile, flagfile_value);
    %%%%%: 6589-block  0
call    0 never executed
branch  1 never executed
branch  2 never executed
    #####: 6590:      LoadFlagsFromFile(flagfile_value);
    %%%%%: 6590-block  0
call    0 never executed
branch  1 never executed
branch  2 never executed
    #####: 6591:      remove_flag = true;
    %%%%%: 6591-block  0
        -: 6592:#endif  // GTEST_USE_OWN_FLAGFILE_FLAG_
    #####: 6593:    } else if (arg_string == "--help" || arg_string == "-h" ||
    %%%%%: 6593-block  0
call    0 never executed
    %%%%%: 6593-block  1
call    1 never executed
branch  2 never executed
branch  3 never executed
branch  4 never executed
branch  5 never executed
    #####: 6594:               arg_string == "-?" || arg_string == "/?" ||
branch  0 never executed
branch  1 never executed
    %%%%%: 6594-block  0
call    2 never executed
    %%%%%: 6594-block  1
call    3 never executed
branch  4 never executed
branch  5 never executed
branch  6 never executed
branch  7 never executed
    %%%%%: 6594-block  2
    %%%%%: 6594-block  3
    %%%%%: 6594-block  4
branch  8 never executed
branch  9 never executed
    #####: 6595:               HasGoogleTestFlagPrefix(arg)) {
    %%%%%: 6595-block  0
call    0 never executed
        -: 6596:      // Both help flag and unrecognized Google Test flags (excluding
        -: 6597:      // internal ones) trigger help display.
    #####: 6598:      g_help_flag = true;
    %%%%%: 6598-block  0
        -: 6599:    }
        -: 6600:
        2: 6601:    if (remove_flag) {
        2: 6601-block  0
branch  0 taken 2 (fallthrough)
branch  1 taken 0
        -: 6602:      // Shift the remainder of the argv list left by one.  Note
        -: 6603:      // that argv has (*argc + 1) elements, the last one always being
        -: 6604:      // NULL.  The following loop moves the trailing NULL element as
        -: 6605:      // well.
        5: 6606:      for (int j = i; j != *argc; j++) {
        2: 6606-block  0
        5: 6606-block  1
branch  0 taken 3 (fallthrough)
branch  1 taken 2
        3: 6607:        argv[j] = argv[j + 1];
        3: 6607-block  0
        -: 6608:      }
        -: 6609:
        -: 6610:      // Decrements the argument count.
        2: 6611:      (*argc)--;
        -: 6612:
        -: 6613:      // We also need to decrement the iterator as we just removed
        -: 6614:      // an element.
        2: 6615:      i--;
        2: 6615-block  0
        -: 6616:    }
        -: 6617:  }
        -: 6618:
        1: 6619:  if (g_help_flag) {
        1: 6619-block  0
branch  0 taken 0 (fallthrough)
branch  1 taken 1
        -: 6620:    // We print the help here instead of in RUN_ALL_TESTS(), as the
        -: 6621:    // latter may not be called at all if the user is using Google
        -: 6622:    // Test with another testing framework.
    #####: 6623:    PrintColorEncoded(kColorEncodedHelpMessage);
    %%%%%: 6623-block  0
call    0 never executed
branch  1 never executed
branch  2 never executed
        -: 6624:  }
        1: 6625:}
------------------
        -: 6626:
        -: 6627:// Parses the command line for Google Test flags, without initializing
        -: 6628:// other parts of Google Test.
function _ZN7testing8internal24ParseGoogleTestFlagsOnlyEPiPPc called 1 returned 100% blocks executed 100%
        1: 6629:void ParseGoogleTestFlagsOnly(int* argc, char** argv) {
        1: 6630:  ParseGoogleTestFlagsOnlyImpl(argc, argv);
        1: 6630-block  0
call    0 returned 1
        -: 6631:
        -: 6632:  // Fix the value of *_NSGetArgc() on macOS, but if and only if
        -: 6633:  // *_NSGetArgv() == argv
        -: 6634:  // Only applicable to char** version of argv
        -: 6635:#if GTEST_OS_MAC
        -: 6636:#ifndef GTEST_OS_IOS
        -: 6637:  if (*_NSGetArgv() == argv) {
        -: 6638:    *_NSGetArgc() = *argc;
        -: 6639:  }
        -: 6640:#endif
        -: 6641:#endif
        1: 6642:}
function _ZN7testing8internal24ParseGoogleTestFlagsOnlyEPiPPw called 0 returned 0% blocks executed 0%
    #####: 6643:void ParseGoogleTestFlagsOnly(int* argc, wchar_t** argv) {
    #####: 6644:  ParseGoogleTestFlagsOnlyImpl(argc, argv);
    %%%%%: 6644-block  0
call    0 never executed
    #####: 6645:}
        -: 6646:
        -: 6647:// The internal implementation of InitGoogleTest().
        -: 6648://
        -: 6649:// The type parameter CharType can be instantiated to either char or
        -: 6650:// wchar_t.
        -: 6651:template <typename CharType>
       1*: 6652:void InitGoogleTestImpl(int* argc, CharType** argv) {
        -: 6653:  // We don't want to run the initialization code twice.
       1*: 6654:  if (GTestIsInitialized()) return;
        -: 6655:
       1*: 6656:  if (*argc <= 0) return;
        -: 6657:
       1*: 6658:  g_argvs.clear();
       4*: 6659:  for (int i = 0; i != *argc; i++) {
       3*: 6660:    g_argvs.push_back(StreamableToString(argv[i]));
        -: 6661:  }
        -: 6662:
        -: 6663:#if GTEST_HAS_ABSL
        -: 6664:  absl::InitializeSymbolizer(g_argvs[0].c_str());
        -: 6665:#endif  // GTEST_HAS_ABSL
        -: 6666:
       1*: 6667:  ParseGoogleTestFlagsOnly(argc, argv);
       1*: 6668:  GetUnitTestImpl()->PostFlagParsingInit();
        -: 6669:}
------------------
_ZN7testing8internal18InitGoogleTestImplIwEEvPiPPT_:
function _ZN7testing8internal18InitGoogleTestImplIwEEvPiPPT_ called 0 returned 0% blocks executed 0%
    #####: 6652:void InitGoogleTestImpl(int* argc, CharType** argv) {
        -: 6653:  // We don't want to run the initialization code twice.
    #####: 6654:  if (GTestIsInitialized()) return;
    %%%%%: 6654-block  0
call    0 never executed
branch  1 never executed
branch  2 never executed
    %%%%%: 6654-block  1
        -: 6655:
    #####: 6656:  if (*argc <= 0) return;
    %%%%%: 6656-block  0
branch  0 never executed
branch  1 never executed
    %%%%%: 6656-block  1
        -: 6657:
    #####: 6658:  g_argvs.clear();
    %%%%%: 6658-block  0
call    0 never executed
    #####: 6659:  for (int i = 0; i != *argc; i++) {
    %%%%%: 6659-block  0
branch  0 never executed
branch  1 never executed
    #####: 6660:    g_argvs.push_back(StreamableToString(argv[i]));
    %%%%%: 6660-block  0
call    0 never executed
call    1 never executed
branch  2 never executed
branch  3 never executed
    %%%%%: 6660-block  1
call    4 never executed
    $$$$$: 6660-block  2
call    5 never executed
        -: 6661:  }
        -: 6662:
        -: 6663:#if GTEST_HAS_ABSL
        -: 6664:  absl::InitializeSymbolizer(g_argvs[0].c_str());
        -: 6665:#endif  // GTEST_HAS_ABSL
        -: 6666:
    #####: 6667:  ParseGoogleTestFlagsOnly(argc, argv);
    %%%%%: 6667-block  0
call    0 never executed
    #####: 6668:  GetUnitTestImpl()->PostFlagParsingInit();
call    0 never executed
call    1 never executed
        -: 6669:}
------------------
_ZN7testing8internal18InitGoogleTestImplIcEEvPiPPT_:
function _ZN7testing8internal18InitGoogleTestImplIcEEvPiPPT_ called 1 returned 100% blocks executed 79%
        1: 6652:void InitGoogleTestImpl(int* argc, CharType** argv) {
        -: 6653:  // We don't want to run the initialization code twice.
       1*: 6654:  if (GTestIsInitialized()) return;
        1: 6654-block  0
call    0 returned 1
branch  1 taken 0 (fallthrough)
branch  2 taken 1
    %%%%%: 6654-block  1
        -: 6655:
       1*: 6656:  if (*argc <= 0) return;
        1: 6656-block  0
branch  0 taken 0 (fallthrough)
branch  1 taken 1
    %%%%%: 6656-block  1
        -: 6657:
        1: 6658:  g_argvs.clear();
        1: 6658-block  0
call    0 returned 1
        4: 6659:  for (int i = 0; i != *argc; i++) {
        4: 6659-block  0
branch  0 taken 3 (fallthrough)
branch  1 taken 1
        3: 6660:    g_argvs.push_back(StreamableToString(argv[i]));
        3: 6660-block  0
call    0 returned 3
call    1 returned 3
branch  2 taken 3 (fallthrough)
branch  3 taken 0 (throw)
        3: 6660-block  1
call    4 returned 3
    $$$$$: 6660-block  2
call    5 never executed
        -: 6661:  }
        -: 6662:
        -: 6663:#if GTEST_HAS_ABSL
        -: 6664:  absl::InitializeSymbolizer(g_argvs[0].c_str());
        -: 6665:#endif  // GTEST_HAS_ABSL
        -: 6666:
        1: 6667:  ParseGoogleTestFlagsOnly(argc, argv);
        1: 6667-block  0
call    0 returned 1
        1: 6668:  GetUnitTestImpl()->PostFlagParsingInit();
call    0 returned 1
call    1 returned 1
        -: 6669:}
------------------
        -: 6670:
        -: 6671:}  // namespace internal
        -: 6672:
        -: 6673:// Initializes Google Test.  This must be called before calling
        -: 6674:// RUN_ALL_TESTS().  In particular, it parses a command line for the
        -: 6675:// flags that Google Test recognizes.  Whenever a Google Test flag is
        -: 6676:// seen, it is removed from argv, and *argc is decremented.
        -: 6677://
        -: 6678:// No value is returned.  Instead, the Google Test flag variables are
        -: 6679:// updated.
        -: 6680://
        -: 6681:// Calling the function for the second time has no user-visible effect.
function _ZN7testing14InitGoogleTestEPiPPc called 1 returned 100% blocks executed 100%
        1: 6682:void InitGoogleTest(int* argc, char** argv) {
        -: 6683:#if defined(GTEST_CUSTOM_INIT_GOOGLE_TEST_FUNCTION_)
        -: 6684:  GTEST_CUSTOM_INIT_GOOGLE_TEST_FUNCTION_(argc, argv);
        -: 6685:#else   // defined(GTEST_CUSTOM_INIT_GOOGLE_TEST_FUNCTION_)
        1: 6686:  internal::InitGoogleTestImpl(argc, argv);
        1: 6686-block  0
call    0 returned 1
        -: 6687:#endif  // defined(GTEST_CUSTOM_INIT_GOOGLE_TEST_FUNCTION_)
        1: 6688:}
        -: 6689:
        -: 6690:// This overloaded version can be used in Windows programs compiled in
        -: 6691:// UNICODE mode.
function _ZN7testing14InitGoogleTestEPiPPw called 0 returned 0% blocks executed 0%
    #####: 6692:void InitGoogleTest(int* argc, wchar_t** argv) {
        -: 6693:#if defined(GTEST_CUSTOM_INIT_GOOGLE_TEST_FUNCTION_)
        -: 6694:  GTEST_CUSTOM_INIT_GOOGLE_TEST_FUNCTION_(argc, argv);
        -: 6695:#else   // defined(GTEST_CUSTOM_INIT_GOOGLE_TEST_FUNCTION_)
    #####: 6696:  internal::InitGoogleTestImpl(argc, argv);
    %%%%%: 6696-block  0
call    0 never executed
        -: 6697:#endif  // defined(GTEST_CUSTOM_INIT_GOOGLE_TEST_FUNCTION_)
    #####: 6698:}
        -: 6699:
        -: 6700:// This overloaded version can be used on Arduino/embedded platforms where
        -: 6701:// there is no argc/argv.
function _ZN7testing14InitGoogleTestEv called 0 returned 0% blocks executed 0%
    #####: 6702:void InitGoogleTest() {
        -: 6703:  // Since Arduino doesn't have a command line, fake out the argc/argv arguments
    #####: 6704:  int argc = 1;
    #####: 6705:  const auto arg0 = "dummy";
    #####: 6706:  char* argv0 = const_cast<char*>(arg0);
    #####: 6707:  char** argv = &argv0;
        -: 6708:
        -: 6709:#if defined(GTEST_CUSTOM_INIT_GOOGLE_TEST_FUNCTION_)
        -: 6710:  GTEST_CUSTOM_INIT_GOOGLE_TEST_FUNCTION_(&argc, argv);
        -: 6711:#else   // defined(GTEST_CUSTOM_INIT_GOOGLE_TEST_FUNCTION_)
    #####: 6712:  internal::InitGoogleTestImpl(&argc, argv);
    %%%%%: 6712-block  0
call    0 never executed
branch  1 never executed
branch  2 never executed
        -: 6713:#endif  // defined(GTEST_CUSTOM_INIT_GOOGLE_TEST_FUNCTION_)
    #####: 6714:}
    %%%%%: 6714-block  0
        -: 6715:
function _ZN7testing7TempDirB5cxx11Ev called 0 returned 0% blocks executed 0%
    #####: 6716:std::string TempDir() {
        -: 6717:#if defined(GTEST_CUSTOM_TEMPDIR_FUNCTION_)
        -: 6718:  return GTEST_CUSTOM_TEMPDIR_FUNCTION_();
        -: 6719:#elif GTEST_OS_WINDOWS_MOBILE
        -: 6720:  return "\\temp\\";
        -: 6721:#elif GTEST_OS_WINDOWS
        -: 6722:  const char* temp_dir = internal::posix::GetEnv("TEMP");
        -: 6723:  if (temp_dir == nullptr || temp_dir[0] == '\0') {
        -: 6724:    return "\\temp\\";
        -: 6725:  } else if (temp_dir[strlen(temp_dir) - 1] == '\\') {
        -: 6726:    return temp_dir;
        -: 6727:  } else {
        -: 6728:    return std::string(temp_dir) + "\\";
        -: 6729:  }
        -: 6730:#elif GTEST_OS_LINUX_ANDROID
        -: 6731:  const char* temp_dir = internal::posix::GetEnv("TEST_TMPDIR");
        -: 6732:  if (temp_dir == nullptr || temp_dir[0] == '\0') {
        -: 6733:    return "/data/local/tmp/";
        -: 6734:  } else {
        -: 6735:    return temp_dir;
        -: 6736:  }
        -: 6737:#elif GTEST_OS_LINUX
    #####: 6738:  const char* temp_dir = internal::posix::GetEnv("TEST_TMPDIR");
    %%%%%: 6738-block  0
call    0 never executed
    #####: 6739:  if (temp_dir == nullptr || temp_dir[0] == '\0') {
branch  0 never executed
branch  1 never executed
    %%%%%: 6739-block  0
branch  2 never executed
branch  3 never executed
    #####: 6740:    return "/tmp/";
    %%%%%: 6740-block  0
call    0 never executed
call    1 never executed
branch  2 never executed
branch  3 never executed
    %%%%%: 6740-block  1
call    4 never executed
    $$$$$: 6740-block  2
call    5 never executed
    $$$$$: 6740-block  3
        -: 6741:  } else {
    #####: 6742:    return temp_dir;
    %%%%%: 6742-block  0
call    0 never executed
call    1 never executed
branch  2 never executed
branch  3 never executed
    %%%%%: 6742-block  1
call    4 never executed
    $$$$$: 6742-block  2
call    5 never executed
    $$$$$: 6742-block  3
        -: 6743:  }
        -: 6744:#else
        -: 6745:  return "/tmp/";
        -: 6746:#endif  // GTEST_OS_WINDOWS_MOBILE
        -: 6747:}
        -: 6748:
        -: 6749:// Class ScopedTrace
        -: 6750:
        -: 6751:// Pushes the given source file location and message onto a per-thread
        -: 6752:// trace stack maintained by Google Test.
function _ZN7testing11ScopedTrace9PushTraceEPKciNSt7__cxx1112basic_stringIcSt11char_traitsIcESaIcEEE called 0 returned 0% blocks executed 0%
    #####: 6753:void ScopedTrace::PushTrace(const char* file, int line, std::string message) {
    #####: 6754:  internal::TraceInfo trace;
    %%%%%: 6754-block  0
call    0 never executed
    %%%%%: 6754-block  1
call    1 never executed
    $$$$$: 6754-block  2
call    2 never executed
    #####: 6755:  trace.file = file;
    #####: 6756:  trace.line = line;
    #####: 6757:  trace.message.swap(message);
call    0 never executed
        -: 6758:
    #####: 6759:  UnitTest::GetInstance()->PushGTestTrace(trace);
call    0 never executed
branch  1 never executed
branch  2 never executed
    %%%%%: 6759-block  0
call    3 never executed
branch  4 never executed
branch  5 never executed
    #####: 6760:}
        -: 6761:
        -: 6762:// Pops the info pushed by the c'tor.
function _ZN7testing11ScopedTraceD2Ev called 0 returned 0% blocks executed 0%
    #####: 6763:ScopedTrace::~ScopedTrace() GTEST_LOCK_EXCLUDED_(&UnitTest::mutex_) {
    #####: 6764:  UnitTest::GetInstance()->PopGTestTrace();
    %%%%%: 6764-block  0
call    0 never executed
call    1 never executed
    #####: 6765:}
        -: 6766:
        -: 6767:}  // namespace testing
