        -:    0:Source:/home/georgerapeanu/Desktop/ubbShit/Semester2/OOP/a14-georgerapeanu/src/repository/HTMLWatchlist.cpp
        -:    0:Graph:/home/georgerapeanu/Desktop/ubbShit/Semester2/OOP/a14-georgerapeanu/tests/cmake-build-debug-coverage/CMakeFiles/a14_georgerapeanu_tests.dir/home/georgerapeanu/Desktop/ubbShit/Semester2/OOP/a14-georgerapeanu/src/repository/HTMLWatchlist.gcno
        -:    0:Data:/home/georgerapeanu/Desktop/ubbShit/Semester2/OOP/a14-georgerapeanu/tests/cmake-build-debug-coverage/CMakeFiles/a14_georgerapeanu_tests.dir/home/georgerapeanu/Desktop/ubbShit/Semester2/OOP/a14-georgerapeanu/src/repository/HTMLWatchlist.gcda
        -:    0:Runs:1
        -:    1:/*!
        -:    2: * @file HTMLWatchlist.h this is a file that shows the implementation for a HTMLWatchlist
        -:    3: */
        -:    4:
        -:    5:
        -:    6://
        -:    7:// Created by georgerapeanu on 18.04.2022.
        -:    8://
        -:    9:
        -:   10:
        -:   11:#pragma once
        -:   12:#include "HTMLWatchlist.h"
        -:   13:#include "Movie.h"
        -:   14:#include "Exceptions.h"
        -:   15:#include <string>
        -:   16:#include <vector>
        -:   17:#include <fstream>
        -:   18:
        -:   19:using namespace std;
        -:   20:
        -:   21:template<class T>
function _ZN13HTMLWatchlistI5MovieEC2ERKNSt7__cxx1112basic_stringIcSt11char_traitsIcESaIcEEE called 8 returned 100% blocks executed 64%
        8:   22:HTMLWatchlist<T>::HTMLWatchlist(const string &file_path) {
        8:   22-block  0
call    0 returned 8
call    1 returned 8
call    2 returned 8
    $$$$$:   22-block  1
call    3 never executed
    $$$$$:   22-block  2
call    4 never executed
    $$$$$:   22-block  3
call    5 never executed
        8:   23:    this->file_path = file_path;
call    0 returned 8
branch  1 taken 8 (fallthrough)
branch  2 taken 0 (throw)
        8:   24:    this->entities = vector<T>();
        8:   24-block  0
call    0 returned 8
call    1 returned 8
call    2 returned 8
        8:   25:}
        -:   26:
        -:   27:template<class T>
       8*:   28:HTMLWatchlist<T>::~HTMLWatchlist() {
        -:   29:    ;
       8*:   30:}
------------------
_ZN13HTMLWatchlistI5MovieED0Ev:
function _ZN13HTMLWatchlistI5MovieED0Ev called 0 returned 0% blocks executed 0%
    #####:   28:HTMLWatchlist<T>::~HTMLWatchlist() {
        -:   29:    ;
    #####:   30:}
    %%%%%:   30-block  0
call    0 never executed
call    1 never executed
------------------
_ZN13HTMLWatchlistI5MovieED2Ev:
function _ZN13HTMLWatchlistI5MovieED2Ev called 8 returned 100% blocks executed 100%
        8:   28:HTMLWatchlist<T>::~HTMLWatchlist() {
        -:   29:    ;
        8:   30:}
        8:   30-block  0
call    0 returned 8
call    1 returned 8
call    2 returned 8
------------------
        -:   31:
        -:   32:template<class T>
function _ZN13HTMLWatchlistI5MovieE3addERKS0_ called 17 returned 76% blocks executed 69%
       17:   33:void HTMLWatchlist<T>::add(const T &elem) {
       31:   34:    for(int i = 0;i < this->entities.size();i++){
       17:   34-block  0
       31:   34-block  1
call    0 returned 31
branch  1 taken 18 (fallthrough)
branch  2 taken 13
       14:   34-block  2
       18:   35:        if(this->entities[i].get_id() == elem.get_id()){
       18:   35-block  0
call    0 returned 18
call    1 returned 18
call    2 returned 18
branch  3 taken 18 (fallthrough)
branch  4 taken 0 (throw)
       18:   35-block  1
call    5 returned 18
call    6 returned 18
call    7 returned 18
branch  8 taken 4 (fallthrough)
branch  9 taken 14
    $$$$$:   35-block  2
call   10 never executed
    $$$$$:   35-block  3
call   11 never executed
        4:   36:            throw RepositoryException("Id already exists");
        4:   36-block  0
call    0 returned 4
call    1 returned 4
call    2 returned 4
branch  3 taken 4 (fallthrough)
branch  4 taken 0 (throw)
        4:   36-block  1
call    5 returned 4
branch  6 taken 4 (fallthrough)
branch  7 taken 0 (throw)
        4:   36-block  2
call    8 returned 4
call    9 returned 4
call   10 returned 0
    $$$$$:   36-block  3
call   11 never executed
    $$$$$:   36-block  4
    $$$$$:   36-block  5
call   12 never executed
    $$$$$:   36-block  6
    $$$$$:   36-block  7
call   13 never executed
        -:   37:        }
        -:   38:    }
       13:   39:    this->entities.push_back(elem);
       13:   39-block  0
call    0 returned 13
       13:   40:    this->save();
call    0 returned 13
       13:   41:}
        -:   42:
        -:   43:template<class T>
function _ZN13HTMLWatchlistI5MovieE6updateERKS0_ called 2 returned 50% blocks executed 71%
        2:   44:void HTMLWatchlist<T>::update(const T &elem) {
        5:   45:    for(int i = 0;i < this->entities.size();i++){
        2:   45-block  0
        5:   45-block  1
call    0 returned 5
branch  1 taken 4 (fallthrough)
branch  2 taken 1
        3:   45-block  2
        4:   46:        if(this->entities[i].get_id() == elem.get_id()){
        4:   46-block  0
call    0 returned 4
call    1 returned 4
call    2 returned 4
branch  3 taken 4 (fallthrough)
branch  4 taken 0 (throw)
        4:   46-block  1
call    5 returned 4
call    6 returned 4
call    7 returned 4
branch  8 taken 1 (fallthrough)
branch  9 taken 3
    $$$$$:   46-block  2
call   10 never executed
    $$$$$:   46-block  3
call   11 never executed
        1:   47:            this->entities[i] = elem;
        1:   47-block  0
call    0 returned 1
call    1 returned 1
        1:   48:            this->save();
call    0 returned 1
        1:   49:            return ;
        1:   49-block  0
        -:   50:        }
        -:   51:    }
        1:   52:    throw RepositoryException("Id doesn't exist");
        1:   52-block  0
call    0 returned 1
call    1 returned 1
call    2 returned 1
branch  3 taken 1 (fallthrough)
branch  4 taken 0 (throw)
        1:   52-block  1
call    5 returned 1
branch  6 taken 1 (fallthrough)
branch  7 taken 0 (throw)
        1:   52-block  2
call    8 returned 1
call    9 returned 1
call   10 returned 0
    $$$$$:   52-block  3
call   11 never executed
    $$$$$:   52-block  4
    $$$$$:   52-block  5
call   12 never executed
    $$$$$:   52-block  6
    $$$$$:   52-block  7
call   13 never executed
        -:   53:}
        -:   54:
        -:   55:
        -:   56:template<class T>
function _ZN13HTMLWatchlistI5MovieE6removeERKS0_ called 2 returned 50% blocks executed 67%
        2:   57:void HTMLWatchlist<T>::remove(const T &elem) {
        4:   58:    for(int i = 0;i < this->entities.size();i++){
        2:   58-block  0
        4:   58-block  1
call    0 returned 4
branch  1 taken 3 (fallthrough)
branch  2 taken 1
        2:   58-block  2
        3:   59:        if(this->entities[i].get_id() == elem.get_id()){
        3:   59-block  0
call    0 returned 3
call    1 returned 3
call    2 returned 3
branch  3 taken 3 (fallthrough)
branch  4 taken 0 (throw)
        3:   59-block  1
call    5 returned 3
call    6 returned 3
call    7 returned 3
branch  8 taken 1 (fallthrough)
branch  9 taken 2
    $$$$$:   59-block  2
call   10 never executed
    $$$$$:   59-block  3
call   11 never executed
        1:   60:            this->entities.erase(this->entities.begin() + i);
        1:   60-block  0
call    0 returned 1
call    1 returned 1
call    2 returned 1
call    3 returned 1
branch  4 taken 1 (fallthrough)
branch  5 taken 0 (throw)
    $$$$$:   60-block  1
    $$$$$:   60-block  2
    $$$$$:   60-block  3
call    6 never executed
        1:   61:            this->save();
        1:   61-block  0
call    0 returned 1
        1:   62:            return ;
        1:   62-block  0
        -:   63:        }
        -:   64:    }
        1:   65:    throw RepositoryException("Id doesn't exist");
        1:   65-block  0
call    0 returned 1
call    1 returned 1
call    2 returned 1
branch  3 taken 1 (fallthrough)
branch  4 taken 0 (throw)
        1:   65-block  1
call    5 returned 1
branch  6 taken 1 (fallthrough)
branch  7 taken 0 (throw)
        1:   65-block  2
call    8 returned 1
call    9 returned 1
call   10 returned 0
    $$$$$:   65-block  3
call   11 never executed
    $$$$$:   65-block  4
    $$$$$:   65-block  5
call   12 never executed
    $$$$$:   65-block  6
    $$$$$:   65-block  7
call   13 never executed
        -:   66:}
        -:   67:
        -:   68:template<class T>
function _ZN13HTMLWatchlistI5MovieE4findERKS0_ called 5 returned 60% blocks executed 69%
        5:   69:T HTMLWatchlist<T>::find(const T &elem) {
       14:   70:    for(int i = 0;i < this->entities.size();i++){
        5:   70-block  0
       14:   70-block  1
call    0 returned 14
branch  1 taken 12 (fallthrough)
branch  2 taken 2
        9:   70-block  2
       12:   71:        if(this->entities[i].get_id() == elem.get_id()){
       12:   71-block  0
call    0 returned 12
call    1 returned 12
call    2 returned 12
branch  3 taken 12 (fallthrough)
branch  4 taken 0 (throw)
       12:   71-block  1
call    5 returned 12
call    6 returned 12
call    7 returned 12
branch  8 taken 3 (fallthrough)
branch  9 taken 9
    $$$$$:   71-block  2
call   10 never executed
    $$$$$:   71-block  3
call   11 never executed
        3:   72:            return this->entities[i];
        3:   72-block  0
call    0 returned 3
call    1 returned 3
        -:   73:        }
        -:   74:    }
        2:   75:    throw RepositoryException("Id doesn't exist");
        2:   75-block  0
call    0 returned 2
call    1 returned 2
call    2 returned 2
branch  3 taken 2 (fallthrough)
branch  4 taken 0 (throw)
        2:   75-block  1
call    5 returned 2
branch  6 taken 2 (fallthrough)
branch  7 taken 0 (throw)
        2:   75-block  2
call    8 returned 2
call    9 returned 2
call   10 returned 0
    $$$$$:   75-block  3
call   11 never executed
    $$$$$:   75-block  4
    $$$$$:   75-block  5
call   12 never executed
    $$$$$:   75-block  6
    $$$$$:   75-block  7
call   13 never executed
        -:   76:}
        -:   77:
        -:   78:template<class T>
function _ZN13HTMLWatchlistI5MovieE7get_allEv called 3 returned 100% blocks executed 100%
        3:   79:vector<T> HTMLWatchlist<T>::get_all() {
        3:   80:    return this->entities;
        3:   80-block  0
call    0 returned 3
        -:   81:}
        -:   82:
        -:   83:template<class T>
function _ZNK13HTMLWatchlistI5MovieE4saveEv called 15 returned 100% blocks executed 87%
       15:   84:void HTMLWatchlist<T>::save() const {
       30:   85:    ofstream fout(this->file_path);
       15:   85-block  0
call    0 returned 15
branch  1 taken 15 (fallthrough)
branch  2 taken 0 (throw)
       15:   85-block  1
call    3 returned 15
    $$$$$:   85-block  2
call    4 never executed
       15:   86:    fout << "<!DOCTYPE html>" << endl;
       15:   86-block  0
call    0 returned 15
branch  1 taken 15 (fallthrough)
branch  2 taken 0 (throw)
       15:   86-block  1
call    3 returned 15
branch  4 taken 15 (fallthrough)
branch  5 taken 0 (throw)
       15:   87:    fout << "<html>" << endl;
       15:   87-block  0
call    0 returned 15
branch  1 taken 15 (fallthrough)
branch  2 taken 0 (throw)
       15:   87-block  1
call    3 returned 15
branch  4 taken 15 (fallthrough)
branch  5 taken 0 (throw)
       15:   88:    fout << "<head>" << endl;
       15:   88-block  0
call    0 returned 15
branch  1 taken 15 (fallthrough)
branch  2 taken 0 (throw)
       15:   88-block  1
call    3 returned 15
branch  4 taken 15 (fallthrough)
branch  5 taken 0 (throw)
       15:   89:    fout << "\t<title>Movie watchlist </title>" << endl;
       15:   89-block  0
call    0 returned 15
branch  1 taken 15 (fallthrough)
branch  2 taken 0 (throw)
       15:   89-block  1
call    3 returned 15
branch  4 taken 15 (fallthrough)
branch  5 taken 0 (throw)
       15:   90:    fout << "</head>" << endl;
       15:   90-block  0
call    0 returned 15
branch  1 taken 15 (fallthrough)
branch  2 taken 0 (throw)
       15:   90-block  1
call    3 returned 15
branch  4 taken 15 (fallthrough)
branch  5 taken 0 (throw)
       15:   91:    fout << "<body>" << endl;
       15:   91-block  0
call    0 returned 15
branch  1 taken 15 (fallthrough)
branch  2 taken 0 (throw)
       15:   91-block  1
call    3 returned 15
branch  4 taken 15 (fallthrough)
branch  5 taken 0 (throw)
       15:   92:    fout << "<table border=\"1\">" << endl;
       15:   92-block  0
call    0 returned 15
branch  1 taken 15 (fallthrough)
branch  2 taken 0 (throw)
       15:   92-block  1
call    3 returned 15
branch  4 taken 15 (fallthrough)
branch  5 taken 0 (throw)
       15:   93:    fout << "\t<tr>" << endl;
       15:   93-block  0
call    0 returned 15
branch  1 taken 15 (fallthrough)
branch  2 taken 0 (throw)
       15:   93-block  1
call    3 returned 15
branch  4 taken 15 (fallthrough)
branch  5 taken 0 (throw)
       15:   94:    fout << "\t\t<td>Title</td>" << endl;
       15:   94-block  0
call    0 returned 15
branch  1 taken 15 (fallthrough)
branch  2 taken 0 (throw)
       15:   94-block  1
call    3 returned 15
branch  4 taken 15 (fallthrough)
branch  5 taken 0 (throw)
       15:   95:    fout << "\t\t<td>Genre</td>" << endl;
       15:   95-block  0
call    0 returned 15
branch  1 taken 15 (fallthrough)
branch  2 taken 0 (throw)
       15:   95-block  1
call    3 returned 15
branch  4 taken 15 (fallthrough)
branch  5 taken 0 (throw)
       15:   96:    fout << "\t\t<td>Year</td>" << endl;
       15:   96-block  0
call    0 returned 15
branch  1 taken 15 (fallthrough)
branch  2 taken 0 (throw)
       15:   96-block  1
call    3 returned 15
branch  4 taken 15 (fallthrough)
branch  5 taken 0 (throw)
       15:   97:    fout << "\t\t<td>Likes</td>" << endl;
       15:   97-block  0
call    0 returned 15
branch  1 taken 15 (fallthrough)
branch  2 taken 0 (throw)
       15:   97-block  1
call    3 returned 15
branch  4 taken 15 (fallthrough)
branch  5 taken 0 (throw)
       15:   98:    fout << "\t\t<td>Trailer link</td>" << endl;
       15:   98-block  0
call    0 returned 15
branch  1 taken 15 (fallthrough)
branch  2 taken 0 (throw)
       15:   98-block  1
call    3 returned 15
branch  4 taken 15 (fallthrough)
branch  5 taken 0 (throw)
       15:   99:    fout << "\t</tr>" << endl;
       15:   99-block  0
call    0 returned 15
branch  1 taken 15 (fallthrough)
branch  2 taken 0 (throw)
       15:   99-block  1
call    3 returned 15
branch  4 taken 15 (fallthrough)
branch  5 taken 0 (throw)
        -:  100:
       47:  101:    for(const Movie &entity:entities){
       15:  101-block  0
call    0 returned 15
call    1 returned 15
       47:  101-block  1
call    2 returned 47
branch  3 taken 32 (fallthrough)
branch  4 taken 15
       32:  101-block  2
call    5 returned 32
       32:  101-block  3
call    6 returned 32
       32:  102:        fout << "\t<tr>" << endl;
call    0 returned 32
branch  1 taken 32 (fallthrough)
branch  2 taken 0 (throw)
       32:  102-block  0
call    3 returned 32
branch  4 taken 32 (fallthrough)
branch  5 taken 0 (throw)
       32:  103:        fout << "\t\t<td>" << entity.get_title() << "</td>" << endl;
       32:  103-block  0
call    0 returned 32
branch  1 taken 32 (fallthrough)
branch  2 taken 0 (throw)
       32:  103-block  1
call    3 returned 32
branch  4 taken 32 (fallthrough)
branch  5 taken 0 (throw)
       32:  103-block  2
call    6 returned 32
branch  7 taken 32 (fallthrough)
branch  8 taken 0 (throw)
       32:  103-block  3
call    9 returned 32
branch 10 taken 32 (fallthrough)
branch 11 taken 0 (throw)
       32:  103-block  4
call   12 returned 32
branch 13 taken 32 (fallthrough)
branch 14 taken 0 (throw)
       32:  103-block  5
call   15 returned 32
    $$$$$:  103-block  6
call   16 never executed
    $$$$$:  103-block  7
       32:  104:        fout << "\t\t<td>" << entity.get_genre() << "</td>" << endl;
call    0 returned 32
branch  1 taken 32 (fallthrough)
branch  2 taken 0 (throw)
       32:  104-block  0
call    3 returned 32
branch  4 taken 32 (fallthrough)
branch  5 taken 0 (throw)
       32:  104-block  1
call    6 returned 32
branch  7 taken 32 (fallthrough)
branch  8 taken 0 (throw)
       32:  104-block  2
call    9 returned 32
branch 10 taken 32 (fallthrough)
branch 11 taken 0 (throw)
       32:  104-block  3
call   12 returned 32
branch 13 taken 32 (fallthrough)
branch 14 taken 0 (throw)
       32:  104-block  4
call   15 returned 32
    $$$$$:  104-block  5
call   16 never executed
    $$$$$:  104-block  6
       32:  105:        fout << "\t\t<td>" << entity.get_year() << "</td>" << endl;
call    0 returned 32
branch  1 taken 32 (fallthrough)
branch  2 taken 0 (throw)
       32:  105-block  0
call    3 returned 32
branch  4 taken 32 (fallthrough)
branch  5 taken 0 (throw)
       32:  105-block  1
call    6 returned 32
branch  7 taken 32 (fallthrough)
branch  8 taken 0 (throw)
       32:  105-block  2
call    9 returned 32
branch 10 taken 32 (fallthrough)
branch 11 taken 0 (throw)
       32:  105-block  3
call   12 returned 32
branch 13 taken 32 (fallthrough)
branch 14 taken 0 (throw)
       32:  106:        fout << "\t\t<td>" << entity.get_likes() << "</td>" << endl;
       32:  106-block  0
call    0 returned 32
branch  1 taken 32 (fallthrough)
branch  2 taken 0 (throw)
       32:  106-block  1
call    3 returned 32
branch  4 taken 32 (fallthrough)
branch  5 taken 0 (throw)
       32:  106-block  2
call    6 returned 32
branch  7 taken 32 (fallthrough)
branch  8 taken 0 (throw)
       32:  106-block  3
call    9 returned 32
branch 10 taken 32 (fallthrough)
branch 11 taken 0 (throw)
       32:  106-block  4
call   12 returned 32
branch 13 taken 32 (fallthrough)
branch 14 taken 0 (throw)
       32:  107:        fout << "\t\t<td><a href=" << entity.get_trailer_link() << ">Link</a></td>" << endl;
       32:  107-block  0
call    0 returned 32
branch  1 taken 32 (fallthrough)
branch  2 taken 0 (throw)
       32:  107-block  1
call    3 returned 32
branch  4 taken 32 (fallthrough)
branch  5 taken 0 (throw)
       32:  107-block  2
call    6 returned 32
branch  7 taken 32 (fallthrough)
branch  8 taken 0 (throw)
       32:  107-block  3
call    9 returned 32
branch 10 taken 32 (fallthrough)
branch 11 taken 0 (throw)
       32:  107-block  4
call   12 returned 32
branch 13 taken 32 (fallthrough)
branch 14 taken 0 (throw)
       32:  107-block  5
call   15 returned 32
    $$$$$:  107-block  6
call   16 never executed
    $$$$$:  107-block  7
       32:  108:        fout << "\t</tr>" << endl;
call    0 returned 32
branch  1 taken 32 (fallthrough)
branch  2 taken 0 (throw)
       32:  108-block  0
call    3 returned 32
branch  4 taken 32 (fallthrough)
branch  5 taken 0 (throw)
        -:  109:    }
       15:  110:    fout << "</table>" << endl;
       15:  110-block  0
call    0 returned 15
branch  1 taken 15 (fallthrough)
branch  2 taken 0 (throw)
       15:  110-block  1
call    3 returned 15
branch  4 taken 15 (fallthrough)
branch  5 taken 0 (throw)
       15:  111:    fout << "</body>" << endl;
       15:  111-block  0
call    0 returned 15
branch  1 taken 15 (fallthrough)
branch  2 taken 0 (throw)
       15:  111-block  1
call    3 returned 15
branch  4 taken 15 (fallthrough)
branch  5 taken 0 (throw)
       15:  112:    fout << "</html>" << endl;
       15:  112-block  0
call    0 returned 15
branch  1 taken 15 (fallthrough)
branch  2 taken 0 (throw)
       15:  112-block  1
call    3 returned 15
branch  4 taken 15 (fallthrough)
branch  5 taken 0 (throw)
       15:  113:    fout.close();
       15:  113-block  0
call    0 returned 15
branch  1 taken 15 (fallthrough)
branch  2 taken 0 (throw)
       15:  114:}
        -:  115:
        -:  116:template<class T>
function _ZNK13HTMLWatchlistI5MovieE7displayEv called 0 returned 0% blocks executed 0%
    #####:  117:void HTMLWatchlist<T>::display() const {
    #####:  118:    system(("firefox " + this->file_path).c_str());
    %%%%%:  118-block  0
call    0 never executed
call    1 never executed
call    2 never executed
branch  3 never executed
branch  4 never executed
    %%%%%:  118-block  1
call    5 never executed
    $$$$$:  118-block  2
call    6 never executed
    #####:  119:}
        -:  120:
        -:  121:template class HTMLWatchlist<Movie>;
