        -:    0:Source:/home/georgerapeanu/Desktop/ubbShit/Semester2/OOP/a14-georgerapeanu/src/repository/MemoryRepository.cpp
        -:    0:Graph:/home/georgerapeanu/Desktop/ubbShit/Semester2/OOP/a14-georgerapeanu/tests/cmake-build-debug-coverage/CMakeFiles/a14_georgerapeanu_tests.dir/home/georgerapeanu/Desktop/ubbShit/Semester2/OOP/a14-georgerapeanu/src/repository/MemoryRepository.gcno
        -:    0:Data:/home/georgerapeanu/Desktop/ubbShit/Semester2/OOP/a14-georgerapeanu/tests/cmake-build-debug-coverage/CMakeFiles/a14_georgerapeanu_tests.dir/home/georgerapeanu/Desktop/ubbShit/Semester2/OOP/a14-georgerapeanu/src/repository/MemoryRepository.gcda
        -:    0:Runs:1
        -:    1:/*!
        -:    2: * @file Repository.cpp this file contains the implementation of Repository
        -:    3: */
        -:    4:
        -:    5://
        -:    6:// Created by georgerapeanu on 21.03.2022.
        -:    7://
        -:    8:
        -:    9:#pragma once
        -:   10:#include "MemoryRepository.h"
        -:   11:#include "Movie.h"
        -:   12:#include <iostream>
        -:   13:
        -:   14:using namespace std;
        -:   15:
        -:   16:template<class T>
function _ZN16MemoryRepositoryI5MovieEC2Ev called 26 returned 100% blocks executed 100%
       26:   17:MemoryRepository<T>::MemoryRepository() {
       26:   17-block  0
call    0 returned 26
call    1 returned 26
       26:   18:    this->entities = vector<T>();
call    0 returned 26
call    1 returned 26
call    2 returned 26
       26:   19:}
        -:   20:
        -:   21:template<class T>
      26*:   22:MemoryRepository<T>::~MemoryRepository() {
        -:   23:    ;
      26*:   24:}
------------------
_ZN16MemoryRepositoryI5MovieED0Ev:
function _ZN16MemoryRepositoryI5MovieED0Ev called 0 returned 0% blocks executed 0%
    #####:   22:MemoryRepository<T>::~MemoryRepository() {
        -:   23:    ;
    #####:   24:}
    %%%%%:   24-block  0
call    0 never executed
call    1 never executed
------------------
_ZN16MemoryRepositoryI5MovieED2Ev:
function _ZN16MemoryRepositoryI5MovieED2Ev called 26 returned 100% blocks executed 100%
       26:   22:MemoryRepository<T>::~MemoryRepository() {
        -:   23:    ;
       26:   24:}
       26:   24-block  0
call    0 returned 26
call    1 returned 26
------------------
        -:   25:
        -:   26:template<class T>
function _ZN16MemoryRepositoryI5MovieE3addERKS0_ called 129 returned 96% blocks executed 68%
      129:   27:void MemoryRepository<T>::add(const T &elem) {
      651:   28:    for(int i = 0;i < this->entities.size();i++){
      129:   28-block  0
      651:   28-block  1
call    0 returned 651
branch  1 taken 527 (fallthrough)
branch  2 taken 124
      522:   28-block  2
      527:   29:        if(this->entities[i].get_id() == elem.get_id()){
      527:   29-block  0
call    0 returned 527
call    1 returned 527
call    2 returned 527
branch  3 taken 527 (fallthrough)
branch  4 taken 0 (throw)
      527:   29-block  1
call    5 returned 527
call    6 returned 527
call    7 returned 527
branch  8 taken 5 (fallthrough)
branch  9 taken 522
    $$$$$:   29-block  2
call   10 never executed
    $$$$$:   29-block  3
call   11 never executed
        5:   30:            throw RepositoryException("Id already exists");
        5:   30-block  0
call    0 returned 5
call    1 returned 5
call    2 returned 5
branch  3 taken 5 (fallthrough)
branch  4 taken 0 (throw)
        5:   30-block  1
call    5 returned 5
branch  6 taken 5 (fallthrough)
branch  7 taken 0 (throw)
        5:   30-block  2
call    8 returned 5
call    9 returned 5
call   10 returned 0
    $$$$$:   30-block  3
call   11 never executed
    $$$$$:   30-block  4
    $$$$$:   30-block  5
call   12 never executed
    $$$$$:   30-block  6
    $$$$$:   30-block  7
call   13 never executed
        -:   31:        }
        -:   32:    }
      124:   33:    this->entities.push_back(elem);
      124:   33-block  0
call    0 returned 124
      124:   34:}
        -:   35:
        -:   36:template<class T>
function _ZN16MemoryRepositoryI5MovieE6updateERKS0_ called 6 returned 67% blocks executed 70%
        6:   37:void MemoryRepository<T>::update(const T &elem) {
       24:   38:    for(int i = 0;i < this->entities.size();i++){
        6:   38-block  0
       24:   38-block  1
call    0 returned 24
branch  1 taken 22 (fallthrough)
branch  2 taken 2
       18:   38-block  2
       22:   39:        if(this->entities[i].get_id() == elem.get_id()){
       22:   39-block  0
call    0 returned 22
call    1 returned 22
call    2 returned 22
branch  3 taken 22 (fallthrough)
branch  4 taken 0 (throw)
       22:   39-block  1
call    5 returned 22
call    6 returned 22
call    7 returned 22
branch  8 taken 4 (fallthrough)
branch  9 taken 18
    $$$$$:   39-block  2
call   10 never executed
    $$$$$:   39-block  3
call   11 never executed
        4:   40:            this->entities[i] = elem;
        4:   40-block  0
call    0 returned 4
call    1 returned 4
        4:   41:            return ;
        4:   41-block  0
        -:   42:        }
        -:   43:    }
        2:   44:    throw RepositoryException("Id doesn't exist");
        2:   44-block  0
call    0 returned 2
call    1 returned 2
call    2 returned 2
branch  3 taken 2 (fallthrough)
branch  4 taken 0 (throw)
        2:   44-block  1
call    5 returned 2
branch  6 taken 2 (fallthrough)
branch  7 taken 0 (throw)
        2:   44-block  2
call    8 returned 2
call    9 returned 2
call   10 returned 0
    $$$$$:   44-block  3
call   11 never executed
    $$$$$:   44-block  4
    $$$$$:   44-block  5
call   12 never executed
    $$$$$:   44-block  6
    $$$$$:   44-block  7
call   13 never executed
        -:   45:}
        -:   46:
        -:   47:
        -:   48:template<class T>
function _ZN16MemoryRepositoryI5MovieE6removeERKS0_ called 4 returned 50% blocks executed 66%
        4:   49:void MemoryRepository<T>::remove(const T &elem) {
       19:   50:    for(int i = 0;i < this->entities.size();i++){
        4:   50-block  0
       19:   50-block  1
call    0 returned 19
branch  1 taken 17 (fallthrough)
branch  2 taken 2
       15:   50-block  2
       17:   51:        if(this->entities[i].get_id() == elem.get_id()){
       17:   51-block  0
call    0 returned 17
call    1 returned 17
call    2 returned 17
branch  3 taken 17 (fallthrough)
branch  4 taken 0 (throw)
       17:   51-block  1
call    5 returned 17
call    6 returned 17
call    7 returned 17
branch  8 taken 2 (fallthrough)
branch  9 taken 15
    $$$$$:   51-block  2
call   10 never executed
    $$$$$:   51-block  3
call   11 never executed
        2:   52:            this->entities.erase(this->entities.begin() + i);
        2:   52-block  0
call    0 returned 2
call    1 returned 2
call    2 returned 2
call    3 returned 2
branch  4 taken 2 (fallthrough)
branch  5 taken 0 (throw)
    $$$$$:   52-block  1
    $$$$$:   52-block  2
    $$$$$:   52-block  3
call    6 never executed
        2:   53:            return ;
        2:   53-block  0
        2:   53-block  1
        -:   54:        }
        -:   55:    }
        2:   56:    throw RepositoryException("Id doesn't exist");
        2:   56-block  0
call    0 returned 2
call    1 returned 2
call    2 returned 2
branch  3 taken 2 (fallthrough)
branch  4 taken 0 (throw)
        2:   56-block  1
call    5 returned 2
branch  6 taken 2 (fallthrough)
branch  7 taken 0 (throw)
        2:   56-block  2
call    8 returned 2
call    9 returned 2
call   10 returned 0
    $$$$$:   56-block  3
call   11 never executed
    $$$$$:   56-block  4
    $$$$$:   56-block  5
call   12 never executed
    $$$$$:   56-block  6
    $$$$$:   56-block  7
call   13 never executed
        -:   57:}
        -:   58:
        -:   59:template<class T>
function _ZN16MemoryRepositoryI5MovieE4findERKS0_ called 11 returned 55% blocks executed 69%
       11:   60:T MemoryRepository<T>::find(const T &elem) {
       59:   61:    for(int i = 0;i < this->entities.size();i++){
       11:   61-block  0
       59:   61-block  1
call    0 returned 59
branch  1 taken 54 (fallthrough)
branch  2 taken 5
       48:   61-block  2
       54:   62:        if(this->entities[i].get_id() == elem.get_id()){
       54:   62-block  0
call    0 returned 54
call    1 returned 54
call    2 returned 54
branch  3 taken 54 (fallthrough)
branch  4 taken 0 (throw)
       54:   62-block  1
call    5 returned 54
call    6 returned 54
call    7 returned 54
branch  8 taken 6 (fallthrough)
branch  9 taken 48
    $$$$$:   62-block  2
call   10 never executed
    $$$$$:   62-block  3
call   11 never executed
        6:   63:            return this->entities[i];
        6:   63-block  0
call    0 returned 6
call    1 returned 6
        -:   64:        }
        -:   65:    }
        5:   66:    throw RepositoryException("Id doesn't exist");
        5:   66-block  0
call    0 returned 5
call    1 returned 5
call    2 returned 5
branch  3 taken 5 (fallthrough)
branch  4 taken 0 (throw)
        5:   66-block  1
call    5 returned 5
branch  6 taken 5 (fallthrough)
branch  7 taken 0 (throw)
        5:   66-block  2
call    8 returned 5
call    9 returned 5
call   10 returned 0
    $$$$$:   66-block  3
call   11 never executed
    $$$$$:   66-block  4
    $$$$$:   66-block  5
call   12 never executed
    $$$$$:   66-block  6
    $$$$$:   66-block  7
call   13 never executed
        -:   67:}
        -:   68:
        -:   69:template<class T>
function _ZN16MemoryRepositoryI5MovieE7get_allEv called 12 returned 100% blocks executed 100%
       12:   70:vector<T> MemoryRepository<T>::get_all() {
       12:   71:    return this->entities;
       12:   71-block  0
call    0 returned 12
        -:   72:}
        -:   73:
        -:   74:template class MemoryRepository<Movie>;
