        -:    0:Source:/home/georgerapeanu/Desktop/ubbShit/Semester2/OOP/a14-georgerapeanu/src/domain/RemoveMovieAction.cpp
        -:    0:Graph:/home/georgerapeanu/Desktop/ubbShit/Semester2/OOP/a14-georgerapeanu/tests/cmake-build-debug-coverage/CMakeFiles/a14_georgerapeanu_tests.dir/home/georgerapeanu/Desktop/ubbShit/Semester2/OOP/a14-georgerapeanu/src/domain/RemoveMovieAction.gcno
        -:    0:Data:/home/georgerapeanu/Desktop/ubbShit/Semester2/OOP/a14-georgerapeanu/tests/cmake-build-debug-coverage/CMakeFiles/a14_georgerapeanu_tests.dir/home/georgerapeanu/Desktop/ubbShit/Semester2/OOP/a14-georgerapeanu/src/domain/RemoveMovieAction.gcda
        -:    0:Runs:1
        -:    1://
        -:    2:// Created by georgerapeanu on 23.05.2022.
        -:    3://
        -:    4:
        -:    5:#include "RemoveMovieAction.h"
        -:    6:#include "Exceptions.h"
        -:    7:
function _ZN17RemoveMovieActionC2ERK5MovieR18AbstractRepositoryIS0_ER17AbstractWatchlistIS0_E called 1 returned 100% blocks executed 100%
        1:    8:RemoveMovieAction::RemoveMovieAction(const Movie &movie, AbstractRepository<Movie> &movie_repository,
        1:    9:                                     AbstractWatchlist<Movie> &movie_watchlist) : AbstractMovieAction(movie,
        -:   10:                                                                                                      movie_repository,
        1:   11:                                                                                                      movie_watchlist) {
        1:   11-block  0
call    0 returned 1
        -:   12:
        1:   13:}
        -:   14:
function _ZN17RemoveMovieAction4undoEv called 0 returned 0% blocks executed 0%
    #####:   15:void RemoveMovieAction::undo() {
    #####:   16:    this->movie_repository.add(this->movie);
    %%%%%:   16-block  0
call    0 never executed
    #####:   17:}
        -:   18:
function _ZN17RemoveMovieAction4redoEv called 0 returned 0% blocks executed 0%
    #####:   19:void RemoveMovieAction::redo() {
        -:   20:    try{
    #####:   21:        this->movie_watchlist.remove(this->movie);
    %%%%%:   21-block  0
call    0 never executed
branch  1 never executed
branch  2 never executed
    =====:   22:    }catch (RepositoryException &ex){
    $$$$$:   22-block  0
call    0 never executed
        -:   23:        ;
        -:   24:    }
    #####:   25:    this->movie_repository.remove(this->movie);
    %%%%%:   25-block  0
call    0 never executed
    #####:   26:}
